[0.010s] Invoking command in '/home/dmsgv1/VAEplusDDPG/build/turtlebot3_msgs': CMAKE_PREFIX_PATH=${CMAKE_PREFIX_PATH}:/home/dmsgv1/VAEplusDDPG/install/turtlebot3_drl:/home/dmsgv1/turtlebot3_drlnav/install/turtlebot3_drl:/opt/ros/foxy /bin/cmake --build /home/dmsgv1/VAEplusDDPG/build/turtlebot3_msgs -- -j28 -l28
[0.033s] [  1%] Built target turtlebot3_msgs__cpp
[0.035s] [ 12%] Built target turtlebot3_msgs__rosidl_generator_c
[0.044s] [ 24%] Built target turtlebot3_msgs__rosidl_typesupport_cpp
[0.045s] [ 35%] Built target turtlebot3_msgs__rosidl_typesupport_c
[0.047s] [ 49%] Built target turtlebot3_msgs__rosidl_typesupport_fastrtps_cpp
[0.047s] [ 58%] Built target turtlebot3_msgs__rosidl_typesupport_introspection_c
[0.047s] [ 70%] Built target turtlebot3_msgs__rosidl_typesupport_introspection_cpp
[0.059s] [ 81%] Built target turtlebot3_msgs__rosidl_typesupport_fastrtps_c
[0.067s] [ 81%] Built target turtlebot3_msgs
[0.075s] [ 82%] Built target turtlebot3_msgs__py
[0.088s] [ 93%] Built target turtlebot3_msgs__python
[0.100s] [ 95%] Built target turtlebot3_msgs__rosidl_typesupport_introspection_c__pyext
[0.100s] [100%] Built target turtlebot3_msgs__rosidl_typesupport_c__pyext
[0.100s] [100%] Built target turtlebot3_msgs__rosidl_typesupport_fastrtps_c__pyext
[0.113s] Invoked command in '/home/dmsgv1/VAEplusDDPG/build/turtlebot3_msgs' returned '0': CMAKE_PREFIX_PATH=${CMAKE_PREFIX_PATH}:/home/dmsgv1/VAEplusDDPG/install/turtlebot3_drl:/home/dmsgv1/turtlebot3_drlnav/install/turtlebot3_drl:/opt/ros/foxy /bin/cmake --build /home/dmsgv1/VAEplusDDPG/build/turtlebot3_msgs -- -j28 -l28
[0.167s] Invoking command in '/home/dmsgv1/VAEplusDDPG/build/turtlebot3_msgs': CMAKE_PREFIX_PATH=${CMAKE_PREFIX_PATH}:/home/dmsgv1/VAEplusDDPG/install/turtlebot3_drl:/home/dmsgv1/turtlebot3_drlnav/install/turtlebot3_drl:/opt/ros/foxy /bin/cmake --install /home/dmsgv1/VAEplusDDPG/build/turtlebot3_msgs
[0.170s] -- Install configuration: ""
[0.170s] -- Execute custom install script
[0.170s] -- Up-to-date symlink: /home/dmsgv1/VAEplusDDPG/install/turtlebot3_msgs/share/ament_index/resource_index/rosidl_interfaces/turtlebot3_msgs
[0.171s] -- Up-to-date symlink: /home/dmsgv1/VAEplusDDPG/install/turtlebot3_msgs/include/turtlebot3_msgs/action/detail/patrol__functions.h
[0.171s] -- Up-to-date symlink: /home/dmsgv1/VAEplusDDPG/install/turtlebot3_msgs/include/turtlebot3_msgs/action/detail/patrol__struct.h
[0.171s] -- Up-to-date symlink: /home/dmsgv1/VAEplusDDPG/install/turtlebot3_msgs/include/turtlebot3_msgs/action/detail/patrol__type_support.h
[0.171s] -- Up-to-date symlink: /home/dmsgv1/VAEplusDDPG/install/turtlebot3_msgs/include/turtlebot3_msgs/action/patrol.h
[0.171s] -- Up-to-date symlink: /home/dmsgv1/VAEplusDDPG/install/turtlebot3_msgs/include/turtlebot3_msgs/msg/detail/sensor_state__functions.h
[0.171s] -- Up-to-date symlink: /home/dmsgv1/VAEplusDDPG/install/turtlebot3_msgs/include/turtlebot3_msgs/msg/detail/sensor_state__struct.h
[0.171s] -- Up-to-date symlink: /home/dmsgv1/VAEplusDDPG/install/turtlebot3_msgs/include/turtlebot3_msgs/msg/detail/sensor_state__type_support.h
[0.171s] -- Up-to-date symlink: /home/dmsgv1/VAEplusDDPG/install/turtlebot3_msgs/include/turtlebot3_msgs/msg/detail/sound__functions.h
[0.171s] -- Up-to-date symlink: /home/dmsgv1/VAEplusDDPG/install/turtlebot3_msgs/include/turtlebot3_msgs/msg/detail/sound__struct.h
[0.171s] -- Up-to-date symlink: /home/dmsgv1/VAEplusDDPG/install/turtlebot3_msgs/include/turtlebot3_msgs/msg/detail/sound__type_support.h
[0.171s] -- Up-to-date symlink: /home/dmsgv1/VAEplusDDPG/install/turtlebot3_msgs/include/turtlebot3_msgs/msg/detail/version_info__functions.h
[0.171s] -- Up-to-date symlink: /home/dmsgv1/VAEplusDDPG/install/turtlebot3_msgs/include/turtlebot3_msgs/msg/detail/version_info__struct.h
[0.171s] -- Up-to-date symlink: /home/dmsgv1/VAEplusDDPG/install/turtlebot3_msgs/include/turtlebot3_msgs/msg/detail/version_info__type_support.h
[0.171s] -- Up-to-date symlink: /home/dmsgv1/VAEplusDDPG/install/turtlebot3_msgs/include/turtlebot3_msgs/msg/rosidl_generator_c__visibility_control.h
[0.171s] -- Up-to-date symlink: /home/dmsgv1/VAEplusDDPG/install/turtlebot3_msgs/include/turtlebot3_msgs/msg/sensor_state.h
[0.172s] -- Up-to-date symlink: /home/dmsgv1/VAEplusDDPG/install/turtlebot3_msgs/include/turtlebot3_msgs/msg/sound.h
[0.172s] -- Up-to-date symlink: /home/dmsgv1/VAEplusDDPG/install/turtlebot3_msgs/include/turtlebot3_msgs/msg/version_info.h
[0.172s] -- Up-to-date symlink: /home/dmsgv1/VAEplusDDPG/install/turtlebot3_msgs/include/turtlebot3_msgs/srv/detail/drl_step__functions.h
[0.172s] -- Up-to-date symlink: /home/dmsgv1/VAEplusDDPG/install/turtlebot3_msgs/include/turtlebot3_msgs/srv/detail/drl_step__struct.h
[0.172s] -- Up-to-date symlink: /home/dmsgv1/VAEplusDDPG/install/turtlebot3_msgs/include/turtlebot3_msgs/srv/detail/drl_step__type_support.h
[0.172s] -- Up-to-date symlink: /home/dmsgv1/VAEplusDDPG/install/turtlebot3_msgs/include/turtlebot3_msgs/srv/detail/goal__functions.h
[0.172s] -- Up-to-date symlink: /home/dmsgv1/VAEplusDDPG/install/turtlebot3_msgs/include/turtlebot3_msgs/srv/detail/goal__struct.h
[0.172s] -- Up-to-date symlink: /home/dmsgv1/VAEplusDDPG/install/turtlebot3_msgs/include/turtlebot3_msgs/srv/detail/goal__type_support.h
[0.172s] -- Up-to-date symlink: /home/dmsgv1/VAEplusDDPG/install/turtlebot3_msgs/include/turtlebot3_msgs/srv/detail/ring_goal__functions.h
[0.172s] -- Up-to-date symlink: /home/dmsgv1/VAEplusDDPG/install/turtlebot3_msgs/include/turtlebot3_msgs/srv/detail/ring_goal__struct.h
[0.172s] -- Up-to-date symlink: /home/dmsgv1/VAEplusDDPG/install/turtlebot3_msgs/include/turtlebot3_msgs/srv/detail/ring_goal__type_support.h
[0.172s] -- Up-to-date symlink: /home/dmsgv1/VAEplusDDPG/install/turtlebot3_msgs/include/turtlebot3_msgs/srv/detail/sound__functions.h
[0.172s] -- Up-to-date symlink: /home/dmsgv1/VAEplusDDPG/install/turtlebot3_msgs/include/turtlebot3_msgs/srv/detail/sound__struct.h
[0.172s] -- Up-to-date symlink: /home/dmsgv1/VAEplusDDPG/install/turtlebot3_msgs/include/turtlebot3_msgs/srv/detail/sound__type_support.h
[0.172s] -- Up-to-date symlink: /home/dmsgv1/VAEplusDDPG/install/turtlebot3_msgs/include/turtlebot3_msgs/srv/drl_step.h
[0.172s] -- Up-to-date symlink: /home/dmsgv1/VAEplusDDPG/install/turtlebot3_msgs/include/turtlebot3_msgs/srv/goal.h
[0.172s] -- Up-to-date symlink: /home/dmsgv1/VAEplusDDPG/install/turtlebot3_msgs/include/turtlebot3_msgs/srv/ring_goal.h
[0.172s] -- Up-to-date symlink: /home/dmsgv1/VAEplusDDPG/install/turtlebot3_msgs/include/turtlebot3_msgs/srv/sound.h
[0.173s] -- Up-to-date symlink: /home/dmsgv1/VAEplusDDPG/install/turtlebot3_msgs/share/turtlebot3_msgs/environment/library_path.sh
[0.173s] -- Up-to-date symlink: /home/dmsgv1/VAEplusDDPG/install/turtlebot3_msgs/share/turtlebot3_msgs/environment/library_path.dsv
[0.173s] -- Up-to-date symlink: /home/dmsgv1/VAEplusDDPG/install/turtlebot3_msgs/include/turtlebot3_msgs/action/detail/patrol__rosidl_typesupport_fastrtps_c.h
[0.173s] -- Up-to-date symlink: /home/dmsgv1/VAEplusDDPG/install/turtlebot3_msgs/include/turtlebot3_msgs/msg/detail/sensor_state__rosidl_typesupport_fastrtps_c.h
[0.173s] -- Up-to-date symlink: /home/dmsgv1/VAEplusDDPG/install/turtlebot3_msgs/include/turtlebot3_msgs/msg/detail/sound__rosidl_typesupport_fastrtps_c.h
[0.173s] -- Up-to-date symlink: /home/dmsgv1/VAEplusDDPG/install/turtlebot3_msgs/include/turtlebot3_msgs/msg/detail/version_info__rosidl_typesupport_fastrtps_c.h
[0.173s] -- Up-to-date symlink: /home/dmsgv1/VAEplusDDPG/install/turtlebot3_msgs/include/turtlebot3_msgs/msg/rosidl_typesupport_fastrtps_c__visibility_control.h
[0.173s] -- Up-to-date symlink: /home/dmsgv1/VAEplusDDPG/install/turtlebot3_msgs/include/turtlebot3_msgs/srv/detail/drl_step__rosidl_typesupport_fastrtps_c.h
[0.173s] -- Up-to-date symlink: /home/dmsgv1/VAEplusDDPG/install/turtlebot3_msgs/include/turtlebot3_msgs/srv/detail/goal__rosidl_typesupport_fastrtps_c.h
[0.173s] -- Up-to-date symlink: /home/dmsgv1/VAEplusDDPG/install/turtlebot3_msgs/include/turtlebot3_msgs/srv/detail/ring_goal__rosidl_typesupport_fastrtps_c.h
[0.173s] -- Up-to-date symlink: /home/dmsgv1/VAEplusDDPG/install/turtlebot3_msgs/include/turtlebot3_msgs/srv/detail/sound__rosidl_typesupport_fastrtps_c.h
[0.174s] -- Up-to-date symlink: /home/dmsgv1/VAEplusDDPG/install/turtlebot3_msgs/lib/libturtlebot3_msgs__rosidl_typesupport_fastrtps_c.so
[0.174s] -- Up-to-date symlink: /home/dmsgv1/VAEplusDDPG/install/turtlebot3_msgs/include/turtlebot3_msgs/action/detail/patrol__rosidl_typesupport_fastrtps_cpp.hpp
[0.174s] -- Up-to-date symlink: /home/dmsgv1/VAEplusDDPG/install/turtlebot3_msgs/include/turtlebot3_msgs/msg/detail/sensor_state__rosidl_typesupport_fastrtps_cpp.hpp
[0.174s] -- Up-to-date symlink: /home/dmsgv1/VAEplusDDPG/install/turtlebot3_msgs/include/turtlebot3_msgs/msg/detail/sound__rosidl_typesupport_fastrtps_cpp.hpp
[0.174s] -- Up-to-date symlink: /home/dmsgv1/VAEplusDDPG/install/turtlebot3_msgs/include/turtlebot3_msgs/msg/detail/version_info__rosidl_typesupport_fastrtps_cpp.hpp
[0.174s] -- Up-to-date symlink: /home/dmsgv1/VAEplusDDPG/install/turtlebot3_msgs/include/turtlebot3_msgs/msg/rosidl_typesupport_fastrtps_cpp__visibility_control.h
[0.174s] -- Up-to-date symlink: /home/dmsgv1/VAEplusDDPG/install/turtlebot3_msgs/include/turtlebot3_msgs/srv/detail/drl_step__rosidl_typesupport_fastrtps_cpp.hpp
[0.174s] -- Up-to-date symlink: /home/dmsgv1/VAEplusDDPG/install/turtlebot3_msgs/include/turtlebot3_msgs/srv/detail/goal__rosidl_typesupport_fastrtps_cpp.hpp
[0.174s] -- Up-to-date symlink: /home/dmsgv1/VAEplusDDPG/install/turtlebot3_msgs/include/turtlebot3_msgs/srv/detail/ring_goal__rosidl_typesupport_fastrtps_cpp.hpp
[0.174s] -- Up-to-date symlink: /home/dmsgv1/VAEplusDDPG/install/turtlebot3_msgs/include/turtlebot3_msgs/srv/detail/sound__rosidl_typesupport_fastrtps_cpp.hpp
[0.175s] -- Up-to-date symlink: /home/dmsgv1/VAEplusDDPG/install/turtlebot3_msgs/lib/libturtlebot3_msgs__rosidl_typesupport_fastrtps_cpp.so
[0.175s] -- Up-to-date symlink: /home/dmsgv1/VAEplusDDPG/install/turtlebot3_msgs/include/turtlebot3_msgs/action/detail/patrol__rosidl_typesupport_introspection_c.h
[0.175s] -- Up-to-date symlink: /home/dmsgv1/VAEplusDDPG/install/turtlebot3_msgs/include/turtlebot3_msgs/msg/detail/sensor_state__rosidl_typesupport_introspection_c.h
[0.175s] -- Up-to-date symlink: /home/dmsgv1/VAEplusDDPG/install/turtlebot3_msgs/include/turtlebot3_msgs/msg/detail/sound__rosidl_typesupport_introspection_c.h
[0.175s] -- Up-to-date symlink: /home/dmsgv1/VAEplusDDPG/install/turtlebot3_msgs/include/turtlebot3_msgs/msg/detail/version_info__rosidl_typesupport_introspection_c.h
[0.175s] -- Up-to-date symlink: /home/dmsgv1/VAEplusDDPG/install/turtlebot3_msgs/include/turtlebot3_msgs/msg/rosidl_typesupport_introspection_c__visibility_control.h
[0.175s] -- Up-to-date symlink: /home/dmsgv1/VAEplusDDPG/install/turtlebot3_msgs/include/turtlebot3_msgs/srv/detail/drl_step__rosidl_typesupport_introspection_c.h
[0.175s] -- Up-to-date symlink: /home/dmsgv1/VAEplusDDPG/install/turtlebot3_msgs/include/turtlebot3_msgs/srv/detail/goal__rosidl_typesupport_introspection_c.h
[0.175s] -- Up-to-date symlink: /home/dmsgv1/VAEplusDDPG/install/turtlebot3_msgs/include/turtlebot3_msgs/srv/detail/ring_goal__rosidl_typesupport_introspection_c.h
[0.175s] -- Up-to-date symlink: /home/dmsgv1/VAEplusDDPG/install/turtlebot3_msgs/include/turtlebot3_msgs/srv/detail/sound__rosidl_typesupport_introspection_c.h
[0.176s] -- Up-to-date symlink: /home/dmsgv1/VAEplusDDPG/install/turtlebot3_msgs/include/turtlebot3_msgs/action/detail/patrol__builder.hpp
[0.176s] -- Up-to-date symlink: /home/dmsgv1/VAEplusDDPG/install/turtlebot3_msgs/include/turtlebot3_msgs/action/detail/patrol__struct.hpp
[0.176s] -- Up-to-date symlink: /home/dmsgv1/VAEplusDDPG/install/turtlebot3_msgs/include/turtlebot3_msgs/action/detail/patrol__traits.hpp
[0.176s] -- Up-to-date symlink: /home/dmsgv1/VAEplusDDPG/install/turtlebot3_msgs/include/turtlebot3_msgs/action/detail/patrol__type_support.hpp
[0.176s] -- Up-to-date symlink: /home/dmsgv1/VAEplusDDPG/install/turtlebot3_msgs/include/turtlebot3_msgs/action/patrol.hpp
[0.176s] -- Up-to-date symlink: /home/dmsgv1/VAEplusDDPG/install/turtlebot3_msgs/include/turtlebot3_msgs/msg/detail/sensor_state__builder.hpp
[0.176s] -- Up-to-date symlink: /home/dmsgv1/VAEplusDDPG/install/turtlebot3_msgs/include/turtlebot3_msgs/msg/detail/sensor_state__struct.hpp
[0.176s] -- Up-to-date symlink: /home/dmsgv1/VAEplusDDPG/install/turtlebot3_msgs/include/turtlebot3_msgs/msg/detail/sensor_state__traits.hpp
[0.176s] -- Up-to-date symlink: /home/dmsgv1/VAEplusDDPG/install/turtlebot3_msgs/include/turtlebot3_msgs/msg/detail/sensor_state__type_support.hpp
[0.177s] -- Up-to-date symlink: /home/dmsgv1/VAEplusDDPG/install/turtlebot3_msgs/include/turtlebot3_msgs/msg/detail/sound__builder.hpp
[0.177s] -- Up-to-date symlink: /home/dmsgv1/VAEplusDDPG/install/turtlebot3_msgs/include/turtlebot3_msgs/msg/detail/sound__struct.hpp
[0.177s] -- Up-to-date symlink: /home/dmsgv1/VAEplusDDPG/install/turtlebot3_msgs/include/turtlebot3_msgs/msg/detail/sound__traits.hpp
[0.177s] -- Up-to-date symlink: /home/dmsgv1/VAEplusDDPG/install/turtlebot3_msgs/include/turtlebot3_msgs/msg/detail/sound__type_support.hpp
[0.177s] -- Up-to-date symlink: /home/dmsgv1/VAEplusDDPG/install/turtlebot3_msgs/include/turtlebot3_msgs/msg/detail/version_info__builder.hpp
[0.177s] -- Up-to-date symlink: /home/dmsgv1/VAEplusDDPG/install/turtlebot3_msgs/include/turtlebot3_msgs/msg/detail/version_info__struct.hpp
[0.177s] -- Up-to-date symlink: /home/dmsgv1/VAEplusDDPG/install/turtlebot3_msgs/include/turtlebot3_msgs/msg/detail/version_info__traits.hpp
[0.177s] -- Up-to-date symlink: /home/dmsgv1/VAEplusDDPG/install/turtlebot3_msgs/include/turtlebot3_msgs/msg/detail/version_info__type_support.hpp
[0.177s] -- Up-to-date symlink: /home/dmsgv1/VAEplusDDPG/install/turtlebot3_msgs/include/turtlebot3_msgs/msg/rosidl_generator_cpp__visibility_control.hpp
[0.177s] -- Up-to-date symlink: /home/dmsgv1/VAEplusDDPG/install/turtlebot3_msgs/include/turtlebot3_msgs/msg/sensor_state.hpp
[0.177s] -- Up-to-date symlink: /home/dmsgv1/VAEplusDDPG/install/turtlebot3_msgs/include/turtlebot3_msgs/msg/sound.hpp
[0.177s] -- Up-to-date symlink: /home/dmsgv1/VAEplusDDPG/install/turtlebot3_msgs/include/turtlebot3_msgs/msg/version_info.hpp
[0.177s] -- Up-to-date symlink: /home/dmsgv1/VAEplusDDPG/install/turtlebot3_msgs/include/turtlebot3_msgs/srv/detail/drl_step__builder.hpp
[0.177s] -- Up-to-date symlink: /home/dmsgv1/VAEplusDDPG/install/turtlebot3_msgs/include/turtlebot3_msgs/srv/detail/drl_step__struct.hpp
[0.177s] -- Up-to-date symlink: /home/dmsgv1/VAEplusDDPG/install/turtlebot3_msgs/include/turtlebot3_msgs/srv/detail/drl_step__traits.hpp
[0.177s] -- Up-to-date symlink: /home/dmsgv1/VAEplusDDPG/install/turtlebot3_msgs/include/turtlebot3_msgs/srv/detail/drl_step__type_support.hpp
[0.177s] -- Up-to-date symlink: /home/dmsgv1/VAEplusDDPG/install/turtlebot3_msgs/include/turtlebot3_msgs/srv/detail/goal__builder.hpp
[0.177s] -- Up-to-date symlink: /home/dmsgv1/VAEplusDDPG/install/turtlebot3_msgs/include/turtlebot3_msgs/srv/detail/goal__struct.hpp
[0.177s] -- Up-to-date symlink: /home/dmsgv1/VAEplusDDPG/install/turtlebot3_msgs/include/turtlebot3_msgs/srv/detail/goal__traits.hpp
[0.177s] -- Up-to-date symlink: /home/dmsgv1/VAEplusDDPG/install/turtlebot3_msgs/include/turtlebot3_msgs/srv/detail/goal__type_support.hpp
[0.177s] -- Up-to-date symlink: /home/dmsgv1/VAEplusDDPG/install/turtlebot3_msgs/include/turtlebot3_msgs/srv/detail/ring_goal__builder.hpp
[0.177s] -- Up-to-date symlink: /home/dmsgv1/VAEplusDDPG/install/turtlebot3_msgs/include/turtlebot3_msgs/srv/detail/ring_goal__struct.hpp
[0.177s] -- Up-to-date symlink: /home/dmsgv1/VAEplusDDPG/install/turtlebot3_msgs/include/turtlebot3_msgs/srv/detail/ring_goal__traits.hpp
[0.177s] -- Up-to-date symlink: /home/dmsgv1/VAEplusDDPG/install/turtlebot3_msgs/include/turtlebot3_msgs/srv/detail/ring_goal__type_support.hpp
[0.177s] -- Up-to-date symlink: /home/dmsgv1/VAEplusDDPG/install/turtlebot3_msgs/include/turtlebot3_msgs/srv/detail/sound__builder.hpp
[0.177s] -- Up-to-date symlink: /home/dmsgv1/VAEplusDDPG/install/turtlebot3_msgs/include/turtlebot3_msgs/srv/detail/sound__struct.hpp
[0.177s] -- Up-to-date symlink: /home/dmsgv1/VAEplusDDPG/install/turtlebot3_msgs/include/turtlebot3_msgs/srv/detail/sound__traits.hpp
[0.177s] -- Up-to-date symlink: /home/dmsgv1/VAEplusDDPG/install/turtlebot3_msgs/include/turtlebot3_msgs/srv/detail/sound__type_support.hpp
[0.178s] -- Up-to-date symlink: /home/dmsgv1/VAEplusDDPG/install/turtlebot3_msgs/include/turtlebot3_msgs/srv/drl_step.hpp
[0.178s] -- Up-to-date symlink: /home/dmsgv1/VAEplusDDPG/install/turtlebot3_msgs/include/turtlebot3_msgs/srv/goal.hpp
[0.178s] -- Up-to-date symlink: /home/dmsgv1/VAEplusDDPG/install/turtlebot3_msgs/include/turtlebot3_msgs/srv/ring_goal.hpp
[0.178s] -- Up-to-date symlink: /home/dmsgv1/VAEplusDDPG/install/turtlebot3_msgs/include/turtlebot3_msgs/srv/sound.hpp
[0.178s] -- Up-to-date symlink: /home/dmsgv1/VAEplusDDPG/install/turtlebot3_msgs/include/turtlebot3_msgs/action/detail/patrol__rosidl_typesupport_introspection_cpp.hpp
[0.178s] -- Up-to-date symlink: /home/dmsgv1/VAEplusDDPG/install/turtlebot3_msgs/include/turtlebot3_msgs/msg/detail/sensor_state__rosidl_typesupport_introspection_cpp.hpp
[0.178s] -- Up-to-date symlink: /home/dmsgv1/VAEplusDDPG/install/turtlebot3_msgs/include/turtlebot3_msgs/msg/detail/sound__rosidl_typesupport_introspection_cpp.hpp
[0.178s] -- Up-to-date symlink: /home/dmsgv1/VAEplusDDPG/install/turtlebot3_msgs/include/turtlebot3_msgs/msg/detail/version_info__rosidl_typesupport_introspection_cpp.hpp
[0.178s] -- Up-to-date symlink: /home/dmsgv1/VAEplusDDPG/install/turtlebot3_msgs/include/turtlebot3_msgs/srv/detail/drl_step__rosidl_typesupport_introspection_cpp.hpp
[0.178s] -- Up-to-date symlink: /home/dmsgv1/VAEplusDDPG/install/turtlebot3_msgs/include/turtlebot3_msgs/srv/detail/goal__rosidl_typesupport_introspection_cpp.hpp
[0.178s] -- Up-to-date symlink: /home/dmsgv1/VAEplusDDPG/install/turtlebot3_msgs/include/turtlebot3_msgs/srv/detail/ring_goal__rosidl_typesupport_introspection_cpp.hpp
[0.178s] -- Up-to-date symlink: /home/dmsgv1/VAEplusDDPG/install/turtlebot3_msgs/include/turtlebot3_msgs/srv/detail/sound__rosidl_typesupport_introspection_cpp.hpp
[0.178s] -- Up-to-date symlink: /home/dmsgv1/VAEplusDDPG/install/turtlebot3_msgs/share/turtlebot3_msgs/environment/pythonpath.sh
[0.179s] -- Up-to-date symlink: /home/dmsgv1/VAEplusDDPG/install/turtlebot3_msgs/share/turtlebot3_msgs/environment/pythonpath.dsv
[0.179s] -- Up-to-date symlink: /home/dmsgv1/VAEplusDDPG/install/turtlebot3_msgs/lib/python3.8/site-packages/turtlebot3_msgs/__init__.py
[0.179s] -- Up-to-date symlink: /home/dmsgv1/VAEplusDDPG/install/turtlebot3_msgs/lib/python3.8/site-packages/turtlebot3_msgs/msg/__init__.py
[0.179s] -- Up-to-date symlink: /home/dmsgv1/VAEplusDDPG/install/turtlebot3_msgs/lib/python3.8/site-packages/turtlebot3_msgs/msg/_sensor_state.py
[0.179s] -- Up-to-date symlink: /home/dmsgv1/VAEplusDDPG/install/turtlebot3_msgs/lib/python3.8/site-packages/turtlebot3_msgs/msg/_sound.py
[0.179s] -- Up-to-date symlink: /home/dmsgv1/VAEplusDDPG/install/turtlebot3_msgs/lib/python3.8/site-packages/turtlebot3_msgs/msg/_version_info.py
[0.179s] -- Up-to-date symlink: /home/dmsgv1/VAEplusDDPG/install/turtlebot3_msgs/lib/python3.8/site-packages/turtlebot3_msgs/srv/__init__.py
[0.179s] -- Up-to-date symlink: /home/dmsgv1/VAEplusDDPG/install/turtlebot3_msgs/lib/python3.8/site-packages/turtlebot3_msgs/srv/_drl_step.py
[0.180s] -- Up-to-date symlink: /home/dmsgv1/VAEplusDDPG/install/turtlebot3_msgs/lib/python3.8/site-packages/turtlebot3_msgs/srv/_goal.py
[0.180s] -- Up-to-date symlink: /home/dmsgv1/VAEplusDDPG/install/turtlebot3_msgs/lib/python3.8/site-packages/turtlebot3_msgs/srv/_ring_goal.py
[0.180s] -- Up-to-date symlink: /home/dmsgv1/VAEplusDDPG/install/turtlebot3_msgs/lib/python3.8/site-packages/turtlebot3_msgs/srv/_sound.py
[0.180s] -- Up-to-date symlink: /home/dmsgv1/VAEplusDDPG/install/turtlebot3_msgs/lib/python3.8/site-packages/turtlebot3_msgs/action/__init__.py
[0.180s] -- Up-to-date symlink: /home/dmsgv1/VAEplusDDPG/install/turtlebot3_msgs/lib/python3.8/site-packages/turtlebot3_msgs/action/_patrol.py
[0.180s] -- Up-to-date symlink: /home/dmsgv1/VAEplusDDPG/install/turtlebot3_msgs/lib/python3.8/site-packages/turtlebot3_msgs/turtlebot3_msgs_s__rosidl_typesupport_fastrtps_c.cpython-38-x86_64-linux-gnu.so
[0.180s] -- Up-to-date symlink: /home/dmsgv1/VAEplusDDPG/install/turtlebot3_msgs/lib/python3.8/site-packages/turtlebot3_msgs/turtlebot3_msgs_s__rosidl_typesupport_introspection_c.cpython-38-x86_64-linux-gnu.so
[0.180s] -- Up-to-date symlink: /home/dmsgv1/VAEplusDDPG/install/turtlebot3_msgs/lib/python3.8/site-packages/turtlebot3_msgs/turtlebot3_msgs_s__rosidl_typesupport_c.cpython-38-x86_64-linux-gnu.so
[0.180s] -- Up-to-date symlink: /home/dmsgv1/VAEplusDDPG/install/turtlebot3_msgs/lib/libturtlebot3_msgs__python.so
[0.180s] -- Up-to-date symlink: /home/dmsgv1/VAEplusDDPG/install/turtlebot3_msgs/share/turtlebot3_msgs/msg/SensorState.idl
[0.180s] -- Up-to-date symlink: /home/dmsgv1/VAEplusDDPG/install/turtlebot3_msgs/share/turtlebot3_msgs/msg/Sound.idl
[0.180s] -- Up-to-date symlink: /home/dmsgv1/VAEplusDDPG/install/turtlebot3_msgs/share/turtlebot3_msgs/msg/VersionInfo.idl
[0.181s] -- Up-to-date symlink: /home/dmsgv1/VAEplusDDPG/install/turtlebot3_msgs/share/turtlebot3_msgs/srv/Sound.idl
[0.181s] -- Up-to-date symlink: /home/dmsgv1/VAEplusDDPG/install/turtlebot3_msgs/share/turtlebot3_msgs/srv/DrlStep.idl
[0.181s] -- Up-to-date symlink: /home/dmsgv1/VAEplusDDPG/install/turtlebot3_msgs/share/turtlebot3_msgs/srv/Goal.idl
[0.181s] -- Up-to-date symlink: /home/dmsgv1/VAEplusDDPG/install/turtlebot3_msgs/share/turtlebot3_msgs/srv/RingGoal.idl
[0.181s] -- Up-to-date symlink: /home/dmsgv1/VAEplusDDPG/install/turtlebot3_msgs/share/turtlebot3_msgs/action/Patrol.idl
[0.181s] -- Up-to-date symlink: /home/dmsgv1/VAEplusDDPG/install/turtlebot3_msgs/share/turtlebot3_msgs/msg/SensorState.msg
[0.181s] -- Up-to-date symlink: /home/dmsgv1/VAEplusDDPG/install/turtlebot3_msgs/share/turtlebot3_msgs/msg/Sound.msg
[0.181s] -- Up-to-date symlink: /home/dmsgv1/VAEplusDDPG/install/turtlebot3_msgs/share/turtlebot3_msgs/msg/VersionInfo.msg
[0.181s] -- Up-to-date symlink: /home/dmsgv1/VAEplusDDPG/install/turtlebot3_msgs/share/turtlebot3_msgs/srv/Sound.srv
[0.181s] -- Up-to-date symlink: /home/dmsgv1/VAEplusDDPG/install/turtlebot3_msgs/share/turtlebot3_msgs/srv/Sound_Request.msg
[0.182s] -- Up-to-date symlink: /home/dmsgv1/VAEplusDDPG/install/turtlebot3_msgs/share/turtlebot3_msgs/srv/Sound_Response.msg
[0.182s] -- Up-to-date symlink: /home/dmsgv1/VAEplusDDPG/install/turtlebot3_msgs/share/turtlebot3_msgs/srv/DrlStep.srv
[0.182s] -- Up-to-date symlink: /home/dmsgv1/VAEplusDDPG/install/turtlebot3_msgs/share/turtlebot3_msgs/srv/DrlStep_Request.msg
[0.182s] -- Up-to-date symlink: /home/dmsgv1/VAEplusDDPG/install/turtlebot3_msgs/share/turtlebot3_msgs/srv/DrlStep_Response.msg
[0.182s] -- Up-to-date symlink: /home/dmsgv1/VAEplusDDPG/install/turtlebot3_msgs/share/turtlebot3_msgs/srv/Goal.srv
[0.182s] -- Up-to-date symlink: /home/dmsgv1/VAEplusDDPG/install/turtlebot3_msgs/share/turtlebot3_msgs/srv/Goal_Request.msg
[0.182s] -- Up-to-date symlink: /home/dmsgv1/VAEplusDDPG/install/turtlebot3_msgs/share/turtlebot3_msgs/srv/Goal_Response.msg
[0.182s] -- Up-to-date symlink: /home/dmsgv1/VAEplusDDPG/install/turtlebot3_msgs/share/turtlebot3_msgs/srv/RingGoal.srv
[0.182s] -- Up-to-date symlink: /home/dmsgv1/VAEplusDDPG/install/turtlebot3_msgs/share/turtlebot3_msgs/srv/RingGoal_Request.msg
[0.182s] -- Up-to-date symlink: /home/dmsgv1/VAEplusDDPG/install/turtlebot3_msgs/share/turtlebot3_msgs/srv/RingGoal_Response.msg
[0.182s] -- Up-to-date symlink: /home/dmsgv1/VAEplusDDPG/install/turtlebot3_msgs/share/turtlebot3_msgs/action/Patrol.action
[0.182s] -- Up-to-date symlink: /home/dmsgv1/VAEplusDDPG/install/turtlebot3_msgs/share/ament_index/resource_index/package_run_dependencies/turtlebot3_msgs
[0.182s] -- Up-to-date symlink: /home/dmsgv1/VAEplusDDPG/install/turtlebot3_msgs/share/ament_index/resource_index/parent_prefix_path/turtlebot3_msgs
[0.182s] -- Up-to-date symlink: /home/dmsgv1/VAEplusDDPG/install/turtlebot3_msgs/share/turtlebot3_msgs/environment/ament_prefix_path.sh
[0.183s] -- Up-to-date symlink: /home/dmsgv1/VAEplusDDPG/install/turtlebot3_msgs/share/turtlebot3_msgs/environment/ament_prefix_path.dsv
[0.183s] -- Up-to-date symlink: /home/dmsgv1/VAEplusDDPG/install/turtlebot3_msgs/share/turtlebot3_msgs/environment/path.sh
[0.183s] -- Up-to-date symlink: /home/dmsgv1/VAEplusDDPG/install/turtlebot3_msgs/share/turtlebot3_msgs/environment/path.dsv
[0.183s] -- Up-to-date symlink: /home/dmsgv1/VAEplusDDPG/install/turtlebot3_msgs/share/turtlebot3_msgs/local_setup.bash
[0.183s] -- Up-to-date symlink: /home/dmsgv1/VAEplusDDPG/install/turtlebot3_msgs/share/turtlebot3_msgs/local_setup.sh
[0.183s] -- Up-to-date symlink: /home/dmsgv1/VAEplusDDPG/install/turtlebot3_msgs/share/turtlebot3_msgs/local_setup.zsh
[0.183s] -- Up-to-date symlink: /home/dmsgv1/VAEplusDDPG/install/turtlebot3_msgs/share/turtlebot3_msgs/local_setup.dsv
[0.183s] -- Symlinking: /home/dmsgv1/VAEplusDDPG/install/turtlebot3_msgs/share/turtlebot3_msgs/package.dsv
[0.187s] -- Up-to-date symlink: /home/dmsgv1/VAEplusDDPG/install/turtlebot3_msgs/share/ament_index/resource_index/packages/turtlebot3_msgs
[0.187s] -- Up-to-date symlink: /home/dmsgv1/VAEplusDDPG/install/turtlebot3_msgs/share/turtlebot3_msgs/cmake/rosidl_cmake-extras.cmake
[0.187s] -- Up-to-date symlink: /home/dmsgv1/VAEplusDDPG/install/turtlebot3_msgs/share/turtlebot3_msgs/cmake/ament_cmake_export_dependencies-extras.cmake
[0.187s] -- Up-to-date symlink: /home/dmsgv1/VAEplusDDPG/install/turtlebot3_msgs/share/turtlebot3_msgs/cmake/ament_cmake_export_libraries-extras.cmake
[0.187s] -- Up-to-date symlink: /home/dmsgv1/VAEplusDDPG/install/turtlebot3_msgs/share/turtlebot3_msgs/cmake/ament_cmake_export_targets-extras.cmake
[0.187s] -- Up-to-date symlink: /home/dmsgv1/VAEplusDDPG/install/turtlebot3_msgs/share/turtlebot3_msgs/cmake/ament_cmake_export_include_directories-extras.cmake
[0.187s] -- Up-to-date symlink: /home/dmsgv1/VAEplusDDPG/install/turtlebot3_msgs/share/turtlebot3_msgs/cmake/rosidl_cmake_export_typesupport_libraries-extras.cmake
[0.187s] -- Up-to-date symlink: /home/dmsgv1/VAEplusDDPG/install/turtlebot3_msgs/share/turtlebot3_msgs/cmake/rosidl_cmake_export_typesupport_targets-extras.cmake
[0.187s] -- Up-to-date symlink: /home/dmsgv1/VAEplusDDPG/install/turtlebot3_msgs/share/turtlebot3_msgs/cmake/turtlebot3_msgsConfig.cmake
[0.187s] -- Up-to-date symlink: /home/dmsgv1/VAEplusDDPG/install/turtlebot3_msgs/share/turtlebot3_msgs/cmake/turtlebot3_msgsConfig-version.cmake
[0.188s] -- Up-to-date symlink: /home/dmsgv1/VAEplusDDPG/install/turtlebot3_msgs/share/turtlebot3_msgs/package.xml
[0.188s] -- Up-to-date: /home/dmsgv1/VAEplusDDPG/install/turtlebot3_msgs/lib/libturtlebot3_msgs__rosidl_generator_c.so
[0.188s] -- Up-to-date: /home/dmsgv1/VAEplusDDPG/install/turtlebot3_msgs/lib/libturtlebot3_msgs__rosidl_typesupport_introspection_c.so
[0.188s] -- Up-to-date: /home/dmsgv1/VAEplusDDPG/install/turtlebot3_msgs/lib/libturtlebot3_msgs__rosidl_typesupport_c.so
[0.188s] -- Up-to-date: /home/dmsgv1/VAEplusDDPG/install/turtlebot3_msgs/lib/libturtlebot3_msgs__rosidl_typesupport_introspection_cpp.so
[0.188s] -- Up-to-date: /home/dmsgv1/VAEplusDDPG/install/turtlebot3_msgs/lib/libturtlebot3_msgs__rosidl_typesupport_cpp.so
[0.204s] -- Up-to-date: /home/dmsgv1/VAEplusDDPG/install/turtlebot3_msgs/share/turtlebot3_msgs/cmake/turtlebot3_msgs__rosidl_generator_cExport.cmake
[0.204s] -- Up-to-date: /home/dmsgv1/VAEplusDDPG/install/turtlebot3_msgs/share/turtlebot3_msgs/cmake/turtlebot3_msgs__rosidl_generator_cExport-noconfig.cmake
[0.204s] -- Up-to-date: /home/dmsgv1/VAEplusDDPG/install/turtlebot3_msgs/share/turtlebot3_msgs/cmake/turtlebot3_msgs__rosidl_typesupport_introspection_cExport.cmake
[0.204s] -- Up-to-date: /home/dmsgv1/VAEplusDDPG/install/turtlebot3_msgs/share/turtlebot3_msgs/cmake/turtlebot3_msgs__rosidl_typesupport_introspection_cExport-noconfig.cmake
[0.204s] -- Up-to-date: /home/dmsgv1/VAEplusDDPG/install/turtlebot3_msgs/share/turtlebot3_msgs/cmake/turtlebot3_msgs__rosidl_typesupport_cExport.cmake
[0.204s] -- Up-to-date: /home/dmsgv1/VAEplusDDPG/install/turtlebot3_msgs/share/turtlebot3_msgs/cmake/turtlebot3_msgs__rosidl_typesupport_cExport-noconfig.cmake
[0.204s] -- Up-to-date: /home/dmsgv1/VAEplusDDPG/install/turtlebot3_msgs/share/turtlebot3_msgs/cmake/turtlebot3_msgs__rosidl_generator_cppExport.cmake
[0.204s] -- Up-to-date: /home/dmsgv1/VAEplusDDPG/install/turtlebot3_msgs/share/turtlebot3_msgs/cmake/turtlebot3_msgs__rosidl_typesupport_introspection_cppExport.cmake
[0.204s] -- Up-to-date: /home/dmsgv1/VAEplusDDPG/install/turtlebot3_msgs/share/turtlebot3_msgs/cmake/turtlebot3_msgs__rosidl_typesupport_introspection_cppExport-noconfig.cmake
[0.204s] -- Up-to-date: /home/dmsgv1/VAEplusDDPG/install/turtlebot3_msgs/share/turtlebot3_msgs/cmake/turtlebot3_msgs__rosidl_typesupport_cppExport.cmake
[0.204s] -- Up-to-date: /home/dmsgv1/VAEplusDDPG/install/turtlebot3_msgs/share/turtlebot3_msgs/cmake/turtlebot3_msgs__rosidl_typesupport_cppExport-noconfig.cmake
[0.205s] Invoked command in '/home/dmsgv1/VAEplusDDPG/build/turtlebot3_msgs' returned '0': CMAKE_PREFIX_PATH=${CMAKE_PREFIX_PATH}:/home/dmsgv1/VAEplusDDPG/install/turtlebot3_drl:/home/dmsgv1/turtlebot3_drlnav/install/turtlebot3_drl:/opt/ros/foxy /bin/cmake --install /home/dmsgv1/VAEplusDDPG/build/turtlebot3_msgs
