[0.206s] DEBUG:colcon:Command line arguments: ['/bin/colcon', 'build', '--symlink-install']
[0.206s] DEBUG:colcon:Parsed command line arguments: Namespace(allow_overriding=[], ament_cmake_args=None, base_paths=['.'], build_base='build', catkin_cmake_args=None, catkin_skip_building_tests=False, cmake_args=None, cmake_clean_cache=False, cmake_clean_first=False, cmake_force_configure=False, cmake_target=None, cmake_target_skip_unavailable=False, continue_on_error=False, event_handlers=None, executor='parallel', ignore_user_meta=False, install_base='install', log_base=None, log_level=None, main=<bound method BuildVerb.main of <colcon_core.verb.build.BuildVerb object at 0x7fc6827dd0a0>>, merge_install=False, metas=['./colcon.meta'], mixin=None, mixin_files=None, mixin_verb=('build',), packages_above=None, packages_above_and_dependencies=None, packages_above_depth=None, packages_end=None, packages_ignore=None, packages_ignore_regex=None, packages_select=None, packages_select_build_failed=False, packages_select_by_dep=None, packages_select_regex=None, packages_select_test_failures=False, packages_skip=None, packages_skip_build_finished=False, packages_skip_by_dep=None, packages_skip_regex=None, packages_skip_test_passed=False, packages_skip_up_to=None, packages_start=None, packages_up_to=None, packages_up_to_regex=None, parallel_workers=28, paths=None, symlink_install=True, test_result_base=None, verb_extension=<colcon_core.verb.build.BuildVerb object at 0x7fc6827dd0a0>, verb_name='build', verb_parser=<colcon_mixin.mixin.mixin_argument.MixinArgumentDecorator object at 0x7fc6826a3400>)
[0.279s] Level 1:colcon.colcon_core.package_discovery:discover_packages(colcon_meta) check parameters
[0.279s] Level 1:colcon.colcon_core.package_discovery:discover_packages(recursive) check parameters
[0.280s] Level 1:colcon.colcon_core.package_discovery:discover_packages(ignore) check parameters
[0.280s] Level 1:colcon.colcon_core.package_discovery:discover_packages(path) check parameters
[0.280s] Level 1:colcon.colcon_core.package_discovery:discover_packages(colcon_meta) discover
[0.280s] Level 1:colcon.colcon_core.package_discovery:discover_packages(recursive) discover
[0.280s] INFO:colcon.colcon_core.package_discovery:Crawling recursively for packages in '/home/dmsgv1/VAEplusDDPG'
[0.280s] Level 1:colcon.colcon_core.package_identification:_identify(.) by extensions ['ignore', 'ignore_ament_install']
[0.280s] Level 1:colcon.colcon_core.package_identification:_identify(.) by extension 'ignore'
[0.280s] Level 1:colcon.colcon_core.package_identification:_identify(.) by extension 'ignore_ament_install'
[0.280s] Level 1:colcon.colcon_core.package_identification:_identify(.) by extensions ['colcon_pkg']
[0.280s] Level 1:colcon.colcon_core.package_identification:_identify(.) by extension 'colcon_pkg'
[0.280s] Level 1:colcon.colcon_core.package_identification:_identify(.) by extensions ['colcon_meta']
[0.280s] Level 1:colcon.colcon_core.package_identification:_identify(.) by extension 'colcon_meta'
[0.280s] Level 1:colcon.colcon_core.package_identification:_identify(.) by extensions ['ros']
[0.280s] Level 1:colcon.colcon_core.package_identification:_identify(.) by extension 'ros'
[0.286s] Level 1:colcon.colcon_core.package_identification:_identify(.) by extensions ['cmake', 'python']
[0.286s] Level 1:colcon.colcon_core.package_identification:_identify(.) by extension 'cmake'
[0.286s] Level 1:colcon.colcon_core.package_identification:_identify(.) by extension 'python'
[0.286s] Level 1:colcon.colcon_core.package_identification:_identify(.) by extensions ['python_setup_py']
[0.286s] Level 1:colcon.colcon_core.package_identification:_identify(.) by extension 'python_setup_py'
[0.286s] Level 1:colcon.colcon_core.package_identification:_identify(build) by extensions ['ignore', 'ignore_ament_install']
[0.286s] Level 1:colcon.colcon_core.package_identification:_identify(build) by extension 'ignore'
[0.286s] Level 1:colcon.colcon_core.package_identification:_identify(build) ignored
[0.286s] Level 1:colcon.colcon_core.package_identification:_identify(install) by extensions ['ignore', 'ignore_ament_install']
[0.286s] Level 1:colcon.colcon_core.package_identification:_identify(install) by extension 'ignore'
[0.286s] Level 1:colcon.colcon_core.package_identification:_identify(install) ignored
[0.286s] Level 1:colcon.colcon_core.package_identification:_identify(log) by extensions ['ignore', 'ignore_ament_install']
[0.286s] Level 1:colcon.colcon_core.package_identification:_identify(log) by extension 'ignore'
[0.286s] Level 1:colcon.colcon_core.package_identification:_identify(log) ignored
[0.286s] Level 1:colcon.colcon_core.package_identification:_identify(src) by extensions ['ignore', 'ignore_ament_install']
[0.286s] Level 1:colcon.colcon_core.package_identification:_identify(src) by extension 'ignore'
[0.286s] Level 1:colcon.colcon_core.package_identification:_identify(src) by extension 'ignore_ament_install'
[0.286s] Level 1:colcon.colcon_core.package_identification:_identify(src) by extensions ['colcon_pkg']
[0.286s] Level 1:colcon.colcon_core.package_identification:_identify(src) by extension 'colcon_pkg'
[0.286s] Level 1:colcon.colcon_core.package_identification:_identify(src) by extensions ['colcon_meta']
[0.286s] Level 1:colcon.colcon_core.package_identification:_identify(src) by extension 'colcon_meta'
[0.286s] Level 1:colcon.colcon_core.package_identification:_identify(src) by extensions ['ros']
[0.286s] Level 1:colcon.colcon_core.package_identification:_identify(src) by extension 'ros'
[0.286s] Level 1:colcon.colcon_core.package_identification:_identify(src) by extensions ['cmake', 'python']
[0.286s] Level 1:colcon.colcon_core.package_identification:_identify(src) by extension 'cmake'
[0.286s] Level 1:colcon.colcon_core.package_identification:_identify(src) by extension 'python'
[0.286s] Level 1:colcon.colcon_core.package_identification:_identify(src) by extensions ['python_setup_py']
[0.286s] Level 1:colcon.colcon_core.package_identification:_identify(src) by extension 'python_setup_py'
[0.286s] Level 1:colcon.colcon_core.package_identification:_identify(src/turtlebot3_drl) by extensions ['ignore', 'ignore_ament_install']
[0.286s] Level 1:colcon.colcon_core.package_identification:_identify(src/turtlebot3_drl) by extension 'ignore'
[0.286s] Level 1:colcon.colcon_core.package_identification:_identify(src/turtlebot3_drl) by extension 'ignore_ament_install'
[0.286s] Level 1:colcon.colcon_core.package_identification:_identify(src/turtlebot3_drl) by extensions ['colcon_pkg']
[0.286s] Level 1:colcon.colcon_core.package_identification:_identify(src/turtlebot3_drl) by extension 'colcon_pkg'
[0.286s] Level 1:colcon.colcon_core.package_identification:_identify(src/turtlebot3_drl) by extensions ['colcon_meta']
[0.286s] Level 1:colcon.colcon_core.package_identification:_identify(src/turtlebot3_drl) by extension 'colcon_meta'
[0.286s] Level 1:colcon.colcon_core.package_identification:_identify(src/turtlebot3_drl) by extensions ['ros']
[0.286s] Level 1:colcon.colcon_core.package_identification:_identify(src/turtlebot3_drl) by extension 'ros'
[0.288s] DEBUG:colcon.colcon_core.package_identification:Package 'src/turtlebot3_drl' with type 'ros.ament_python' and name 'turtlebot3_drl'
[0.288s] Level 1:colcon.colcon_core.package_identification:_identify(src/turtlebot3_msgs) by extensions ['ignore', 'ignore_ament_install']
[0.288s] Level 1:colcon.colcon_core.package_identification:_identify(src/turtlebot3_msgs) by extension 'ignore'
[0.288s] Level 1:colcon.colcon_core.package_identification:_identify(src/turtlebot3_msgs) by extension 'ignore_ament_install'
[0.288s] Level 1:colcon.colcon_core.package_identification:_identify(src/turtlebot3_msgs) by extensions ['colcon_pkg']
[0.288s] Level 1:colcon.colcon_core.package_identification:_identify(src/turtlebot3_msgs) by extension 'colcon_pkg'
[0.288s] Level 1:colcon.colcon_core.package_identification:_identify(src/turtlebot3_msgs) by extensions ['colcon_meta']
[0.288s] Level 1:colcon.colcon_core.package_identification:_identify(src/turtlebot3_msgs) by extension 'colcon_meta'
[0.288s] Level 1:colcon.colcon_core.package_identification:_identify(src/turtlebot3_msgs) by extensions ['ros']
[0.288s] Level 1:colcon.colcon_core.package_identification:_identify(src/turtlebot3_msgs) by extension 'ros'
[0.289s] DEBUG:colcon.colcon_core.package_identification:Package 'src/turtlebot3_msgs' with type 'ros.ament_cmake' and name 'turtlebot3_msgs'
[0.289s] Level 1:colcon.colcon_core.package_identification:_identify(src/turtlebot3_simulations) by extensions ['ignore', 'ignore_ament_install']
[0.289s] Level 1:colcon.colcon_core.package_identification:_identify(src/turtlebot3_simulations) by extension 'ignore'
[0.289s] Level 1:colcon.colcon_core.package_identification:_identify(src/turtlebot3_simulations) by extension 'ignore_ament_install'
[0.289s] Level 1:colcon.colcon_core.package_identification:_identify(src/turtlebot3_simulations) by extensions ['colcon_pkg']
[0.289s] Level 1:colcon.colcon_core.package_identification:_identify(src/turtlebot3_simulations) by extension 'colcon_pkg'
[0.289s] Level 1:colcon.colcon_core.package_identification:_identify(src/turtlebot3_simulations) by extensions ['colcon_meta']
[0.289s] Level 1:colcon.colcon_core.package_identification:_identify(src/turtlebot3_simulations) by extension 'colcon_meta'
[0.289s] Level 1:colcon.colcon_core.package_identification:_identify(src/turtlebot3_simulations) by extensions ['ros']
[0.289s] Level 1:colcon.colcon_core.package_identification:_identify(src/turtlebot3_simulations) by extension 'ros'
[0.289s] Level 1:colcon.colcon_core.package_identification:_identify(src/turtlebot3_simulations) by extensions ['cmake', 'python']
[0.289s] Level 1:colcon.colcon_core.package_identification:_identify(src/turtlebot3_simulations) by extension 'cmake'
[0.289s] Level 1:colcon.colcon_core.package_identification:_identify(src/turtlebot3_simulations) by extension 'python'
[0.289s] Level 1:colcon.colcon_core.package_identification:_identify(src/turtlebot3_simulations) by extensions ['python_setup_py']
[0.289s] Level 1:colcon.colcon_core.package_identification:_identify(src/turtlebot3_simulations) by extension 'python_setup_py'
[0.289s] Level 1:colcon.colcon_core.package_identification:_identify(src/turtlebot3_simulations/turtlebot3_fake_node) by extensions ['ignore', 'ignore_ament_install']
[0.289s] Level 1:colcon.colcon_core.package_identification:_identify(src/turtlebot3_simulations/turtlebot3_fake_node) by extension 'ignore'
[0.289s] Level 1:colcon.colcon_core.package_identification:_identify(src/turtlebot3_simulations/turtlebot3_fake_node) by extension 'ignore_ament_install'
[0.289s] Level 1:colcon.colcon_core.package_identification:_identify(src/turtlebot3_simulations/turtlebot3_fake_node) by extensions ['colcon_pkg']
[0.289s] Level 1:colcon.colcon_core.package_identification:_identify(src/turtlebot3_simulations/turtlebot3_fake_node) by extension 'colcon_pkg'
[0.289s] Level 1:colcon.colcon_core.package_identification:_identify(src/turtlebot3_simulations/turtlebot3_fake_node) by extensions ['colcon_meta']
[0.289s] Level 1:colcon.colcon_core.package_identification:_identify(src/turtlebot3_simulations/turtlebot3_fake_node) by extension 'colcon_meta'
[0.289s] Level 1:colcon.colcon_core.package_identification:_identify(src/turtlebot3_simulations/turtlebot3_fake_node) by extensions ['ros']
[0.289s] Level 1:colcon.colcon_core.package_identification:_identify(src/turtlebot3_simulations/turtlebot3_fake_node) by extension 'ros'
[0.290s] DEBUG:colcon.colcon_core.package_identification:Package 'src/turtlebot3_simulations/turtlebot3_fake_node' with type 'ros.ament_cmake' and name 'turtlebot3_fake_node'
[0.290s] Level 1:colcon.colcon_core.package_identification:_identify(src/turtlebot3_simulations/turtlebot3_gazebo) by extensions ['ignore', 'ignore_ament_install']
[0.290s] Level 1:colcon.colcon_core.package_identification:_identify(src/turtlebot3_simulations/turtlebot3_gazebo) by extension 'ignore'
[0.290s] Level 1:colcon.colcon_core.package_identification:_identify(src/turtlebot3_simulations/turtlebot3_gazebo) by extension 'ignore_ament_install'
[0.290s] Level 1:colcon.colcon_core.package_identification:_identify(src/turtlebot3_simulations/turtlebot3_gazebo) by extensions ['colcon_pkg']
[0.290s] Level 1:colcon.colcon_core.package_identification:_identify(src/turtlebot3_simulations/turtlebot3_gazebo) by extension 'colcon_pkg'
[0.290s] Level 1:colcon.colcon_core.package_identification:_identify(src/turtlebot3_simulations/turtlebot3_gazebo) by extensions ['colcon_meta']
[0.290s] Level 1:colcon.colcon_core.package_identification:_identify(src/turtlebot3_simulations/turtlebot3_gazebo) by extension 'colcon_meta'
[0.290s] Level 1:colcon.colcon_core.package_identification:_identify(src/turtlebot3_simulations/turtlebot3_gazebo) by extensions ['ros']
[0.290s] Level 1:colcon.colcon_core.package_identification:_identify(src/turtlebot3_simulations/turtlebot3_gazebo) by extension 'ros'
[0.291s] DEBUG:colcon.colcon_core.package_identification:Package 'src/turtlebot3_simulations/turtlebot3_gazebo' with type 'ros.ament_cmake' and name 'turtlebot3_gazebo'
[0.291s] Level 1:colcon.colcon_core.package_identification:_identify(src/turtlebot3_simulations/turtlebot3_simulations) by extensions ['ignore', 'ignore_ament_install']
[0.291s] Level 1:colcon.colcon_core.package_identification:_identify(src/turtlebot3_simulations/turtlebot3_simulations) by extension 'ignore'
[0.291s] Level 1:colcon.colcon_core.package_identification:_identify(src/turtlebot3_simulations/turtlebot3_simulations) by extension 'ignore_ament_install'
[0.291s] Level 1:colcon.colcon_core.package_identification:_identify(src/turtlebot3_simulations/turtlebot3_simulations) by extensions ['colcon_pkg']
[0.291s] Level 1:colcon.colcon_core.package_identification:_identify(src/turtlebot3_simulations/turtlebot3_simulations) by extension 'colcon_pkg'
[0.291s] Level 1:colcon.colcon_core.package_identification:_identify(src/turtlebot3_simulations/turtlebot3_simulations) by extensions ['colcon_meta']
[0.291s] Level 1:colcon.colcon_core.package_identification:_identify(src/turtlebot3_simulations/turtlebot3_simulations) by extension 'colcon_meta'
[0.291s] Level 1:colcon.colcon_core.package_identification:_identify(src/turtlebot3_simulations/turtlebot3_simulations) by extensions ['ros']
[0.291s] Level 1:colcon.colcon_core.package_identification:_identify(src/turtlebot3_simulations/turtlebot3_simulations) by extension 'ros'
[0.291s] DEBUG:colcon.colcon_core.package_identification:Package 'src/turtlebot3_simulations/turtlebot3_simulations' with type 'ros.ament_cmake' and name 'turtlebot3_simulations'
[0.291s] Level 1:colcon.colcon_core.package_discovery:discover_packages(recursive) using defaults
[0.291s] Level 1:colcon.colcon_core.package_discovery:discover_packages(ignore) discover
[0.291s] Level 1:colcon.colcon_core.package_discovery:discover_packages(ignore) using defaults
[0.291s] Level 1:colcon.colcon_core.package_discovery:discover_packages(path) discover
[0.291s] Level 1:colcon.colcon_core.package_discovery:discover_packages(path) using defaults
[0.306s] Level 1:colcon.colcon_core.package_discovery:discover_packages(prefix_path) check parameters
[0.306s] Level 1:colcon.colcon_core.package_discovery:discover_packages(prefix_path) discover
[0.307s] WARNING:colcon.colcon_core.prefix_path.colcon:The path '/home/dmsgv1/turtlebot3_drlnav/install' in the environment variable COLCON_PREFIX_PATH doesn't exist
[0.307s] WARNING:colcon.colcon_ros.prefix_path.ament:The path '/home/dmsgv1/turtlebot3_drlnav/install/turtlebot3_simulations' in the environment variable AMENT_PREFIX_PATH doesn't exist
[0.307s] WARNING:colcon.colcon_ros.prefix_path.ament:The path '/home/dmsgv1/turtlebot3_drlnav/install/turtlebot3_fake_node' in the environment variable AMENT_PREFIX_PATH doesn't exist
[0.307s] WARNING:colcon.colcon_ros.prefix_path.ament:The path '/home/dmsgv1/turtlebot3_drlnav/install/turtlebot3_msgs' in the environment variable AMENT_PREFIX_PATH doesn't exist
[0.307s] WARNING:colcon.colcon_ros.prefix_path.ament:The path '/home/dmsgv1/turtlebot3_drlnav/install/turtlebot3_gazebo' in the environment variable AMENT_PREFIX_PATH doesn't exist
[0.307s] WARNING:colcon.colcon_ros.prefix_path.ament:The path '/home/dmsgv1/turtlebot3_drlnav/install/turtlebot3_drl' in the environment variable AMENT_PREFIX_PATH doesn't exist
[0.307s] WARNING:colcon.colcon_ros.prefix_path.catkin:The path '/home/dmsgv1/turtlebot3_drlnav/install/turtlebot3_simulations' in the environment variable CMAKE_PREFIX_PATH doesn't exist
[0.307s] WARNING:colcon.colcon_ros.prefix_path.catkin:The path '/home/dmsgv1/turtlebot3_drlnav/install/turtlebot3_fake_node' in the environment variable CMAKE_PREFIX_PATH doesn't exist
[0.307s] WARNING:colcon.colcon_ros.prefix_path.catkin:The path '/home/dmsgv1/turtlebot3_drlnav/install/turtlebot3_msgs' in the environment variable CMAKE_PREFIX_PATH doesn't exist
[0.307s] WARNING:colcon.colcon_ros.prefix_path.catkin:The path '/home/dmsgv1/turtlebot3_drlnav/install/turtlebot3_gazebo' in the environment variable CMAKE_PREFIX_PATH doesn't exist
[0.309s] DEBUG:colcon.colcon_installed_package_information.package_discovery:Found 335 installed packages in /opt/ros/foxy
[0.310s] Level 1:colcon.colcon_core.package_discovery:discover_packages(prefix_path) using defaults
[0.372s] WARNING:colcon.colcon_core.package_selection:Some selected packages are already built in one or more underlay workspaces:
	'turtlebot3_msgs' is in: /opt/ros/foxy
If a package in a merged underlay workspace is overridden and it installs headers, then all packages in the overlay must sort their include directories by workspace order. Failure to do so may result in build failures or undefined behavior at run time.
If the overridden package is used by another package in any underlay, then the overriding package in the overlay must be API and ABI compatible or undefined behavior at run time may occur.

If you understand the risks and want to override a package anyways, add the following to the command line:
	--allow-overriding turtlebot3_msgs

This may be promoted to an error in a future release of colcon-override-check.
[0.373s] Level 5:colcon.colcon_core.verb:set package 'turtlebot3_drl' build argument 'cmake_args' from command line to 'None'
[0.373s] Level 5:colcon.colcon_core.verb:set package 'turtlebot3_drl' build argument 'cmake_target' from command line to 'None'
[0.373s] Level 5:colcon.colcon_core.verb:set package 'turtlebot3_drl' build argument 'cmake_target_skip_unavailable' from command line to 'False'
[0.373s] Level 5:colcon.colcon_core.verb:set package 'turtlebot3_drl' build argument 'cmake_clean_cache' from command line to 'False'
[0.373s] Level 5:colcon.colcon_core.verb:set package 'turtlebot3_drl' build argument 'cmake_clean_first' from command line to 'False'
[0.373s] Level 5:colcon.colcon_core.verb:set package 'turtlebot3_drl' build argument 'cmake_force_configure' from command line to 'False'
[0.373s] Level 5:colcon.colcon_core.verb:set package 'turtlebot3_drl' build argument 'ament_cmake_args' from command line to 'None'
[0.373s] Level 5:colcon.colcon_core.verb:set package 'turtlebot3_drl' build argument 'catkin_cmake_args' from command line to 'None'
[0.373s] Level 5:colcon.colcon_core.verb:set package 'turtlebot3_drl' build argument 'catkin_skip_building_tests' from command line to 'False'
[0.373s] DEBUG:colcon.colcon_core.verb:Building package 'turtlebot3_drl' with the following arguments: {'ament_cmake_args': None, 'build_base': '/home/dmsgv1/VAEplusDDPG/build/turtlebot3_drl', 'catkin_cmake_args': None, 'catkin_skip_building_tests': False, 'cmake_args': None, 'cmake_clean_cache': False, 'cmake_clean_first': False, 'cmake_force_configure': False, 'cmake_target': None, 'cmake_target_skip_unavailable': False, 'install_base': '/home/dmsgv1/VAEplusDDPG/install/turtlebot3_drl', 'merge_install': False, 'path': '/home/dmsgv1/VAEplusDDPG/src/turtlebot3_drl', 'symlink_install': True, 'test_result_base': None}
[0.373s] Level 5:colcon.colcon_core.verb:set package 'turtlebot3_gazebo' build argument 'cmake_args' from command line to 'None'
[0.373s] Level 5:colcon.colcon_core.verb:set package 'turtlebot3_gazebo' build argument 'cmake_target' from command line to 'None'
[0.373s] Level 5:colcon.colcon_core.verb:set package 'turtlebot3_gazebo' build argument 'cmake_target_skip_unavailable' from command line to 'False'
[0.373s] Level 5:colcon.colcon_core.verb:set package 'turtlebot3_gazebo' build argument 'cmake_clean_cache' from command line to 'False'
[0.373s] Level 5:colcon.colcon_core.verb:set package 'turtlebot3_gazebo' build argument 'cmake_clean_first' from command line to 'False'
[0.373s] Level 5:colcon.colcon_core.verb:set package 'turtlebot3_gazebo' build argument 'cmake_force_configure' from command line to 'False'
[0.373s] Level 5:colcon.colcon_core.verb:set package 'turtlebot3_gazebo' build argument 'ament_cmake_args' from command line to 'None'
[0.373s] Level 5:colcon.colcon_core.verb:set package 'turtlebot3_gazebo' build argument 'catkin_cmake_args' from command line to 'None'
[0.373s] Level 5:colcon.colcon_core.verb:set package 'turtlebot3_gazebo' build argument 'catkin_skip_building_tests' from command line to 'False'
[0.373s] DEBUG:colcon.colcon_core.verb:Building package 'turtlebot3_gazebo' with the following arguments: {'ament_cmake_args': None, 'build_base': '/home/dmsgv1/VAEplusDDPG/build/turtlebot3_gazebo', 'catkin_cmake_args': None, 'catkin_skip_building_tests': False, 'cmake_args': None, 'cmake_clean_cache': False, 'cmake_clean_first': False, 'cmake_force_configure': False, 'cmake_target': None, 'cmake_target_skip_unavailable': False, 'install_base': '/home/dmsgv1/VAEplusDDPG/install/turtlebot3_gazebo', 'merge_install': False, 'path': '/home/dmsgv1/VAEplusDDPG/src/turtlebot3_simulations/turtlebot3_gazebo', 'symlink_install': True, 'test_result_base': None}
[0.373s] Level 5:colcon.colcon_core.verb:set package 'turtlebot3_msgs' build argument 'cmake_args' from command line to 'None'
[0.373s] Level 5:colcon.colcon_core.verb:set package 'turtlebot3_msgs' build argument 'cmake_target' from command line to 'None'
[0.373s] Level 5:colcon.colcon_core.verb:set package 'turtlebot3_msgs' build argument 'cmake_target_skip_unavailable' from command line to 'False'
[0.373s] Level 5:colcon.colcon_core.verb:set package 'turtlebot3_msgs' build argument 'cmake_clean_cache' from command line to 'False'
[0.373s] Level 5:colcon.colcon_core.verb:set package 'turtlebot3_msgs' build argument 'cmake_clean_first' from command line to 'False'
[0.373s] Level 5:colcon.colcon_core.verb:set package 'turtlebot3_msgs' build argument 'cmake_force_configure' from command line to 'False'
[0.373s] Level 5:colcon.colcon_core.verb:set package 'turtlebot3_msgs' build argument 'ament_cmake_args' from command line to 'None'
[0.373s] Level 5:colcon.colcon_core.verb:set package 'turtlebot3_msgs' build argument 'catkin_cmake_args' from command line to 'None'
[0.373s] Level 5:colcon.colcon_core.verb:set package 'turtlebot3_msgs' build argument 'catkin_skip_building_tests' from command line to 'False'
[0.373s] DEBUG:colcon.colcon_core.verb:Building package 'turtlebot3_msgs' with the following arguments: {'ament_cmake_args': None, 'build_base': '/home/dmsgv1/VAEplusDDPG/build/turtlebot3_msgs', 'catkin_cmake_args': None, 'catkin_skip_building_tests': False, 'cmake_args': None, 'cmake_clean_cache': False, 'cmake_clean_first': False, 'cmake_force_configure': False, 'cmake_target': None, 'cmake_target_skip_unavailable': False, 'install_base': '/home/dmsgv1/VAEplusDDPG/install/turtlebot3_msgs', 'merge_install': False, 'path': '/home/dmsgv1/VAEplusDDPG/src/turtlebot3_msgs', 'symlink_install': True, 'test_result_base': None}
[0.373s] Level 5:colcon.colcon_core.verb:set package 'turtlebot3_fake_node' build argument 'cmake_args' from command line to 'None'
[0.373s] Level 5:colcon.colcon_core.verb:set package 'turtlebot3_fake_node' build argument 'cmake_target' from command line to 'None'
[0.373s] Level 5:colcon.colcon_core.verb:set package 'turtlebot3_fake_node' build argument 'cmake_target_skip_unavailable' from command line to 'False'
[0.373s] Level 5:colcon.colcon_core.verb:set package 'turtlebot3_fake_node' build argument 'cmake_clean_cache' from command line to 'False'
[0.373s] Level 5:colcon.colcon_core.verb:set package 'turtlebot3_fake_node' build argument 'cmake_clean_first' from command line to 'False'
[0.373s] Level 5:colcon.colcon_core.verb:set package 'turtlebot3_fake_node' build argument 'cmake_force_configure' from command line to 'False'
[0.373s] Level 5:colcon.colcon_core.verb:set package 'turtlebot3_fake_node' build argument 'ament_cmake_args' from command line to 'None'
[0.373s] Level 5:colcon.colcon_core.verb:set package 'turtlebot3_fake_node' build argument 'catkin_cmake_args' from command line to 'None'
[0.373s] Level 5:colcon.colcon_core.verb:set package 'turtlebot3_fake_node' build argument 'catkin_skip_building_tests' from command line to 'False'
[0.373s] DEBUG:colcon.colcon_core.verb:Building package 'turtlebot3_fake_node' with the following arguments: {'ament_cmake_args': None, 'build_base': '/home/dmsgv1/VAEplusDDPG/build/turtlebot3_fake_node', 'catkin_cmake_args': None, 'catkin_skip_building_tests': False, 'cmake_args': None, 'cmake_clean_cache': False, 'cmake_clean_first': False, 'cmake_force_configure': False, 'cmake_target': None, 'cmake_target_skip_unavailable': False, 'install_base': '/home/dmsgv1/VAEplusDDPG/install/turtlebot3_fake_node', 'merge_install': False, 'path': '/home/dmsgv1/VAEplusDDPG/src/turtlebot3_simulations/turtlebot3_fake_node', 'symlink_install': True, 'test_result_base': None}
[0.374s] Level 5:colcon.colcon_core.verb:set package 'turtlebot3_simulations' build argument 'cmake_args' from command line to 'None'
[0.374s] Level 5:colcon.colcon_core.verb:set package 'turtlebot3_simulations' build argument 'cmake_target' from command line to 'None'
[0.374s] Level 5:colcon.colcon_core.verb:set package 'turtlebot3_simulations' build argument 'cmake_target_skip_unavailable' from command line to 'False'
[0.374s] Level 5:colcon.colcon_core.verb:set package 'turtlebot3_simulations' build argument 'cmake_clean_cache' from command line to 'False'
[0.374s] Level 5:colcon.colcon_core.verb:set package 'turtlebot3_simulations' build argument 'cmake_clean_first' from command line to 'False'
[0.374s] Level 5:colcon.colcon_core.verb:set package 'turtlebot3_simulations' build argument 'cmake_force_configure' from command line to 'False'
[0.374s] Level 5:colcon.colcon_core.verb:set package 'turtlebot3_simulations' build argument 'ament_cmake_args' from command line to 'None'
[0.374s] Level 5:colcon.colcon_core.verb:set package 'turtlebot3_simulations' build argument 'catkin_cmake_args' from command line to 'None'
[0.374s] Level 5:colcon.colcon_core.verb:set package 'turtlebot3_simulations' build argument 'catkin_skip_building_tests' from command line to 'False'
[0.374s] DEBUG:colcon.colcon_core.verb:Building package 'turtlebot3_simulations' with the following arguments: {'ament_cmake_args': None, 'build_base': '/home/dmsgv1/VAEplusDDPG/build/turtlebot3_simulations', 'catkin_cmake_args': None, 'catkin_skip_building_tests': False, 'cmake_args': None, 'cmake_clean_cache': False, 'cmake_clean_first': False, 'cmake_force_configure': False, 'cmake_target': None, 'cmake_target_skip_unavailable': False, 'install_base': '/home/dmsgv1/VAEplusDDPG/install/turtlebot3_simulations', 'merge_install': False, 'path': '/home/dmsgv1/VAEplusDDPG/src/turtlebot3_simulations/turtlebot3_simulations', 'symlink_install': True, 'test_result_base': None}
[0.374s] INFO:colcon.colcon_core.executor:Executing jobs using 'parallel' executor
[0.374s] DEBUG:colcon.colcon_parallel_executor.executor.parallel:run_until_complete
[0.374s] INFO:colcon.colcon_ros.task.ament_cmake.build:Building ROS package in '/home/dmsgv1/VAEplusDDPG/src/turtlebot3_msgs' with build type 'ament_cmake'
[0.374s] INFO:colcon.colcon_cmake.task.cmake.build:Building CMake package in '/home/dmsgv1/VAEplusDDPG/src/turtlebot3_msgs'
[0.376s] INFO:colcon.colcon_core.plugin_system:Skipping extension 'colcon_core.shell.bat': Not used on non-Windows systems
[0.377s] INFO:colcon.colcon_core.shell:Skip shell extension 'powershell' for command environment: Not usable outside of PowerShell
[0.377s] DEBUG:colcon.colcon_core.shell:Skip shell extension 'dsv' for command environment
[0.379s] INFO:colcon.colcon_ros.task.ament_cmake.build:Building ROS package in '/home/dmsgv1/VAEplusDDPG/src/turtlebot3_simulations/turtlebot3_gazebo' with build type 'ament_cmake'
[0.379s] INFO:colcon.colcon_cmake.task.cmake.build:Building CMake package in '/home/dmsgv1/VAEplusDDPG/src/turtlebot3_simulations/turtlebot3_gazebo'
[0.379s] INFO:colcon.colcon_core.shell:Skip shell extension 'powershell' for command environment: Not usable outside of PowerShell
[0.379s] DEBUG:colcon.colcon_core.shell:Skip shell extension 'dsv' for command environment
[0.381s] INFO:colcon.colcon_ros.task.ament_python.build:Building ROS package in '/home/dmsgv1/VAEplusDDPG/src/turtlebot3_drl' with build type 'ament_python'
[0.381s] Level 1:colcon.colcon_core.shell:create_environment_hook('turtlebot3_drl', 'ament_prefix_path')
[0.381s] INFO:colcon.colcon_core.shell:Creating environment hook '/home/dmsgv1/VAEplusDDPG/install/turtlebot3_drl/share/turtlebot3_drl/hook/ament_prefix_path.ps1'
[0.382s] INFO:colcon.colcon_core.shell:Creating environment descriptor '/home/dmsgv1/VAEplusDDPG/install/turtlebot3_drl/share/turtlebot3_drl/hook/ament_prefix_path.dsv'
[0.382s] INFO:colcon.colcon_core.shell:Creating environment hook '/home/dmsgv1/VAEplusDDPG/install/turtlebot3_drl/share/turtlebot3_drl/hook/ament_prefix_path.sh'
[0.382s] INFO:colcon.colcon_core.shell:Skip shell extension 'powershell' for command environment: Not usable outside of PowerShell
[0.382s] DEBUG:colcon.colcon_core.shell:Skip shell extension 'dsv' for command environment
[0.385s] DEBUG:colcon.colcon_core.event_handler.log_command:Invoking command in '/home/dmsgv1/VAEplusDDPG/build/turtlebot3_msgs': CMAKE_PREFIX_PATH=${CMAKE_PREFIX_PATH}:/home/dmsgv1/turtlebot3_drlnav/install/turtlebot3_drl:/opt/ros/foxy /bin/cmake /home/dmsgv1/VAEplusDDPG/src/turtlebot3_msgs -DAMENT_CMAKE_SYMLINK_INSTALL=1 -DCMAKE_INSTALL_PREFIX=/home/dmsgv1/VAEplusDDPG/install/turtlebot3_msgs
[0.388s] DEBUG:colcon.colcon_core.event_handler.log_command:Invoking command in '/home/dmsgv1/VAEplusDDPG/build/turtlebot3_gazebo': CMAKE_PREFIX_PATH=${CMAKE_PREFIX_PATH}:/home/dmsgv1/turtlebot3_drlnav/install/turtlebot3_drl:/opt/ros/foxy /bin/cmake /home/dmsgv1/VAEplusDDPG/src/turtlebot3_simulations/turtlebot3_gazebo -DAMENT_CMAKE_SYMLINK_INSTALL=1 -DCMAKE_INSTALL_PREFIX=/home/dmsgv1/VAEplusDDPG/install/turtlebot3_gazebo
[0.480s] INFO:colcon.colcon_core.task.python.build:Building Python package in '/home/dmsgv1/VAEplusDDPG/src/turtlebot3_drl'
[0.481s] INFO:colcon.colcon_core.shell:Skip shell extension 'powershell' for command environment: Not usable outside of PowerShell
[0.481s] DEBUG:colcon.colcon_core.shell:Skip shell extension 'dsv' for command environment
[0.669s] DEBUG:colcon.colcon_core.event_handler.log_command:Invoking command in '/home/dmsgv1/VAEplusDDPG/build/turtlebot3_drl': PYTHONPATH=/home/dmsgv1/VAEplusDDPG/build/turtlebot3_drl/prefix_override:/usr/lib/python3/dist-packages/colcon_core/task/python/colcon_distutils_commands:/home/dmsgv1/VAEplusDDPG/install/turtlebot3_drl/lib/python3.8/site-packages:${PYTHONPATH} /usr/bin/python3 -W ignore:setup.py install is deprecated setup.py develop --editable --build-directory /home/dmsgv1/VAEplusDDPG/build/turtlebot3_drl/build --no-deps symlink_data
[0.855s] Level 1:colcon.colcon_core.shell:create_environment_hook('turtlebot3_drl', 'pythonpath_develop')
[0.856s] INFO:colcon.colcon_core.shell:Creating environment hook '/home/dmsgv1/VAEplusDDPG/build/turtlebot3_drl/share/turtlebot3_drl/hook/pythonpath_develop.ps1'
[0.856s] DEBUG:colcon.colcon_core.event_handler.log_command:Invoked command in '/home/dmsgv1/VAEplusDDPG/build/turtlebot3_drl' returned '0': PYTHONPATH=/home/dmsgv1/VAEplusDDPG/build/turtlebot3_drl/prefix_override:/usr/lib/python3/dist-packages/colcon_core/task/python/colcon_distutils_commands:/home/dmsgv1/VAEplusDDPG/install/turtlebot3_drl/lib/python3.8/site-packages:${PYTHONPATH} /usr/bin/python3 -W ignore:setup.py install is deprecated setup.py develop --editable --build-directory /home/dmsgv1/VAEplusDDPG/build/turtlebot3_drl/build --no-deps symlink_data
[0.857s] INFO:colcon.colcon_core.shell:Creating environment descriptor '/home/dmsgv1/VAEplusDDPG/build/turtlebot3_drl/share/turtlebot3_drl/hook/pythonpath_develop.dsv'
[0.857s] INFO:colcon.colcon_core.shell:Creating environment hook '/home/dmsgv1/VAEplusDDPG/build/turtlebot3_drl/share/turtlebot3_drl/hook/pythonpath_develop.sh'
[0.861s] Level 1:colcon.colcon_core.environment:checking '/home/dmsgv1/VAEplusDDPG/install/turtlebot3_drl' for CMake module files
[0.861s] Level 1:colcon.colcon_core.environment:checking '/home/dmsgv1/VAEplusDDPG/install/turtlebot3_drl' for CMake config files
[0.861s] Level 1:colcon.colcon_core.environment:checking '/home/dmsgv1/VAEplusDDPG/install/turtlebot3_drl/lib'
[0.862s] Level 1:colcon.colcon_core.environment:checking '/home/dmsgv1/VAEplusDDPG/install/turtlebot3_drl/bin'
[0.862s] Level 1:colcon.colcon_core.environment:checking '/home/dmsgv1/VAEplusDDPG/install/turtlebot3_drl/lib/pkgconfig/turtlebot3_drl.pc'
[0.862s] Level 1:colcon.colcon_core.environment:checking '/home/dmsgv1/VAEplusDDPG/install/turtlebot3_drl/lib/python3.8/site-packages'
[0.862s] Level 1:colcon.colcon_core.shell:create_environment_hook('turtlebot3_drl', 'pythonpath')
[0.862s] INFO:colcon.colcon_core.shell:Creating environment hook '/home/dmsgv1/VAEplusDDPG/install/turtlebot3_drl/share/turtlebot3_drl/hook/pythonpath.ps1'
[0.862s] INFO:colcon.colcon_core.shell:Creating environment descriptor '/home/dmsgv1/VAEplusDDPG/install/turtlebot3_drl/share/turtlebot3_drl/hook/pythonpath.dsv'
[0.862s] INFO:colcon.colcon_core.shell:Creating environment hook '/home/dmsgv1/VAEplusDDPG/install/turtlebot3_drl/share/turtlebot3_drl/hook/pythonpath.sh'
[0.863s] Level 1:colcon.colcon_core.environment:checking '/home/dmsgv1/VAEplusDDPG/install/turtlebot3_drl/bin'
[0.863s] Level 1:colcon.colcon_core.environment:create_environment_scripts_only(turtlebot3_drl)
[0.863s] INFO:colcon.colcon_core.shell:Creating package script '/home/dmsgv1/VAEplusDDPG/install/turtlebot3_drl/share/turtlebot3_drl/package.ps1'
[0.864s] INFO:colcon.colcon_core.shell:Creating package descriptor '/home/dmsgv1/VAEplusDDPG/install/turtlebot3_drl/share/turtlebot3_drl/package.dsv'
[0.864s] INFO:colcon.colcon_core.shell:Creating package script '/home/dmsgv1/VAEplusDDPG/install/turtlebot3_drl/share/turtlebot3_drl/package.sh'
[0.865s] INFO:colcon.colcon_core.shell:Creating package script '/home/dmsgv1/VAEplusDDPG/install/turtlebot3_drl/share/turtlebot3_drl/package.bash'
[0.866s] INFO:colcon.colcon_core.shell:Creating package script '/home/dmsgv1/VAEplusDDPG/install/turtlebot3_drl/share/turtlebot3_drl/package.zsh'
[0.866s] Level 1:colcon.colcon_core.environment:create_file_with_runtime_dependencies(/home/dmsgv1/VAEplusDDPG/install/turtlebot3_drl/share/colcon-core/packages/turtlebot3_drl)
[1.923s] DEBUG:colcon.colcon_core.event_handler.log_command:Invoked command in '/home/dmsgv1/VAEplusDDPG/build/turtlebot3_msgs' returned '0': CMAKE_PREFIX_PATH=${CMAKE_PREFIX_PATH}:/home/dmsgv1/turtlebot3_drlnav/install/turtlebot3_drl:/opt/ros/foxy /bin/cmake /home/dmsgv1/VAEplusDDPG/src/turtlebot3_msgs -DAMENT_CMAKE_SYMLINK_INSTALL=1 -DCMAKE_INSTALL_PREFIX=/home/dmsgv1/VAEplusDDPG/install/turtlebot3_msgs
[1.924s] DEBUG:colcon.colcon_core.event_handler.log_command:Invoking command in '/home/dmsgv1/VAEplusDDPG/build/turtlebot3_msgs': CMAKE_PREFIX_PATH=${CMAKE_PREFIX_PATH}:/home/dmsgv1/turtlebot3_drlnav/install/turtlebot3_drl:/opt/ros/foxy /bin/cmake --build /home/dmsgv1/VAEplusDDPG/build/turtlebot3_msgs -- -j28 -l28
[2.371s] DEBUG:colcon.colcon_core.event_handler.log_command:Invoked command in '/home/dmsgv1/VAEplusDDPG/build/turtlebot3_gazebo' returned '0': CMAKE_PREFIX_PATH=${CMAKE_PREFIX_PATH}:/home/dmsgv1/turtlebot3_drlnav/install/turtlebot3_drl:/opt/ros/foxy /bin/cmake /home/dmsgv1/VAEplusDDPG/src/turtlebot3_simulations/turtlebot3_gazebo -DAMENT_CMAKE_SYMLINK_INSTALL=1 -DCMAKE_INSTALL_PREFIX=/home/dmsgv1/VAEplusDDPG/install/turtlebot3_gazebo
[2.372s] DEBUG:colcon.colcon_core.event_handler.log_command:Invoking command in '/home/dmsgv1/VAEplusDDPG/build/turtlebot3_gazebo': CMAKE_PREFIX_PATH=${CMAKE_PREFIX_PATH}:/home/dmsgv1/turtlebot3_drlnav/install/turtlebot3_drl:/opt/ros/foxy /bin/cmake --build /home/dmsgv1/VAEplusDDPG/build/turtlebot3_gazebo -- -j28 -l28
[4.838s] DEBUG:colcon.colcon_core.event_handler.log_command:Invoked command in '/home/dmsgv1/VAEplusDDPG/build/turtlebot3_msgs' returned '0': CMAKE_PREFIX_PATH=${CMAKE_PREFIX_PATH}:/home/dmsgv1/turtlebot3_drlnav/install/turtlebot3_drl:/opt/ros/foxy /bin/cmake --build /home/dmsgv1/VAEplusDDPG/build/turtlebot3_msgs -- -j28 -l28
[4.895s] DEBUG:colcon.colcon_core.event_handler.log_command:Invoking command in '/home/dmsgv1/VAEplusDDPG/build/turtlebot3_msgs': CMAKE_PREFIX_PATH=${CMAKE_PREFIX_PATH}:/home/dmsgv1/turtlebot3_drlnav/install/turtlebot3_drl:/opt/ros/foxy /bin/cmake --install /home/dmsgv1/VAEplusDDPG/build/turtlebot3_msgs
[5.548s] Level 1:colcon.colcon_core.environment:create_environment_scripts_only(turtlebot3_msgs)
[5.548s] Level 1:colcon.colcon_core.environment:checking '/home/dmsgv1/VAEplusDDPG/install/turtlebot3_msgs' for CMake module files
[5.548s] DEBUG:colcon.colcon_core.event_handler.log_command:Invoked command in '/home/dmsgv1/VAEplusDDPG/build/turtlebot3_msgs' returned '0': CMAKE_PREFIX_PATH=${CMAKE_PREFIX_PATH}:/home/dmsgv1/turtlebot3_drlnav/install/turtlebot3_drl:/opt/ros/foxy /bin/cmake --install /home/dmsgv1/VAEplusDDPG/build/turtlebot3_msgs
[5.549s] Level 1:colcon.colcon_core.environment:checking '/home/dmsgv1/VAEplusDDPG/install/turtlebot3_msgs' for CMake config files
[5.549s] Level 1:colcon.colcon_core.shell:create_environment_hook('turtlebot3_msgs', 'cmake_prefix_path')
[5.549s] INFO:colcon.colcon_core.shell:Creating environment hook '/home/dmsgv1/VAEplusDDPG/install/turtlebot3_msgs/share/turtlebot3_msgs/hook/cmake_prefix_path.ps1'
[5.550s] INFO:colcon.colcon_core.shell:Creating environment descriptor '/home/dmsgv1/VAEplusDDPG/install/turtlebot3_msgs/share/turtlebot3_msgs/hook/cmake_prefix_path.dsv'
[5.550s] INFO:colcon.colcon_core.shell:Creating environment hook '/home/dmsgv1/VAEplusDDPG/install/turtlebot3_msgs/share/turtlebot3_msgs/hook/cmake_prefix_path.sh'
[5.550s] Level 1:colcon.colcon_core.environment:checking '/home/dmsgv1/VAEplusDDPG/install/turtlebot3_msgs/lib'
[5.550s] Level 1:colcon.colcon_core.shell:create_environment_hook('turtlebot3_msgs', 'ld_library_path_lib')
[5.550s] INFO:colcon.colcon_core.shell:Creating environment hook '/home/dmsgv1/VAEplusDDPG/install/turtlebot3_msgs/share/turtlebot3_msgs/hook/ld_library_path_lib.ps1'
[5.550s] INFO:colcon.colcon_core.shell:Creating environment descriptor '/home/dmsgv1/VAEplusDDPG/install/turtlebot3_msgs/share/turtlebot3_msgs/hook/ld_library_path_lib.dsv'
[5.551s] INFO:colcon.colcon_core.shell:Creating environment hook '/home/dmsgv1/VAEplusDDPG/install/turtlebot3_msgs/share/turtlebot3_msgs/hook/ld_library_path_lib.sh'
[5.551s] Level 1:colcon.colcon_core.environment:checking '/home/dmsgv1/VAEplusDDPG/install/turtlebot3_msgs/bin'
[5.551s] Level 1:colcon.colcon_core.environment:checking '/home/dmsgv1/VAEplusDDPG/install/turtlebot3_msgs/lib/pkgconfig/turtlebot3_msgs.pc'
[5.551s] Level 1:colcon.colcon_core.environment:checking '/home/dmsgv1/VAEplusDDPG/install/turtlebot3_msgs/lib/python3.8/site-packages'
[5.551s] Level 1:colcon.colcon_core.shell:create_environment_hook('turtlebot3_msgs', 'pythonpath')
[5.551s] INFO:colcon.colcon_core.shell:Creating environment hook '/home/dmsgv1/VAEplusDDPG/install/turtlebot3_msgs/share/turtlebot3_msgs/hook/pythonpath.ps1'
[5.551s] INFO:colcon.colcon_core.shell:Creating environment descriptor '/home/dmsgv1/VAEplusDDPG/install/turtlebot3_msgs/share/turtlebot3_msgs/hook/pythonpath.dsv'
[5.551s] INFO:colcon.colcon_core.shell:Creating environment hook '/home/dmsgv1/VAEplusDDPG/install/turtlebot3_msgs/share/turtlebot3_msgs/hook/pythonpath.sh'
[5.551s] Level 1:colcon.colcon_core.environment:checking '/home/dmsgv1/VAEplusDDPG/install/turtlebot3_msgs/bin'
[5.552s] INFO:colcon.colcon_core.shell:Creating package script '/home/dmsgv1/VAEplusDDPG/install/turtlebot3_msgs/share/turtlebot3_msgs/package.ps1'
[5.552s] INFO:colcon.colcon_core.shell:Creating package descriptor '/home/dmsgv1/VAEplusDDPG/install/turtlebot3_msgs/share/turtlebot3_msgs/package.dsv'
[5.552s] INFO:colcon.colcon_core.shell:Creating package script '/home/dmsgv1/VAEplusDDPG/install/turtlebot3_msgs/share/turtlebot3_msgs/package.sh'
[5.552s] INFO:colcon.colcon_core.shell:Creating package script '/home/dmsgv1/VAEplusDDPG/install/turtlebot3_msgs/share/turtlebot3_msgs/package.bash'
[5.552s] INFO:colcon.colcon_core.shell:Creating package script '/home/dmsgv1/VAEplusDDPG/install/turtlebot3_msgs/share/turtlebot3_msgs/package.zsh'
[5.552s] Level 1:colcon.colcon_core.environment:create_file_with_runtime_dependencies(/home/dmsgv1/VAEplusDDPG/install/turtlebot3_msgs/share/colcon-core/packages/turtlebot3_msgs)
[5.606s] Level 1:colcon.colcon_core.environment:create_environment_scripts_only(turtlebot3_msgs)
[5.606s] Level 1:colcon.colcon_core.environment:checking '/home/dmsgv1/VAEplusDDPG/install/turtlebot3_msgs' for CMake module files
[5.606s] Level 1:colcon.colcon_core.environment:checking '/home/dmsgv1/VAEplusDDPG/install/turtlebot3_msgs' for CMake config files
[5.607s] Level 1:colcon.colcon_core.shell:create_environment_hook('turtlebot3_msgs', 'cmake_prefix_path')
[5.607s] INFO:colcon.colcon_core.shell:Creating environment hook '/home/dmsgv1/VAEplusDDPG/install/turtlebot3_msgs/share/turtlebot3_msgs/hook/cmake_prefix_path.ps1'
[5.608s] INFO:colcon.colcon_core.shell:Creating environment descriptor '/home/dmsgv1/VAEplusDDPG/install/turtlebot3_msgs/share/turtlebot3_msgs/hook/cmake_prefix_path.dsv'
[5.608s] INFO:colcon.colcon_core.shell:Creating environment hook '/home/dmsgv1/VAEplusDDPG/install/turtlebot3_msgs/share/turtlebot3_msgs/hook/cmake_prefix_path.sh'
[5.608s] Level 1:colcon.colcon_core.environment:checking '/home/dmsgv1/VAEplusDDPG/install/turtlebot3_msgs/lib'
[5.608s] Level 1:colcon.colcon_core.shell:create_environment_hook('turtlebot3_msgs', 'ld_library_path_lib')
[5.608s] INFO:colcon.colcon_core.shell:Creating environment hook '/home/dmsgv1/VAEplusDDPG/install/turtlebot3_msgs/share/turtlebot3_msgs/hook/ld_library_path_lib.ps1'
[5.608s] INFO:colcon.colcon_core.shell:Creating environment descriptor '/home/dmsgv1/VAEplusDDPG/install/turtlebot3_msgs/share/turtlebot3_msgs/hook/ld_library_path_lib.dsv'
[5.608s] INFO:colcon.colcon_core.shell:Creating environment hook '/home/dmsgv1/VAEplusDDPG/install/turtlebot3_msgs/share/turtlebot3_msgs/hook/ld_library_path_lib.sh'
[5.609s] Level 1:colcon.colcon_core.environment:checking '/home/dmsgv1/VAEplusDDPG/install/turtlebot3_msgs/bin'
[5.609s] Level 1:colcon.colcon_core.environment:checking '/home/dmsgv1/VAEplusDDPG/install/turtlebot3_msgs/lib/pkgconfig/turtlebot3_msgs.pc'
[5.609s] Level 1:colcon.colcon_core.environment:checking '/home/dmsgv1/VAEplusDDPG/install/turtlebot3_msgs/lib/python3.8/site-packages'
[5.609s] Level 1:colcon.colcon_core.shell:create_environment_hook('turtlebot3_msgs', 'pythonpath')
[5.609s] INFO:colcon.colcon_core.shell:Creating environment hook '/home/dmsgv1/VAEplusDDPG/install/turtlebot3_msgs/share/turtlebot3_msgs/hook/pythonpath.ps1'
[5.609s] INFO:colcon.colcon_core.shell:Creating environment descriptor '/home/dmsgv1/VAEplusDDPG/install/turtlebot3_msgs/share/turtlebot3_msgs/hook/pythonpath.dsv'
[5.609s] INFO:colcon.colcon_core.shell:Creating environment hook '/home/dmsgv1/VAEplusDDPG/install/turtlebot3_msgs/share/turtlebot3_msgs/hook/pythonpath.sh'
[5.609s] Level 1:colcon.colcon_core.environment:checking '/home/dmsgv1/VAEplusDDPG/install/turtlebot3_msgs/bin'
[5.609s] INFO:colcon.colcon_core.shell:Creating package script '/home/dmsgv1/VAEplusDDPG/install/turtlebot3_msgs/share/turtlebot3_msgs/package.ps1'
[5.610s] INFO:colcon.colcon_core.shell:Creating package descriptor '/home/dmsgv1/VAEplusDDPG/install/turtlebot3_msgs/share/turtlebot3_msgs/package.dsv'
[5.610s] INFO:colcon.colcon_core.shell:Creating package script '/home/dmsgv1/VAEplusDDPG/install/turtlebot3_msgs/share/turtlebot3_msgs/package.sh'
[5.610s] INFO:colcon.colcon_core.shell:Creating package script '/home/dmsgv1/VAEplusDDPG/install/turtlebot3_msgs/share/turtlebot3_msgs/package.bash'
[5.610s] INFO:colcon.colcon_core.shell:Creating package script '/home/dmsgv1/VAEplusDDPG/install/turtlebot3_msgs/share/turtlebot3_msgs/package.zsh'
[5.610s] Level 1:colcon.colcon_core.environment:create_file_with_runtime_dependencies(/home/dmsgv1/VAEplusDDPG/install/turtlebot3_msgs/share/colcon-core/packages/turtlebot3_msgs)
[5.611s] INFO:colcon.colcon_ros.task.ament_cmake.build:Building ROS package in '/home/dmsgv1/VAEplusDDPG/src/turtlebot3_simulations/turtlebot3_fake_node' with build type 'ament_cmake'
[5.611s] INFO:colcon.colcon_cmake.task.cmake.build:Building CMake package in '/home/dmsgv1/VAEplusDDPG/src/turtlebot3_simulations/turtlebot3_fake_node'
[5.611s] INFO:colcon.colcon_core.shell:Skip shell extension 'powershell' for command environment: Not usable outside of PowerShell
[5.611s] DEBUG:colcon.colcon_core.shell:Skip shell extension 'dsv' for command environment
[5.617s] DEBUG:colcon.colcon_core.event_handler.log_command:Invoking command in '/home/dmsgv1/VAEplusDDPG/build/turtlebot3_fake_node': AMENT_PREFIX_PATH=/home/dmsgv1/VAEplusDDPG/install/turtlebot3_msgs:${AMENT_PREFIX_PATH} CMAKE_PREFIX_PATH=/home/dmsgv1/VAEplusDDPG/install/turtlebot3_msgs:/home/dmsgv1/turtlebot3_drlnav/install/turtlebot3_simulations:/home/dmsgv1/turtlebot3_drlnav/install/turtlebot3_fake_node:/home/dmsgv1/turtlebot3_drlnav/install/turtlebot3_msgs:/home/dmsgv1/turtlebot3_drlnav/install/turtlebot3_gazebo:/home/dmsgv1/turtlebot3_drlnav/install/turtlebot3_drl:/opt/ros/foxy LD_LIBRARY_PATH=/home/dmsgv1/VAEplusDDPG/install/turtlebot3_msgs/lib:${LD_LIBRARY_PATH} PYTHONPATH=/home/dmsgv1/VAEplusDDPG/install/turtlebot3_msgs/lib/python3.8/site-packages:${PYTHONPATH} /bin/cmake /home/dmsgv1/VAEplusDDPG/src/turtlebot3_simulations/turtlebot3_fake_node -DAMENT_CMAKE_SYMLINK_INSTALL=1 -DCMAKE_INSTALL_PREFIX=/home/dmsgv1/VAEplusDDPG/install/turtlebot3_fake_node
[6.520s] DEBUG:colcon.colcon_core.event_handler.log_command:Invoked command in '/home/dmsgv1/VAEplusDDPG/build/turtlebot3_fake_node' returned '0': AMENT_PREFIX_PATH=/home/dmsgv1/VAEplusDDPG/install/turtlebot3_msgs:${AMENT_PREFIX_PATH} CMAKE_PREFIX_PATH=/home/dmsgv1/VAEplusDDPG/install/turtlebot3_msgs:/home/dmsgv1/turtlebot3_drlnav/install/turtlebot3_simulations:/home/dmsgv1/turtlebot3_drlnav/install/turtlebot3_fake_node:/home/dmsgv1/turtlebot3_drlnav/install/turtlebot3_msgs:/home/dmsgv1/turtlebot3_drlnav/install/turtlebot3_gazebo:/home/dmsgv1/turtlebot3_drlnav/install/turtlebot3_drl:/opt/ros/foxy LD_LIBRARY_PATH=/home/dmsgv1/VAEplusDDPG/install/turtlebot3_msgs/lib:${LD_LIBRARY_PATH} PYTHONPATH=/home/dmsgv1/VAEplusDDPG/install/turtlebot3_msgs/lib/python3.8/site-packages:${PYTHONPATH} /bin/cmake /home/dmsgv1/VAEplusDDPG/src/turtlebot3_simulations/turtlebot3_fake_node -DAMENT_CMAKE_SYMLINK_INSTALL=1 -DCMAKE_INSTALL_PREFIX=/home/dmsgv1/VAEplusDDPG/install/turtlebot3_fake_node
[6.521s] DEBUG:colcon.colcon_core.event_handler.log_command:Invoking command in '/home/dmsgv1/VAEplusDDPG/build/turtlebot3_fake_node': AMENT_PREFIX_PATH=/home/dmsgv1/VAEplusDDPG/install/turtlebot3_msgs:${AMENT_PREFIX_PATH} CMAKE_PREFIX_PATH=/home/dmsgv1/VAEplusDDPG/install/turtlebot3_msgs:/home/dmsgv1/turtlebot3_drlnav/install/turtlebot3_simulations:/home/dmsgv1/turtlebot3_drlnav/install/turtlebot3_fake_node:/home/dmsgv1/turtlebot3_drlnav/install/turtlebot3_msgs:/home/dmsgv1/turtlebot3_drlnav/install/turtlebot3_gazebo:/home/dmsgv1/turtlebot3_drlnav/install/turtlebot3_drl:/opt/ros/foxy LD_LIBRARY_PATH=/home/dmsgv1/VAEplusDDPG/install/turtlebot3_msgs/lib:${LD_LIBRARY_PATH} PYTHONPATH=/home/dmsgv1/VAEplusDDPG/install/turtlebot3_msgs/lib/python3.8/site-packages:${PYTHONPATH} /bin/cmake --build /home/dmsgv1/VAEplusDDPG/build/turtlebot3_fake_node -- -j28 -l28
[7.335s] DEBUG:colcon.colcon_core.event_handler.log_command:Invoked command in '/home/dmsgv1/VAEplusDDPG/build/turtlebot3_gazebo' returned '0': CMAKE_PREFIX_PATH=${CMAKE_PREFIX_PATH}:/home/dmsgv1/turtlebot3_drlnav/install/turtlebot3_drl:/opt/ros/foxy /bin/cmake --build /home/dmsgv1/VAEplusDDPG/build/turtlebot3_gazebo -- -j28 -l28
[7.346s] DEBUG:colcon.colcon_core.event_handler.log_command:Invoking command in '/home/dmsgv1/VAEplusDDPG/build/turtlebot3_gazebo': CMAKE_PREFIX_PATH=${CMAKE_PREFIX_PATH}:/home/dmsgv1/turtlebot3_drlnav/install/turtlebot3_drl:/opt/ros/foxy /bin/cmake --install /home/dmsgv1/VAEplusDDPG/build/turtlebot3_gazebo
[8.373s] Level 1:colcon.colcon_core.environment:create_environment_scripts_only(turtlebot3_gazebo)
[8.373s] Level 1:colcon.colcon_core.environment:checking '/home/dmsgv1/VAEplusDDPG/install/turtlebot3_gazebo' for CMake module files
[8.373s] DEBUG:colcon.colcon_core.event_handler.log_command:Invoked command in '/home/dmsgv1/VAEplusDDPG/build/turtlebot3_gazebo' returned '0': CMAKE_PREFIX_PATH=${CMAKE_PREFIX_PATH}:/home/dmsgv1/turtlebot3_drlnav/install/turtlebot3_drl:/opt/ros/foxy /bin/cmake --install /home/dmsgv1/VAEplusDDPG/build/turtlebot3_gazebo
[8.374s] Level 1:colcon.colcon_core.environment:checking '/home/dmsgv1/VAEplusDDPG/install/turtlebot3_gazebo' for CMake config files
[8.374s] Level 1:colcon.colcon_core.shell:create_environment_hook('turtlebot3_gazebo', 'cmake_prefix_path')
[8.374s] INFO:colcon.colcon_core.shell:Creating environment hook '/home/dmsgv1/VAEplusDDPG/install/turtlebot3_gazebo/share/turtlebot3_gazebo/hook/cmake_prefix_path.ps1'
[8.374s] INFO:colcon.colcon_core.shell:Creating environment descriptor '/home/dmsgv1/VAEplusDDPG/install/turtlebot3_gazebo/share/turtlebot3_gazebo/hook/cmake_prefix_path.dsv'
[8.375s] INFO:colcon.colcon_core.shell:Creating environment hook '/home/dmsgv1/VAEplusDDPG/install/turtlebot3_gazebo/share/turtlebot3_gazebo/hook/cmake_prefix_path.sh'
[8.375s] Level 1:colcon.colcon_core.environment:checking '/home/dmsgv1/VAEplusDDPG/install/turtlebot3_gazebo/lib'
[8.375s] Level 1:colcon.colcon_core.environment:checking '/home/dmsgv1/VAEplusDDPG/install/turtlebot3_gazebo/bin'
[8.375s] Level 1:colcon.colcon_core.environment:checking '/home/dmsgv1/VAEplusDDPG/install/turtlebot3_gazebo/lib/pkgconfig/turtlebot3_gazebo.pc'
[8.375s] Level 1:colcon.colcon_core.environment:checking '/home/dmsgv1/VAEplusDDPG/install/turtlebot3_gazebo/lib/python3.8/site-packages'
[8.375s] Level 1:colcon.colcon_core.environment:checking '/home/dmsgv1/VAEplusDDPG/install/turtlebot3_gazebo/bin'
[8.375s] INFO:colcon.colcon_core.shell:Creating package script '/home/dmsgv1/VAEplusDDPG/install/turtlebot3_gazebo/share/turtlebot3_gazebo/package.ps1'
[8.375s] INFO:colcon.colcon_core.shell:Creating package descriptor '/home/dmsgv1/VAEplusDDPG/install/turtlebot3_gazebo/share/turtlebot3_gazebo/package.dsv'
[8.375s] INFO:colcon.colcon_core.shell:Creating package script '/home/dmsgv1/VAEplusDDPG/install/turtlebot3_gazebo/share/turtlebot3_gazebo/package.sh'
[8.376s] INFO:colcon.colcon_core.shell:Creating package script '/home/dmsgv1/VAEplusDDPG/install/turtlebot3_gazebo/share/turtlebot3_gazebo/package.bash'
[8.376s] INFO:colcon.colcon_core.shell:Creating package script '/home/dmsgv1/VAEplusDDPG/install/turtlebot3_gazebo/share/turtlebot3_gazebo/package.zsh'
[8.376s] Level 1:colcon.colcon_core.environment:create_file_with_runtime_dependencies(/home/dmsgv1/VAEplusDDPG/install/turtlebot3_gazebo/share/colcon-core/packages/turtlebot3_gazebo)
[8.388s] Level 1:colcon.colcon_core.environment:create_environment_scripts_only(turtlebot3_gazebo)
[8.388s] Level 1:colcon.colcon_core.environment:checking '/home/dmsgv1/VAEplusDDPG/install/turtlebot3_gazebo' for CMake module files
[8.389s] Level 1:colcon.colcon_core.environment:checking '/home/dmsgv1/VAEplusDDPG/install/turtlebot3_gazebo' for CMake config files
[8.389s] Level 1:colcon.colcon_core.shell:create_environment_hook('turtlebot3_gazebo', 'cmake_prefix_path')
[8.389s] INFO:colcon.colcon_core.shell:Creating environment hook '/home/dmsgv1/VAEplusDDPG/install/turtlebot3_gazebo/share/turtlebot3_gazebo/hook/cmake_prefix_path.ps1'
[8.586s] INFO:colcon.colcon_core.shell:Creating environment descriptor '/home/dmsgv1/VAEplusDDPG/install/turtlebot3_gazebo/share/turtlebot3_gazebo/hook/cmake_prefix_path.dsv'
[8.586s] INFO:colcon.colcon_core.shell:Creating environment hook '/home/dmsgv1/VAEplusDDPG/install/turtlebot3_gazebo/share/turtlebot3_gazebo/hook/cmake_prefix_path.sh'
[8.587s] Level 1:colcon.colcon_core.environment:checking '/home/dmsgv1/VAEplusDDPG/install/turtlebot3_gazebo/lib'
[8.587s] Level 1:colcon.colcon_core.environment:checking '/home/dmsgv1/VAEplusDDPG/install/turtlebot3_gazebo/bin'
[8.587s] Level 1:colcon.colcon_core.environment:checking '/home/dmsgv1/VAEplusDDPG/install/turtlebot3_gazebo/lib/pkgconfig/turtlebot3_gazebo.pc'
[8.587s] Level 1:colcon.colcon_core.environment:checking '/home/dmsgv1/VAEplusDDPG/install/turtlebot3_gazebo/lib/python3.8/site-packages'
[8.587s] Level 1:colcon.colcon_core.environment:checking '/home/dmsgv1/VAEplusDDPG/install/turtlebot3_gazebo/bin'
[8.587s] INFO:colcon.colcon_core.shell:Creating package script '/home/dmsgv1/VAEplusDDPG/install/turtlebot3_gazebo/share/turtlebot3_gazebo/package.ps1'
[8.587s] INFO:colcon.colcon_core.shell:Creating package descriptor '/home/dmsgv1/VAEplusDDPG/install/turtlebot3_gazebo/share/turtlebot3_gazebo/package.dsv'
[8.588s] INFO:colcon.colcon_core.shell:Creating package script '/home/dmsgv1/VAEplusDDPG/install/turtlebot3_gazebo/share/turtlebot3_gazebo/package.sh'
[8.588s] INFO:colcon.colcon_core.shell:Creating package script '/home/dmsgv1/VAEplusDDPG/install/turtlebot3_gazebo/share/turtlebot3_gazebo/package.bash'
[8.588s] INFO:colcon.colcon_core.shell:Creating package script '/home/dmsgv1/VAEplusDDPG/install/turtlebot3_gazebo/share/turtlebot3_gazebo/package.zsh'
[8.588s] Level 1:colcon.colcon_core.environment:create_file_with_runtime_dependencies(/home/dmsgv1/VAEplusDDPG/install/turtlebot3_gazebo/share/colcon-core/packages/turtlebot3_gazebo)
[9.290s] DEBUG:colcon.colcon_core.event_handler.log_command:Invoked command in '/home/dmsgv1/VAEplusDDPG/build/turtlebot3_fake_node' returned '0': AMENT_PREFIX_PATH=/home/dmsgv1/VAEplusDDPG/install/turtlebot3_msgs:${AMENT_PREFIX_PATH} CMAKE_PREFIX_PATH=/home/dmsgv1/VAEplusDDPG/install/turtlebot3_msgs:/home/dmsgv1/turtlebot3_drlnav/install/turtlebot3_simulations:/home/dmsgv1/turtlebot3_drlnav/install/turtlebot3_fake_node:/home/dmsgv1/turtlebot3_drlnav/install/turtlebot3_msgs:/home/dmsgv1/turtlebot3_drlnav/install/turtlebot3_gazebo:/home/dmsgv1/turtlebot3_drlnav/install/turtlebot3_drl:/opt/ros/foxy LD_LIBRARY_PATH=/home/dmsgv1/VAEplusDDPG/install/turtlebot3_msgs/lib:${LD_LIBRARY_PATH} PYTHONPATH=/home/dmsgv1/VAEplusDDPG/install/turtlebot3_msgs/lib/python3.8/site-packages:${PYTHONPATH} /bin/cmake --build /home/dmsgv1/VAEplusDDPG/build/turtlebot3_fake_node -- -j28 -l28
[9.301s] DEBUG:colcon.colcon_core.event_handler.log_command:Invoking command in '/home/dmsgv1/VAEplusDDPG/build/turtlebot3_fake_node': AMENT_PREFIX_PATH=/home/dmsgv1/VAEplusDDPG/install/turtlebot3_msgs:${AMENT_PREFIX_PATH} CMAKE_PREFIX_PATH=/home/dmsgv1/VAEplusDDPG/install/turtlebot3_msgs:/home/dmsgv1/turtlebot3_drlnav/install/turtlebot3_simulations:/home/dmsgv1/turtlebot3_drlnav/install/turtlebot3_fake_node:/home/dmsgv1/turtlebot3_drlnav/install/turtlebot3_msgs:/home/dmsgv1/turtlebot3_drlnav/install/turtlebot3_gazebo:/home/dmsgv1/turtlebot3_drlnav/install/turtlebot3_drl:/opt/ros/foxy LD_LIBRARY_PATH=/home/dmsgv1/VAEplusDDPG/install/turtlebot3_msgs/lib:${LD_LIBRARY_PATH} PYTHONPATH=/home/dmsgv1/VAEplusDDPG/install/turtlebot3_msgs/lib/python3.8/site-packages:${PYTHONPATH} /bin/cmake --install /home/dmsgv1/VAEplusDDPG/build/turtlebot3_fake_node
[9.410s] Level 1:colcon.colcon_core.environment:create_environment_scripts_only(turtlebot3_fake_node)
[9.410s] Level 1:colcon.colcon_core.environment:checking '/home/dmsgv1/VAEplusDDPG/install/turtlebot3_fake_node' for CMake module files
[9.411s] DEBUG:colcon.colcon_core.event_handler.log_command:Invoked command in '/home/dmsgv1/VAEplusDDPG/build/turtlebot3_fake_node' returned '0': AMENT_PREFIX_PATH=/home/dmsgv1/VAEplusDDPG/install/turtlebot3_msgs:${AMENT_PREFIX_PATH} CMAKE_PREFIX_PATH=/home/dmsgv1/VAEplusDDPG/install/turtlebot3_msgs:/home/dmsgv1/turtlebot3_drlnav/install/turtlebot3_simulations:/home/dmsgv1/turtlebot3_drlnav/install/turtlebot3_fake_node:/home/dmsgv1/turtlebot3_drlnav/install/turtlebot3_msgs:/home/dmsgv1/turtlebot3_drlnav/install/turtlebot3_gazebo:/home/dmsgv1/turtlebot3_drlnav/install/turtlebot3_drl:/opt/ros/foxy LD_LIBRARY_PATH=/home/dmsgv1/VAEplusDDPG/install/turtlebot3_msgs/lib:${LD_LIBRARY_PATH} PYTHONPATH=/home/dmsgv1/VAEplusDDPG/install/turtlebot3_msgs/lib/python3.8/site-packages:${PYTHONPATH} /bin/cmake --install /home/dmsgv1/VAEplusDDPG/build/turtlebot3_fake_node
[9.411s] Level 1:colcon.colcon_core.environment:checking '/home/dmsgv1/VAEplusDDPG/install/turtlebot3_fake_node' for CMake config files
[9.411s] Level 1:colcon.colcon_core.shell:create_environment_hook('turtlebot3_fake_node', 'cmake_prefix_path')
[9.411s] INFO:colcon.colcon_core.shell:Creating environment hook '/home/dmsgv1/VAEplusDDPG/install/turtlebot3_fake_node/share/turtlebot3_fake_node/hook/cmake_prefix_path.ps1'
[9.411s] INFO:colcon.colcon_core.shell:Creating environment descriptor '/home/dmsgv1/VAEplusDDPG/install/turtlebot3_fake_node/share/turtlebot3_fake_node/hook/cmake_prefix_path.dsv'
[9.411s] INFO:colcon.colcon_core.shell:Creating environment hook '/home/dmsgv1/VAEplusDDPG/install/turtlebot3_fake_node/share/turtlebot3_fake_node/hook/cmake_prefix_path.sh'
[9.412s] Level 1:colcon.colcon_core.environment:checking '/home/dmsgv1/VAEplusDDPG/install/turtlebot3_fake_node/lib'
[9.412s] Level 1:colcon.colcon_core.environment:checking '/home/dmsgv1/VAEplusDDPG/install/turtlebot3_fake_node/bin'
[9.412s] Level 1:colcon.colcon_core.environment:checking '/home/dmsgv1/VAEplusDDPG/install/turtlebot3_fake_node/lib/pkgconfig/turtlebot3_fake_node.pc'
[9.412s] Level 1:colcon.colcon_core.environment:checking '/home/dmsgv1/VAEplusDDPG/install/turtlebot3_fake_node/lib/python3.8/site-packages'
[9.412s] Level 1:colcon.colcon_core.environment:checking '/home/dmsgv1/VAEplusDDPG/install/turtlebot3_fake_node/bin'
[9.412s] INFO:colcon.colcon_core.shell:Creating package script '/home/dmsgv1/VAEplusDDPG/install/turtlebot3_fake_node/share/turtlebot3_fake_node/package.ps1'
[9.412s] INFO:colcon.colcon_core.shell:Creating package descriptor '/home/dmsgv1/VAEplusDDPG/install/turtlebot3_fake_node/share/turtlebot3_fake_node/package.dsv'
[9.412s] INFO:colcon.colcon_core.shell:Creating package script '/home/dmsgv1/VAEplusDDPG/install/turtlebot3_fake_node/share/turtlebot3_fake_node/package.sh'
[9.412s] INFO:colcon.colcon_core.shell:Creating package script '/home/dmsgv1/VAEplusDDPG/install/turtlebot3_fake_node/share/turtlebot3_fake_node/package.bash'
[9.412s] INFO:colcon.colcon_core.shell:Creating package script '/home/dmsgv1/VAEplusDDPG/install/turtlebot3_fake_node/share/turtlebot3_fake_node/package.zsh'
[9.413s] Level 1:colcon.colcon_core.environment:create_file_with_runtime_dependencies(/home/dmsgv1/VAEplusDDPG/install/turtlebot3_fake_node/share/colcon-core/packages/turtlebot3_fake_node)
[9.422s] Level 1:colcon.colcon_core.environment:create_environment_scripts_only(turtlebot3_fake_node)
[9.422s] Level 1:colcon.colcon_core.environment:checking '/home/dmsgv1/VAEplusDDPG/install/turtlebot3_fake_node' for CMake module files
[9.422s] Level 1:colcon.colcon_core.environment:checking '/home/dmsgv1/VAEplusDDPG/install/turtlebot3_fake_node' for CMake config files
[9.422s] Level 1:colcon.colcon_core.shell:create_environment_hook('turtlebot3_fake_node', 'cmake_prefix_path')
[9.422s] INFO:colcon.colcon_core.shell:Creating environment hook '/home/dmsgv1/VAEplusDDPG/install/turtlebot3_fake_node/share/turtlebot3_fake_node/hook/cmake_prefix_path.ps1'
[9.423s] INFO:colcon.colcon_core.shell:Creating environment descriptor '/home/dmsgv1/VAEplusDDPG/install/turtlebot3_fake_node/share/turtlebot3_fake_node/hook/cmake_prefix_path.dsv'
[9.423s] INFO:colcon.colcon_core.shell:Creating environment hook '/home/dmsgv1/VAEplusDDPG/install/turtlebot3_fake_node/share/turtlebot3_fake_node/hook/cmake_prefix_path.sh'
[9.423s] Level 1:colcon.colcon_core.environment:checking '/home/dmsgv1/VAEplusDDPG/install/turtlebot3_fake_node/lib'
[9.423s] Level 1:colcon.colcon_core.environment:checking '/home/dmsgv1/VAEplusDDPG/install/turtlebot3_fake_node/bin'
[9.423s] Level 1:colcon.colcon_core.environment:checking '/home/dmsgv1/VAEplusDDPG/install/turtlebot3_fake_node/lib/pkgconfig/turtlebot3_fake_node.pc'
[9.423s] Level 1:colcon.colcon_core.environment:checking '/home/dmsgv1/VAEplusDDPG/install/turtlebot3_fake_node/lib/python3.8/site-packages'
[9.423s] Level 1:colcon.colcon_core.environment:checking '/home/dmsgv1/VAEplusDDPG/install/turtlebot3_fake_node/bin'
[9.423s] INFO:colcon.colcon_core.shell:Creating package script '/home/dmsgv1/VAEplusDDPG/install/turtlebot3_fake_node/share/turtlebot3_fake_node/package.ps1'
[9.424s] INFO:colcon.colcon_core.shell:Creating package descriptor '/home/dmsgv1/VAEplusDDPG/install/turtlebot3_fake_node/share/turtlebot3_fake_node/package.dsv'
[9.424s] INFO:colcon.colcon_core.shell:Creating package script '/home/dmsgv1/VAEplusDDPG/install/turtlebot3_fake_node/share/turtlebot3_fake_node/package.sh'
[9.424s] INFO:colcon.colcon_core.shell:Creating package script '/home/dmsgv1/VAEplusDDPG/install/turtlebot3_fake_node/share/turtlebot3_fake_node/package.bash'
[9.424s] INFO:colcon.colcon_core.shell:Creating package script '/home/dmsgv1/VAEplusDDPG/install/turtlebot3_fake_node/share/turtlebot3_fake_node/package.zsh'
[9.424s] Level 1:colcon.colcon_core.environment:create_file_with_runtime_dependencies(/home/dmsgv1/VAEplusDDPG/install/turtlebot3_fake_node/share/colcon-core/packages/turtlebot3_fake_node)
[9.424s] INFO:colcon.colcon_ros.task.ament_cmake.build:Building ROS package in '/home/dmsgv1/VAEplusDDPG/src/turtlebot3_simulations/turtlebot3_simulations' with build type 'ament_cmake'
[9.424s] INFO:colcon.colcon_cmake.task.cmake.build:Building CMake package in '/home/dmsgv1/VAEplusDDPG/src/turtlebot3_simulations/turtlebot3_simulations'
[9.425s] INFO:colcon.colcon_core.shell:Skip shell extension 'powershell' for command environment: Not usable outside of PowerShell
[9.425s] DEBUG:colcon.colcon_core.shell:Skip shell extension 'dsv' for command environment
[9.432s] DEBUG:colcon.colcon_core.event_handler.log_command:Invoking command in '/home/dmsgv1/VAEplusDDPG/build/turtlebot3_simulations': AMENT_PREFIX_PATH=/home/dmsgv1/VAEplusDDPG/install/turtlebot3_fake_node:/home/dmsgv1/VAEplusDDPG/install/turtlebot3_msgs:/home/dmsgv1/VAEplusDDPG/install/turtlebot3_gazebo:${AMENT_PREFIX_PATH} CMAKE_PREFIX_PATH=/home/dmsgv1/VAEplusDDPG/install/turtlebot3_fake_node:/home/dmsgv1/VAEplusDDPG/install/turtlebot3_msgs:/home/dmsgv1/VAEplusDDPG/install/turtlebot3_gazebo:/home/dmsgv1/turtlebot3_drlnav/install/turtlebot3_simulations:/home/dmsgv1/turtlebot3_drlnav/install/turtlebot3_fake_node:/home/dmsgv1/turtlebot3_drlnav/install/turtlebot3_msgs:/home/dmsgv1/turtlebot3_drlnav/install/turtlebot3_gazebo:/home/dmsgv1/turtlebot3_drlnav/install/turtlebot3_drl:/opt/ros/foxy LD_LIBRARY_PATH=/home/dmsgv1/VAEplusDDPG/install/turtlebot3_msgs/lib:${LD_LIBRARY_PATH} PYTHONPATH=/home/dmsgv1/VAEplusDDPG/install/turtlebot3_msgs/lib/python3.8/site-packages:${PYTHONPATH} /bin/cmake /home/dmsgv1/VAEplusDDPG/src/turtlebot3_simulations/turtlebot3_simulations -DAMENT_CMAKE_SYMLINK_INSTALL=1 -DCMAKE_INSTALL_PREFIX=/home/dmsgv1/VAEplusDDPG/install/turtlebot3_simulations
[9.980s] DEBUG:colcon.colcon_core.event_handler.log_command:Invoked command in '/home/dmsgv1/VAEplusDDPG/build/turtlebot3_simulations' returned '0': AMENT_PREFIX_PATH=/home/dmsgv1/VAEplusDDPG/install/turtlebot3_fake_node:/home/dmsgv1/VAEplusDDPG/install/turtlebot3_msgs:/home/dmsgv1/VAEplusDDPG/install/turtlebot3_gazebo:${AMENT_PREFIX_PATH} CMAKE_PREFIX_PATH=/home/dmsgv1/VAEplusDDPG/install/turtlebot3_fake_node:/home/dmsgv1/VAEplusDDPG/install/turtlebot3_msgs:/home/dmsgv1/VAEplusDDPG/install/turtlebot3_gazebo:/home/dmsgv1/turtlebot3_drlnav/install/turtlebot3_simulations:/home/dmsgv1/turtlebot3_drlnav/install/turtlebot3_fake_node:/home/dmsgv1/turtlebot3_drlnav/install/turtlebot3_msgs:/home/dmsgv1/turtlebot3_drlnav/install/turtlebot3_gazebo:/home/dmsgv1/turtlebot3_drlnav/install/turtlebot3_drl:/opt/ros/foxy LD_LIBRARY_PATH=/home/dmsgv1/VAEplusDDPG/install/turtlebot3_msgs/lib:${LD_LIBRARY_PATH} PYTHONPATH=/home/dmsgv1/VAEplusDDPG/install/turtlebot3_msgs/lib/python3.8/site-packages:${PYTHONPATH} /bin/cmake /home/dmsgv1/VAEplusDDPG/src/turtlebot3_simulations/turtlebot3_simulations -DAMENT_CMAKE_SYMLINK_INSTALL=1 -DCMAKE_INSTALL_PREFIX=/home/dmsgv1/VAEplusDDPG/install/turtlebot3_simulations
[9.980s] DEBUG:colcon.colcon_core.event_handler.log_command:Invoking command in '/home/dmsgv1/VAEplusDDPG/build/turtlebot3_simulations': AMENT_PREFIX_PATH=/home/dmsgv1/VAEplusDDPG/install/turtlebot3_fake_node:/home/dmsgv1/VAEplusDDPG/install/turtlebot3_msgs:/home/dmsgv1/VAEplusDDPG/install/turtlebot3_gazebo:${AMENT_PREFIX_PATH} CMAKE_PREFIX_PATH=/home/dmsgv1/VAEplusDDPG/install/turtlebot3_fake_node:/home/dmsgv1/VAEplusDDPG/install/turtlebot3_msgs:/home/dmsgv1/VAEplusDDPG/install/turtlebot3_gazebo:/home/dmsgv1/turtlebot3_drlnav/install/turtlebot3_simulations:/home/dmsgv1/turtlebot3_drlnav/install/turtlebot3_fake_node:/home/dmsgv1/turtlebot3_drlnav/install/turtlebot3_msgs:/home/dmsgv1/turtlebot3_drlnav/install/turtlebot3_gazebo:/home/dmsgv1/turtlebot3_drlnav/install/turtlebot3_drl:/opt/ros/foxy LD_LIBRARY_PATH=/home/dmsgv1/VAEplusDDPG/install/turtlebot3_msgs/lib:${LD_LIBRARY_PATH} PYTHONPATH=/home/dmsgv1/VAEplusDDPG/install/turtlebot3_msgs/lib/python3.8/site-packages:${PYTHONPATH} /bin/cmake --build /home/dmsgv1/VAEplusDDPG/build/turtlebot3_simulations -- -j28 -l28
[9.999s] DEBUG:colcon.colcon_core.event_handler.log_command:Invoked command in '/home/dmsgv1/VAEplusDDPG/build/turtlebot3_simulations' returned '0': AMENT_PREFIX_PATH=/home/dmsgv1/VAEplusDDPG/install/turtlebot3_fake_node:/home/dmsgv1/VAEplusDDPG/install/turtlebot3_msgs:/home/dmsgv1/VAEplusDDPG/install/turtlebot3_gazebo:${AMENT_PREFIX_PATH} CMAKE_PREFIX_PATH=/home/dmsgv1/VAEplusDDPG/install/turtlebot3_fake_node:/home/dmsgv1/VAEplusDDPG/install/turtlebot3_msgs:/home/dmsgv1/VAEplusDDPG/install/turtlebot3_gazebo:/home/dmsgv1/turtlebot3_drlnav/install/turtlebot3_simulations:/home/dmsgv1/turtlebot3_drlnav/install/turtlebot3_fake_node:/home/dmsgv1/turtlebot3_drlnav/install/turtlebot3_msgs:/home/dmsgv1/turtlebot3_drlnav/install/turtlebot3_gazebo:/home/dmsgv1/turtlebot3_drlnav/install/turtlebot3_drl:/opt/ros/foxy LD_LIBRARY_PATH=/home/dmsgv1/VAEplusDDPG/install/turtlebot3_msgs/lib:${LD_LIBRARY_PATH} PYTHONPATH=/home/dmsgv1/VAEplusDDPG/install/turtlebot3_msgs/lib/python3.8/site-packages:${PYTHONPATH} /bin/cmake --build /home/dmsgv1/VAEplusDDPG/build/turtlebot3_simulations -- -j28 -l28
[10.017s] DEBUG:colcon.colcon_core.event_handler.log_command:Invoking command in '/home/dmsgv1/VAEplusDDPG/build/turtlebot3_simulations': AMENT_PREFIX_PATH=/home/dmsgv1/VAEplusDDPG/install/turtlebot3_fake_node:/home/dmsgv1/VAEplusDDPG/install/turtlebot3_msgs:/home/dmsgv1/VAEplusDDPG/install/turtlebot3_gazebo:${AMENT_PREFIX_PATH} CMAKE_PREFIX_PATH=/home/dmsgv1/VAEplusDDPG/install/turtlebot3_fake_node:/home/dmsgv1/VAEplusDDPG/install/turtlebot3_msgs:/home/dmsgv1/VAEplusDDPG/install/turtlebot3_gazebo:/home/dmsgv1/turtlebot3_drlnav/install/turtlebot3_simulations:/home/dmsgv1/turtlebot3_drlnav/install/turtlebot3_fake_node:/home/dmsgv1/turtlebot3_drlnav/install/turtlebot3_msgs:/home/dmsgv1/turtlebot3_drlnav/install/turtlebot3_gazebo:/home/dmsgv1/turtlebot3_drlnav/install/turtlebot3_drl:/opt/ros/foxy LD_LIBRARY_PATH=/home/dmsgv1/VAEplusDDPG/install/turtlebot3_msgs/lib:${LD_LIBRARY_PATH} PYTHONPATH=/home/dmsgv1/VAEplusDDPG/install/turtlebot3_msgs/lib/python3.8/site-packages:${PYTHONPATH} /bin/cmake --install /home/dmsgv1/VAEplusDDPG/build/turtlebot3_simulations
[10.151s] Level 1:colcon.colcon_core.environment:create_environment_scripts_only(turtlebot3_simulations)
[10.151s] Level 1:colcon.colcon_core.environment:checking '/home/dmsgv1/VAEplusDDPG/install/turtlebot3_simulations' for CMake module files
[10.151s] DEBUG:colcon.colcon_core.event_handler.log_command:Invoked command in '/home/dmsgv1/VAEplusDDPG/build/turtlebot3_simulations' returned '0': AMENT_PREFIX_PATH=/home/dmsgv1/VAEplusDDPG/install/turtlebot3_fake_node:/home/dmsgv1/VAEplusDDPG/install/turtlebot3_msgs:/home/dmsgv1/VAEplusDDPG/install/turtlebot3_gazebo:${AMENT_PREFIX_PATH} CMAKE_PREFIX_PATH=/home/dmsgv1/VAEplusDDPG/install/turtlebot3_fake_node:/home/dmsgv1/VAEplusDDPG/install/turtlebot3_msgs:/home/dmsgv1/VAEplusDDPG/install/turtlebot3_gazebo:/home/dmsgv1/turtlebot3_drlnav/install/turtlebot3_simulations:/home/dmsgv1/turtlebot3_drlnav/install/turtlebot3_fake_node:/home/dmsgv1/turtlebot3_drlnav/install/turtlebot3_msgs:/home/dmsgv1/turtlebot3_drlnav/install/turtlebot3_gazebo:/home/dmsgv1/turtlebot3_drlnav/install/turtlebot3_drl:/opt/ros/foxy LD_LIBRARY_PATH=/home/dmsgv1/VAEplusDDPG/install/turtlebot3_msgs/lib:${LD_LIBRARY_PATH} PYTHONPATH=/home/dmsgv1/VAEplusDDPG/install/turtlebot3_msgs/lib/python3.8/site-packages:${PYTHONPATH} /bin/cmake --install /home/dmsgv1/VAEplusDDPG/build/turtlebot3_simulations
[10.151s] Level 1:colcon.colcon_core.environment:checking '/home/dmsgv1/VAEplusDDPG/install/turtlebot3_simulations' for CMake config files
[10.151s] Level 1:colcon.colcon_core.shell:create_environment_hook('turtlebot3_simulations', 'cmake_prefix_path')
[10.151s] INFO:colcon.colcon_core.shell:Creating environment hook '/home/dmsgv1/VAEplusDDPG/install/turtlebot3_simulations/share/turtlebot3_simulations/hook/cmake_prefix_path.ps1'
[10.152s] INFO:colcon.colcon_core.shell:Creating environment descriptor '/home/dmsgv1/VAEplusDDPG/install/turtlebot3_simulations/share/turtlebot3_simulations/hook/cmake_prefix_path.dsv'
[10.152s] INFO:colcon.colcon_core.shell:Creating environment hook '/home/dmsgv1/VAEplusDDPG/install/turtlebot3_simulations/share/turtlebot3_simulations/hook/cmake_prefix_path.sh'
[10.152s] Level 1:colcon.colcon_core.environment:checking '/home/dmsgv1/VAEplusDDPG/install/turtlebot3_simulations/bin'
[10.152s] Level 1:colcon.colcon_core.environment:checking '/home/dmsgv1/VAEplusDDPG/install/turtlebot3_simulations/lib/pkgconfig/turtlebot3_simulations.pc'
[10.152s] Level 1:colcon.colcon_core.environment:checking '/home/dmsgv1/VAEplusDDPG/install/turtlebot3_simulations/lib/python3.8/site-packages'
[10.152s] Level 1:colcon.colcon_core.environment:checking '/home/dmsgv1/VAEplusDDPG/install/turtlebot3_simulations/bin'
[10.152s] INFO:colcon.colcon_core.shell:Creating package script '/home/dmsgv1/VAEplusDDPG/install/turtlebot3_simulations/share/turtlebot3_simulations/package.ps1'
[10.152s] INFO:colcon.colcon_core.shell:Creating package descriptor '/home/dmsgv1/VAEplusDDPG/install/turtlebot3_simulations/share/turtlebot3_simulations/package.dsv'
[10.153s] INFO:colcon.colcon_core.shell:Creating package script '/home/dmsgv1/VAEplusDDPG/install/turtlebot3_simulations/share/turtlebot3_simulations/package.sh'
[10.153s] INFO:colcon.colcon_core.shell:Creating package script '/home/dmsgv1/VAEplusDDPG/install/turtlebot3_simulations/share/turtlebot3_simulations/package.bash'
[10.153s] INFO:colcon.colcon_core.shell:Creating package script '/home/dmsgv1/VAEplusDDPG/install/turtlebot3_simulations/share/turtlebot3_simulations/package.zsh'
[10.153s] Level 1:colcon.colcon_core.environment:create_file_with_runtime_dependencies(/home/dmsgv1/VAEplusDDPG/install/turtlebot3_simulations/share/colcon-core/packages/turtlebot3_simulations)
[10.161s] Level 1:colcon.colcon_core.environment:create_environment_scripts_only(turtlebot3_simulations)
[10.161s] Level 1:colcon.colcon_core.environment:checking '/home/dmsgv1/VAEplusDDPG/install/turtlebot3_simulations' for CMake module files
[10.162s] Level 1:colcon.colcon_core.environment:checking '/home/dmsgv1/VAEplusDDPG/install/turtlebot3_simulations' for CMake config files
[10.162s] Level 1:colcon.colcon_core.shell:create_environment_hook('turtlebot3_simulations', 'cmake_prefix_path')
[10.162s] INFO:colcon.colcon_core.shell:Creating environment hook '/home/dmsgv1/VAEplusDDPG/install/turtlebot3_simulations/share/turtlebot3_simulations/hook/cmake_prefix_path.ps1'
[10.162s] INFO:colcon.colcon_core.shell:Creating environment descriptor '/home/dmsgv1/VAEplusDDPG/install/turtlebot3_simulations/share/turtlebot3_simulations/hook/cmake_prefix_path.dsv'
[10.162s] INFO:colcon.colcon_core.shell:Creating environment hook '/home/dmsgv1/VAEplusDDPG/install/turtlebot3_simulations/share/turtlebot3_simulations/hook/cmake_prefix_path.sh'
[10.162s] Level 1:colcon.colcon_core.environment:checking '/home/dmsgv1/VAEplusDDPG/install/turtlebot3_simulations/bin'
[10.163s] Level 1:colcon.colcon_core.environment:checking '/home/dmsgv1/VAEplusDDPG/install/turtlebot3_simulations/lib/pkgconfig/turtlebot3_simulations.pc'
[10.163s] Level 1:colcon.colcon_core.environment:checking '/home/dmsgv1/VAEplusDDPG/install/turtlebot3_simulations/lib/python3.8/site-packages'
[10.163s] Level 1:colcon.colcon_core.environment:checking '/home/dmsgv1/VAEplusDDPG/install/turtlebot3_simulations/bin'
[10.163s] INFO:colcon.colcon_core.shell:Creating package script '/home/dmsgv1/VAEplusDDPG/install/turtlebot3_simulations/share/turtlebot3_simulations/package.ps1'
[10.163s] INFO:colcon.colcon_core.shell:Creating package descriptor '/home/dmsgv1/VAEplusDDPG/install/turtlebot3_simulations/share/turtlebot3_simulations/package.dsv'
[10.163s] INFO:colcon.colcon_core.shell:Creating package script '/home/dmsgv1/VAEplusDDPG/install/turtlebot3_simulations/share/turtlebot3_simulations/package.sh'
[10.164s] INFO:colcon.colcon_core.shell:Creating package script '/home/dmsgv1/VAEplusDDPG/install/turtlebot3_simulations/share/turtlebot3_simulations/package.bash'
[10.164s] INFO:colcon.colcon_core.shell:Creating package script '/home/dmsgv1/VAEplusDDPG/install/turtlebot3_simulations/share/turtlebot3_simulations/package.zsh'
[10.164s] Level 1:colcon.colcon_core.environment:create_file_with_runtime_dependencies(/home/dmsgv1/VAEplusDDPG/install/turtlebot3_simulations/share/colcon-core/packages/turtlebot3_simulations)
[10.164s] DEBUG:colcon.colcon_parallel_executor.executor.parallel:closing loop
[10.165s] DEBUG:colcon.colcon_parallel_executor.executor.parallel:loop closed
[10.165s] DEBUG:colcon.colcon_parallel_executor.executor.parallel:run_until_complete finished with '0'
[10.165s] DEBUG:colcon.colcon_core.event_reactor:joining thread
[10.170s] INFO:colcon.colcon_core.plugin_system:Skipping extension 'colcon_notification.desktop_notification.terminal_notifier': Not used on non-Darwin systems
[10.170s] INFO:colcon.colcon_core.plugin_system:Skipping extension 'colcon_notification.desktop_notification.win32': Not used on non-Windows systems
[10.170s] INFO:colcon.colcon_notification.desktop_notification:Sending desktop notification using 'notify2'
[10.224s] DEBUG:colcon.colcon_core.event_reactor:joined thread
[10.224s] INFO:colcon.colcon_core.shell:Creating prefix script '/home/dmsgv1/VAEplusDDPG/install/local_setup.ps1'
[10.225s] INFO:colcon.colcon_core.shell:Creating prefix util module '/home/dmsgv1/VAEplusDDPG/install/_local_setup_util_ps1.py'
[10.227s] INFO:colcon.colcon_core.shell:Creating prefix chain script '/home/dmsgv1/VAEplusDDPG/install/setup.ps1'
[10.230s] INFO:colcon.colcon_core.shell:Creating prefix script '/home/dmsgv1/VAEplusDDPG/install/local_setup.sh'
[10.230s] INFO:colcon.colcon_core.shell:Creating prefix util module '/home/dmsgv1/VAEplusDDPG/install/_local_setup_util_sh.py'
[10.231s] INFO:colcon.colcon_core.shell:Creating prefix chain script '/home/dmsgv1/VAEplusDDPG/install/setup.sh'
[10.231s] INFO:colcon.colcon_core.shell:Creating prefix script '/home/dmsgv1/VAEplusDDPG/install/local_setup.bash'
[10.232s] INFO:colcon.colcon_core.shell:Creating prefix chain script '/home/dmsgv1/VAEplusDDPG/install/setup.bash'
[10.232s] INFO:colcon.colcon_core.shell:Creating prefix script '/home/dmsgv1/VAEplusDDPG/install/local_setup.zsh'
[10.232s] INFO:colcon.colcon_core.shell:Creating prefix chain script '/home/dmsgv1/VAEplusDDPG/install/setup.zsh'
