[0.014s] Invoking command in '/home/dmsgv1/vaeplusddpg/build/turtlebot3_simulations': AMENT_PREFIX_PATH=/home/dmsgv1/vaeplusddpg/install/turtlebot3_fake_node:/home/dmsgv1/vaeplusddpg/install/turtlebot3_msgs:/home/dmsgv1/vaeplusddpg/install/turtlebot3_gazebo:${AMENT_PREFIX_PATH} CMAKE_PREFIX_PATH=/home/dmsgv1/vaeplusddpg/install/turtlebot3_fake_node:/home/dmsgv1/vaeplusddpg/install/turtlebot3_msgs:/home/dmsgv1/vaeplusddpg/install/turtlebot3_gazebo:/home/dmsgv1/VAEplusDDPG/install/turtlebot3_simulations:/home/dmsgv1/VAEplusDDPG/install/turtlebot3_fake_node:/home/dmsgv1/VAEplusDDPG/install/turtlebot3_msgs:/home/dmsgv1/VAEplusDDPG/install/turtlebot3_gazebo:/home/dmsgv1/VAEplusDDPG/install/turtlebot3_drl:/opt/ros/foxy LD_LIBRARY_PATH=/home/dmsgv1/vaeplusddpg/install/turtlebot3_msgs/lib:${LD_LIBRARY_PATH} PYTHONPATH=/home/dmsgv1/vaeplusddpg/install/turtlebot3_msgs/lib/python3.8/site-packages:${PYTHONPATH} /bin/cmake /home/dmsgv1/vaeplusddpg/src/turtlebot3_simulations/turtlebot3_simulations -DAMENT_CMAKE_SYMLINK_INSTALL=1 -DCMAKE_INSTALL_PREFIX=/home/dmsgv1/vaeplusddpg/install/turtlebot3_simulations
[0.060s] -- The C compiler identification is GNU 9.4.0
[0.106s] -- The CXX compiler identification is GNU 9.4.0
[0.108s] -- Check for working C compiler: /bin/cc
[0.139s] -- Check for working C compiler: /bin/cc -- works
[0.139s] -- Detecting C compiler ABI info
[0.207s] -- Detecting C compiler ABI info - done
[0.216s] -- Detecting C compile features
[0.217s] -- Detecting C compile features - done
[0.218s] -- Check for working CXX compiler: /bin/c++
[0.266s] -- Check for working CXX compiler: /bin/c++ -- works
[0.267s] -- Detecting CXX compiler ABI info
[0.356s] -- Detecting CXX compiler ABI info - done
[0.361s] -- Detecting CXX compile features
[0.361s] -- Detecting CXX compile features - done
[0.362s] -- Found ament_cmake: 0.9.12 (/opt/ros/foxy/share/ament_cmake/cmake)
[0.373s] -- Found PythonInterp: /bin/python3 (found suitable version "3.8.10", minimum required is "3") 
[0.373s] -- Using PYTHON_EXECUTABLE: /bin/python3
[0.443s] -- Override CMake install command with custom implementation using symlinks instead of copying resources
[0.478s] -- Configuring done
[0.478s] -- Generating done
[0.479s] -- Build files have been written to: /home/dmsgv1/vaeplusddpg/build/turtlebot3_simulations
[0.480s] Invoked command in '/home/dmsgv1/vaeplusddpg/build/turtlebot3_simulations' returned '0': AMENT_PREFIX_PATH=/home/dmsgv1/vaeplusddpg/install/turtlebot3_fake_node:/home/dmsgv1/vaeplusddpg/install/turtlebot3_msgs:/home/dmsgv1/vaeplusddpg/install/turtlebot3_gazebo:${AMENT_PREFIX_PATH} CMAKE_PREFIX_PATH=/home/dmsgv1/vaeplusddpg/install/turtlebot3_fake_node:/home/dmsgv1/vaeplusddpg/install/turtlebot3_msgs:/home/dmsgv1/vaeplusddpg/install/turtlebot3_gazebo:/home/dmsgv1/VAEplusDDPG/install/turtlebot3_simulations:/home/dmsgv1/VAEplusDDPG/install/turtlebot3_fake_node:/home/dmsgv1/VAEplusDDPG/install/turtlebot3_msgs:/home/dmsgv1/VAEplusDDPG/install/turtlebot3_gazebo:/home/dmsgv1/VAEplusDDPG/install/turtlebot3_drl:/opt/ros/foxy LD_LIBRARY_PATH=/home/dmsgv1/vaeplusddpg/install/turtlebot3_msgs/lib:${LD_LIBRARY_PATH} PYTHONPATH=/home/dmsgv1/vaeplusddpg/install/turtlebot3_msgs/lib/python3.8/site-packages:${PYTHONPATH} /bin/cmake /home/dmsgv1/vaeplusddpg/src/turtlebot3_simulations/turtlebot3_simulations -DAMENT_CMAKE_SYMLINK_INSTALL=1 -DCMAKE_INSTALL_PREFIX=/home/dmsgv1/vaeplusddpg/install/turtlebot3_simulations
[0.482s] Invoking command in '/home/dmsgv1/vaeplusddpg/build/turtlebot3_simulations': AMENT_PREFIX_PATH=/home/dmsgv1/vaeplusddpg/install/turtlebot3_fake_node:/home/dmsgv1/vaeplusddpg/install/turtlebot3_msgs:/home/dmsgv1/vaeplusddpg/install/turtlebot3_gazebo:${AMENT_PREFIX_PATH} CMAKE_PREFIX_PATH=/home/dmsgv1/vaeplusddpg/install/turtlebot3_fake_node:/home/dmsgv1/vaeplusddpg/install/turtlebot3_msgs:/home/dmsgv1/vaeplusddpg/install/turtlebot3_gazebo:/home/dmsgv1/VAEplusDDPG/install/turtlebot3_simulations:/home/dmsgv1/VAEplusDDPG/install/turtlebot3_fake_node:/home/dmsgv1/VAEplusDDPG/install/turtlebot3_msgs:/home/dmsgv1/VAEplusDDPG/install/turtlebot3_gazebo:/home/dmsgv1/VAEplusDDPG/install/turtlebot3_drl:/opt/ros/foxy LD_LIBRARY_PATH=/home/dmsgv1/vaeplusddpg/install/turtlebot3_msgs/lib:${LD_LIBRARY_PATH} PYTHONPATH=/home/dmsgv1/vaeplusddpg/install/turtlebot3_msgs/lib/python3.8/site-packages:${PYTHONPATH} /bin/cmake --build /home/dmsgv1/vaeplusddpg/build/turtlebot3_simulations -- -j28 -l28
[0.497s] Invoked command in '/home/dmsgv1/vaeplusddpg/build/turtlebot3_simulations' returned '0': AMENT_PREFIX_PATH=/home/dmsgv1/vaeplusddpg/install/turtlebot3_fake_node:/home/dmsgv1/vaeplusddpg/install/turtlebot3_msgs:/home/dmsgv1/vaeplusddpg/install/turtlebot3_gazebo:${AMENT_PREFIX_PATH} CMAKE_PREFIX_PATH=/home/dmsgv1/vaeplusddpg/install/turtlebot3_fake_node:/home/dmsgv1/vaeplusddpg/install/turtlebot3_msgs:/home/dmsgv1/vaeplusddpg/install/turtlebot3_gazebo:/home/dmsgv1/VAEplusDDPG/install/turtlebot3_simulations:/home/dmsgv1/VAEplusDDPG/install/turtlebot3_fake_node:/home/dmsgv1/VAEplusDDPG/install/turtlebot3_msgs:/home/dmsgv1/VAEplusDDPG/install/turtlebot3_gazebo:/home/dmsgv1/VAEplusDDPG/install/turtlebot3_drl:/opt/ros/foxy LD_LIBRARY_PATH=/home/dmsgv1/vaeplusddpg/install/turtlebot3_msgs/lib:${LD_LIBRARY_PATH} PYTHONPATH=/home/dmsgv1/vaeplusddpg/install/turtlebot3_msgs/lib/python3.8/site-packages:${PYTHONPATH} /bin/cmake --build /home/dmsgv1/vaeplusddpg/build/turtlebot3_simulations -- -j28 -l28
[0.507s] Invoking command in '/home/dmsgv1/vaeplusddpg/build/turtlebot3_simulations': AMENT_PREFIX_PATH=/home/dmsgv1/vaeplusddpg/install/turtlebot3_fake_node:/home/dmsgv1/vaeplusddpg/install/turtlebot3_msgs:/home/dmsgv1/vaeplusddpg/install/turtlebot3_gazebo:${AMENT_PREFIX_PATH} CMAKE_PREFIX_PATH=/home/dmsgv1/vaeplusddpg/install/turtlebot3_fake_node:/home/dmsgv1/vaeplusddpg/install/turtlebot3_msgs:/home/dmsgv1/vaeplusddpg/install/turtlebot3_gazebo:/home/dmsgv1/VAEplusDDPG/install/turtlebot3_simulations:/home/dmsgv1/VAEplusDDPG/install/turtlebot3_fake_node:/home/dmsgv1/VAEplusDDPG/install/turtlebot3_msgs:/home/dmsgv1/VAEplusDDPG/install/turtlebot3_gazebo:/home/dmsgv1/VAEplusDDPG/install/turtlebot3_drl:/opt/ros/foxy LD_LIBRARY_PATH=/home/dmsgv1/vaeplusddpg/install/turtlebot3_msgs/lib:${LD_LIBRARY_PATH} PYTHONPATH=/home/dmsgv1/vaeplusddpg/install/turtlebot3_msgs/lib/python3.8/site-packages:${PYTHONPATH} /bin/cmake --install /home/dmsgv1/vaeplusddpg/build/turtlebot3_simulations
[0.511s] -- Install configuration: ""
[0.512s] -- Execute custom install script
[0.512s] -- Symlinking: /home/dmsgv1/vaeplusddpg/install/turtlebot3_simulations/share/ament_index/resource_index/package_run_dependencies/turtlebot3_simulations
[0.516s] -- Symlinking: /home/dmsgv1/vaeplusddpg/install/turtlebot3_simulations/share/ament_index/resource_index/parent_prefix_path/turtlebot3_simulations
[0.521s] -- Symlinking: /home/dmsgv1/vaeplusddpg/install/turtlebot3_simulations/share/turtlebot3_simulations/environment/ament_prefix_path.sh
[0.526s] -- Symlinking: /home/dmsgv1/vaeplusddpg/install/turtlebot3_simulations/share/turtlebot3_simulations/environment/ament_prefix_path.dsv
[0.529s] -- Symlinking: /home/dmsgv1/vaeplusddpg/install/turtlebot3_simulations/share/turtlebot3_simulations/environment/path.sh
[0.533s] -- Symlinking: /home/dmsgv1/vaeplusddpg/install/turtlebot3_simulations/share/turtlebot3_simulations/environment/path.dsv
[0.537s] -- Symlinking: /home/dmsgv1/vaeplusddpg/install/turtlebot3_simulations/share/turtlebot3_simulations/local_setup.bash
[0.541s] -- Symlinking: /home/dmsgv1/vaeplusddpg/install/turtlebot3_simulations/share/turtlebot3_simulations/local_setup.sh
[0.546s] -- Symlinking: /home/dmsgv1/vaeplusddpg/install/turtlebot3_simulations/share/turtlebot3_simulations/local_setup.zsh
[0.549s] -- Symlinking: /home/dmsgv1/vaeplusddpg/install/turtlebot3_simulations/share/turtlebot3_simulations/local_setup.dsv
[0.552s] -- Symlinking: /home/dmsgv1/vaeplusddpg/install/turtlebot3_simulations/share/turtlebot3_simulations/package.dsv
[0.555s] -- Symlinking: /home/dmsgv1/vaeplusddpg/install/turtlebot3_simulations/share/ament_index/resource_index/packages/turtlebot3_simulations
[0.558s] -- Symlinking: /home/dmsgv1/vaeplusddpg/install/turtlebot3_simulations/share/turtlebot3_simulations/cmake/turtlebot3_simulationsConfig.cmake
[0.562s] -- Symlinking: /home/dmsgv1/vaeplusddpg/install/turtlebot3_simulations/share/turtlebot3_simulations/cmake/turtlebot3_simulationsConfig-version.cmake
[0.565s] -- Symlinking: /home/dmsgv1/vaeplusddpg/install/turtlebot3_simulations/share/turtlebot3_simulations/package.xml
[0.569s] Invoked command in '/home/dmsgv1/vaeplusddpg/build/turtlebot3_simulations' returned '0': AMENT_PREFIX_PATH=/home/dmsgv1/vaeplusddpg/install/turtlebot3_fake_node:/home/dmsgv1/vaeplusddpg/install/turtlebot3_msgs:/home/dmsgv1/vaeplusddpg/install/turtlebot3_gazebo:${AMENT_PREFIX_PATH} CMAKE_PREFIX_PATH=/home/dmsgv1/vaeplusddpg/install/turtlebot3_fake_node:/home/dmsgv1/vaeplusddpg/install/turtlebot3_msgs:/home/dmsgv1/vaeplusddpg/install/turtlebot3_gazebo:/home/dmsgv1/VAEplusDDPG/install/turtlebot3_simulations:/home/dmsgv1/VAEplusDDPG/install/turtlebot3_fake_node:/home/dmsgv1/VAEplusDDPG/install/turtlebot3_msgs:/home/dmsgv1/VAEplusDDPG/install/turtlebot3_gazebo:/home/dmsgv1/VAEplusDDPG/install/turtlebot3_drl:/opt/ros/foxy LD_LIBRARY_PATH=/home/dmsgv1/vaeplusddpg/install/turtlebot3_msgs/lib:${LD_LIBRARY_PATH} PYTHONPATH=/home/dmsgv1/vaeplusddpg/install/turtlebot3_msgs/lib/python3.8/site-packages:${PYTHONPATH} /bin/cmake --install /home/dmsgv1/vaeplusddpg/build/turtlebot3_simulations
