[0.005s] Invoking command in '/home/dmsgv1/VAEplusDDPG/build/turtlebot3_simulations': CMAKE_PREFIX_PATH=/home/dmsgv1/VAEplusDDPG/install/turtlebot3_fake_node:/home/dmsgv1/VAEplusDDPG/install/turtlebot3_msgs:/home/dmsgv1/VAEplusDDPG/install/turtlebot3_gazebo:/home/dmsgv1/VAEplusDDPG/install/turtlebot3_simulations:/home/dmsgv1/turtlebot3_drlnav/install/turtlebot3_simulations:/home/dmsgv1/turtlebot3_drlnav/install/turtlebot3_fake_node:/home/dmsgv1/turtlebot3_drlnav/install/turtlebot3_msgs:/home/dmsgv1/turtlebot3_drlnav/install/turtlebot3_gazebo:/home/dmsgv1/VAEplusDDPG/install/turtlebot3_drl:/home/dmsgv1/turtlebot3_drlnav/install/turtlebot3_drl:/opt/ros/foxy /bin/cmake --build /home/dmsgv1/VAEplusDDPG/build/turtlebot3_simulations -- -j28 -l28
[0.021s] Invoked command in '/home/dmsgv1/VAEplusDDPG/build/turtlebot3_simulations' returned '0': CMAKE_PREFIX_PATH=/home/dmsgv1/VAEplusDDPG/install/turtlebot3_fake_node:/home/dmsgv1/VAEplusDDPG/install/turtlebot3_msgs:/home/dmsgv1/VAEplusDDPG/install/turtlebot3_gazebo:/home/dmsgv1/VAEplusDDPG/install/turtlebot3_simulations:/home/dmsgv1/turtlebot3_drlnav/install/turtlebot3_simulations:/home/dmsgv1/turtlebot3_drlnav/install/turtlebot3_fake_node:/home/dmsgv1/turtlebot3_drlnav/install/turtlebot3_msgs:/home/dmsgv1/turtlebot3_drlnav/install/turtlebot3_gazebo:/home/dmsgv1/VAEplusDDPG/install/turtlebot3_drl:/home/dmsgv1/turtlebot3_drlnav/install/turtlebot3_drl:/opt/ros/foxy /bin/cmake --build /home/dmsgv1/VAEplusDDPG/build/turtlebot3_simulations -- -j28 -l28
[0.029s] Invoking command in '/home/dmsgv1/VAEplusDDPG/build/turtlebot3_simulations': CMAKE_PREFIX_PATH=/home/dmsgv1/VAEplusDDPG/install/turtlebot3_fake_node:/home/dmsgv1/VAEplusDDPG/install/turtlebot3_msgs:/home/dmsgv1/VAEplusDDPG/install/turtlebot3_gazebo:/home/dmsgv1/VAEplusDDPG/install/turtlebot3_simulations:/home/dmsgv1/turtlebot3_drlnav/install/turtlebot3_simulations:/home/dmsgv1/turtlebot3_drlnav/install/turtlebot3_fake_node:/home/dmsgv1/turtlebot3_drlnav/install/turtlebot3_msgs:/home/dmsgv1/turtlebot3_drlnav/install/turtlebot3_gazebo:/home/dmsgv1/VAEplusDDPG/install/turtlebot3_drl:/home/dmsgv1/turtlebot3_drlnav/install/turtlebot3_drl:/opt/ros/foxy /bin/cmake --install /home/dmsgv1/VAEplusDDPG/build/turtlebot3_simulations
[0.033s] -- Install configuration: ""
[0.033s] -- Execute custom install script
[0.033s] -- Up-to-date symlink: /home/dmsgv1/VAEplusDDPG/install/turtlebot3_simulations/share/ament_index/resource_index/package_run_dependencies/turtlebot3_simulations
[0.033s] -- Up-to-date symlink: /home/dmsgv1/VAEplusDDPG/install/turtlebot3_simulations/share/ament_index/resource_index/parent_prefix_path/turtlebot3_simulations
[0.033s] -- Up-to-date symlink: /home/dmsgv1/VAEplusDDPG/install/turtlebot3_simulations/share/turtlebot3_simulations/environment/ament_prefix_path.sh
[0.033s] -- Up-to-date symlink: /home/dmsgv1/VAEplusDDPG/install/turtlebot3_simulations/share/turtlebot3_simulations/environment/ament_prefix_path.dsv
[0.034s] -- Up-to-date symlink: /home/dmsgv1/VAEplusDDPG/install/turtlebot3_simulations/share/turtlebot3_simulations/environment/path.sh
[0.034s] -- Up-to-date symlink: /home/dmsgv1/VAEplusDDPG/install/turtlebot3_simulations/share/turtlebot3_simulations/environment/path.dsv
[0.034s] -- Up-to-date symlink: /home/dmsgv1/VAEplusDDPG/install/turtlebot3_simulations/share/turtlebot3_simulations/local_setup.bash
[0.034s] -- Up-to-date symlink: /home/dmsgv1/VAEplusDDPG/install/turtlebot3_simulations/share/turtlebot3_simulations/local_setup.sh
[0.034s] -- Up-to-date symlink: /home/dmsgv1/VAEplusDDPG/install/turtlebot3_simulations/share/turtlebot3_simulations/local_setup.zsh
[0.034s] -- Up-to-date symlink: /home/dmsgv1/VAEplusDDPG/install/turtlebot3_simulations/share/turtlebot3_simulations/local_setup.dsv
[0.034s] -- Symlinking: /home/dmsgv1/VAEplusDDPG/install/turtlebot3_simulations/share/turtlebot3_simulations/package.dsv
[0.038s] -- Up-to-date symlink: /home/dmsgv1/VAEplusDDPG/install/turtlebot3_simulations/share/ament_index/resource_index/packages/turtlebot3_simulations
[0.038s] -- Up-to-date symlink: /home/dmsgv1/VAEplusDDPG/install/turtlebot3_simulations/share/turtlebot3_simulations/cmake/turtlebot3_simulationsConfig.cmake
[0.038s] -- Up-to-date symlink: /home/dmsgv1/VAEplusDDPG/install/turtlebot3_simulations/share/turtlebot3_simulations/cmake/turtlebot3_simulationsConfig-version.cmake
[0.038s] -- Up-to-date symlink: /home/dmsgv1/VAEplusDDPG/install/turtlebot3_simulations/share/turtlebot3_simulations/package.xml
[0.039s] Invoked command in '/home/dmsgv1/VAEplusDDPG/build/turtlebot3_simulations' returned '0': CMAKE_PREFIX_PATH=/home/dmsgv1/VAEplusDDPG/install/turtlebot3_fake_node:/home/dmsgv1/VAEplusDDPG/install/turtlebot3_msgs:/home/dmsgv1/VAEplusDDPG/install/turtlebot3_gazebo:/home/dmsgv1/VAEplusDDPG/install/turtlebot3_simulations:/home/dmsgv1/turtlebot3_drlnav/install/turtlebot3_simulations:/home/dmsgv1/turtlebot3_drlnav/install/turtlebot3_fake_node:/home/dmsgv1/turtlebot3_drlnav/install/turtlebot3_msgs:/home/dmsgv1/turtlebot3_drlnav/install/turtlebot3_gazebo:/home/dmsgv1/VAEplusDDPG/install/turtlebot3_drl:/home/dmsgv1/turtlebot3_drlnav/install/turtlebot3_drl:/opt/ros/foxy /bin/cmake --install /home/dmsgv1/VAEplusDDPG/build/turtlebot3_simulations
