-- The C compiler identification is GNU 9.4.0
-- The CXX compiler identification is GNU 9.4.0
-- Check for working C compiler: /bin/cc
-- Check for working C compiler: /bin/cc -- works
-- Detecting C compiler ABI info
-- Detecting C compiler ABI info - done
-- Detecting C compile features
-- Detecting C compile features - done
-- Check for working CXX compiler: /bin/c++
-- Check for working CXX compiler: /bin/c++ -- works
-- Detecting CXX compiler ABI info
-- Detecting CXX compiler ABI info - done
-- Detecting CXX compile features
-- Detecting CXX compile features - done
-- Found action_msgs: 1.0.0 (/opt/ros/foxy/share/action_msgs/cmake)
-- Found PythonInterp: /bin/python3 (found suitable version "3.8.10", minimum required is "3") 
-- Using PYTHON_EXECUTABLE: /bin/python3
-- Override CMake install command with custom implementation using symlinks instead of copying resources
-- Using all available rosidl_typesupport_c: rosidl_typesupport_fastrtps_c;rosidl_typesupport_introspection_c
-- Found rosidl_adapter: 1.3.1 (/opt/ros/foxy/share/rosidl_adapter/cmake)
-- Found OpenSSL: /usr/lib/x86_64-linux-gnu/libcrypto.so (found version "1.1.1f")  
-- Found FastRTPS: /opt/ros/foxy/include  
-- Using all available rosidl_typesupport_cpp: rosidl_typesupport_fastrtps_cpp;rosidl_typesupport_introspection_cpp
-- Found rosidl_default_generators: 1.0.1 (/opt/ros/foxy/share/rosidl_default_generators/cmake)
-- Found std_msgs: 2.0.5 (/opt/ros/foxy/share/std_msgs/cmake)
-- Found PythonInterp: /bin/python3 (found version "3.8.10") 
-- Found ament_cmake_cppcheck: 0.9.8 (/opt/ros/foxy/share/ament_cmake_cppcheck/cmake)
-- Found ament_cmake_cpplint: 0.9.8 (/opt/ros/foxy/share/ament_cmake_cpplint/cmake)
-- Found ament_cmake_uncrustify: 0.9.8 (/opt/ros/foxy/share/ament_cmake_uncrustify/cmake)
-- Found ament_cmake_ros: 0.9.2 (/opt/ros/foxy/share/ament_cmake_ros/cmake)
-- Using all available rosidl_typesupport_c: rosidl_typesupport_fastrtps_c;rosidl_typesupport_introspection_c
-- Using all available rosidl_typesupport_cpp: rosidl_typesupport_fastrtps_cpp;rosidl_typesupport_introspection_cpp
-- Found PythonInterp: /bin/python3 (found suitable version "3.8.10", minimum required is "3.5") 
-- Found python_cmake_module: 0.8.1 (/opt/ros/foxy/share/python_cmake_module/cmake)
-- Found PythonLibs: /usr/lib/x86_64-linux-gnu/libpython3.8.so (found suitable version "3.8.10", minimum required is "3.5") 
-- Using PYTHON_EXECUTABLE: /bin/python3
-- Using PYTHON_INCLUDE_DIRS: /usr/include/python3.8
-- Using PYTHON_LIBRARIES: /usr/lib/x86_64-linux-gnu/libpython3.8.so
-- Found PythonExtra: .so  
-- Found ament_cmake_flake8: 0.9.8 (/opt/ros/foxy/share/ament_cmake_flake8/cmake)
-- Found ament_cmake_pep257: 0.9.8 (/opt/ros/foxy/share/ament_cmake_pep257/cmake)
-- Configuring done
-- Generating done
-- Build files have been written to: /home/dmsgv1/vaeplusddpg/build/turtlebot3_msgs
[35m[1mScanning dependencies of target turtlebot3_msgs__cpp[0m
[  1%] [34m[1mGenerating C code for ROS interfaces[0m
[  2%] [34m[1mGenerating C++ code for ROS interfaces[0m
[  2%] Built target turtlebot3_msgs__cpp
[  3%] [34m[1mGenerating C++ type support dispatch for ROS interfaces[0m
[  4%] [34m[1mGenerating C++ type support for eProsima Fast-RTPS[0m
[  5%] [34m[1mGenerating C++ introspection for ROS interfaces[0m
[35m[1mScanning dependencies of target turtlebot3_msgs__rosidl_generator_c[0m
[  6%] [32mBuilding C object CMakeFiles/turtlebot3_msgs__rosidl_generator_c.dir/rosidl_generator_c/turtlebot3_msgs/msg/detail/sensor_state__functions.c.o[0m
[  8%] [32mBuilding C object CMakeFiles/turtlebot3_msgs__rosidl_generator_c.dir/rosidl_generator_c/turtlebot3_msgs/msg/detail/sound__functions.c.o[0m
[  9%] [32mBuilding C object CMakeFiles/turtlebot3_msgs__rosidl_generator_c.dir/rosidl_generator_c/turtlebot3_msgs/msg/detail/version_info__functions.c.o[0m
[ 10%] [32mBuilding C object CMakeFiles/turtlebot3_msgs__rosidl_generator_c.dir/rosidl_generator_c/turtlebot3_msgs/srv/detail/sound__functions.c.o[0m
[ 11%] [32mBuilding C object CMakeFiles/turtlebot3_msgs__rosidl_generator_c.dir/rosidl_generator_c/turtlebot3_msgs/srv/detail/drl_step__functions.c.o[0m
[ 13%] [32mBuilding C object CMakeFiles/turtlebot3_msgs__rosidl_generator_c.dir/rosidl_generator_c/turtlebot3_msgs/srv/detail/goal__functions.c.o[0m
[ 13%] [32mBuilding C object CMakeFiles/turtlebot3_msgs__rosidl_generator_c.dir/rosidl_generator_c/turtlebot3_msgs/srv/detail/ring_goal__functions.c.o[0m
[ 14%] [32mBuilding C object CMakeFiles/turtlebot3_msgs__rosidl_generator_c.dir/rosidl_generator_c/turtlebot3_msgs/action/detail/patrol__functions.c.o[0m
[ 16%] [32m[1mLinking C shared library libturtlebot3_msgs__rosidl_generator_c.so[0m
[ 16%] Built target turtlebot3_msgs__rosidl_generator_c
[ 17%] [34m[1mGenerating C type support dispatch for ROS interfaces[0m
[ 18%] [34m[1mGenerating C introspection for ROS interfaces[0m
[35m[1mScanning dependencies of target turtlebot3_msgs__rosidl_typesupport_cpp[0m
[ 22%] [32mBuilding CXX object CMakeFiles/turtlebot3_msgs__rosidl_typesupport_cpp.dir/rosidl_typesupport_cpp/turtlebot3_msgs/msg/sensor_state__type_support.cpp.o[0m
[ 22%] [32mBuilding CXX object CMakeFiles/turtlebot3_msgs__rosidl_typesupport_cpp.dir/rosidl_typesupport_cpp/turtlebot3_msgs/msg/sound__type_support.cpp.o[0m
[ 22%] [32mBuilding CXX object CMakeFiles/turtlebot3_msgs__rosidl_typesupport_cpp.dir/rosidl_typesupport_cpp/turtlebot3_msgs/srv/sound__type_support.cpp.o[0m
[ 22%] [32mBuilding CXX object CMakeFiles/turtlebot3_msgs__rosidl_typesupport_cpp.dir/rosidl_typesupport_cpp/turtlebot3_msgs/msg/version_info__type_support.cpp.o[0m
[ 24%] [32mBuilding CXX object CMakeFiles/turtlebot3_msgs__rosidl_typesupport_cpp.dir/rosidl_typesupport_cpp/turtlebot3_msgs/srv/drl_step__type_support.cpp.o[0m
[ 25%] [32mBuilding CXX object CMakeFiles/turtlebot3_msgs__rosidl_typesupport_cpp.dir/rosidl_typesupport_cpp/turtlebot3_msgs/srv/goal__type_support.cpp.o[0m
[ 26%] [32mBuilding CXX object CMakeFiles/turtlebot3_msgs__rosidl_typesupport_cpp.dir/rosidl_typesupport_cpp/turtlebot3_msgs/srv/ring_goal__type_support.cpp.o[0m
[ 27%] [32mBuilding CXX object CMakeFiles/turtlebot3_msgs__rosidl_typesupport_cpp.dir/rosidl_typesupport_cpp/turtlebot3_msgs/action/patrol__type_support.cpp.o[0m
[35m[1mScanning dependencies of target turtlebot3_msgs__rosidl_typesupport_introspection_cpp[0m
[ 32%] [32mBuilding CXX object CMakeFiles/turtlebot3_msgs__rosidl_typesupport_introspection_cpp.dir/rosidl_typesupport_introspection_cpp/turtlebot3_msgs/msg/detail/version_info__type_support.cpp.o[0m
[ 32%] [32mBuilding CXX object CMakeFiles/turtlebot3_msgs__rosidl_typesupport_introspection_cpp.dir/rosidl_typesupport_introspection_cpp/turtlebot3_msgs/srv/detail/sound__type_support.cpp.o[0m
[ 32%] [32mBuilding CXX object CMakeFiles/turtlebot3_msgs__rosidl_typesupport_introspection_cpp.dir/rosidl_typesupport_introspection_cpp/turtlebot3_msgs/msg/detail/sound__type_support.cpp.o[0m
[ 32%] [32mBuilding CXX object CMakeFiles/turtlebot3_msgs__rosidl_typesupport_introspection_cpp.dir/rosidl_typesupport_introspection_cpp/turtlebot3_msgs/msg/detail/sensor_state__type_support.cpp.o[0m
[ 33%] [32mBuilding CXX object CMakeFiles/turtlebot3_msgs__rosidl_typesupport_introspection_cpp.dir/rosidl_typesupport_introspection_cpp/turtlebot3_msgs/srv/detail/drl_step__type_support.cpp.o[0m
[ 34%] [32mBuilding CXX object CMakeFiles/turtlebot3_msgs__rosidl_typesupport_introspection_cpp.dir/rosidl_typesupport_introspection_cpp/turtlebot3_msgs/action/detail/patrol__type_support.cpp.o[0m
[ 36%] [32mBuilding CXX object CMakeFiles/turtlebot3_msgs__rosidl_typesupport_introspection_cpp.dir/rosidl_typesupport_introspection_cpp/turtlebot3_msgs/srv/detail/ring_goal__type_support.cpp.o[0m
[ 36%] [32mBuilding CXX object CMakeFiles/turtlebot3_msgs__rosidl_typesupport_introspection_cpp.dir/rosidl_typesupport_introspection_cpp/turtlebot3_msgs/srv/detail/goal__type_support.cpp.o[0m
[35m[1mScanning dependencies of target turtlebot3_msgs__rosidl_typesupport_fastrtps_cpp[0m
[ 41%] [32mBuilding CXX object CMakeFiles/turtlebot3_msgs__rosidl_typesupport_fastrtps_cpp.dir/rosidl_typesupport_fastrtps_cpp/turtlebot3_msgs/srv/detail/dds_fastrtps/sound__type_support.cpp.o[0m
[ 41%] [32mBuilding CXX object CMakeFiles/turtlebot3_msgs__rosidl_typesupport_fastrtps_cpp.dir/rosidl_typesupport_fastrtps_cpp/turtlebot3_msgs/msg/detail/dds_fastrtps/sensor_state__type_support.cpp.o[0m
[ 41%] [32mBuilding CXX object CMakeFiles/turtlebot3_msgs__rosidl_typesupport_fastrtps_cpp.dir/rosidl_typesupport_fastrtps_cpp/turtlebot3_msgs/msg/detail/dds_fastrtps/version_info__type_support.cpp.o[0m
[ 41%] [32mBuilding CXX object CMakeFiles/turtlebot3_msgs__rosidl_typesupport_fastrtps_cpp.dir/rosidl_typesupport_fastrtps_cpp/turtlebot3_msgs/msg/detail/dds_fastrtps/sound__type_support.cpp.o[0m
[ 42%] [32mBuilding CXX object CMakeFiles/turtlebot3_msgs__rosidl_typesupport_fastrtps_cpp.dir/rosidl_typesupport_fastrtps_cpp/turtlebot3_msgs/srv/detail/dds_fastrtps/goal__type_support.cpp.o[0m
[ 43%] [32mBuilding CXX object CMakeFiles/turtlebot3_msgs__rosidl_typesupport_fastrtps_cpp.dir/rosidl_typesupport_fastrtps_cpp/turtlebot3_msgs/srv/detail/dds_fastrtps/ring_goal__type_support.cpp.o[0m
[ 44%] [32mBuilding CXX object CMakeFiles/turtlebot3_msgs__rosidl_typesupport_fastrtps_cpp.dir/rosidl_typesupport_fastrtps_cpp/turtlebot3_msgs/srv/detail/dds_fastrtps/drl_step__type_support.cpp.o[0m
[35m[1mScanning dependencies of target turtlebot3_msgs__rosidl_typesupport_c[0m
[ 45%] [32mBuilding CXX object CMakeFiles/turtlebot3_msgs__rosidl_typesupport_c.dir/rosidl_typesupport_c/turtlebot3_msgs/msg/sensor_state__type_support.cpp.o[0m
[ 47%] [32mBuilding CXX object CMakeFiles/turtlebot3_msgs__rosidl_typesupport_fastrtps_cpp.dir/rosidl_typesupport_fastrtps_cpp/turtlebot3_msgs/action/detail/dds_fastrtps/patrol__type_support.cpp.o[0m
[ 48%] [32mBuilding CXX object CMakeFiles/turtlebot3_msgs__rosidl_typesupport_c.dir/rosidl_typesupport_c/turtlebot3_msgs/msg/sound__type_support.cpp.o[0m
[ 49%] [32mBuilding CXX object CMakeFiles/turtlebot3_msgs__rosidl_typesupport_c.dir/rosidl_typesupport_c/turtlebot3_msgs/msg/version_info__type_support.cpp.o[0m
[ 50%] [32mBuilding CXX object CMakeFiles/turtlebot3_msgs__rosidl_typesupport_c.dir/rosidl_typesupport_c/turtlebot3_msgs/srv/sound__type_support.cpp.o[0m
[ 51%] [32mBuilding CXX object CMakeFiles/turtlebot3_msgs__rosidl_typesupport_c.dir/rosidl_typesupport_c/turtlebot3_msgs/srv/drl_step__type_support.cpp.o[0m
[ 55%] [32mBuilding CXX object CMakeFiles/turtlebot3_msgs__rosidl_typesupport_c.dir/rosidl_typesupport_c/turtlebot3_msgs/action/patrol__type_support.cpp.o[0m
[ 55%] [32mBuilding CXX object CMakeFiles/turtlebot3_msgs__rosidl_typesupport_c.dir/rosidl_typesupport_c/turtlebot3_msgs/srv/goal__type_support.cpp.o[0m
[ 55%] [32mBuilding CXX object CMakeFiles/turtlebot3_msgs__rosidl_typesupport_c.dir/rosidl_typesupport_c/turtlebot3_msgs/srv/ring_goal__type_support.cpp.o[0m
[ 56%] [32m[1mLinking CXX shared library libturtlebot3_msgs__rosidl_typesupport_cpp.so[0m
[ 57%] [32m[1mLinking CXX shared library libturtlebot3_msgs__rosidl_typesupport_c.so[0m
[ 57%] Built target turtlebot3_msgs__rosidl_typesupport_cpp
[ 57%] Built target turtlebot3_msgs__rosidl_typesupport_c
[35m[1mScanning dependencies of target turtlebot3_msgs__rosidl_typesupport_introspection_c[0m
[ 58%] [32m[1mLinking CXX shared library libturtlebot3_msgs__rosidl_typesupport_introspection_cpp.so[0m
[ 60%] [32mBuilding C object CMakeFiles/turtlebot3_msgs__rosidl_typesupport_introspection_c.dir/rosidl_typesupport_introspection_c/turtlebot3_msgs/msg/detail/sound__type_support.c.o[0m
[ 60%] [32mBuilding C object CMakeFiles/turtlebot3_msgs__rosidl_typesupport_introspection_c.dir/rosidl_typesupport_introspection_c/turtlebot3_msgs/msg/detail/sensor_state__type_support.c.o[0m
[ 62%] [32mBuilding C object CMakeFiles/turtlebot3_msgs__rosidl_typesupport_introspection_c.dir/rosidl_typesupport_introspection_c/turtlebot3_msgs/srv/detail/drl_step__type_support.c.o[0m
[ 63%] [32mBuilding C object CMakeFiles/turtlebot3_msgs__rosidl_typesupport_introspection_c.dir/rosidl_typesupport_introspection_c/turtlebot3_msgs/srv/detail/ring_goal__type_support.c.o[0m
[ 65%] [32mBuilding C object CMakeFiles/turtlebot3_msgs__rosidl_typesupport_introspection_c.dir/rosidl_typesupport_introspection_c/turtlebot3_msgs/srv/detail/sound__type_support.c.o[0m
[ 65%] [32mBuilding C object CMakeFiles/turtlebot3_msgs__rosidl_typesupport_introspection_c.dir/rosidl_typesupport_introspection_c/turtlebot3_msgs/msg/detail/version_info__type_support.c.o[0m
[ 66%] [32mBuilding C object CMakeFiles/turtlebot3_msgs__rosidl_typesupport_introspection_c.dir/rosidl_typesupport_introspection_c/turtlebot3_msgs/srv/detail/goal__type_support.c.o[0m
[ 67%] [32mBuilding C object CMakeFiles/turtlebot3_msgs__rosidl_typesupport_introspection_c.dir/rosidl_typesupport_introspection_c/turtlebot3_msgs/action/detail/patrol__type_support.c.o[0m
[ 68%] [32m[1mLinking C shared library libturtlebot3_msgs__rosidl_typesupport_introspection_c.so[0m
[ 68%] Built target turtlebot3_msgs__rosidl_typesupport_introspection_c
[ 68%] Built target turtlebot3_msgs__rosidl_typesupport_introspection_cpp
[ 70%] [32m[1mLinking CXX shared library libturtlebot3_msgs__rosidl_typesupport_fastrtps_cpp.so[0m
[ 70%] Built target turtlebot3_msgs__rosidl_typesupport_fastrtps_cpp
[ 71%] [34m[1mGenerating C type support for eProsima Fast-RTPS[0m
[35m[1mScanning dependencies of target turtlebot3_msgs__rosidl_typesupport_fastrtps_c[0m
[ 74%] [32mBuilding CXX object CMakeFiles/turtlebot3_msgs__rosidl_typesupport_fastrtps_c.dir/rosidl_typesupport_fastrtps_c/turtlebot3_msgs/msg/detail/sound__type_support_c.cpp.o[0m
[ 74%] [32mBuilding CXX object CMakeFiles/turtlebot3_msgs__rosidl_typesupport_fastrtps_c.dir/rosidl_typesupport_fastrtps_c/turtlebot3_msgs/msg/detail/version_info__type_support_c.cpp.o[0m
[ 74%] [32mBuilding CXX object CMakeFiles/turtlebot3_msgs__rosidl_typesupport_fastrtps_c.dir/rosidl_typesupport_fastrtps_c/turtlebot3_msgs/msg/detail/sensor_state__type_support_c.cpp.o[0m
[ 75%] [32mBuilding CXX object CMakeFiles/turtlebot3_msgs__rosidl_typesupport_fastrtps_c.dir/rosidl_typesupport_fastrtps_c/turtlebot3_msgs/action/detail/patrol__type_support_c.cpp.o[0m
[ 78%] [32mBuilding CXX object CMakeFiles/turtlebot3_msgs__rosidl_typesupport_fastrtps_c.dir/rosidl_typesupport_fastrtps_c/turtlebot3_msgs/srv/detail/sound__type_support_c.cpp.o[0m
[ 78%] [32mBuilding CXX object CMakeFiles/turtlebot3_msgs__rosidl_typesupport_fastrtps_c.dir/rosidl_typesupport_fastrtps_c/turtlebot3_msgs/srv/detail/drl_step__type_support_c.cpp.o[0m
[ 80%] [32mBuilding CXX object CMakeFiles/turtlebot3_msgs__rosidl_typesupport_fastrtps_c.dir/rosidl_typesupport_fastrtps_c/turtlebot3_msgs/srv/detail/ring_goal__type_support_c.cpp.o[0m
[ 79%] [32mBuilding CXX object CMakeFiles/turtlebot3_msgs__rosidl_typesupport_fastrtps_c.dir/rosidl_typesupport_fastrtps_c/turtlebot3_msgs/srv/detail/goal__type_support_c.cpp.o[0m
[ 81%] [32m[1mLinking CXX shared library libturtlebot3_msgs__rosidl_typesupport_fastrtps_c.so[0m
[ 81%] Built target turtlebot3_msgs__rosidl_typesupport_fastrtps_c
[35m[1mScanning dependencies of target turtlebot3_msgs[0m
[ 81%] Built target turtlebot3_msgs
[35m[1mScanning dependencies of target turtlebot3_msgs__py[0m
[ 82%] [34m[1mGenerating Python code for ROS interfaces[0m
[ 82%] Built target turtlebot3_msgs__py
[35m[1mScanning dependencies of target turtlebot3_msgs__python[0m
[ 85%] [32mBuilding C object CMakeFiles/turtlebot3_msgs__python.dir/rosidl_generator_py/turtlebot3_msgs/msg/_sensor_state_s.c.o[0m
[ 85%] [32mBuilding C object CMakeFiles/turtlebot3_msgs__python.dir/rosidl_generator_py/turtlebot3_msgs/msg/_sound_s.c.o[0m
[ 86%] [32mBuilding C object CMakeFiles/turtlebot3_msgs__python.dir/rosidl_generator_py/turtlebot3_msgs/msg/_version_info_s.c.o[0m
[ 87%] [32mBuilding C object CMakeFiles/turtlebot3_msgs__python.dir/rosidl_generator_py/turtlebot3_msgs/srv/_sound_s.c.o[0m
[ 89%] [32mBuilding C object CMakeFiles/turtlebot3_msgs__python.dir/rosidl_generator_py/turtlebot3_msgs/srv/_drl_step_s.c.o[0m
[ 89%] [32mBuilding C object CMakeFiles/turtlebot3_msgs__python.dir/rosidl_generator_py/turtlebot3_msgs/srv/_goal_s.c.o[0m
[ 90%] [32mBuilding C object CMakeFiles/turtlebot3_msgs__python.dir/rosidl_generator_py/turtlebot3_msgs/srv/_ring_goal_s.c.o[0m
[ 91%] [32mBuilding C object CMakeFiles/turtlebot3_msgs__python.dir/rosidl_generator_py/turtlebot3_msgs/action/_patrol_s.c.o[0m
[ 93%] [32m[1mLinking C shared library rosidl_generator_py/turtlebot3_msgs/libturtlebot3_msgs__python.so[0m
[ 93%] Built target turtlebot3_msgs__python
[35m[1mScanning dependencies of target turtlebot3_msgs__rosidl_typesupport_c__pyext[0m
[35m[1mScanning dependencies of target turtlebot3_msgs__rosidl_typesupport_introspection_c__pyext[0m
[35m[1mScanning dependencies of target turtlebot3_msgs__rosidl_typesupport_fastrtps_c__pyext[0m
[ 94%] [32mBuilding C object CMakeFiles/turtlebot3_msgs__rosidl_typesupport_introspection_c__pyext.dir/rosidl_generator_py/turtlebot3_msgs/_turtlebot3_msgs_s.ep.rosidl_typesupport_introspection_c.c.o[0m
[ 95%] [32mBuilding C object CMakeFiles/turtlebot3_msgs__rosidl_typesupport_c__pyext.dir/rosidl_generator_py/turtlebot3_msgs/_turtlebot3_msgs_s.ep.rosidl_typesupport_c.c.o[0m
[ 96%] [32mBuilding C object CMakeFiles/turtlebot3_msgs__rosidl_typesupport_fastrtps_c__pyext.dir/rosidl_generator_py/turtlebot3_msgs/_turtlebot3_msgs_s.ep.rosidl_typesupport_fastrtps_c.c.o[0m
[ 97%] [32m[1mLinking C shared library rosidl_generator_py/turtlebot3_msgs/turtlebot3_msgs_s__rosidl_typesupport_introspection_c.cpython-38-x86_64-linux-gnu.so[0m
[ 98%] [32m[1mLinking C shared library rosidl_generator_py/turtlebot3_msgs/turtlebot3_msgs_s__rosidl_typesupport_c.cpython-38-x86_64-linux-gnu.so[0m
[100%] [32m[1mLinking CXX shared library rosidl_generator_py/turtlebot3_msgs/turtlebot3_msgs_s__rosidl_typesupport_fastrtps_c.cpython-38-x86_64-linux-gnu.so[0m
[100%] Built target turtlebot3_msgs__rosidl_typesupport_c__pyext
[100%] Built target turtlebot3_msgs__rosidl_typesupport_introspection_c__pyext
[100%] Built target turtlebot3_msgs__rosidl_typesupport_fastrtps_c__pyext
-- Install configuration: ""
-- Execute custom install script
-- Symlinking: /home/dmsgv1/vaeplusddpg/install/turtlebot3_msgs/share/ament_index/resource_index/rosidl_interfaces/turtlebot3_msgs
-- Symlinking: /home/dmsgv1/vaeplusddpg/install/turtlebot3_msgs/include/turtlebot3_msgs/action/detail/patrol__functions.h
-- Symlinking: /home/dmsgv1/vaeplusddpg/install/turtlebot3_msgs/include/turtlebot3_msgs/action/detail/patrol__struct.h
-- Symlinking: /home/dmsgv1/vaeplusddpg/install/turtlebot3_msgs/include/turtlebot3_msgs/action/detail/patrol__type_support.h
-- Symlinking: /home/dmsgv1/vaeplusddpg/install/turtlebot3_msgs/include/turtlebot3_msgs/action/patrol.h
-- Symlinking: /home/dmsgv1/vaeplusddpg/install/turtlebot3_msgs/include/turtlebot3_msgs/msg/detail/sensor_state__functions.h
-- Symlinking: /home/dmsgv1/vaeplusddpg/install/turtlebot3_msgs/include/turtlebot3_msgs/msg/detail/sensor_state__struct.h
-- Symlinking: /home/dmsgv1/vaeplusddpg/install/turtlebot3_msgs/include/turtlebot3_msgs/msg/detail/sensor_state__type_support.h
-- Symlinking: /home/dmsgv1/vaeplusddpg/install/turtlebot3_msgs/include/turtlebot3_msgs/msg/detail/sound__functions.h
-- Symlinking: /home/dmsgv1/vaeplusddpg/install/turtlebot3_msgs/include/turtlebot3_msgs/msg/detail/sound__struct.h
-- Symlinking: /home/dmsgv1/vaeplusddpg/install/turtlebot3_msgs/include/turtlebot3_msgs/msg/detail/sound__type_support.h
-- Symlinking: /home/dmsgv1/vaeplusddpg/install/turtlebot3_msgs/include/turtlebot3_msgs/msg/detail/version_info__functions.h
-- Symlinking: /home/dmsgv1/vaeplusddpg/install/turtlebot3_msgs/include/turtlebot3_msgs/msg/detail/version_info__struct.h
-- Symlinking: /home/dmsgv1/vaeplusddpg/install/turtlebot3_msgs/include/turtlebot3_msgs/msg/detail/version_info__type_support.h
-- Symlinking: /home/dmsgv1/vaeplusddpg/install/turtlebot3_msgs/include/turtlebot3_msgs/msg/rosidl_generator_c__visibility_control.h
-- Symlinking: /home/dmsgv1/vaeplusddpg/install/turtlebot3_msgs/include/turtlebot3_msgs/msg/sensor_state.h
-- Symlinking: /home/dmsgv1/vaeplusddpg/install/turtlebot3_msgs/include/turtlebot3_msgs/msg/sound.h
-- Symlinking: /home/dmsgv1/vaeplusddpg/install/turtlebot3_msgs/include/turtlebot3_msgs/msg/version_info.h
-- Symlinking: /home/dmsgv1/vaeplusddpg/install/turtlebot3_msgs/include/turtlebot3_msgs/srv/detail/drl_step__functions.h
-- Symlinking: /home/dmsgv1/vaeplusddpg/install/turtlebot3_msgs/include/turtlebot3_msgs/srv/detail/drl_step__struct.h
-- Symlinking: /home/dmsgv1/vaeplusddpg/install/turtlebot3_msgs/include/turtlebot3_msgs/srv/detail/drl_step__type_support.h
-- Symlinking: /home/dmsgv1/vaeplusddpg/install/turtlebot3_msgs/include/turtlebot3_msgs/srv/detail/goal__functions.h
-- Symlinking: /home/dmsgv1/vaeplusddpg/install/turtlebot3_msgs/include/turtlebot3_msgs/srv/detail/goal__struct.h
-- Symlinking: /home/dmsgv1/vaeplusddpg/install/turtlebot3_msgs/include/turtlebot3_msgs/srv/detail/goal__type_support.h
-- Symlinking: /home/dmsgv1/vaeplusddpg/install/turtlebot3_msgs/include/turtlebot3_msgs/srv/detail/ring_goal__functions.h
-- Symlinking: /home/dmsgv1/vaeplusddpg/install/turtlebot3_msgs/include/turtlebot3_msgs/srv/detail/ring_goal__struct.h
-- Symlinking: /home/dmsgv1/vaeplusddpg/install/turtlebot3_msgs/include/turtlebot3_msgs/srv/detail/ring_goal__type_support.h
-- Symlinking: /home/dmsgv1/vaeplusddpg/install/turtlebot3_msgs/include/turtlebot3_msgs/srv/detail/sound__functions.h
-- Symlinking: /home/dmsgv1/vaeplusddpg/install/turtlebot3_msgs/include/turtlebot3_msgs/srv/detail/sound__struct.h
-- Symlinking: /home/dmsgv1/vaeplusddpg/install/turtlebot3_msgs/include/turtlebot3_msgs/srv/detail/sound__type_support.h
-- Symlinking: /home/dmsgv1/vaeplusddpg/install/turtlebot3_msgs/include/turtlebot3_msgs/srv/drl_step.h
-- Symlinking: /home/dmsgv1/vaeplusddpg/install/turtlebot3_msgs/include/turtlebot3_msgs/srv/goal.h
-- Symlinking: /home/dmsgv1/vaeplusddpg/install/turtlebot3_msgs/include/turtlebot3_msgs/srv/ring_goal.h
-- Symlinking: /home/dmsgv1/vaeplusddpg/install/turtlebot3_msgs/include/turtlebot3_msgs/srv/sound.h
-- Symlinking: /home/dmsgv1/vaeplusddpg/install/turtlebot3_msgs/share/turtlebot3_msgs/environment/library_path.sh
-- Symlinking: /home/dmsgv1/vaeplusddpg/install/turtlebot3_msgs/share/turtlebot3_msgs/environment/library_path.dsv
-- Symlinking: /home/dmsgv1/vaeplusddpg/install/turtlebot3_msgs/include/turtlebot3_msgs/action/detail/patrol__rosidl_typesupport_fastrtps_c.h
-- Symlinking: /home/dmsgv1/vaeplusddpg/install/turtlebot3_msgs/include/turtlebot3_msgs/msg/detail/sensor_state__rosidl_typesupport_fastrtps_c.h
-- Symlinking: /home/dmsgv1/vaeplusddpg/install/turtlebot3_msgs/include/turtlebot3_msgs/msg/detail/sound__rosidl_typesupport_fastrtps_c.h
-- Symlinking: /home/dmsgv1/vaeplusddpg/install/turtlebot3_msgs/include/turtlebot3_msgs/msg/detail/version_info__rosidl_typesupport_fastrtps_c.h
-- Symlinking: /home/dmsgv1/vaeplusddpg/install/turtlebot3_msgs/include/turtlebot3_msgs/msg/rosidl_typesupport_fastrtps_c__visibility_control.h
-- Symlinking: /home/dmsgv1/vaeplusddpg/install/turtlebot3_msgs/include/turtlebot3_msgs/srv/detail/drl_step__rosidl_typesupport_fastrtps_c.h
-- Symlinking: /home/dmsgv1/vaeplusddpg/install/turtlebot3_msgs/include/turtlebot3_msgs/srv/detail/goal__rosidl_typesupport_fastrtps_c.h
-- Symlinking: /home/dmsgv1/vaeplusddpg/install/turtlebot3_msgs/include/turtlebot3_msgs/srv/detail/ring_goal__rosidl_typesupport_fastrtps_c.h
-- Symlinking: /home/dmsgv1/vaeplusddpg/install/turtlebot3_msgs/include/turtlebot3_msgs/srv/detail/sound__rosidl_typesupport_fastrtps_c.h
-- Symlinking: /home/dmsgv1/vaeplusddpg/install/turtlebot3_msgs/lib/libturtlebot3_msgs__rosidl_typesupport_fastrtps_c.so
-- Symlinking: /home/dmsgv1/vaeplusddpg/install/turtlebot3_msgs/include/turtlebot3_msgs/action/detail/patrol__rosidl_typesupport_fastrtps_cpp.hpp
-- Symlinking: /home/dmsgv1/vaeplusddpg/install/turtlebot3_msgs/include/turtlebot3_msgs/msg/detail/sensor_state__rosidl_typesupport_fastrtps_cpp.hpp
-- Symlinking: /home/dmsgv1/vaeplusddpg/install/turtlebot3_msgs/include/turtlebot3_msgs/msg/detail/sound__rosidl_typesupport_fastrtps_cpp.hpp
-- Symlinking: /home/dmsgv1/vaeplusddpg/install/turtlebot3_msgs/include/turtlebot3_msgs/msg/detail/version_info__rosidl_typesupport_fastrtps_cpp.hpp
-- Symlinking: /home/dmsgv1/vaeplusddpg/install/turtlebot3_msgs/include/turtlebot3_msgs/msg/rosidl_typesupport_fastrtps_cpp__visibility_control.h
-- Symlinking: /home/dmsgv1/vaeplusddpg/install/turtlebot3_msgs/include/turtlebot3_msgs/srv/detail/drl_step__rosidl_typesupport_fastrtps_cpp.hpp
-- Symlinking: /home/dmsgv1/vaeplusddpg/install/turtlebot3_msgs/include/turtlebot3_msgs/srv/detail/goal__rosidl_typesupport_fastrtps_cpp.hpp
-- Symlinking: /home/dmsgv1/vaeplusddpg/install/turtlebot3_msgs/include/turtlebot3_msgs/srv/detail/ring_goal__rosidl_typesupport_fastrtps_cpp.hpp
-- Symlinking: /home/dmsgv1/vaeplusddpg/install/turtlebot3_msgs/include/turtlebot3_msgs/srv/detail/sound__rosidl_typesupport_fastrtps_cpp.hpp
-- Symlinking: /home/dmsgv1/vaeplusddpg/install/turtlebot3_msgs/lib/libturtlebot3_msgs__rosidl_typesupport_fastrtps_cpp.so
-- Symlinking: /home/dmsgv1/vaeplusddpg/install/turtlebot3_msgs/include/turtlebot3_msgs/action/detail/patrol__rosidl_typesupport_introspection_c.h
-- Symlinking: /home/dmsgv1/vaeplusddpg/install/turtlebot3_msgs/include/turtlebot3_msgs/msg/detail/sensor_state__rosidl_typesupport_introspection_c.h
-- Symlinking: /home/dmsgv1/vaeplusddpg/install/turtlebot3_msgs/include/turtlebot3_msgs/msg/detail/sound__rosidl_typesupport_introspection_c.h
-- Symlinking: /home/dmsgv1/vaeplusddpg/install/turtlebot3_msgs/include/turtlebot3_msgs/msg/detail/version_info__rosidl_typesupport_introspection_c.h
-- Symlinking: /home/dmsgv1/vaeplusddpg/install/turtlebot3_msgs/include/turtlebot3_msgs/msg/rosidl_typesupport_introspection_c__visibility_control.h
-- Symlinking: /home/dmsgv1/vaeplusddpg/install/turtlebot3_msgs/include/turtlebot3_msgs/srv/detail/drl_step__rosidl_typesupport_introspection_c.h
-- Symlinking: /home/dmsgv1/vaeplusddpg/install/turtlebot3_msgs/include/turtlebot3_msgs/srv/detail/goal__rosidl_typesupport_introspection_c.h
-- Symlinking: /home/dmsgv1/vaeplusddpg/install/turtlebot3_msgs/include/turtlebot3_msgs/srv/detail/ring_goal__rosidl_typesupport_introspection_c.h
-- Symlinking: /home/dmsgv1/vaeplusddpg/install/turtlebot3_msgs/include/turtlebot3_msgs/srv/detail/sound__rosidl_typesupport_introspection_c.h
-- Symlinking: /home/dmsgv1/vaeplusddpg/install/turtlebot3_msgs/include/turtlebot3_msgs/action/detail/patrol__builder.hpp
-- Symlinking: /home/dmsgv1/vaeplusddpg/install/turtlebot3_msgs/include/turtlebot3_msgs/action/detail/patrol__struct.hpp
-- Symlinking: /home/dmsgv1/vaeplusddpg/install/turtlebot3_msgs/include/turtlebot3_msgs/action/detail/patrol__traits.hpp
-- Symlinking: /home/dmsgv1/vaeplusddpg/install/turtlebot3_msgs/include/turtlebot3_msgs/action/detail/patrol__type_support.hpp
-- Symlinking: /home/dmsgv1/vaeplusddpg/install/turtlebot3_msgs/include/turtlebot3_msgs/action/patrol.hpp
-- Symlinking: /home/dmsgv1/vaeplusddpg/install/turtlebot3_msgs/include/turtlebot3_msgs/msg/detail/sensor_state__builder.hpp
-- Symlinking: /home/dmsgv1/vaeplusddpg/install/turtlebot3_msgs/include/turtlebot3_msgs/msg/detail/sensor_state__struct.hpp
-- Symlinking: /home/dmsgv1/vaeplusddpg/install/turtlebot3_msgs/include/turtlebot3_msgs/msg/detail/sensor_state__traits.hpp
-- Symlinking: /home/dmsgv1/vaeplusddpg/install/turtlebot3_msgs/include/turtlebot3_msgs/msg/detail/sensor_state__type_support.hpp
-- Symlinking: /home/dmsgv1/vaeplusddpg/install/turtlebot3_msgs/include/turtlebot3_msgs/msg/detail/sound__builder.hpp
-- Symlinking: /home/dmsgv1/vaeplusddpg/install/turtlebot3_msgs/include/turtlebot3_msgs/msg/detail/sound__struct.hpp
-- Symlinking: /home/dmsgv1/vaeplusddpg/install/turtlebot3_msgs/include/turtlebot3_msgs/msg/detail/sound__traits.hpp
-- Symlinking: /home/dmsgv1/vaeplusddpg/install/turtlebot3_msgs/include/turtlebot3_msgs/msg/detail/sound__type_support.hpp
-- Symlinking: /home/dmsgv1/vaeplusddpg/install/turtlebot3_msgs/include/turtlebot3_msgs/msg/detail/version_info__builder.hpp
-- Symlinking: /home/dmsgv1/vaeplusddpg/install/turtlebot3_msgs/include/turtlebot3_msgs/msg/detail/version_info__struct.hpp
-- Symlinking: /home/dmsgv1/vaeplusddpg/install/turtlebot3_msgs/include/turtlebot3_msgs/msg/detail/version_info__traits.hpp
-- Symlinking: /home/dmsgv1/vaeplusddpg/install/turtlebot3_msgs/include/turtlebot3_msgs/msg/detail/version_info__type_support.hpp
-- Symlinking: /home/dmsgv1/vaeplusddpg/install/turtlebot3_msgs/include/turtlebot3_msgs/msg/rosidl_generator_cpp__visibility_control.hpp
-- Symlinking: /home/dmsgv1/vaeplusddpg/install/turtlebot3_msgs/include/turtlebot3_msgs/msg/sensor_state.hpp
-- Symlinking: /home/dmsgv1/vaeplusddpg/install/turtlebot3_msgs/include/turtlebot3_msgs/msg/sound.hpp
-- Symlinking: /home/dmsgv1/vaeplusddpg/install/turtlebot3_msgs/include/turtlebot3_msgs/msg/version_info.hpp
-- Symlinking: /home/dmsgv1/vaeplusddpg/install/turtlebot3_msgs/include/turtlebot3_msgs/srv/detail/drl_step__builder.hpp
-- Symlinking: /home/dmsgv1/vaeplusddpg/install/turtlebot3_msgs/include/turtlebot3_msgs/srv/detail/drl_step__struct.hpp
-- Symlinking: /home/dmsgv1/vaeplusddpg/install/turtlebot3_msgs/include/turtlebot3_msgs/srv/detail/drl_step__traits.hpp
-- Symlinking: /home/dmsgv1/vaeplusddpg/install/turtlebot3_msgs/include/turtlebot3_msgs/srv/detail/drl_step__type_support.hpp
-- Symlinking: /home/dmsgv1/vaeplusddpg/install/turtlebot3_msgs/include/turtlebot3_msgs/srv/detail/goal__builder.hpp
-- Symlinking: /home/dmsgv1/vaeplusddpg/install/turtlebot3_msgs/include/turtlebot3_msgs/srv/detail/goal__struct.hpp
-- Symlinking: /home/dmsgv1/vaeplusddpg/install/turtlebot3_msgs/include/turtlebot3_msgs/srv/detail/goal__traits.hpp
-- Symlinking: /home/dmsgv1/vaeplusddpg/install/turtlebot3_msgs/include/turtlebot3_msgs/srv/detail/goal__type_support.hpp
-- Symlinking: /home/dmsgv1/vaeplusddpg/install/turtlebot3_msgs/include/turtlebot3_msgs/srv/detail/ring_goal__builder.hpp
-- Symlinking: /home/dmsgv1/vaeplusddpg/install/turtlebot3_msgs/include/turtlebot3_msgs/srv/detail/ring_goal__struct.hpp
-- Symlinking: /home/dmsgv1/vaeplusddpg/install/turtlebot3_msgs/include/turtlebot3_msgs/srv/detail/ring_goal__traits.hpp
-- Symlinking: /home/dmsgv1/vaeplusddpg/install/turtlebot3_msgs/include/turtlebot3_msgs/srv/detail/ring_goal__type_support.hpp
-- Symlinking: /home/dmsgv1/vaeplusddpg/install/turtlebot3_msgs/include/turtlebot3_msgs/srv/detail/sound__builder.hpp
-- Symlinking: /home/dmsgv1/vaeplusddpg/install/turtlebot3_msgs/include/turtlebot3_msgs/srv/detail/sound__struct.hpp
-- Symlinking: /home/dmsgv1/vaeplusddpg/install/turtlebot3_msgs/include/turtlebot3_msgs/srv/detail/sound__traits.hpp
-- Symlinking: /home/dmsgv1/vaeplusddpg/install/turtlebot3_msgs/include/turtlebot3_msgs/srv/detail/sound__type_support.hpp
-- Symlinking: /home/dmsgv1/vaeplusddpg/install/turtlebot3_msgs/include/turtlebot3_msgs/srv/drl_step.hpp
-- Symlinking: /home/dmsgv1/vaeplusddpg/install/turtlebot3_msgs/include/turtlebot3_msgs/srv/goal.hpp
-- Symlinking: /home/dmsgv1/vaeplusddpg/install/turtlebot3_msgs/include/turtlebot3_msgs/srv/ring_goal.hpp
-- Symlinking: /home/dmsgv1/vaeplusddpg/install/turtlebot3_msgs/include/turtlebot3_msgs/srv/sound.hpp
-- Symlinking: /home/dmsgv1/vaeplusddpg/install/turtlebot3_msgs/include/turtlebot3_msgs/action/detail/patrol__rosidl_typesupport_introspection_cpp.hpp
-- Symlinking: /home/dmsgv1/vaeplusddpg/install/turtlebot3_msgs/include/turtlebot3_msgs/msg/detail/sensor_state__rosidl_typesupport_introspection_cpp.hpp
-- Symlinking: /home/dmsgv1/vaeplusddpg/install/turtlebot3_msgs/include/turtlebot3_msgs/msg/detail/sound__rosidl_typesupport_introspection_cpp.hpp
-- Symlinking: /home/dmsgv1/vaeplusddpg/install/turtlebot3_msgs/include/turtlebot3_msgs/msg/detail/version_info__rosidl_typesupport_introspection_cpp.hpp
-- Symlinking: /home/dmsgv1/vaeplusddpg/install/turtlebot3_msgs/include/turtlebot3_msgs/srv/detail/drl_step__rosidl_typesupport_introspection_cpp.hpp
-- Symlinking: /home/dmsgv1/vaeplusddpg/install/turtlebot3_msgs/include/turtlebot3_msgs/srv/detail/goal__rosidl_typesupport_introspection_cpp.hpp
-- Symlinking: /home/dmsgv1/vaeplusddpg/install/turtlebot3_msgs/include/turtlebot3_msgs/srv/detail/ring_goal__rosidl_typesupport_introspection_cpp.hpp
-- Symlinking: /home/dmsgv1/vaeplusddpg/install/turtlebot3_msgs/include/turtlebot3_msgs/srv/detail/sound__rosidl_typesupport_introspection_cpp.hpp
-- Symlinking: /home/dmsgv1/vaeplusddpg/install/turtlebot3_msgs/share/turtlebot3_msgs/environment/pythonpath.sh
-- Symlinking: /home/dmsgv1/vaeplusddpg/install/turtlebot3_msgs/share/turtlebot3_msgs/environment/pythonpath.dsv
-- Symlinking: /home/dmsgv1/vaeplusddpg/install/turtlebot3_msgs/lib/python3.8/site-packages/turtlebot3_msgs/__init__.py
-- Symlinking: /home/dmsgv1/vaeplusddpg/install/turtlebot3_msgs/lib/python3.8/site-packages/turtlebot3_msgs/msg/__init__.py
-- Symlinking: /home/dmsgv1/vaeplusddpg/install/turtlebot3_msgs/lib/python3.8/site-packages/turtlebot3_msgs/msg/_sensor_state.py
-- Symlinking: /home/dmsgv1/vaeplusddpg/install/turtlebot3_msgs/lib/python3.8/site-packages/turtlebot3_msgs/msg/_sound.py
-- Symlinking: /home/dmsgv1/vaeplusddpg/install/turtlebot3_msgs/lib/python3.8/site-packages/turtlebot3_msgs/msg/_version_info.py
-- Symlinking: /home/dmsgv1/vaeplusddpg/install/turtlebot3_msgs/lib/python3.8/site-packages/turtlebot3_msgs/srv/__init__.py
-- Symlinking: /home/dmsgv1/vaeplusddpg/install/turtlebot3_msgs/lib/python3.8/site-packages/turtlebot3_msgs/srv/_drl_step.py
-- Symlinking: /home/dmsgv1/vaeplusddpg/install/turtlebot3_msgs/lib/python3.8/site-packages/turtlebot3_msgs/srv/_goal.py
-- Symlinking: /home/dmsgv1/vaeplusddpg/install/turtlebot3_msgs/lib/python3.8/site-packages/turtlebot3_msgs/srv/_ring_goal.py
-- Symlinking: /home/dmsgv1/vaeplusddpg/install/turtlebot3_msgs/lib/python3.8/site-packages/turtlebot3_msgs/srv/_sound.py
-- Symlinking: /home/dmsgv1/vaeplusddpg/install/turtlebot3_msgs/lib/python3.8/site-packages/turtlebot3_msgs/action/__init__.py
-- Symlinking: /home/dmsgv1/vaeplusddpg/install/turtlebot3_msgs/lib/python3.8/site-packages/turtlebot3_msgs/action/_patrol.py
-- Symlinking: /home/dmsgv1/vaeplusddpg/install/turtlebot3_msgs/lib/python3.8/site-packages/turtlebot3_msgs/turtlebot3_msgs_s__rosidl_typesupport_fastrtps_c.cpython-38-x86_64-linux-gnu.so
-- Symlinking: /home/dmsgv1/vaeplusddpg/install/turtlebot3_msgs/lib/python3.8/site-packages/turtlebot3_msgs/turtlebot3_msgs_s__rosidl_typesupport_introspection_c.cpython-38-x86_64-linux-gnu.so
-- Symlinking: /home/dmsgv1/vaeplusddpg/install/turtlebot3_msgs/lib/python3.8/site-packages/turtlebot3_msgs/turtlebot3_msgs_s__rosidl_typesupport_c.cpython-38-x86_64-linux-gnu.so
-- Symlinking: /home/dmsgv1/vaeplusddpg/install/turtlebot3_msgs/lib/libturtlebot3_msgs__python.so
-- Symlinking: /home/dmsgv1/vaeplusddpg/install/turtlebot3_msgs/share/turtlebot3_msgs/msg/SensorState.idl
-- Symlinking: /home/dmsgv1/vaeplusddpg/install/turtlebot3_msgs/share/turtlebot3_msgs/msg/Sound.idl
-- Symlinking: /home/dmsgv1/vaeplusddpg/install/turtlebot3_msgs/share/turtlebot3_msgs/msg/VersionInfo.idl
-- Symlinking: /home/dmsgv1/vaeplusddpg/install/turtlebot3_msgs/share/turtlebot3_msgs/srv/Sound.idl
-- Symlinking: /home/dmsgv1/vaeplusddpg/install/turtlebot3_msgs/share/turtlebot3_msgs/srv/DrlStep.idl
-- Symlinking: /home/dmsgv1/vaeplusddpg/install/turtlebot3_msgs/share/turtlebot3_msgs/srv/Goal.idl
-- Symlinking: /home/dmsgv1/vaeplusddpg/install/turtlebot3_msgs/share/turtlebot3_msgs/srv/RingGoal.idl
-- Symlinking: /home/dmsgv1/vaeplusddpg/install/turtlebot3_msgs/share/turtlebot3_msgs/action/Patrol.idl
-- Symlinking: /home/dmsgv1/vaeplusddpg/install/turtlebot3_msgs/share/turtlebot3_msgs/msg/SensorState.msg
-- Symlinking: /home/dmsgv1/vaeplusddpg/install/turtlebot3_msgs/share/turtlebot3_msgs/msg/Sound.msg
-- Symlinking: /home/dmsgv1/vaeplusddpg/install/turtlebot3_msgs/share/turtlebot3_msgs/msg/VersionInfo.msg
-- Symlinking: /home/dmsgv1/vaeplusddpg/install/turtlebot3_msgs/share/turtlebot3_msgs/srv/Sound.srv
-- Symlinking: /home/dmsgv1/vaeplusddpg/install/turtlebot3_msgs/share/turtlebot3_msgs/srv/Sound_Request.msg
-- Symlinking: /home/dmsgv1/vaeplusddpg/install/turtlebot3_msgs/share/turtlebot3_msgs/srv/Sound_Response.msg
-- Symlinking: /home/dmsgv1/vaeplusddpg/install/turtlebot3_msgs/share/turtlebot3_msgs/srv/DrlStep.srv
-- Symlinking: /home/dmsgv1/vaeplusddpg/install/turtlebot3_msgs/share/turtlebot3_msgs/srv/DrlStep_Request.msg
-- Symlinking: /home/dmsgv1/vaeplusddpg/install/turtlebot3_msgs/share/turtlebot3_msgs/srv/DrlStep_Response.msg
-- Symlinking: /home/dmsgv1/vaeplusddpg/install/turtlebot3_msgs/share/turtlebot3_msgs/srv/Goal.srv
-- Symlinking: /home/dmsgv1/vaeplusddpg/install/turtlebot3_msgs/share/turtlebot3_msgs/srv/Goal_Request.msg
-- Symlinking: /home/dmsgv1/vaeplusddpg/install/turtlebot3_msgs/share/turtlebot3_msgs/srv/Goal_Response.msg
-- Symlinking: /home/dmsgv1/vaeplusddpg/install/turtlebot3_msgs/share/turtlebot3_msgs/srv/RingGoal.srv
-- Symlinking: /home/dmsgv1/vaeplusddpg/install/turtlebot3_msgs/share/turtlebot3_msgs/srv/RingGoal_Request.msg
-- Symlinking: /home/dmsgv1/vaeplusddpg/install/turtlebot3_msgs/share/turtlebot3_msgs/srv/RingGoal_Response.msg
-- Symlinking: /home/dmsgv1/vaeplusddpg/install/turtlebot3_msgs/share/turtlebot3_msgs/action/Patrol.action
-- Symlinking: /home/dmsgv1/vaeplusddpg/install/turtlebot3_msgs/share/ament_index/resource_index/package_run_dependencies/turtlebot3_msgs
-- Symlinking: /home/dmsgv1/vaeplusddpg/install/turtlebot3_msgs/share/ament_index/resource_index/parent_prefix_path/turtlebot3_msgs
-- Symlinking: /home/dmsgv1/vaeplusddpg/install/turtlebot3_msgs/share/turtlebot3_msgs/environment/ament_prefix_path.sh
-- Symlinking: /home/dmsgv1/vaeplusddpg/install/turtlebot3_msgs/share/turtlebot3_msgs/environment/ament_prefix_path.dsv
-- Symlinking: /home/dmsgv1/vaeplusddpg/install/turtlebot3_msgs/share/turtlebot3_msgs/environment/path.sh
-- Symlinking: /home/dmsgv1/vaeplusddpg/install/turtlebot3_msgs/share/turtlebot3_msgs/environment/path.dsv
-- Symlinking: /home/dmsgv1/vaeplusddpg/install/turtlebot3_msgs/share/turtlebot3_msgs/local_setup.bash
-- Symlinking: /home/dmsgv1/vaeplusddpg/install/turtlebot3_msgs/share/turtlebot3_msgs/local_setup.sh
-- Symlinking: /home/dmsgv1/vaeplusddpg/install/turtlebot3_msgs/share/turtlebot3_msgs/local_setup.zsh
-- Symlinking: /home/dmsgv1/vaeplusddpg/install/turtlebot3_msgs/share/turtlebot3_msgs/local_setup.dsv
-- Symlinking: /home/dmsgv1/vaeplusddpg/install/turtlebot3_msgs/share/turtlebot3_msgs/package.dsv
-- Symlinking: /home/dmsgv1/vaeplusddpg/install/turtlebot3_msgs/share/ament_index/resource_index/packages/turtlebot3_msgs
-- Symlinking: /home/dmsgv1/vaeplusddpg/install/turtlebot3_msgs/share/turtlebot3_msgs/cmake/rosidl_cmake-extras.cmake
-- Symlinking: /home/dmsgv1/vaeplusddpg/install/turtlebot3_msgs/share/turtlebot3_msgs/cmake/ament_cmake_export_dependencies-extras.cmake
-- Symlinking: /home/dmsgv1/vaeplusddpg/install/turtlebot3_msgs/share/turtlebot3_msgs/cmake/ament_cmake_export_libraries-extras.cmake
-- Symlinking: /home/dmsgv1/vaeplusddpg/install/turtlebot3_msgs/share/turtlebot3_msgs/cmake/ament_cmake_export_targets-extras.cmake
-- Symlinking: /home/dmsgv1/vaeplusddpg/install/turtlebot3_msgs/share/turtlebot3_msgs/cmake/ament_cmake_export_include_directories-extras.cmake
-- Symlinking: /home/dmsgv1/vaeplusddpg/install/turtlebot3_msgs/share/turtlebot3_msgs/cmake/rosidl_cmake_export_typesupport_libraries-extras.cmake
-- Symlinking: /home/dmsgv1/vaeplusddpg/install/turtlebot3_msgs/share/turtlebot3_msgs/cmake/rosidl_cmake_export_typesupport_targets-extras.cmake
-- Symlinking: /home/dmsgv1/vaeplusddpg/install/turtlebot3_msgs/share/turtlebot3_msgs/cmake/turtlebot3_msgsConfig.cmake
-- Symlinking: /home/dmsgv1/vaeplusddpg/install/turtlebot3_msgs/share/turtlebot3_msgs/cmake/turtlebot3_msgsConfig-version.cmake
-- Symlinking: /home/dmsgv1/vaeplusddpg/install/turtlebot3_msgs/share/turtlebot3_msgs/package.xml
-- Installing: /home/dmsgv1/vaeplusddpg/install/turtlebot3_msgs/lib/libturtlebot3_msgs__rosidl_generator_c.so
-- Set runtime path of "/home/dmsgv1/vaeplusddpg/install/turtlebot3_msgs/lib/libturtlebot3_msgs__rosidl_generator_c.so" to ""
-- Installing: /home/dmsgv1/vaeplusddpg/install/turtlebot3_msgs/lib/libturtlebot3_msgs__rosidl_typesupport_introspection_c.so
-- Set runtime path of "/home/dmsgv1/vaeplusddpg/install/turtlebot3_msgs/lib/libturtlebot3_msgs__rosidl_typesupport_introspection_c.so" to ""
-- Installing: /home/dmsgv1/vaeplusddpg/install/turtlebot3_msgs/lib/libturtlebot3_msgs__rosidl_typesupport_c.so
-- Set runtime path of "/home/dmsgv1/vaeplusddpg/install/turtlebot3_msgs/lib/libturtlebot3_msgs__rosidl_typesupport_c.so" to ""
-- Installing: /home/dmsgv1/vaeplusddpg/install/turtlebot3_msgs/lib/libturtlebot3_msgs__rosidl_typesupport_introspection_cpp.so
-- Set runtime path of "/home/dmsgv1/vaeplusddpg/install/turtlebot3_msgs/lib/libturtlebot3_msgs__rosidl_typesupport_introspection_cpp.so" to ""
-- Installing: /home/dmsgv1/vaeplusddpg/install/turtlebot3_msgs/lib/libturtlebot3_msgs__rosidl_typesupport_cpp.so
-- Set runtime path of "/home/dmsgv1/vaeplusddpg/install/turtlebot3_msgs/lib/libturtlebot3_msgs__rosidl_typesupport_cpp.so" to ""
Compiling '/home/dmsgv1/vaeplusddpg/install/turtlebot3_msgs/lib/python3.8/site-packages/turtlebot3_msgs/__init__.py'...
-- Installing: /home/dmsgv1/vaeplusddpg/install/turtlebot3_msgs/share/turtlebot3_msgs/cmake/turtlebot3_msgs__rosidl_generator_cExport.cmake
-- Installing: /home/dmsgv1/vaeplusddpg/install/turtlebot3_msgs/share/turtlebot3_msgs/cmake/turtlebot3_msgs__rosidl_generator_cExport-noconfig.cmake
-- Installing: /home/dmsgv1/vaeplusddpg/install/turtlebot3_msgs/share/turtlebot3_msgs/cmake/turtlebot3_msgs__rosidl_typesupport_introspection_cExport.cmake
-- Installing: /home/dmsgv1/vaeplusddpg/install/turtlebot3_msgs/share/turtlebot3_msgs/cmake/turtlebot3_msgs__rosidl_typesupport_introspection_cExport-noconfig.cmake
-- Installing: /home/dmsgv1/vaeplusddpg/install/turtlebot3_msgs/share/turtlebot3_msgs/cmake/turtlebot3_msgs__rosidl_typesupport_cExport.cmake
-- Installing: /home/dmsgv1/vaeplusddpg/install/turtlebot3_msgs/share/turtlebot3_msgs/cmake/turtlebot3_msgs__rosidl_typesupport_cExport-noconfig.cmake
-- Installing: /home/dmsgv1/vaeplusddpg/install/turtlebot3_msgs/share/turtlebot3_msgs/cmake/turtlebot3_msgs__rosidl_generator_cppExport.cmake
-- Installing: /home/dmsgv1/vaeplusddpg/install/turtlebot3_msgs/share/turtlebot3_msgs/cmake/turtlebot3_msgs__rosidl_typesupport_introspection_cppExport.cmake
-- Installing: /home/dmsgv1/vaeplusddpg/install/turtlebot3_msgs/share/turtlebot3_msgs/cmake/turtlebot3_msgs__rosidl_typesupport_introspection_cppExport-noconfig.cmake
-- Installing: /home/dmsgv1/vaeplusddpg/install/turtlebot3_msgs/share/turtlebot3_msgs/cmake/turtlebot3_msgs__rosidl_typesupport_cppExport.cmake
-- Installing: /home/dmsgv1/vaeplusddpg/install/turtlebot3_msgs/share/turtlebot3_msgs/cmake/turtlebot3_msgs__rosidl_typesupport_cppExport-noconfig.cmake
