[0.010s] Invoking command in '/home/dmsgv1/vaeplusddpg/build/turtlebot3_msgs': CMAKE_PREFIX_PATH=${CMAKE_PREFIX_PATH}:/home/dmsgv1/VAEplusDDPG/install/turtlebot3_drl:/opt/ros/foxy /bin/cmake /home/dmsgv1/vaeplusddpg/src/turtlebot3_msgs -DAMENT_CMAKE_SYMLINK_INSTALL=1 -DCMAKE_INSTALL_PREFIX=/home/dmsgv1/vaeplusddpg/install/turtlebot3_msgs
[0.033s] -- The C compiler identification is GNU 9.4.0
[0.056s] -- The CXX compiler identification is GNU 9.4.0
[0.058s] -- Check for working C compiler: /bin/cc
[0.087s] -- Check for working C compiler: /bin/cc -- works
[0.087s] -- Detecting C compiler ABI info
[0.116s] -- Detecting C compiler ABI info - done
[0.122s] -- Detecting C compile features
[0.122s] -- Detecting C compile features - done
[0.123s] -- Check for working CXX compiler: /bin/c++
[0.156s] -- Check for working CXX compiler: /bin/c++ -- works
[0.156s] -- Detecting CXX compiler ABI info
[0.189s] -- Detecting CXX compiler ABI info - done
[0.194s] -- Detecting CXX compile features
[0.195s] -- Detecting CXX compile features - done
[0.196s] -- Found action_msgs: 1.0.0 (/opt/ros/foxy/share/action_msgs/cmake)
[0.206s] -- Found PythonInterp: /bin/python3 (found suitable version "3.8.10", minimum required is "3") 
[0.206s] -- Using PYTHON_EXECUTABLE: /bin/python3
[0.278s] -- Override CMake install command with custom implementation using symlinks instead of copying resources
[0.301s] -- Using all available rosidl_typesupport_c: rosidl_typesupport_fastrtps_c;rosidl_typesupport_introspection_c
[0.304s] -- Found rosidl_adapter: 1.3.1 (/opt/ros/foxy/share/rosidl_adapter/cmake)
[0.335s] -- Found OpenSSL: /usr/lib/x86_64-linux-gnu/libcrypto.so (found version "1.1.1f")  
[0.348s] -- Found FastRTPS: /opt/ros/foxy/include  
[0.383s] -- Using all available rosidl_typesupport_cpp: rosidl_typesupport_fastrtps_cpp;rosidl_typesupport_introspection_cpp
[0.414s] -- Found rosidl_default_generators: 1.0.1 (/opt/ros/foxy/share/rosidl_default_generators/cmake)
[0.419s] -- Found std_msgs: 2.0.5 (/opt/ros/foxy/share/std_msgs/cmake)
[0.437s] -- Found PythonInterp: /bin/python3 (found version "3.8.10") 
[0.528s] -- Found ament_cmake_cppcheck: 0.9.8 (/opt/ros/foxy/share/ament_cmake_cppcheck/cmake)
[0.528s] -- Found ament_cmake_cpplint: 0.9.8 (/opt/ros/foxy/share/ament_cmake_cpplint/cmake)
[0.529s] -- Found ament_cmake_uncrustify: 0.9.8 (/opt/ros/foxy/share/ament_cmake_uncrustify/cmake)
[0.530s] -- Found ament_cmake_ros: 0.9.2 (/opt/ros/foxy/share/ament_cmake_ros/cmake)
[0.617s] -- Using all available rosidl_typesupport_c: rosidl_typesupport_fastrtps_c;rosidl_typesupport_introspection_c
[0.650s] -- Using all available rosidl_typesupport_cpp: rosidl_typesupport_fastrtps_cpp;rosidl_typesupport_introspection_cpp
[0.663s] -- Found PythonInterp: /bin/python3 (found suitable version "3.8.10", minimum required is "3.5") 
[0.664s] -- Found python_cmake_module: 0.8.1 (/opt/ros/foxy/share/python_cmake_module/cmake)
[0.676s] -- Found PythonLibs: /usr/lib/x86_64-linux-gnu/libpython3.8.so (found suitable version "3.8.10", minimum required is "3.5") 
[0.676s] -- Using PYTHON_EXECUTABLE: /bin/python3
[0.676s] -- Using PYTHON_INCLUDE_DIRS: /usr/include/python3.8
[0.676s] -- Using PYTHON_LIBRARIES: /usr/lib/x86_64-linux-gnu/libpython3.8.so
[0.686s] -- Found PythonExtra: .so  
[0.720s] -- Found ament_cmake_flake8: 0.9.8 (/opt/ros/foxy/share/ament_cmake_flake8/cmake)
[0.721s] -- Found ament_cmake_pep257: 0.9.8 (/opt/ros/foxy/share/ament_cmake_pep257/cmake)
[0.728s] -- Configuring done
[0.757s] -- Generating done
[0.758s] -- Build files have been written to: /home/dmsgv1/vaeplusddpg/build/turtlebot3_msgs
[0.764s] Invoked command in '/home/dmsgv1/vaeplusddpg/build/turtlebot3_msgs' returned '0': CMAKE_PREFIX_PATH=${CMAKE_PREFIX_PATH}:/home/dmsgv1/VAEplusDDPG/install/turtlebot3_drl:/opt/ros/foxy /bin/cmake /home/dmsgv1/vaeplusddpg/src/turtlebot3_msgs -DAMENT_CMAKE_SYMLINK_INSTALL=1 -DCMAKE_INSTALL_PREFIX=/home/dmsgv1/vaeplusddpg/install/turtlebot3_msgs
[0.764s] Invoking command in '/home/dmsgv1/vaeplusddpg/build/turtlebot3_msgs': CMAKE_PREFIX_PATH=${CMAKE_PREFIX_PATH}:/home/dmsgv1/VAEplusDDPG/install/turtlebot3_drl:/opt/ros/foxy /bin/cmake --build /home/dmsgv1/vaeplusddpg/build/turtlebot3_msgs -- -j28 -l28
[0.782s] [35m[1mScanning dependencies of target turtlebot3_msgs__cpp[0m
[0.782s] [  1%] [34m[1mGenerating C code for ROS interfaces[0m
[0.786s] [  2%] [34m[1mGenerating C++ code for ROS interfaces[0m
[1.153s] [  2%] Built target turtlebot3_msgs__cpp
[1.158s] [  3%] [34m[1mGenerating C++ type support dispatch for ROS interfaces[0m
[1.158s] [  4%] [34m[1mGenerating C++ type support for eProsima Fast-RTPS[0m
[1.158s] [  5%] [34m[1mGenerating C++ introspection for ROS interfaces[0m
[1.179s] [35m[1mScanning dependencies of target turtlebot3_msgs__rosidl_generator_c[0m
[1.186s] [  6%] [32mBuilding C object CMakeFiles/turtlebot3_msgs__rosidl_generator_c.dir/rosidl_generator_c/turtlebot3_msgs/msg/detail/sensor_state__functions.c.o[0m
[1.186s] [  8%] [32mBuilding C object CMakeFiles/turtlebot3_msgs__rosidl_generator_c.dir/rosidl_generator_c/turtlebot3_msgs/msg/detail/sound__functions.c.o[0m
[1.186s] [  9%] [32mBuilding C object CMakeFiles/turtlebot3_msgs__rosidl_generator_c.dir/rosidl_generator_c/turtlebot3_msgs/msg/detail/version_info__functions.c.o[0m
[1.186s] [ 10%] [32mBuilding C object CMakeFiles/turtlebot3_msgs__rosidl_generator_c.dir/rosidl_generator_c/turtlebot3_msgs/srv/detail/sound__functions.c.o[0m
[1.189s] [ 11%] [32mBuilding C object CMakeFiles/turtlebot3_msgs__rosidl_generator_c.dir/rosidl_generator_c/turtlebot3_msgs/srv/detail/drl_step__functions.c.o[0m
[1.189s] [ 13%] [32mBuilding C object CMakeFiles/turtlebot3_msgs__rosidl_generator_c.dir/rosidl_generator_c/turtlebot3_msgs/srv/detail/goal__functions.c.o[0m
[1.189s] [ 13%] [32mBuilding C object CMakeFiles/turtlebot3_msgs__rosidl_generator_c.dir/rosidl_generator_c/turtlebot3_msgs/srv/detail/ring_goal__functions.c.o[0m
[1.189s] [ 14%] [32mBuilding C object CMakeFiles/turtlebot3_msgs__rosidl_generator_c.dir/rosidl_generator_c/turtlebot3_msgs/action/detail/patrol__functions.c.o[0m
[1.268s] [ 16%] [32m[1mLinking C shared library libturtlebot3_msgs__rosidl_generator_c.so[0m
[1.287s] [ 16%] Built target turtlebot3_msgs__rosidl_generator_c
[1.291s] [ 17%] [34m[1mGenerating C type support dispatch for ROS interfaces[0m
[1.295s] [ 18%] [34m[1mGenerating C introspection for ROS interfaces[0m
[1.434s] [35m[1mScanning dependencies of target turtlebot3_msgs__rosidl_typesupport_cpp[0m
[1.448s] [ 22%] [32mBuilding CXX object CMakeFiles/turtlebot3_msgs__rosidl_typesupport_cpp.dir/rosidl_typesupport_cpp/turtlebot3_msgs/msg/sensor_state__type_support.cpp.o[0m
[1.448s] [ 22%] [32mBuilding CXX object CMakeFiles/turtlebot3_msgs__rosidl_typesupport_cpp.dir/rosidl_typesupport_cpp/turtlebot3_msgs/msg/sound__type_support.cpp.o[0m
[1.448s] [ 22%] [32mBuilding CXX object CMakeFiles/turtlebot3_msgs__rosidl_typesupport_cpp.dir/rosidl_typesupport_cpp/turtlebot3_msgs/srv/sound__type_support.cpp.o[0m
[1.448s] [ 22%] [32mBuilding CXX object CMakeFiles/turtlebot3_msgs__rosidl_typesupport_cpp.dir/rosidl_typesupport_cpp/turtlebot3_msgs/msg/version_info__type_support.cpp.o[0m
[1.448s] [ 24%] [32mBuilding CXX object CMakeFiles/turtlebot3_msgs__rosidl_typesupport_cpp.dir/rosidl_typesupport_cpp/turtlebot3_msgs/srv/drl_step__type_support.cpp.o[0m
[1.448s] [ 25%] [32mBuilding CXX object CMakeFiles/turtlebot3_msgs__rosidl_typesupport_cpp.dir/rosidl_typesupport_cpp/turtlebot3_msgs/srv/goal__type_support.cpp.o[0m
[1.448s] [ 26%] [32mBuilding CXX object CMakeFiles/turtlebot3_msgs__rosidl_typesupport_cpp.dir/rosidl_typesupport_cpp/turtlebot3_msgs/srv/ring_goal__type_support.cpp.o[0m
[1.449s] [ 27%] [32mBuilding CXX object CMakeFiles/turtlebot3_msgs__rosidl_typesupport_cpp.dir/rosidl_typesupport_cpp/turtlebot3_msgs/action/patrol__type_support.cpp.o[0m
[1.489s] [35m[1mScanning dependencies of target turtlebot3_msgs__rosidl_typesupport_introspection_cpp[0m
[1.503s] [ 32%] [32mBuilding CXX object CMakeFiles/turtlebot3_msgs__rosidl_typesupport_introspection_cpp.dir/rosidl_typesupport_introspection_cpp/turtlebot3_msgs/msg/detail/version_info__type_support.cpp.o[0m
[1.503s] [ 32%] [32mBuilding CXX object CMakeFiles/turtlebot3_msgs__rosidl_typesupport_introspection_cpp.dir/rosidl_typesupport_introspection_cpp/turtlebot3_msgs/srv/detail/sound__type_support.cpp.o[0m
[1.503s] [ 32%] [32mBuilding CXX object CMakeFiles/turtlebot3_msgs__rosidl_typesupport_introspection_cpp.dir/rosidl_typesupport_introspection_cpp/turtlebot3_msgs/msg/detail/sound__type_support.cpp.o[0m
[1.503s] [ 32%] [32mBuilding CXX object CMakeFiles/turtlebot3_msgs__rosidl_typesupport_introspection_cpp.dir/rosidl_typesupport_introspection_cpp/turtlebot3_msgs/msg/detail/sensor_state__type_support.cpp.o[0m
[1.503s] [ 33%] [32mBuilding CXX object CMakeFiles/turtlebot3_msgs__rosidl_typesupport_introspection_cpp.dir/rosidl_typesupport_introspection_cpp/turtlebot3_msgs/srv/detail/drl_step__type_support.cpp.o[0m
[1.504s] [ 34%] [32mBuilding CXX object CMakeFiles/turtlebot3_msgs__rosidl_typesupport_introspection_cpp.dir/rosidl_typesupport_introspection_cpp/turtlebot3_msgs/action/detail/patrol__type_support.cpp.o[0m
[1.504s] [ 36%] [32mBuilding CXX object CMakeFiles/turtlebot3_msgs__rosidl_typesupport_introspection_cpp.dir/rosidl_typesupport_introspection_cpp/turtlebot3_msgs/srv/detail/ring_goal__type_support.cpp.o[0m
[1.504s] [ 36%] [32mBuilding CXX object CMakeFiles/turtlebot3_msgs__rosidl_typesupport_introspection_cpp.dir/rosidl_typesupport_introspection_cpp/turtlebot3_msgs/srv/detail/goal__type_support.cpp.o[0m
[1.556s] [35m[1mScanning dependencies of target turtlebot3_msgs__rosidl_typesupport_fastrtps_cpp[0m
[1.576s] [ 41%] [32mBuilding CXX object CMakeFiles/turtlebot3_msgs__rosidl_typesupport_fastrtps_cpp.dir/rosidl_typesupport_fastrtps_cpp/turtlebot3_msgs/srv/detail/dds_fastrtps/sound__type_support.cpp.o[0m
[1.576s] [ 41%] [32mBuilding CXX object CMakeFiles/turtlebot3_msgs__rosidl_typesupport_fastrtps_cpp.dir/rosidl_typesupport_fastrtps_cpp/turtlebot3_msgs/msg/detail/dds_fastrtps/sensor_state__type_support.cpp.o[0m
[1.576s] [ 41%] [32mBuilding CXX object CMakeFiles/turtlebot3_msgs__rosidl_typesupport_fastrtps_cpp.dir/rosidl_typesupport_fastrtps_cpp/turtlebot3_msgs/msg/detail/dds_fastrtps/version_info__type_support.cpp.o[0m
[1.577s] [ 41%] [32mBuilding CXX object CMakeFiles/turtlebot3_msgs__rosidl_typesupport_fastrtps_cpp.dir/rosidl_typesupport_fastrtps_cpp/turtlebot3_msgs/msg/detail/dds_fastrtps/sound__type_support.cpp.o[0m
[1.577s] [ 42%] [32mBuilding CXX object CMakeFiles/turtlebot3_msgs__rosidl_typesupport_fastrtps_cpp.dir/rosidl_typesupport_fastrtps_cpp/turtlebot3_msgs/srv/detail/dds_fastrtps/goal__type_support.cpp.o[0m
[1.588s] [ 43%] [32mBuilding CXX object CMakeFiles/turtlebot3_msgs__rosidl_typesupport_fastrtps_cpp.dir/rosidl_typesupport_fastrtps_cpp/turtlebot3_msgs/srv/detail/dds_fastrtps/ring_goal__type_support.cpp.o[0m
[1.593s] [ 44%] [32mBuilding CXX object CMakeFiles/turtlebot3_msgs__rosidl_typesupport_fastrtps_cpp.dir/rosidl_typesupport_fastrtps_cpp/turtlebot3_msgs/srv/detail/dds_fastrtps/drl_step__type_support.cpp.o[0m
[1.595s] [35m[1mScanning dependencies of target turtlebot3_msgs__rosidl_typesupport_c[0m
[1.609s] [ 45%] [32mBuilding CXX object CMakeFiles/turtlebot3_msgs__rosidl_typesupport_c.dir/rosidl_typesupport_c/turtlebot3_msgs/msg/sensor_state__type_support.cpp.o[0m
[1.615s] [ 47%] [32mBuilding CXX object CMakeFiles/turtlebot3_msgs__rosidl_typesupport_fastrtps_cpp.dir/rosidl_typesupport_fastrtps_cpp/turtlebot3_msgs/action/detail/dds_fastrtps/patrol__type_support.cpp.o[0m
[1.624s] [ 48%] [32mBuilding CXX object CMakeFiles/turtlebot3_msgs__rosidl_typesupport_c.dir/rosidl_typesupport_c/turtlebot3_msgs/msg/sound__type_support.cpp.o[0m
[1.637s] [ 49%] [32mBuilding CXX object CMakeFiles/turtlebot3_msgs__rosidl_typesupport_c.dir/rosidl_typesupport_c/turtlebot3_msgs/msg/version_info__type_support.cpp.o[0m
[1.657s] [ 50%] [32mBuilding CXX object CMakeFiles/turtlebot3_msgs__rosidl_typesupport_c.dir/rosidl_typesupport_c/turtlebot3_msgs/srv/sound__type_support.cpp.o[0m
[1.689s] [ 51%] [32mBuilding CXX object CMakeFiles/turtlebot3_msgs__rosidl_typesupport_c.dir/rosidl_typesupport_c/turtlebot3_msgs/srv/drl_step__type_support.cpp.o[0m
[1.694s] [ 55%] [32mBuilding CXX object CMakeFiles/turtlebot3_msgs__rosidl_typesupport_c.dir/rosidl_typesupport_c/turtlebot3_msgs/action/patrol__type_support.cpp.o[0m
[1.694s] [ 55%] [32mBuilding CXX object CMakeFiles/turtlebot3_msgs__rosidl_typesupport_c.dir/rosidl_typesupport_c/turtlebot3_msgs/srv/goal__type_support.cpp.o[0m
[1.695s] [ 55%] [32mBuilding CXX object CMakeFiles/turtlebot3_msgs__rosidl_typesupport_c.dir/rosidl_typesupport_c/turtlebot3_msgs/srv/ring_goal__type_support.cpp.o[0m
[1.731s] [ 56%] [32m[1mLinking CXX shared library libturtlebot3_msgs__rosidl_typesupport_cpp.so[0m
[1.736s] [ 57%] [32m[1mLinking CXX shared library libturtlebot3_msgs__rosidl_typesupport_c.so[0m
[1.770s] [ 57%] Built target turtlebot3_msgs__rosidl_typesupport_cpp
[1.776s] [ 57%] Built target turtlebot3_msgs__rosidl_typesupport_c
[1.796s] [35m[1mScanning dependencies of target turtlebot3_msgs__rosidl_typesupport_introspection_c[0m
[1.803s] [ 58%] [32m[1mLinking CXX shared library libturtlebot3_msgs__rosidl_typesupport_introspection_cpp.so[0m
[1.811s] [ 60%] [32mBuilding C object CMakeFiles/turtlebot3_msgs__rosidl_typesupport_introspection_c.dir/rosidl_typesupport_introspection_c/turtlebot3_msgs/msg/detail/sound__type_support.c.o[0m
[1.811s] [ 60%] [32mBuilding C object CMakeFiles/turtlebot3_msgs__rosidl_typesupport_introspection_c.dir/rosidl_typesupport_introspection_c/turtlebot3_msgs/msg/detail/sensor_state__type_support.c.o[0m
[1.811s] [ 62%] [32mBuilding C object CMakeFiles/turtlebot3_msgs__rosidl_typesupport_introspection_c.dir/rosidl_typesupport_introspection_c/turtlebot3_msgs/srv/detail/drl_step__type_support.c.o[0m
[1.811s] [ 63%] [32mBuilding C object CMakeFiles/turtlebot3_msgs__rosidl_typesupport_introspection_c.dir/rosidl_typesupport_introspection_c/turtlebot3_msgs/srv/detail/ring_goal__type_support.c.o[0m
[1.811s] [ 65%] [32mBuilding C object CMakeFiles/turtlebot3_msgs__rosidl_typesupport_introspection_c.dir/rosidl_typesupport_introspection_c/turtlebot3_msgs/srv/detail/sound__type_support.c.o[0m
[1.811s] [ 65%] [32mBuilding C object CMakeFiles/turtlebot3_msgs__rosidl_typesupport_introspection_c.dir/rosidl_typesupport_introspection_c/turtlebot3_msgs/msg/detail/version_info__type_support.c.o[0m
[1.811s] [ 66%] [32mBuilding C object CMakeFiles/turtlebot3_msgs__rosidl_typesupport_introspection_c.dir/rosidl_typesupport_introspection_c/turtlebot3_msgs/srv/detail/goal__type_support.c.o[0m
[1.812s] [ 67%] [32mBuilding C object CMakeFiles/turtlebot3_msgs__rosidl_typesupport_introspection_c.dir/rosidl_typesupport_introspection_c/turtlebot3_msgs/action/detail/patrol__type_support.c.o[0m
[1.844s] [ 68%] [32m[1mLinking C shared library libturtlebot3_msgs__rosidl_typesupport_introspection_c.so[0m
[1.862s] [ 68%] Built target turtlebot3_msgs__rosidl_typesupport_introspection_c
[1.863s] [ 68%] Built target turtlebot3_msgs__rosidl_typesupport_introspection_cpp
[1.952s] [ 70%] [32m[1mLinking CXX shared library libturtlebot3_msgs__rosidl_typesupport_fastrtps_cpp.so[0m
[1.995s] [ 70%] Built target turtlebot3_msgs__rosidl_typesupport_fastrtps_cpp
[2.000s] [ 71%] [34m[1mGenerating C type support for eProsima Fast-RTPS[0m
[2.338s] [35m[1mScanning dependencies of target turtlebot3_msgs__rosidl_typesupport_fastrtps_c[0m
[2.351s] [ 74%] [32mBuilding CXX object CMakeFiles/turtlebot3_msgs__rosidl_typesupport_fastrtps_c.dir/rosidl_typesupport_fastrtps_c/turtlebot3_msgs/msg/detail/sound__type_support_c.cpp.o[0m
[2.351s] [ 74%] [32mBuilding CXX object CMakeFiles/turtlebot3_msgs__rosidl_typesupport_fastrtps_c.dir/rosidl_typesupport_fastrtps_c/turtlebot3_msgs/msg/detail/version_info__type_support_c.cpp.o[0m
[2.351s] [ 74%] [32mBuilding CXX object CMakeFiles/turtlebot3_msgs__rosidl_typesupport_fastrtps_c.dir/rosidl_typesupport_fastrtps_c/turtlebot3_msgs/msg/detail/sensor_state__type_support_c.cpp.o[0m
[2.353s] [ 75%] [32mBuilding CXX object CMakeFiles/turtlebot3_msgs__rosidl_typesupport_fastrtps_c.dir/rosidl_typesupport_fastrtps_c/turtlebot3_msgs/action/detail/patrol__type_support_c.cpp.o[0m
[2.353s] [ 78%] [32mBuilding CXX object CMakeFiles/turtlebot3_msgs__rosidl_typesupport_fastrtps_c.dir/rosidl_typesupport_fastrtps_c/turtlebot3_msgs/srv/detail/sound__type_support_c.cpp.o[0m
[2.353s] [ 78%] [32mBuilding CXX object CMakeFiles/turtlebot3_msgs__rosidl_typesupport_fastrtps_c.dir/rosidl_typesupport_fastrtps_c/turtlebot3_msgs/srv/detail/drl_step__type_support_c.cpp.o[0m
[2.353s] [ 80%] [32mBuilding CXX object CMakeFiles/turtlebot3_msgs__rosidl_typesupport_fastrtps_c.dir/rosidl_typesupport_fastrtps_c/turtlebot3_msgs/srv/detail/ring_goal__type_support_c.cpp.o[0m
[2.354s] [ 79%] [32mBuilding CXX object CMakeFiles/turtlebot3_msgs__rosidl_typesupport_fastrtps_c.dir/rosidl_typesupport_fastrtps_c/turtlebot3_msgs/srv/detail/goal__type_support_c.cpp.o[0m
[2.566s] [ 81%] [32m[1mLinking CXX shared library libturtlebot3_msgs__rosidl_typesupport_fastrtps_c.so[0m
[2.607s] [ 81%] Built target turtlebot3_msgs__rosidl_typesupport_fastrtps_c
[2.612s] [35m[1mScanning dependencies of target turtlebot3_msgs[0m
[2.617s] [ 81%] Built target turtlebot3_msgs
[2.621s] [35m[1mScanning dependencies of target turtlebot3_msgs__py[0m
[2.626s] [ 82%] [34m[1mGenerating Python code for ROS interfaces[0m
[3.415s] [ 82%] Built target turtlebot3_msgs__py
[3.420s] [35m[1mScanning dependencies of target turtlebot3_msgs__python[0m
[3.433s] [ 85%] [32mBuilding C object CMakeFiles/turtlebot3_msgs__python.dir/rosidl_generator_py/turtlebot3_msgs/msg/_sensor_state_s.c.o[0m
[3.433s] [ 85%] [32mBuilding C object CMakeFiles/turtlebot3_msgs__python.dir/rosidl_generator_py/turtlebot3_msgs/msg/_sound_s.c.o[0m
[3.433s] [ 86%] [32mBuilding C object CMakeFiles/turtlebot3_msgs__python.dir/rosidl_generator_py/turtlebot3_msgs/msg/_version_info_s.c.o[0m
[3.433s] [ 87%] [32mBuilding C object CMakeFiles/turtlebot3_msgs__python.dir/rosidl_generator_py/turtlebot3_msgs/srv/_sound_s.c.o[0m
[3.436s] [ 89%] [32mBuilding C object CMakeFiles/turtlebot3_msgs__python.dir/rosidl_generator_py/turtlebot3_msgs/srv/_drl_step_s.c.o[0m
[3.436s] [ 89%] [32mBuilding C object CMakeFiles/turtlebot3_msgs__python.dir/rosidl_generator_py/turtlebot3_msgs/srv/_goal_s.c.o[0m
[3.436s] [ 90%] [32mBuilding C object CMakeFiles/turtlebot3_msgs__python.dir/rosidl_generator_py/turtlebot3_msgs/srv/_ring_goal_s.c.o[0m
[3.437s] [ 91%] [32mBuilding C object CMakeFiles/turtlebot3_msgs__python.dir/rosidl_generator_py/turtlebot3_msgs/action/_patrol_s.c.o[0m
[3.513s] [ 93%] [32m[1mLinking C shared library rosidl_generator_py/turtlebot3_msgs/libturtlebot3_msgs__python.so[0m
[3.535s] [ 93%] Built target turtlebot3_msgs__python
[3.540s] [35m[1mScanning dependencies of target turtlebot3_msgs__rosidl_typesupport_c__pyext[0m
[3.540s] [35m[1mScanning dependencies of target turtlebot3_msgs__rosidl_typesupport_introspection_c__pyext[0m
[3.540s] [35m[1mScanning dependencies of target turtlebot3_msgs__rosidl_typesupport_fastrtps_c__pyext[0m
[3.548s] [ 94%] [32mBuilding C object CMakeFiles/turtlebot3_msgs__rosidl_typesupport_introspection_c__pyext.dir/rosidl_generator_py/turtlebot3_msgs/_turtlebot3_msgs_s.ep.rosidl_typesupport_introspection_c.c.o[0m
[3.550s] [ 95%] [32mBuilding C object CMakeFiles/turtlebot3_msgs__rosidl_typesupport_c__pyext.dir/rosidl_generator_py/turtlebot3_msgs/_turtlebot3_msgs_s.ep.rosidl_typesupport_c.c.o[0m
[3.551s] [ 96%] [32mBuilding C object CMakeFiles/turtlebot3_msgs__rosidl_typesupport_fastrtps_c__pyext.dir/rosidl_generator_py/turtlebot3_msgs/_turtlebot3_msgs_s.ep.rosidl_typesupport_fastrtps_c.c.o[0m
[3.609s] [ 97%] [32m[1mLinking C shared library rosidl_generator_py/turtlebot3_msgs/turtlebot3_msgs_s__rosidl_typesupport_introspection_c.cpython-38-x86_64-linux-gnu.so[0m
[3.609s] [ 98%] [32m[1mLinking C shared library rosidl_generator_py/turtlebot3_msgs/turtlebot3_msgs_s__rosidl_typesupport_c.cpython-38-x86_64-linux-gnu.so[0m
[3.610s] [100%] [32m[1mLinking CXX shared library rosidl_generator_py/turtlebot3_msgs/turtlebot3_msgs_s__rosidl_typesupport_fastrtps_c.cpython-38-x86_64-linux-gnu.so[0m
[3.628s] [100%] Built target turtlebot3_msgs__rosidl_typesupport_c__pyext
[3.628s] [100%] Built target turtlebot3_msgs__rosidl_typesupport_introspection_c__pyext
[3.643s] [100%] Built target turtlebot3_msgs__rosidl_typesupport_fastrtps_c__pyext
[3.649s] Invoked command in '/home/dmsgv1/vaeplusddpg/build/turtlebot3_msgs' returned '0': CMAKE_PREFIX_PATH=${CMAKE_PREFIX_PATH}:/home/dmsgv1/VAEplusDDPG/install/turtlebot3_drl:/opt/ros/foxy /bin/cmake --build /home/dmsgv1/vaeplusddpg/build/turtlebot3_msgs -- -j28 -l28
[3.707s] Invoking command in '/home/dmsgv1/vaeplusddpg/build/turtlebot3_msgs': CMAKE_PREFIX_PATH=${CMAKE_PREFIX_PATH}:/home/dmsgv1/VAEplusDDPG/install/turtlebot3_drl:/opt/ros/foxy /bin/cmake --install /home/dmsgv1/vaeplusddpg/build/turtlebot3_msgs
[3.710s] -- Install configuration: ""
[3.710s] -- Execute custom install script
[3.711s] -- Symlinking: /home/dmsgv1/vaeplusddpg/install/turtlebot3_msgs/share/ament_index/resource_index/rosidl_interfaces/turtlebot3_msgs
[3.715s] -- Symlinking: /home/dmsgv1/vaeplusddpg/install/turtlebot3_msgs/include/turtlebot3_msgs/action/detail/patrol__functions.h
[3.719s] -- Symlinking: /home/dmsgv1/vaeplusddpg/install/turtlebot3_msgs/include/turtlebot3_msgs/action/detail/patrol__struct.h
[3.722s] -- Symlinking: /home/dmsgv1/vaeplusddpg/install/turtlebot3_msgs/include/turtlebot3_msgs/action/detail/patrol__type_support.h
[3.726s] -- Symlinking: /home/dmsgv1/vaeplusddpg/install/turtlebot3_msgs/include/turtlebot3_msgs/action/patrol.h
[3.730s] -- Symlinking: /home/dmsgv1/vaeplusddpg/install/turtlebot3_msgs/include/turtlebot3_msgs/msg/detail/sensor_state__functions.h
[3.733s] -- Symlinking: /home/dmsgv1/vaeplusddpg/install/turtlebot3_msgs/include/turtlebot3_msgs/msg/detail/sensor_state__struct.h
[3.737s] -- Symlinking: /home/dmsgv1/vaeplusddpg/install/turtlebot3_msgs/include/turtlebot3_msgs/msg/detail/sensor_state__type_support.h
[3.740s] -- Symlinking: /home/dmsgv1/vaeplusddpg/install/turtlebot3_msgs/include/turtlebot3_msgs/msg/detail/sound__functions.h
[3.744s] -- Symlinking: /home/dmsgv1/vaeplusddpg/install/turtlebot3_msgs/include/turtlebot3_msgs/msg/detail/sound__struct.h
[3.748s] -- Symlinking: /home/dmsgv1/vaeplusddpg/install/turtlebot3_msgs/include/turtlebot3_msgs/msg/detail/sound__type_support.h
[3.751s] -- Symlinking: /home/dmsgv1/vaeplusddpg/install/turtlebot3_msgs/include/turtlebot3_msgs/msg/detail/version_info__functions.h
[3.755s] -- Symlinking: /home/dmsgv1/vaeplusddpg/install/turtlebot3_msgs/include/turtlebot3_msgs/msg/detail/version_info__struct.h
[3.758s] -- Symlinking: /home/dmsgv1/vaeplusddpg/install/turtlebot3_msgs/include/turtlebot3_msgs/msg/detail/version_info__type_support.h
[3.762s] -- Symlinking: /home/dmsgv1/vaeplusddpg/install/turtlebot3_msgs/include/turtlebot3_msgs/msg/rosidl_generator_c__visibility_control.h
[3.765s] -- Symlinking: /home/dmsgv1/vaeplusddpg/install/turtlebot3_msgs/include/turtlebot3_msgs/msg/sensor_state.h
[3.768s] -- Symlinking: /home/dmsgv1/vaeplusddpg/install/turtlebot3_msgs/include/turtlebot3_msgs/msg/sound.h
[3.772s] -- Symlinking: /home/dmsgv1/vaeplusddpg/install/turtlebot3_msgs/include/turtlebot3_msgs/msg/version_info.h
[3.775s] -- Symlinking: /home/dmsgv1/vaeplusddpg/install/turtlebot3_msgs/include/turtlebot3_msgs/srv/detail/drl_step__functions.h
[3.779s] -- Symlinking: /home/dmsgv1/vaeplusddpg/install/turtlebot3_msgs/include/turtlebot3_msgs/srv/detail/drl_step__struct.h
[3.782s] -- Symlinking: /home/dmsgv1/vaeplusddpg/install/turtlebot3_msgs/include/turtlebot3_msgs/srv/detail/drl_step__type_support.h
[3.785s] -- Symlinking: /home/dmsgv1/vaeplusddpg/install/turtlebot3_msgs/include/turtlebot3_msgs/srv/detail/goal__functions.h
[3.789s] -- Symlinking: /home/dmsgv1/vaeplusddpg/install/turtlebot3_msgs/include/turtlebot3_msgs/srv/detail/goal__struct.h
[3.792s] -- Symlinking: /home/dmsgv1/vaeplusddpg/install/turtlebot3_msgs/include/turtlebot3_msgs/srv/detail/goal__type_support.h
[3.795s] -- Symlinking: /home/dmsgv1/vaeplusddpg/install/turtlebot3_msgs/include/turtlebot3_msgs/srv/detail/ring_goal__functions.h
[3.798s] -- Symlinking: /home/dmsgv1/vaeplusddpg/install/turtlebot3_msgs/include/turtlebot3_msgs/srv/detail/ring_goal__struct.h
[3.801s] -- Symlinking: /home/dmsgv1/vaeplusddpg/install/turtlebot3_msgs/include/turtlebot3_msgs/srv/detail/ring_goal__type_support.h
[3.805s] -- Symlinking: /home/dmsgv1/vaeplusddpg/install/turtlebot3_msgs/include/turtlebot3_msgs/srv/detail/sound__functions.h
[3.808s] -- Symlinking: /home/dmsgv1/vaeplusddpg/install/turtlebot3_msgs/include/turtlebot3_msgs/srv/detail/sound__struct.h
[3.811s] -- Symlinking: /home/dmsgv1/vaeplusddpg/install/turtlebot3_msgs/include/turtlebot3_msgs/srv/detail/sound__type_support.h
[3.815s] -- Symlinking: /home/dmsgv1/vaeplusddpg/install/turtlebot3_msgs/include/turtlebot3_msgs/srv/drl_step.h
[3.818s] -- Symlinking: /home/dmsgv1/vaeplusddpg/install/turtlebot3_msgs/include/turtlebot3_msgs/srv/goal.h
[3.821s] -- Symlinking: /home/dmsgv1/vaeplusddpg/install/turtlebot3_msgs/include/turtlebot3_msgs/srv/ring_goal.h
[3.824s] -- Symlinking: /home/dmsgv1/vaeplusddpg/install/turtlebot3_msgs/include/turtlebot3_msgs/srv/sound.h
[3.828s] -- Symlinking: /home/dmsgv1/vaeplusddpg/install/turtlebot3_msgs/share/turtlebot3_msgs/environment/library_path.sh
[3.831s] -- Symlinking: /home/dmsgv1/vaeplusddpg/install/turtlebot3_msgs/share/turtlebot3_msgs/environment/library_path.dsv
[3.835s] -- Symlinking: /home/dmsgv1/vaeplusddpg/install/turtlebot3_msgs/include/turtlebot3_msgs/action/detail/patrol__rosidl_typesupport_fastrtps_c.h
[3.838s] -- Symlinking: /home/dmsgv1/vaeplusddpg/install/turtlebot3_msgs/include/turtlebot3_msgs/msg/detail/sensor_state__rosidl_typesupport_fastrtps_c.h
[3.841s] -- Symlinking: /home/dmsgv1/vaeplusddpg/install/turtlebot3_msgs/include/turtlebot3_msgs/msg/detail/sound__rosidl_typesupport_fastrtps_c.h
[3.845s] -- Symlinking: /home/dmsgv1/vaeplusddpg/install/turtlebot3_msgs/include/turtlebot3_msgs/msg/detail/version_info__rosidl_typesupport_fastrtps_c.h
[3.848s] -- Symlinking: /home/dmsgv1/vaeplusddpg/install/turtlebot3_msgs/include/turtlebot3_msgs/msg/rosidl_typesupport_fastrtps_c__visibility_control.h
[3.851s] -- Symlinking: /home/dmsgv1/vaeplusddpg/install/turtlebot3_msgs/include/turtlebot3_msgs/srv/detail/drl_step__rosidl_typesupport_fastrtps_c.h
[3.854s] -- Symlinking: /home/dmsgv1/vaeplusddpg/install/turtlebot3_msgs/include/turtlebot3_msgs/srv/detail/goal__rosidl_typesupport_fastrtps_c.h
[3.858s] -- Symlinking: /home/dmsgv1/vaeplusddpg/install/turtlebot3_msgs/include/turtlebot3_msgs/srv/detail/ring_goal__rosidl_typesupport_fastrtps_c.h
[3.861s] -- Symlinking: /home/dmsgv1/vaeplusddpg/install/turtlebot3_msgs/include/turtlebot3_msgs/srv/detail/sound__rosidl_typesupport_fastrtps_c.h
[3.865s] -- Symlinking: /home/dmsgv1/vaeplusddpg/install/turtlebot3_msgs/lib/libturtlebot3_msgs__rosidl_typesupport_fastrtps_c.so
[3.868s] -- Symlinking: /home/dmsgv1/vaeplusddpg/install/turtlebot3_msgs/include/turtlebot3_msgs/action/detail/patrol__rosidl_typesupport_fastrtps_cpp.hpp
[3.871s] -- Symlinking: /home/dmsgv1/vaeplusddpg/install/turtlebot3_msgs/include/turtlebot3_msgs/msg/detail/sensor_state__rosidl_typesupport_fastrtps_cpp.hpp
[3.875s] -- Symlinking: /home/dmsgv1/vaeplusddpg/install/turtlebot3_msgs/include/turtlebot3_msgs/msg/detail/sound__rosidl_typesupport_fastrtps_cpp.hpp
[3.878s] -- Symlinking: /home/dmsgv1/vaeplusddpg/install/turtlebot3_msgs/include/turtlebot3_msgs/msg/detail/version_info__rosidl_typesupport_fastrtps_cpp.hpp
[3.881s] -- Symlinking: /home/dmsgv1/vaeplusddpg/install/turtlebot3_msgs/include/turtlebot3_msgs/msg/rosidl_typesupport_fastrtps_cpp__visibility_control.h
[3.885s] -- Symlinking: /home/dmsgv1/vaeplusddpg/install/turtlebot3_msgs/include/turtlebot3_msgs/srv/detail/drl_step__rosidl_typesupport_fastrtps_cpp.hpp
[3.888s] -- Symlinking: /home/dmsgv1/vaeplusddpg/install/turtlebot3_msgs/include/turtlebot3_msgs/srv/detail/goal__rosidl_typesupport_fastrtps_cpp.hpp
[3.891s] -- Symlinking: /home/dmsgv1/vaeplusddpg/install/turtlebot3_msgs/include/turtlebot3_msgs/srv/detail/ring_goal__rosidl_typesupport_fastrtps_cpp.hpp
[3.895s] -- Symlinking: /home/dmsgv1/vaeplusddpg/install/turtlebot3_msgs/include/turtlebot3_msgs/srv/detail/sound__rosidl_typesupport_fastrtps_cpp.hpp
[3.898s] -- Symlinking: /home/dmsgv1/vaeplusddpg/install/turtlebot3_msgs/lib/libturtlebot3_msgs__rosidl_typesupport_fastrtps_cpp.so
[3.902s] -- Symlinking: /home/dmsgv1/vaeplusddpg/install/turtlebot3_msgs/include/turtlebot3_msgs/action/detail/patrol__rosidl_typesupport_introspection_c.h
[3.905s] -- Symlinking: /home/dmsgv1/vaeplusddpg/install/turtlebot3_msgs/include/turtlebot3_msgs/msg/detail/sensor_state__rosidl_typesupport_introspection_c.h
[3.908s] -- Symlinking: /home/dmsgv1/vaeplusddpg/install/turtlebot3_msgs/include/turtlebot3_msgs/msg/detail/sound__rosidl_typesupport_introspection_c.h
[3.912s] -- Symlinking: /home/dmsgv1/vaeplusddpg/install/turtlebot3_msgs/include/turtlebot3_msgs/msg/detail/version_info__rosidl_typesupport_introspection_c.h
[3.915s] -- Symlinking: /home/dmsgv1/vaeplusddpg/install/turtlebot3_msgs/include/turtlebot3_msgs/msg/rosidl_typesupport_introspection_c__visibility_control.h
[3.918s] -- Symlinking: /home/dmsgv1/vaeplusddpg/install/turtlebot3_msgs/include/turtlebot3_msgs/srv/detail/drl_step__rosidl_typesupport_introspection_c.h
[3.922s] -- Symlinking: /home/dmsgv1/vaeplusddpg/install/turtlebot3_msgs/include/turtlebot3_msgs/srv/detail/goal__rosidl_typesupport_introspection_c.h
[3.925s] -- Symlinking: /home/dmsgv1/vaeplusddpg/install/turtlebot3_msgs/include/turtlebot3_msgs/srv/detail/ring_goal__rosidl_typesupport_introspection_c.h
[3.928s] -- Symlinking: /home/dmsgv1/vaeplusddpg/install/turtlebot3_msgs/include/turtlebot3_msgs/srv/detail/sound__rosidl_typesupport_introspection_c.h
[3.932s] -- Symlinking: /home/dmsgv1/vaeplusddpg/install/turtlebot3_msgs/include/turtlebot3_msgs/action/detail/patrol__builder.hpp
[3.935s] -- Symlinking: /home/dmsgv1/vaeplusddpg/install/turtlebot3_msgs/include/turtlebot3_msgs/action/detail/patrol__struct.hpp
[3.939s] -- Symlinking: /home/dmsgv1/vaeplusddpg/install/turtlebot3_msgs/include/turtlebot3_msgs/action/detail/patrol__traits.hpp
[3.942s] -- Symlinking: /home/dmsgv1/vaeplusddpg/install/turtlebot3_msgs/include/turtlebot3_msgs/action/detail/patrol__type_support.hpp
[3.946s] -- Symlinking: /home/dmsgv1/vaeplusddpg/install/turtlebot3_msgs/include/turtlebot3_msgs/action/patrol.hpp
[3.949s] -- Symlinking: /home/dmsgv1/vaeplusddpg/install/turtlebot3_msgs/include/turtlebot3_msgs/msg/detail/sensor_state__builder.hpp
[3.952s] -- Symlinking: /home/dmsgv1/vaeplusddpg/install/turtlebot3_msgs/include/turtlebot3_msgs/msg/detail/sensor_state__struct.hpp
[3.956s] -- Symlinking: /home/dmsgv1/vaeplusddpg/install/turtlebot3_msgs/include/turtlebot3_msgs/msg/detail/sensor_state__traits.hpp
[3.959s] -- Symlinking: /home/dmsgv1/vaeplusddpg/install/turtlebot3_msgs/include/turtlebot3_msgs/msg/detail/sensor_state__type_support.hpp
[3.963s] -- Symlinking: /home/dmsgv1/vaeplusddpg/install/turtlebot3_msgs/include/turtlebot3_msgs/msg/detail/sound__builder.hpp
[3.966s] -- Symlinking: /home/dmsgv1/vaeplusddpg/install/turtlebot3_msgs/include/turtlebot3_msgs/msg/detail/sound__struct.hpp
[3.969s] -- Symlinking: /home/dmsgv1/vaeplusddpg/install/turtlebot3_msgs/include/turtlebot3_msgs/msg/detail/sound__traits.hpp
[3.972s] -- Symlinking: /home/dmsgv1/vaeplusddpg/install/turtlebot3_msgs/include/turtlebot3_msgs/msg/detail/sound__type_support.hpp
[3.976s] -- Symlinking: /home/dmsgv1/vaeplusddpg/install/turtlebot3_msgs/include/turtlebot3_msgs/msg/detail/version_info__builder.hpp
[3.979s] -- Symlinking: /home/dmsgv1/vaeplusddpg/install/turtlebot3_msgs/include/turtlebot3_msgs/msg/detail/version_info__struct.hpp
[3.983s] -- Symlinking: /home/dmsgv1/vaeplusddpg/install/turtlebot3_msgs/include/turtlebot3_msgs/msg/detail/version_info__traits.hpp
[3.986s] -- Symlinking: /home/dmsgv1/vaeplusddpg/install/turtlebot3_msgs/include/turtlebot3_msgs/msg/detail/version_info__type_support.hpp
[3.989s] -- Symlinking: /home/dmsgv1/vaeplusddpg/install/turtlebot3_msgs/include/turtlebot3_msgs/msg/rosidl_generator_cpp__visibility_control.hpp
[3.993s] -- Symlinking: /home/dmsgv1/vaeplusddpg/install/turtlebot3_msgs/include/turtlebot3_msgs/msg/sensor_state.hpp
[3.996s] -- Symlinking: /home/dmsgv1/vaeplusddpg/install/turtlebot3_msgs/include/turtlebot3_msgs/msg/sound.hpp
[4.000s] -- Symlinking: /home/dmsgv1/vaeplusddpg/install/turtlebot3_msgs/include/turtlebot3_msgs/msg/version_info.hpp
[4.003s] -- Symlinking: /home/dmsgv1/vaeplusddpg/install/turtlebot3_msgs/include/turtlebot3_msgs/srv/detail/drl_step__builder.hpp
[4.007s] -- Symlinking: /home/dmsgv1/vaeplusddpg/install/turtlebot3_msgs/include/turtlebot3_msgs/srv/detail/drl_step__struct.hpp
[4.010s] -- Symlinking: /home/dmsgv1/vaeplusddpg/install/turtlebot3_msgs/include/turtlebot3_msgs/srv/detail/drl_step__traits.hpp
[4.013s] -- Symlinking: /home/dmsgv1/vaeplusddpg/install/turtlebot3_msgs/include/turtlebot3_msgs/srv/detail/drl_step__type_support.hpp
[4.017s] -- Symlinking: /home/dmsgv1/vaeplusddpg/install/turtlebot3_msgs/include/turtlebot3_msgs/srv/detail/goal__builder.hpp
[4.020s] -- Symlinking: /home/dmsgv1/vaeplusddpg/install/turtlebot3_msgs/include/turtlebot3_msgs/srv/detail/goal__struct.hpp
[4.023s] -- Symlinking: /home/dmsgv1/vaeplusddpg/install/turtlebot3_msgs/include/turtlebot3_msgs/srv/detail/goal__traits.hpp
[4.027s] -- Symlinking: /home/dmsgv1/vaeplusddpg/install/turtlebot3_msgs/include/turtlebot3_msgs/srv/detail/goal__type_support.hpp
[4.030s] -- Symlinking: /home/dmsgv1/vaeplusddpg/install/turtlebot3_msgs/include/turtlebot3_msgs/srv/detail/ring_goal__builder.hpp
[4.034s] -- Symlinking: /home/dmsgv1/vaeplusddpg/install/turtlebot3_msgs/include/turtlebot3_msgs/srv/detail/ring_goal__struct.hpp
[4.037s] -- Symlinking: /home/dmsgv1/vaeplusddpg/install/turtlebot3_msgs/include/turtlebot3_msgs/srv/detail/ring_goal__traits.hpp
[4.040s] -- Symlinking: /home/dmsgv1/vaeplusddpg/install/turtlebot3_msgs/include/turtlebot3_msgs/srv/detail/ring_goal__type_support.hpp
[4.044s] -- Symlinking: /home/dmsgv1/vaeplusddpg/install/turtlebot3_msgs/include/turtlebot3_msgs/srv/detail/sound__builder.hpp
[4.047s] -- Symlinking: /home/dmsgv1/vaeplusddpg/install/turtlebot3_msgs/include/turtlebot3_msgs/srv/detail/sound__struct.hpp
[4.051s] -- Symlinking: /home/dmsgv1/vaeplusddpg/install/turtlebot3_msgs/include/turtlebot3_msgs/srv/detail/sound__traits.hpp
[4.054s] -- Symlinking: /home/dmsgv1/vaeplusddpg/install/turtlebot3_msgs/include/turtlebot3_msgs/srv/detail/sound__type_support.hpp
[4.057s] -- Symlinking: /home/dmsgv1/vaeplusddpg/install/turtlebot3_msgs/include/turtlebot3_msgs/srv/drl_step.hpp
[4.060s] -- Symlinking: /home/dmsgv1/vaeplusddpg/install/turtlebot3_msgs/include/turtlebot3_msgs/srv/goal.hpp
[4.064s] -- Symlinking: /home/dmsgv1/vaeplusddpg/install/turtlebot3_msgs/include/turtlebot3_msgs/srv/ring_goal.hpp
[4.067s] -- Symlinking: /home/dmsgv1/vaeplusddpg/install/turtlebot3_msgs/include/turtlebot3_msgs/srv/sound.hpp
[4.071s] -- Symlinking: /home/dmsgv1/vaeplusddpg/install/turtlebot3_msgs/include/turtlebot3_msgs/action/detail/patrol__rosidl_typesupport_introspection_cpp.hpp
[4.075s] -- Symlinking: /home/dmsgv1/vaeplusddpg/install/turtlebot3_msgs/include/turtlebot3_msgs/msg/detail/sensor_state__rosidl_typesupport_introspection_cpp.hpp
[4.078s] -- Symlinking: /home/dmsgv1/vaeplusddpg/install/turtlebot3_msgs/include/turtlebot3_msgs/msg/detail/sound__rosidl_typesupport_introspection_cpp.hpp
[4.082s] -- Symlinking: /home/dmsgv1/vaeplusddpg/install/turtlebot3_msgs/include/turtlebot3_msgs/msg/detail/version_info__rosidl_typesupport_introspection_cpp.hpp
[4.085s] -- Symlinking: /home/dmsgv1/vaeplusddpg/install/turtlebot3_msgs/include/turtlebot3_msgs/srv/detail/drl_step__rosidl_typesupport_introspection_cpp.hpp
[4.089s] -- Symlinking: /home/dmsgv1/vaeplusddpg/install/turtlebot3_msgs/include/turtlebot3_msgs/srv/detail/goal__rosidl_typesupport_introspection_cpp.hpp
[4.092s] -- Symlinking: /home/dmsgv1/vaeplusddpg/install/turtlebot3_msgs/include/turtlebot3_msgs/srv/detail/ring_goal__rosidl_typesupport_introspection_cpp.hpp
[4.096s] -- Symlinking: /home/dmsgv1/vaeplusddpg/install/turtlebot3_msgs/include/turtlebot3_msgs/srv/detail/sound__rosidl_typesupport_introspection_cpp.hpp
[4.099s] -- Symlinking: /home/dmsgv1/vaeplusddpg/install/turtlebot3_msgs/share/turtlebot3_msgs/environment/pythonpath.sh
[4.103s] -- Symlinking: /home/dmsgv1/vaeplusddpg/install/turtlebot3_msgs/share/turtlebot3_msgs/environment/pythonpath.dsv
[4.106s] -- Symlinking: /home/dmsgv1/vaeplusddpg/install/turtlebot3_msgs/lib/python3.8/site-packages/turtlebot3_msgs/__init__.py
[4.110s] -- Symlinking: /home/dmsgv1/vaeplusddpg/install/turtlebot3_msgs/lib/python3.8/site-packages/turtlebot3_msgs/msg/__init__.py
[4.114s] -- Symlinking: /home/dmsgv1/vaeplusddpg/install/turtlebot3_msgs/lib/python3.8/site-packages/turtlebot3_msgs/msg/_sensor_state.py
[4.117s] -- Symlinking: /home/dmsgv1/vaeplusddpg/install/turtlebot3_msgs/lib/python3.8/site-packages/turtlebot3_msgs/msg/_sound.py
[4.121s] -- Symlinking: /home/dmsgv1/vaeplusddpg/install/turtlebot3_msgs/lib/python3.8/site-packages/turtlebot3_msgs/msg/_version_info.py
[4.124s] -- Symlinking: /home/dmsgv1/vaeplusddpg/install/turtlebot3_msgs/lib/python3.8/site-packages/turtlebot3_msgs/srv/__init__.py
[4.128s] -- Symlinking: /home/dmsgv1/vaeplusddpg/install/turtlebot3_msgs/lib/python3.8/site-packages/turtlebot3_msgs/srv/_drl_step.py
[4.132s] -- Symlinking: /home/dmsgv1/vaeplusddpg/install/turtlebot3_msgs/lib/python3.8/site-packages/turtlebot3_msgs/srv/_goal.py
[4.135s] -- Symlinking: /home/dmsgv1/vaeplusddpg/install/turtlebot3_msgs/lib/python3.8/site-packages/turtlebot3_msgs/srv/_ring_goal.py
[4.138s] -- Symlinking: /home/dmsgv1/vaeplusddpg/install/turtlebot3_msgs/lib/python3.8/site-packages/turtlebot3_msgs/srv/_sound.py
[4.142s] -- Symlinking: /home/dmsgv1/vaeplusddpg/install/turtlebot3_msgs/lib/python3.8/site-packages/turtlebot3_msgs/action/__init__.py
[4.146s] -- Symlinking: /home/dmsgv1/vaeplusddpg/install/turtlebot3_msgs/lib/python3.8/site-packages/turtlebot3_msgs/action/_patrol.py
[4.149s] -- Symlinking: /home/dmsgv1/vaeplusddpg/install/turtlebot3_msgs/lib/python3.8/site-packages/turtlebot3_msgs/turtlebot3_msgs_s__rosidl_typesupport_fastrtps_c.cpython-38-x86_64-linux-gnu.so
[4.153s] -- Symlinking: /home/dmsgv1/vaeplusddpg/install/turtlebot3_msgs/lib/python3.8/site-packages/turtlebot3_msgs/turtlebot3_msgs_s__rosidl_typesupport_introspection_c.cpython-38-x86_64-linux-gnu.so
[4.156s] -- Symlinking: /home/dmsgv1/vaeplusddpg/install/turtlebot3_msgs/lib/python3.8/site-packages/turtlebot3_msgs/turtlebot3_msgs_s__rosidl_typesupport_c.cpython-38-x86_64-linux-gnu.so
[4.160s] -- Symlinking: /home/dmsgv1/vaeplusddpg/install/turtlebot3_msgs/lib/libturtlebot3_msgs__python.so
[4.163s] -- Symlinking: /home/dmsgv1/vaeplusddpg/install/turtlebot3_msgs/share/turtlebot3_msgs/msg/SensorState.idl
[4.167s] -- Symlinking: /home/dmsgv1/vaeplusddpg/install/turtlebot3_msgs/share/turtlebot3_msgs/msg/Sound.idl
[4.171s] -- Symlinking: /home/dmsgv1/vaeplusddpg/install/turtlebot3_msgs/share/turtlebot3_msgs/msg/VersionInfo.idl
[4.174s] -- Symlinking: /home/dmsgv1/vaeplusddpg/install/turtlebot3_msgs/share/turtlebot3_msgs/srv/Sound.idl
[4.178s] -- Symlinking: /home/dmsgv1/vaeplusddpg/install/turtlebot3_msgs/share/turtlebot3_msgs/srv/DrlStep.idl
[4.182s] -- Symlinking: /home/dmsgv1/vaeplusddpg/install/turtlebot3_msgs/share/turtlebot3_msgs/srv/Goal.idl
[4.185s] -- Symlinking: /home/dmsgv1/vaeplusddpg/install/turtlebot3_msgs/share/turtlebot3_msgs/srv/RingGoal.idl
[4.189s] -- Symlinking: /home/dmsgv1/vaeplusddpg/install/turtlebot3_msgs/share/turtlebot3_msgs/action/Patrol.idl
[4.192s] -- Symlinking: /home/dmsgv1/vaeplusddpg/install/turtlebot3_msgs/share/turtlebot3_msgs/msg/SensorState.msg
[4.196s] -- Symlinking: /home/dmsgv1/vaeplusddpg/install/turtlebot3_msgs/share/turtlebot3_msgs/msg/Sound.msg
[4.199s] -- Symlinking: /home/dmsgv1/vaeplusddpg/install/turtlebot3_msgs/share/turtlebot3_msgs/msg/VersionInfo.msg
[4.202s] -- Symlinking: /home/dmsgv1/vaeplusddpg/install/turtlebot3_msgs/share/turtlebot3_msgs/srv/Sound.srv
[4.206s] -- Symlinking: /home/dmsgv1/vaeplusddpg/install/turtlebot3_msgs/share/turtlebot3_msgs/srv/Sound_Request.msg
[4.209s] -- Symlinking: /home/dmsgv1/vaeplusddpg/install/turtlebot3_msgs/share/turtlebot3_msgs/srv/Sound_Response.msg
[4.212s] -- Symlinking: /home/dmsgv1/vaeplusddpg/install/turtlebot3_msgs/share/turtlebot3_msgs/srv/DrlStep.srv
[4.216s] -- Symlinking: /home/dmsgv1/vaeplusddpg/install/turtlebot3_msgs/share/turtlebot3_msgs/srv/DrlStep_Request.msg
[4.219s] -- Symlinking: /home/dmsgv1/vaeplusddpg/install/turtlebot3_msgs/share/turtlebot3_msgs/srv/DrlStep_Response.msg
[4.223s] -- Symlinking: /home/dmsgv1/vaeplusddpg/install/turtlebot3_msgs/share/turtlebot3_msgs/srv/Goal.srv
[4.226s] -- Symlinking: /home/dmsgv1/vaeplusddpg/install/turtlebot3_msgs/share/turtlebot3_msgs/srv/Goal_Request.msg
[4.229s] -- Symlinking: /home/dmsgv1/vaeplusddpg/install/turtlebot3_msgs/share/turtlebot3_msgs/srv/Goal_Response.msg
[4.233s] -- Symlinking: /home/dmsgv1/vaeplusddpg/install/turtlebot3_msgs/share/turtlebot3_msgs/srv/RingGoal.srv
[4.236s] -- Symlinking: /home/dmsgv1/vaeplusddpg/install/turtlebot3_msgs/share/turtlebot3_msgs/srv/RingGoal_Request.msg
[4.240s] -- Symlinking: /home/dmsgv1/vaeplusddpg/install/turtlebot3_msgs/share/turtlebot3_msgs/srv/RingGoal_Response.msg
[4.243s] -- Symlinking: /home/dmsgv1/vaeplusddpg/install/turtlebot3_msgs/share/turtlebot3_msgs/action/Patrol.action
[4.246s] -- Symlinking: /home/dmsgv1/vaeplusddpg/install/turtlebot3_msgs/share/ament_index/resource_index/package_run_dependencies/turtlebot3_msgs
[4.250s] -- Symlinking: /home/dmsgv1/vaeplusddpg/install/turtlebot3_msgs/share/ament_index/resource_index/parent_prefix_path/turtlebot3_msgs
[4.253s] -- Symlinking: /home/dmsgv1/vaeplusddpg/install/turtlebot3_msgs/share/turtlebot3_msgs/environment/ament_prefix_path.sh
[4.256s] -- Symlinking: /home/dmsgv1/vaeplusddpg/install/turtlebot3_msgs/share/turtlebot3_msgs/environment/ament_prefix_path.dsv
[4.259s] -- Symlinking: /home/dmsgv1/vaeplusddpg/install/turtlebot3_msgs/share/turtlebot3_msgs/environment/path.sh
[4.263s] -- Symlinking: /home/dmsgv1/vaeplusddpg/install/turtlebot3_msgs/share/turtlebot3_msgs/environment/path.dsv
[4.266s] -- Symlinking: /home/dmsgv1/vaeplusddpg/install/turtlebot3_msgs/share/turtlebot3_msgs/local_setup.bash
[4.270s] -- Symlinking: /home/dmsgv1/vaeplusddpg/install/turtlebot3_msgs/share/turtlebot3_msgs/local_setup.sh
[4.273s] -- Symlinking: /home/dmsgv1/vaeplusddpg/install/turtlebot3_msgs/share/turtlebot3_msgs/local_setup.zsh
[4.276s] -- Symlinking: /home/dmsgv1/vaeplusddpg/install/turtlebot3_msgs/share/turtlebot3_msgs/local_setup.dsv
[4.280s] -- Symlinking: /home/dmsgv1/vaeplusddpg/install/turtlebot3_msgs/share/turtlebot3_msgs/package.dsv
[4.283s] -- Symlinking: /home/dmsgv1/vaeplusddpg/install/turtlebot3_msgs/share/ament_index/resource_index/packages/turtlebot3_msgs
[4.286s] -- Symlinking: /home/dmsgv1/vaeplusddpg/install/turtlebot3_msgs/share/turtlebot3_msgs/cmake/rosidl_cmake-extras.cmake
[4.290s] -- Symlinking: /home/dmsgv1/vaeplusddpg/install/turtlebot3_msgs/share/turtlebot3_msgs/cmake/ament_cmake_export_dependencies-extras.cmake
[4.293s] -- Symlinking: /home/dmsgv1/vaeplusddpg/install/turtlebot3_msgs/share/turtlebot3_msgs/cmake/ament_cmake_export_libraries-extras.cmake
[4.297s] -- Symlinking: /home/dmsgv1/vaeplusddpg/install/turtlebot3_msgs/share/turtlebot3_msgs/cmake/ament_cmake_export_targets-extras.cmake
[4.301s] -- Symlinking: /home/dmsgv1/vaeplusddpg/install/turtlebot3_msgs/share/turtlebot3_msgs/cmake/ament_cmake_export_include_directories-extras.cmake
[4.305s] -- Symlinking: /home/dmsgv1/vaeplusddpg/install/turtlebot3_msgs/share/turtlebot3_msgs/cmake/rosidl_cmake_export_typesupport_libraries-extras.cmake
[4.309s] -- Symlinking: /home/dmsgv1/vaeplusddpg/install/turtlebot3_msgs/share/turtlebot3_msgs/cmake/rosidl_cmake_export_typesupport_targets-extras.cmake
[4.313s] -- Symlinking: /home/dmsgv1/vaeplusddpg/install/turtlebot3_msgs/share/turtlebot3_msgs/cmake/turtlebot3_msgsConfig.cmake
[4.317s] -- Symlinking: /home/dmsgv1/vaeplusddpg/install/turtlebot3_msgs/share/turtlebot3_msgs/cmake/turtlebot3_msgsConfig-version.cmake
[4.320s] -- Symlinking: /home/dmsgv1/vaeplusddpg/install/turtlebot3_msgs/share/turtlebot3_msgs/package.xml
[4.324s] -- Installing: /home/dmsgv1/vaeplusddpg/install/turtlebot3_msgs/lib/libturtlebot3_msgs__rosidl_generator_c.so
[4.324s] -- Set runtime path of "/home/dmsgv1/vaeplusddpg/install/turtlebot3_msgs/lib/libturtlebot3_msgs__rosidl_generator_c.so" to ""
[4.324s] -- Installing: /home/dmsgv1/vaeplusddpg/install/turtlebot3_msgs/lib/libturtlebot3_msgs__rosidl_typesupport_introspection_c.so
[4.324s] -- Set runtime path of "/home/dmsgv1/vaeplusddpg/install/turtlebot3_msgs/lib/libturtlebot3_msgs__rosidl_typesupport_introspection_c.so" to ""
[4.324s] -- Installing: /home/dmsgv1/vaeplusddpg/install/turtlebot3_msgs/lib/libturtlebot3_msgs__rosidl_typesupport_c.so
[4.324s] -- Set runtime path of "/home/dmsgv1/vaeplusddpg/install/turtlebot3_msgs/lib/libturtlebot3_msgs__rosidl_typesupport_c.so" to ""
[4.324s] -- Installing: /home/dmsgv1/vaeplusddpg/install/turtlebot3_msgs/lib/libturtlebot3_msgs__rosidl_typesupport_introspection_cpp.so
[4.324s] -- Set runtime path of "/home/dmsgv1/vaeplusddpg/install/turtlebot3_msgs/lib/libturtlebot3_msgs__rosidl_typesupport_introspection_cpp.so" to ""
[4.325s] -- Installing: /home/dmsgv1/vaeplusddpg/install/turtlebot3_msgs/lib/libturtlebot3_msgs__rosidl_typesupport_cpp.so
[4.325s] -- Set runtime path of "/home/dmsgv1/vaeplusddpg/install/turtlebot3_msgs/lib/libturtlebot3_msgs__rosidl_typesupport_cpp.so" to ""
[4.338s] Compiling '/home/dmsgv1/vaeplusddpg/install/turtlebot3_msgs/lib/python3.8/site-packages/turtlebot3_msgs/__init__.py'...
[4.339s] -- Installing: /home/dmsgv1/vaeplusddpg/install/turtlebot3_msgs/share/turtlebot3_msgs/cmake/turtlebot3_msgs__rosidl_generator_cExport.cmake
[4.340s] -- Installing: /home/dmsgv1/vaeplusddpg/install/turtlebot3_msgs/share/turtlebot3_msgs/cmake/turtlebot3_msgs__rosidl_generator_cExport-noconfig.cmake
[4.340s] -- Installing: /home/dmsgv1/vaeplusddpg/install/turtlebot3_msgs/share/turtlebot3_msgs/cmake/turtlebot3_msgs__rosidl_typesupport_introspection_cExport.cmake
[4.340s] -- Installing: /home/dmsgv1/vaeplusddpg/install/turtlebot3_msgs/share/turtlebot3_msgs/cmake/turtlebot3_msgs__rosidl_typesupport_introspection_cExport-noconfig.cmake
[4.340s] -- Installing: /home/dmsgv1/vaeplusddpg/install/turtlebot3_msgs/share/turtlebot3_msgs/cmake/turtlebot3_msgs__rosidl_typesupport_cExport.cmake
[4.340s] -- Installing: /home/dmsgv1/vaeplusddpg/install/turtlebot3_msgs/share/turtlebot3_msgs/cmake/turtlebot3_msgs__rosidl_typesupport_cExport-noconfig.cmake
[4.340s] -- Installing: /home/dmsgv1/vaeplusddpg/install/turtlebot3_msgs/share/turtlebot3_msgs/cmake/turtlebot3_msgs__rosidl_generator_cppExport.cmake
[4.340s] -- Installing: /home/dmsgv1/vaeplusddpg/install/turtlebot3_msgs/share/turtlebot3_msgs/cmake/turtlebot3_msgs__rosidl_typesupport_introspection_cppExport.cmake
[4.340s] -- Installing: /home/dmsgv1/vaeplusddpg/install/turtlebot3_msgs/share/turtlebot3_msgs/cmake/turtlebot3_msgs__rosidl_typesupport_introspection_cppExport-noconfig.cmake
[4.340s] -- Installing: /home/dmsgv1/vaeplusddpg/install/turtlebot3_msgs/share/turtlebot3_msgs/cmake/turtlebot3_msgs__rosidl_typesupport_cppExport.cmake
[4.340s] -- Installing: /home/dmsgv1/vaeplusddpg/install/turtlebot3_msgs/share/turtlebot3_msgs/cmake/turtlebot3_msgs__rosidl_typesupport_cppExport-noconfig.cmake
[4.342s] Invoked command in '/home/dmsgv1/vaeplusddpg/build/turtlebot3_msgs' returned '0': CMAKE_PREFIX_PATH=${CMAKE_PREFIX_PATH}:/home/dmsgv1/VAEplusDDPG/install/turtlebot3_drl:/opt/ros/foxy /bin/cmake --install /home/dmsgv1/vaeplusddpg/build/turtlebot3_msgs
