[0.011s] Invoking command in '/home/dmsgv1/VAEplusDDPG/build/turtlebot3_msgs': CMAKE_PREFIX_PATH=${CMAKE_PREFIX_PATH}:/home/dmsgv1/turtlebot3_drlnav/install/turtlebot3_drl:/opt/ros/foxy /bin/cmake /home/dmsgv1/VAEplusDDPG/src/turtlebot3_msgs -DAMENT_CMAKE_SYMLINK_INSTALL=1 -DCMAKE_INSTALL_PREFIX=/home/dmsgv1/VAEplusDDPG/install/turtlebot3_msgs
[0.111s] -- The C compiler identification is GNU 9.4.0
[0.182s] -- The CXX compiler identification is GNU 9.4.0
[0.185s] -- Check for working C compiler: /bin/cc
[0.215s] -- Check for working C compiler: /bin/cc -- works
[0.216s] -- Detecting C compiler ABI info
[0.244s] -- Detecting C compiler ABI info - done
[0.250s] -- Detecting C compile features
[0.250s] -- Detecting C compile features - done
[0.251s] -- Check for working CXX compiler: /bin/c++
[0.284s] -- Check for working CXX compiler: /bin/c++ -- works
[0.285s] -- Detecting CXX compiler ABI info
[0.318s] -- Detecting CXX compiler ABI info - done
[0.323s] -- Detecting CXX compile features
[0.323s] -- Detecting CXX compile features - done
[0.325s] -- Found action_msgs: 1.0.0 (/opt/ros/foxy/share/action_msgs/cmake)
[0.338s] -- Found PythonInterp: /bin/python3 (found suitable version "3.8.10", minimum required is "3") 
[0.338s] -- Using PYTHON_EXECUTABLE: /bin/python3
[0.411s] -- Override CMake install command with custom implementation using symlinks instead of copying resources
[0.462s] -- Using all available rosidl_typesupport_c: rosidl_typesupport_fastrtps_c;rosidl_typesupport_introspection_c
[0.467s] -- Found rosidl_adapter: 1.3.1 (/opt/ros/foxy/share/rosidl_adapter/cmake)
[0.503s] -- Found OpenSSL: /usr/lib/x86_64-linux-gnu/libcrypto.so (found version "1.1.1f")  
[0.518s] -- Found FastRTPS: /opt/ros/foxy/include  
[0.581s] -- Using all available rosidl_typesupport_cpp: rosidl_typesupport_fastrtps_cpp;rosidl_typesupport_introspection_cpp
[0.618s] -- Found rosidl_default_generators: 1.0.1 (/opt/ros/foxy/share/rosidl_default_generators/cmake)
[0.624s] -- Found std_msgs: 2.0.5 (/opt/ros/foxy/share/std_msgs/cmake)
[0.643s] -- Found PythonInterp: /bin/python3 (found version "3.8.10") 
[1.075s] -- Found ament_cmake_cppcheck: 0.9.8 (/opt/ros/foxy/share/ament_cmake_cppcheck/cmake)
[1.099s] -- Found ament_cmake_cpplint: 0.9.8 (/opt/ros/foxy/share/ament_cmake_cpplint/cmake)
[1.121s] -- Found ament_cmake_uncrustify: 0.9.8 (/opt/ros/foxy/share/ament_cmake_uncrustify/cmake)
[1.156s] -- Found ament_cmake_ros: 0.9.2 (/opt/ros/foxy/share/ament_cmake_ros/cmake)
[1.395s] -- Using all available rosidl_typesupport_c: rosidl_typesupport_fastrtps_c;rosidl_typesupport_introspection_c
[1.429s] -- Using all available rosidl_typesupport_cpp: rosidl_typesupport_fastrtps_cpp;rosidl_typesupport_introspection_cpp
[1.442s] -- Found PythonInterp: /bin/python3 (found suitable version "3.8.10", minimum required is "3.5") 
[1.443s] -- Found python_cmake_module: 0.8.1 (/opt/ros/foxy/share/python_cmake_module/cmake)
[1.456s] -- Found PythonLibs: /usr/lib/x86_64-linux-gnu/libpython3.8.so (found suitable version "3.8.10", minimum required is "3.5") 
[1.456s] -- Using PYTHON_EXECUTABLE: /bin/python3
[1.456s] -- Using PYTHON_INCLUDE_DIRS: /usr/include/python3.8
[1.456s] -- Using PYTHON_LIBRARIES: /usr/lib/x86_64-linux-gnu/libpython3.8.so
[1.465s] -- Found PythonExtra: .so  
[1.499s] -- Found ament_cmake_flake8: 0.9.8 (/opt/ros/foxy/share/ament_cmake_flake8/cmake)
[1.500s] -- Found ament_cmake_pep257: 0.9.8 (/opt/ros/foxy/share/ament_cmake_pep257/cmake)
[1.508s] -- Configuring done
[1.542s] -- Generating done
[1.543s] -- Build files have been written to: /home/dmsgv1/VAEplusDDPG/build/turtlebot3_msgs
[1.548s] Invoked command in '/home/dmsgv1/VAEplusDDPG/build/turtlebot3_msgs' returned '0': CMAKE_PREFIX_PATH=${CMAKE_PREFIX_PATH}:/home/dmsgv1/turtlebot3_drlnav/install/turtlebot3_drl:/opt/ros/foxy /bin/cmake /home/dmsgv1/VAEplusDDPG/src/turtlebot3_msgs -DAMENT_CMAKE_SYMLINK_INSTALL=1 -DCMAKE_INSTALL_PREFIX=/home/dmsgv1/VAEplusDDPG/install/turtlebot3_msgs
[1.549s] Invoking command in '/home/dmsgv1/VAEplusDDPG/build/turtlebot3_msgs': CMAKE_PREFIX_PATH=${CMAKE_PREFIX_PATH}:/home/dmsgv1/turtlebot3_drlnav/install/turtlebot3_drl:/opt/ros/foxy /bin/cmake --build /home/dmsgv1/VAEplusDDPG/build/turtlebot3_msgs -- -j28 -l28
[1.567s] [35m[1mScanning dependencies of target turtlebot3_msgs__cpp[0m
[1.568s] [  1%] [34m[1mGenerating C code for ROS interfaces[0m
[1.572s] [  2%] [34m[1mGenerating C++ code for ROS interfaces[0m
[1.943s] [  2%] Built target turtlebot3_msgs__cpp
[1.948s] [  4%] [34m[1mGenerating C++ introspection for ROS interfaces[0m
[1.948s] [  4%] [34m[1mGenerating C++ type support dispatch for ROS interfaces[0m
[1.948s] [  5%] [34m[1mGenerating C++ type support for eProsima Fast-RTPS[0m
[1.964s] [35m[1mScanning dependencies of target turtlebot3_msgs__rosidl_generator_c[0m
[1.975s] [  8%] [32mBuilding C object CMakeFiles/turtlebot3_msgs__rosidl_generator_c.dir/rosidl_generator_c/turtlebot3_msgs/msg/detail/sound__functions.c.o[0m
[1.975s] [  8%] [32mBuilding C object CMakeFiles/turtlebot3_msgs__rosidl_generator_c.dir/rosidl_generator_c/turtlebot3_msgs/srv/detail/drl_step__functions.c.o[0m
[1.975s] [ 10%] [32mBuilding C object CMakeFiles/turtlebot3_msgs__rosidl_generator_c.dir/rosidl_generator_c/turtlebot3_msgs/msg/detail/version_info__functions.c.o[0m
[1.975s] [ 10%] [32mBuilding C object CMakeFiles/turtlebot3_msgs__rosidl_generator_c.dir/rosidl_generator_c/turtlebot3_msgs/srv/detail/sound__functions.c.o[0m
[1.975s] [ 11%] [32mBuilding C object CMakeFiles/turtlebot3_msgs__rosidl_generator_c.dir/rosidl_generator_c/turtlebot3_msgs/msg/detail/sensor_state__functions.c.o[0m
[1.976s] [ 12%] [32mBuilding C object CMakeFiles/turtlebot3_msgs__rosidl_generator_c.dir/rosidl_generator_c/turtlebot3_msgs/srv/detail/ring_goal__functions.c.o[0m
[1.977s] [ 13%] [32mBuilding C object CMakeFiles/turtlebot3_msgs__rosidl_generator_c.dir/rosidl_generator_c/turtlebot3_msgs/srv/detail/goal__functions.c.o[0m
[1.978s] [ 14%] [32mBuilding C object CMakeFiles/turtlebot3_msgs__rosidl_generator_c.dir/rosidl_generator_c/turtlebot3_msgs/action/detail/patrol__functions.c.o[0m
[2.039s] [ 16%] [32m[1mLinking C shared library libturtlebot3_msgs__rosidl_generator_c.so[0m
[2.063s] [ 16%] Built target turtlebot3_msgs__rosidl_generator_c
[2.068s] [ 17%] [34m[1mGenerating C introspection for ROS interfaces[0m
[2.068s] [ 18%] [34m[1mGenerating C type support dispatch for ROS interfaces[0m
[2.216s] [35m[1mScanning dependencies of target turtlebot3_msgs__rosidl_typesupport_cpp[0m
[2.226s] [ 19%] [32mBuilding CXX object CMakeFiles/turtlebot3_msgs__rosidl_typesupport_cpp.dir/rosidl_typesupport_cpp/turtlebot3_msgs/msg/sensor_state__type_support.cpp.o[0m
[2.226s] [ 20%] [32mBuilding CXX object CMakeFiles/turtlebot3_msgs__rosidl_typesupport_cpp.dir/rosidl_typesupport_cpp/turtlebot3_msgs/msg/sound__type_support.cpp.o[0m
[2.226s] [ 21%] [32mBuilding CXX object CMakeFiles/turtlebot3_msgs__rosidl_typesupport_cpp.dir/rosidl_typesupport_cpp/turtlebot3_msgs/srv/drl_step__type_support.cpp.o[0m
[2.228s] [ 22%] [32mBuilding CXX object CMakeFiles/turtlebot3_msgs__rosidl_typesupport_cpp.dir/rosidl_typesupport_cpp/turtlebot3_msgs/msg/version_info__type_support.cpp.o[0m
[2.228s] [ 25%] [32mBuilding CXX object CMakeFiles/turtlebot3_msgs__rosidl_typesupport_cpp.dir/rosidl_typesupport_cpp/turtlebot3_msgs/srv/sound__type_support.cpp.o[0m
[2.228s] [ 25%] [32mBuilding CXX object CMakeFiles/turtlebot3_msgs__rosidl_typesupport_cpp.dir/rosidl_typesupport_cpp/turtlebot3_msgs/srv/goal__type_support.cpp.o[0m
[2.228s] [ 26%] [32mBuilding CXX object CMakeFiles/turtlebot3_msgs__rosidl_typesupport_cpp.dir/rosidl_typesupport_cpp/turtlebot3_msgs/srv/ring_goal__type_support.cpp.o[0m
[2.229s] [ 27%] [32mBuilding CXX object CMakeFiles/turtlebot3_msgs__rosidl_typesupport_cpp.dir/rosidl_typesupport_cpp/turtlebot3_msgs/action/patrol__type_support.cpp.o[0m
[2.260s] [35m[1mScanning dependencies of target turtlebot3_msgs__rosidl_typesupport_introspection_cpp[0m
[2.270s] [ 28%] [32mBuilding CXX object CMakeFiles/turtlebot3_msgs__rosidl_typesupport_introspection_cpp.dir/rosidl_typesupport_introspection_cpp/turtlebot3_msgs/msg/detail/sensor_state__type_support.cpp.o[0m
[2.271s] [ 31%] [32mBuilding CXX object CMakeFiles/turtlebot3_msgs__rosidl_typesupport_introspection_cpp.dir/rosidl_typesupport_introspection_cpp/turtlebot3_msgs/msg/detail/version_info__type_support.cpp.o[0m
[2.271s] [ 31%] [32mBuilding CXX object CMakeFiles/turtlebot3_msgs__rosidl_typesupport_introspection_cpp.dir/rosidl_typesupport_introspection_cpp/turtlebot3_msgs/srv/detail/sound__type_support.cpp.o[0m
[2.272s] [ 32%] [32mBuilding CXX object CMakeFiles/turtlebot3_msgs__rosidl_typesupport_introspection_cpp.dir/rosidl_typesupport_introspection_cpp/turtlebot3_msgs/msg/detail/sound__type_support.cpp.o[0m
[2.272s] [ 33%] [32mBuilding CXX object CMakeFiles/turtlebot3_msgs__rosidl_typesupport_introspection_cpp.dir/rosidl_typesupport_introspection_cpp/turtlebot3_msgs/srv/detail/drl_step__type_support.cpp.o[0m
[2.272s] [ 34%] [32mBuilding CXX object CMakeFiles/turtlebot3_msgs__rosidl_typesupport_introspection_cpp.dir/rosidl_typesupport_introspection_cpp/turtlebot3_msgs/srv/detail/goal__type_support.cpp.o[0m
[2.273s] [ 35%] [32mBuilding CXX object CMakeFiles/turtlebot3_msgs__rosidl_typesupport_introspection_cpp.dir/rosidl_typesupport_introspection_cpp/turtlebot3_msgs/action/detail/patrol__type_support.cpp.o[0m
[2.273s] [ 36%] [32mBuilding CXX object CMakeFiles/turtlebot3_msgs__rosidl_typesupport_introspection_cpp.dir/rosidl_typesupport_introspection_cpp/turtlebot3_msgs/srv/detail/ring_goal__type_support.cpp.o[0m
[2.347s] [35m[1mScanning dependencies of target turtlebot3_msgs__rosidl_typesupport_c[0m
[2.359s] [ 41%] [32mBuilding CXX object CMakeFiles/turtlebot3_msgs__rosidl_typesupport_c.dir/rosidl_typesupport_c/turtlebot3_msgs/msg/sound__type_support.cpp.o[0m
[2.360s] [ 41%] [32mBuilding CXX object CMakeFiles/turtlebot3_msgs__rosidl_typesupport_c.dir/rosidl_typesupport_c/turtlebot3_msgs/msg/sensor_state__type_support.cpp.o[0m
[2.360s] [ 41%] [32mBuilding CXX object CMakeFiles/turtlebot3_msgs__rosidl_typesupport_c.dir/rosidl_typesupport_c/turtlebot3_msgs/srv/sound__type_support.cpp.o[0m
[2.360s] [ 41%] [32mBuilding CXX object CMakeFiles/turtlebot3_msgs__rosidl_typesupport_c.dir/rosidl_typesupport_c/turtlebot3_msgs/srv/drl_step__type_support.cpp.o[0m
[2.360s] [ 42%] [32mBuilding CXX object CMakeFiles/turtlebot3_msgs__rosidl_typesupport_c.dir/rosidl_typesupport_c/turtlebot3_msgs/msg/version_info__type_support.cpp.o[0m
[2.367s] [ 43%] [32mBuilding CXX object CMakeFiles/turtlebot3_msgs__rosidl_typesupport_c.dir/rosidl_typesupport_c/turtlebot3_msgs/srv/ring_goal__type_support.cpp.o[0m
[2.368s] [ 44%] [32mBuilding CXX object CMakeFiles/turtlebot3_msgs__rosidl_typesupport_c.dir/rosidl_typesupport_c/turtlebot3_msgs/srv/goal__type_support.cpp.o[0m
[2.377s] [ 45%] [32mBuilding CXX object CMakeFiles/turtlebot3_msgs__rosidl_typesupport_c.dir/rosidl_typesupport_c/turtlebot3_msgs/action/patrol__type_support.cpp.o[0m
[2.398s] [35m[1mScanning dependencies of target turtlebot3_msgs__rosidl_typesupport_fastrtps_cpp[0m
[2.405s] [ 47%] [32m[1mLinking CXX shared library libturtlebot3_msgs__rosidl_typesupport_c.so[0m
[2.419s] [ 48%] [32mBuilding CXX object CMakeFiles/turtlebot3_msgs__rosidl_typesupport_fastrtps_cpp.dir/rosidl_typesupport_fastrtps_cpp/turtlebot3_msgs/msg/detail/dds_fastrtps/sound__type_support.cpp.o[0m
[2.419s] [ 49%] [32mBuilding CXX object CMakeFiles/turtlebot3_msgs__rosidl_typesupport_fastrtps_cpp.dir/rosidl_typesupport_fastrtps_cpp/turtlebot3_msgs/msg/detail/dds_fastrtps/sensor_state__type_support.cpp.o[0m
[2.419s] [ 50%] [32mBuilding CXX object CMakeFiles/turtlebot3_msgs__rosidl_typesupport_fastrtps_cpp.dir/rosidl_typesupport_fastrtps_cpp/turtlebot3_msgs/msg/detail/dds_fastrtps/version_info__type_support.cpp.o[0m
[2.419s] [ 51%] [32mBuilding CXX object CMakeFiles/turtlebot3_msgs__rosidl_typesupport_fastrtps_cpp.dir/rosidl_typesupport_fastrtps_cpp/turtlebot3_msgs/srv/detail/dds_fastrtps/goal__type_support.cpp.o[0m
[2.419s] [ 54%] [32mBuilding CXX object CMakeFiles/turtlebot3_msgs__rosidl_typesupport_fastrtps_cpp.dir/rosidl_typesupport_fastrtps_cpp/turtlebot3_msgs/srv/detail/dds_fastrtps/drl_step__type_support.cpp.o[0m
[2.420s] [ 54%] [32mBuilding CXX object CMakeFiles/turtlebot3_msgs__rosidl_typesupport_fastrtps_cpp.dir/rosidl_typesupport_fastrtps_cpp/turtlebot3_msgs/srv/detail/dds_fastrtps/sound__type_support.cpp.o[0m
[2.420s] [ 55%] [32mBuilding CXX object CMakeFiles/turtlebot3_msgs__rosidl_typesupport_fastrtps_cpp.dir/rosidl_typesupport_fastrtps_cpp/turtlebot3_msgs/action/detail/dds_fastrtps/patrol__type_support.cpp.o[0m
[2.420s] [ 56%] [32mBuilding CXX object CMakeFiles/turtlebot3_msgs__rosidl_typesupport_fastrtps_cpp.dir/rosidl_typesupport_fastrtps_cpp/turtlebot3_msgs/srv/detail/dds_fastrtps/ring_goal__type_support.cpp.o[0m
[2.434s] [ 56%] Built target turtlebot3_msgs__rosidl_typesupport_c
[2.501s] [ 57%] [32m[1mLinking CXX shared library libturtlebot3_msgs__rosidl_typesupport_cpp.so[0m
[2.526s] [ 57%] Built target turtlebot3_msgs__rosidl_typesupport_cpp
[2.538s] [35m[1mScanning dependencies of target turtlebot3_msgs__rosidl_typesupport_introspection_c[0m
[2.550s] [ 58%] [32mBuilding C object CMakeFiles/turtlebot3_msgs__rosidl_typesupport_introspection_c.dir/rosidl_typesupport_introspection_c/turtlebot3_msgs/msg/detail/sensor_state__type_support.c.o[0m
[2.552s] [ 59%] [32mBuilding C object CMakeFiles/turtlebot3_msgs__rosidl_typesupport_introspection_c.dir/rosidl_typesupport_introspection_c/turtlebot3_msgs/srv/detail/sound__type_support.c.o[0m
[2.552s] [ 63%] [32mBuilding C object CMakeFiles/turtlebot3_msgs__rosidl_typesupport_introspection_c.dir/rosidl_typesupport_introspection_c/turtlebot3_msgs/srv/detail/drl_step__type_support.c.o[0m
[2.552s] [ 63%] [32mBuilding C object CMakeFiles/turtlebot3_msgs__rosidl_typesupport_introspection_c.dir/rosidl_typesupport_introspection_c/turtlebot3_msgs/msg/detail/version_info__type_support.c.o[0m
[2.552s] [ 63%] [32mBuilding C object CMakeFiles/turtlebot3_msgs__rosidl_typesupport_introspection_c.dir/rosidl_typesupport_introspection_c/turtlebot3_msgs/msg/detail/sound__type_support.c.o[0m
[2.552s] [ 65%] [32mBuilding C object CMakeFiles/turtlebot3_msgs__rosidl_typesupport_introspection_c.dir/rosidl_typesupport_introspection_c/turtlebot3_msgs/srv/detail/goal__type_support.c.o[0m
[2.552s] [ 65%] [32mBuilding C object CMakeFiles/turtlebot3_msgs__rosidl_typesupport_introspection_c.dir/rosidl_typesupport_introspection_c/turtlebot3_msgs/srv/detail/ring_goal__type_support.c.o[0m
[2.553s] [ 66%] [32mBuilding C object CMakeFiles/turtlebot3_msgs__rosidl_typesupport_introspection_c.dir/rosidl_typesupport_introspection_c/turtlebot3_msgs/action/detail/patrol__type_support.c.o[0m
[2.564s] [ 67%] [32m[1mLinking CXX shared library libturtlebot3_msgs__rosidl_typesupport_introspection_cpp.so[0m
[2.586s] [ 68%] [32m[1mLinking C shared library libturtlebot3_msgs__rosidl_typesupport_introspection_c.so[0m
[2.604s] [ 68%] Built target turtlebot3_msgs__rosidl_typesupport_introspection_c
[2.619s] [ 68%] Built target turtlebot3_msgs__rosidl_typesupport_introspection_cpp
[2.703s] [ 70%] [32m[1mLinking CXX shared library libturtlebot3_msgs__rosidl_typesupport_fastrtps_cpp.so[0m
[2.748s] [ 70%] Built target turtlebot3_msgs__rosidl_typesupport_fastrtps_cpp
[2.753s] [ 71%] [34m[1mGenerating C type support for eProsima Fast-RTPS[0m
[3.096s] [35m[1mScanning dependencies of target turtlebot3_msgs__rosidl_typesupport_fastrtps_c[0m
[3.111s] [ 74%] [32mBuilding CXX object CMakeFiles/turtlebot3_msgs__rosidl_typesupport_fastrtps_c.dir/rosidl_typesupport_fastrtps_c/turtlebot3_msgs/msg/detail/version_info__type_support_c.cpp.o[0m
[3.112s] [ 74%] [32mBuilding CXX object CMakeFiles/turtlebot3_msgs__rosidl_typesupport_fastrtps_c.dir/rosidl_typesupport_fastrtps_c/turtlebot3_msgs/msg/detail/sensor_state__type_support_c.cpp.o[0m
[3.112s] [ 74%] [32mBuilding CXX object CMakeFiles/turtlebot3_msgs__rosidl_typesupport_fastrtps_c.dir/rosidl_typesupport_fastrtps_c/turtlebot3_msgs/msg/detail/sound__type_support_c.cpp.o[0m
[3.112s] [ 75%] [32mBuilding CXX object CMakeFiles/turtlebot3_msgs__rosidl_typesupport_fastrtps_c.dir/rosidl_typesupport_fastrtps_c/turtlebot3_msgs/srv/detail/ring_goal__type_support_c.cpp.o[0m
[3.112s] [ 77%] [32mBuilding CXX object CMakeFiles/turtlebot3_msgs__rosidl_typesupport_fastrtps_c.dir/rosidl_typesupport_fastrtps_c/turtlebot3_msgs/action/detail/patrol__type_support_c.cpp.o[0m
[3.112s] [ 78%] [32mBuilding CXX object CMakeFiles/turtlebot3_msgs__rosidl_typesupport_fastrtps_c.dir/rosidl_typesupport_fastrtps_c/turtlebot3_msgs/srv/detail/sound__type_support_c.cpp.o[0m
[3.112s] [ 79%] [32mBuilding CXX object CMakeFiles/turtlebot3_msgs__rosidl_typesupport_fastrtps_c.dir/rosidl_typesupport_fastrtps_c/turtlebot3_msgs/srv/detail/goal__type_support_c.cpp.o[0m
[3.112s] [ 80%] [32mBuilding CXX object CMakeFiles/turtlebot3_msgs__rosidl_typesupport_fastrtps_c.dir/rosidl_typesupport_fastrtps_c/turtlebot3_msgs/srv/detail/drl_step__type_support_c.cpp.o[0m
[3.330s] [ 81%] [32m[1mLinking CXX shared library libturtlebot3_msgs__rosidl_typesupport_fastrtps_c.so[0m
[3.372s] [ 81%] Built target turtlebot3_msgs__rosidl_typesupport_fastrtps_c
[3.376s] [35m[1mScanning dependencies of target turtlebot3_msgs[0m
[3.381s] [ 81%] Built target turtlebot3_msgs
[3.386s] [35m[1mScanning dependencies of target turtlebot3_msgs__py[0m
[3.391s] [ 82%] [34m[1mGenerating Python code for ROS interfaces[0m
[4.209s] [ 82%] Built target turtlebot3_msgs__py
[4.214s] [35m[1mScanning dependencies of target turtlebot3_msgs__python[0m
[4.237s] [ 86%] [32mBuilding C object CMakeFiles/turtlebot3_msgs__python.dir/rosidl_generator_py/turtlebot3_msgs/msg/_sensor_state_s.c.o[0m
[4.237s] [ 86%] [32mBuilding C object CMakeFiles/turtlebot3_msgs__python.dir/rosidl_generator_py/turtlebot3_msgs/msg/_version_info_s.c.o[0m
[4.237s] [ 86%] [32mBuilding C object CMakeFiles/turtlebot3_msgs__python.dir/rosidl_generator_py/turtlebot3_msgs/msg/_sound_s.c.o[0m
[4.239s] [ 87%] [32mBuilding C object CMakeFiles/turtlebot3_msgs__python.dir/rosidl_generator_py/turtlebot3_msgs/srv/_sound_s.c.o[0m
[4.239s] [ 88%] [32mBuilding C object CMakeFiles/turtlebot3_msgs__python.dir/rosidl_generator_py/turtlebot3_msgs/srv/_goal_s.c.o[0m
[4.240s] [ 90%] [32mBuilding C object CMakeFiles/turtlebot3_msgs__python.dir/rosidl_generator_py/turtlebot3_msgs/srv/_drl_step_s.c.o[0m
[4.240s] [ 90%] [32mBuilding C object CMakeFiles/turtlebot3_msgs__python.dir/rosidl_generator_py/turtlebot3_msgs/srv/_ring_goal_s.c.o[0m
[4.240s] [ 91%] [32mBuilding C object CMakeFiles/turtlebot3_msgs__python.dir/rosidl_generator_py/turtlebot3_msgs/action/_patrol_s.c.o[0m
[4.327s] [ 93%] [32m[1mLinking C shared library rosidl_generator_py/turtlebot3_msgs/libturtlebot3_msgs__python.so[0m
[4.350s] [ 93%] Built target turtlebot3_msgs__python
[4.354s] [35m[1mScanning dependencies of target turtlebot3_msgs__rosidl_typesupport_c__pyext[0m
[4.354s] [35m[1mScanning dependencies of target turtlebot3_msgs__rosidl_typesupport_introspection_c__pyext[0m
[4.354s] [35m[1mScanning dependencies of target turtlebot3_msgs__rosidl_typesupport_fastrtps_c__pyext[0m
[4.363s] [ 95%] [32mBuilding C object CMakeFiles/turtlebot3_msgs__rosidl_typesupport_c__pyext.dir/rosidl_generator_py/turtlebot3_msgs/_turtlebot3_msgs_s.ep.rosidl_typesupport_c.c.o[0m
[4.363s] [ 95%] [32mBuilding C object CMakeFiles/turtlebot3_msgs__rosidl_typesupport_introspection_c__pyext.dir/rosidl_generator_py/turtlebot3_msgs/_turtlebot3_msgs_s.ep.rosidl_typesupport_introspection_c.c.o[0m
[4.365s] [ 96%] [32mBuilding C object CMakeFiles/turtlebot3_msgs__rosidl_typesupport_fastrtps_c__pyext.dir/rosidl_generator_py/turtlebot3_msgs/_turtlebot3_msgs_s.ep.rosidl_typesupport_fastrtps_c.c.o[0m
[4.423s] [ 98%] [32m[1mLinking C shared library rosidl_generator_py/turtlebot3_msgs/turtlebot3_msgs_s__rosidl_typesupport_c.cpython-38-x86_64-linux-gnu.so[0m
[4.423s] [ 98%] [32m[1mLinking C shared library rosidl_generator_py/turtlebot3_msgs/turtlebot3_msgs_s__rosidl_typesupport_introspection_c.cpython-38-x86_64-linux-gnu.so[0m
[4.425s] [100%] [32m[1mLinking CXX shared library rosidl_generator_py/turtlebot3_msgs/turtlebot3_msgs_s__rosidl_typesupport_fastrtps_c.cpython-38-x86_64-linux-gnu.so[0m
[4.442s] [100%] Built target turtlebot3_msgs__rosidl_typesupport_c__pyext
[4.442s] [100%] Built target turtlebot3_msgs__rosidl_typesupport_introspection_c__pyext
[4.457s] [100%] Built target turtlebot3_msgs__rosidl_typesupport_fastrtps_c__pyext
[4.464s] Invoked command in '/home/dmsgv1/VAEplusDDPG/build/turtlebot3_msgs' returned '0': CMAKE_PREFIX_PATH=${CMAKE_PREFIX_PATH}:/home/dmsgv1/turtlebot3_drlnav/install/turtlebot3_drl:/opt/ros/foxy /bin/cmake --build /home/dmsgv1/VAEplusDDPG/build/turtlebot3_msgs -- -j28 -l28
[4.520s] Invoking command in '/home/dmsgv1/VAEplusDDPG/build/turtlebot3_msgs': CMAKE_PREFIX_PATH=${CMAKE_PREFIX_PATH}:/home/dmsgv1/turtlebot3_drlnav/install/turtlebot3_drl:/opt/ros/foxy /bin/cmake --install /home/dmsgv1/VAEplusDDPG/build/turtlebot3_msgs
[4.523s] -- Install configuration: ""
[4.523s] -- Execute custom install script
[4.523s] -- Symlinking: /home/dmsgv1/VAEplusDDPG/install/turtlebot3_msgs/share/ament_index/resource_index/rosidl_interfaces/turtlebot3_msgs
[4.527s] -- Symlinking: /home/dmsgv1/VAEplusDDPG/install/turtlebot3_msgs/include/turtlebot3_msgs/action/detail/patrol__functions.h
[4.531s] -- Symlinking: /home/dmsgv1/VAEplusDDPG/install/turtlebot3_msgs/include/turtlebot3_msgs/action/detail/patrol__struct.h
[4.534s] -- Symlinking: /home/dmsgv1/VAEplusDDPG/install/turtlebot3_msgs/include/turtlebot3_msgs/action/detail/patrol__type_support.h
[4.538s] -- Symlinking: /home/dmsgv1/VAEplusDDPG/install/turtlebot3_msgs/include/turtlebot3_msgs/action/patrol.h
[4.541s] -- Symlinking: /home/dmsgv1/VAEplusDDPG/install/turtlebot3_msgs/include/turtlebot3_msgs/msg/detail/sensor_state__functions.h
[4.545s] -- Symlinking: /home/dmsgv1/VAEplusDDPG/install/turtlebot3_msgs/include/turtlebot3_msgs/msg/detail/sensor_state__struct.h
[4.548s] -- Symlinking: /home/dmsgv1/VAEplusDDPG/install/turtlebot3_msgs/include/turtlebot3_msgs/msg/detail/sensor_state__type_support.h
[4.552s] -- Symlinking: /home/dmsgv1/VAEplusDDPG/install/turtlebot3_msgs/include/turtlebot3_msgs/msg/detail/sound__functions.h
[4.555s] -- Symlinking: /home/dmsgv1/VAEplusDDPG/install/turtlebot3_msgs/include/turtlebot3_msgs/msg/detail/sound__struct.h
[4.559s] -- Symlinking: /home/dmsgv1/VAEplusDDPG/install/turtlebot3_msgs/include/turtlebot3_msgs/msg/detail/sound__type_support.h
[4.562s] -- Symlinking: /home/dmsgv1/VAEplusDDPG/install/turtlebot3_msgs/include/turtlebot3_msgs/msg/detail/version_info__functions.h
[4.566s] -- Symlinking: /home/dmsgv1/VAEplusDDPG/install/turtlebot3_msgs/include/turtlebot3_msgs/msg/detail/version_info__struct.h
[4.570s] -- Symlinking: /home/dmsgv1/VAEplusDDPG/install/turtlebot3_msgs/include/turtlebot3_msgs/msg/detail/version_info__type_support.h
[4.574s] -- Symlinking: /home/dmsgv1/VAEplusDDPG/install/turtlebot3_msgs/include/turtlebot3_msgs/msg/rosidl_generator_c__visibility_control.h
[4.578s] -- Symlinking: /home/dmsgv1/VAEplusDDPG/install/turtlebot3_msgs/include/turtlebot3_msgs/msg/sensor_state.h
[4.581s] -- Symlinking: /home/dmsgv1/VAEplusDDPG/install/turtlebot3_msgs/include/turtlebot3_msgs/msg/sound.h
[4.585s] -- Symlinking: /home/dmsgv1/VAEplusDDPG/install/turtlebot3_msgs/include/turtlebot3_msgs/msg/version_info.h
[4.588s] -- Symlinking: /home/dmsgv1/VAEplusDDPG/install/turtlebot3_msgs/include/turtlebot3_msgs/srv/detail/drl_step__functions.h
[4.591s] -- Symlinking: /home/dmsgv1/VAEplusDDPG/install/turtlebot3_msgs/include/turtlebot3_msgs/srv/detail/drl_step__struct.h
[4.595s] -- Symlinking: /home/dmsgv1/VAEplusDDPG/install/turtlebot3_msgs/include/turtlebot3_msgs/srv/detail/drl_step__type_support.h
[4.598s] -- Symlinking: /home/dmsgv1/VAEplusDDPG/install/turtlebot3_msgs/include/turtlebot3_msgs/srv/detail/goal__functions.h
[4.601s] -- Symlinking: /home/dmsgv1/VAEplusDDPG/install/turtlebot3_msgs/include/turtlebot3_msgs/srv/detail/goal__struct.h
[4.605s] -- Symlinking: /home/dmsgv1/VAEplusDDPG/install/turtlebot3_msgs/include/turtlebot3_msgs/srv/detail/goal__type_support.h
[4.608s] -- Symlinking: /home/dmsgv1/VAEplusDDPG/install/turtlebot3_msgs/include/turtlebot3_msgs/srv/detail/ring_goal__functions.h
[4.612s] -- Symlinking: /home/dmsgv1/VAEplusDDPG/install/turtlebot3_msgs/include/turtlebot3_msgs/srv/detail/ring_goal__struct.h
[4.615s] -- Symlinking: /home/dmsgv1/VAEplusDDPG/install/turtlebot3_msgs/include/turtlebot3_msgs/srv/detail/ring_goal__type_support.h
[4.618s] -- Symlinking: /home/dmsgv1/VAEplusDDPG/install/turtlebot3_msgs/include/turtlebot3_msgs/srv/detail/sound__functions.h
[4.622s] -- Symlinking: /home/dmsgv1/VAEplusDDPG/install/turtlebot3_msgs/include/turtlebot3_msgs/srv/detail/sound__struct.h
[4.625s] -- Symlinking: /home/dmsgv1/VAEplusDDPG/install/turtlebot3_msgs/include/turtlebot3_msgs/srv/detail/sound__type_support.h
[4.628s] -- Symlinking: /home/dmsgv1/VAEplusDDPG/install/turtlebot3_msgs/include/turtlebot3_msgs/srv/drl_step.h
[4.632s] -- Symlinking: /home/dmsgv1/VAEplusDDPG/install/turtlebot3_msgs/include/turtlebot3_msgs/srv/goal.h
[4.635s] -- Symlinking: /home/dmsgv1/VAEplusDDPG/install/turtlebot3_msgs/include/turtlebot3_msgs/srv/ring_goal.h
[4.639s] -- Symlinking: /home/dmsgv1/VAEplusDDPG/install/turtlebot3_msgs/include/turtlebot3_msgs/srv/sound.h
[4.643s] -- Symlinking: /home/dmsgv1/VAEplusDDPG/install/turtlebot3_msgs/share/turtlebot3_msgs/environment/library_path.sh
[4.647s] -- Symlinking: /home/dmsgv1/VAEplusDDPG/install/turtlebot3_msgs/share/turtlebot3_msgs/environment/library_path.dsv
[4.652s] -- Symlinking: /home/dmsgv1/VAEplusDDPG/install/turtlebot3_msgs/include/turtlebot3_msgs/action/detail/patrol__rosidl_typesupport_fastrtps_c.h
[4.656s] -- Symlinking: /home/dmsgv1/VAEplusDDPG/install/turtlebot3_msgs/include/turtlebot3_msgs/msg/detail/sensor_state__rosidl_typesupport_fastrtps_c.h
[4.660s] -- Symlinking: /home/dmsgv1/VAEplusDDPG/install/turtlebot3_msgs/include/turtlebot3_msgs/msg/detail/sound__rosidl_typesupport_fastrtps_c.h
[4.664s] -- Symlinking: /home/dmsgv1/VAEplusDDPG/install/turtlebot3_msgs/include/turtlebot3_msgs/msg/detail/version_info__rosidl_typesupport_fastrtps_c.h
[4.668s] -- Symlinking: /home/dmsgv1/VAEplusDDPG/install/turtlebot3_msgs/include/turtlebot3_msgs/msg/rosidl_typesupport_fastrtps_c__visibility_control.h
[4.672s] -- Symlinking: /home/dmsgv1/VAEplusDDPG/install/turtlebot3_msgs/include/turtlebot3_msgs/srv/detail/drl_step__rosidl_typesupport_fastrtps_c.h
[4.675s] -- Symlinking: /home/dmsgv1/VAEplusDDPG/install/turtlebot3_msgs/include/turtlebot3_msgs/srv/detail/goal__rosidl_typesupport_fastrtps_c.h
[4.679s] -- Symlinking: /home/dmsgv1/VAEplusDDPG/install/turtlebot3_msgs/include/turtlebot3_msgs/srv/detail/ring_goal__rosidl_typesupport_fastrtps_c.h
[4.683s] -- Symlinking: /home/dmsgv1/VAEplusDDPG/install/turtlebot3_msgs/include/turtlebot3_msgs/srv/detail/sound__rosidl_typesupport_fastrtps_c.h
[4.687s] -- Symlinking: /home/dmsgv1/VAEplusDDPG/install/turtlebot3_msgs/lib/libturtlebot3_msgs__rosidl_typesupport_fastrtps_c.so
[4.692s] -- Symlinking: /home/dmsgv1/VAEplusDDPG/install/turtlebot3_msgs/include/turtlebot3_msgs/action/detail/patrol__rosidl_typesupport_fastrtps_cpp.hpp
[4.696s] -- Symlinking: /home/dmsgv1/VAEplusDDPG/install/turtlebot3_msgs/include/turtlebot3_msgs/msg/detail/sensor_state__rosidl_typesupport_fastrtps_cpp.hpp
[4.700s] -- Symlinking: /home/dmsgv1/VAEplusDDPG/install/turtlebot3_msgs/include/turtlebot3_msgs/msg/detail/sound__rosidl_typesupport_fastrtps_cpp.hpp
[4.703s] -- Symlinking: /home/dmsgv1/VAEplusDDPG/install/turtlebot3_msgs/include/turtlebot3_msgs/msg/detail/version_info__rosidl_typesupport_fastrtps_cpp.hpp
[4.707s] -- Symlinking: /home/dmsgv1/VAEplusDDPG/install/turtlebot3_msgs/include/turtlebot3_msgs/msg/rosidl_typesupport_fastrtps_cpp__visibility_control.h
[4.711s] -- Symlinking: /home/dmsgv1/VAEplusDDPG/install/turtlebot3_msgs/include/turtlebot3_msgs/srv/detail/drl_step__rosidl_typesupport_fastrtps_cpp.hpp
[4.715s] -- Symlinking: /home/dmsgv1/VAEplusDDPG/install/turtlebot3_msgs/include/turtlebot3_msgs/srv/detail/goal__rosidl_typesupport_fastrtps_cpp.hpp
[4.718s] -- Symlinking: /home/dmsgv1/VAEplusDDPG/install/turtlebot3_msgs/include/turtlebot3_msgs/srv/detail/ring_goal__rosidl_typesupport_fastrtps_cpp.hpp
[4.722s] -- Symlinking: /home/dmsgv1/VAEplusDDPG/install/turtlebot3_msgs/include/turtlebot3_msgs/srv/detail/sound__rosidl_typesupport_fastrtps_cpp.hpp
[4.726s] -- Symlinking: /home/dmsgv1/VAEplusDDPG/install/turtlebot3_msgs/lib/libturtlebot3_msgs__rosidl_typesupport_fastrtps_cpp.so
[4.730s] -- Symlinking: /home/dmsgv1/VAEplusDDPG/install/turtlebot3_msgs/include/turtlebot3_msgs/action/detail/patrol__rosidl_typesupport_introspection_c.h
[4.733s] -- Symlinking: /home/dmsgv1/VAEplusDDPG/install/turtlebot3_msgs/include/turtlebot3_msgs/msg/detail/sensor_state__rosidl_typesupport_introspection_c.h
[4.737s] -- Symlinking: /home/dmsgv1/VAEplusDDPG/install/turtlebot3_msgs/include/turtlebot3_msgs/msg/detail/sound__rosidl_typesupport_introspection_c.h
[4.741s] -- Symlinking: /home/dmsgv1/VAEplusDDPG/install/turtlebot3_msgs/include/turtlebot3_msgs/msg/detail/version_info__rosidl_typesupport_introspection_c.h
[4.745s] -- Symlinking: /home/dmsgv1/VAEplusDDPG/install/turtlebot3_msgs/include/turtlebot3_msgs/msg/rosidl_typesupport_introspection_c__visibility_control.h
[4.749s] -- Symlinking: /home/dmsgv1/VAEplusDDPG/install/turtlebot3_msgs/include/turtlebot3_msgs/srv/detail/drl_step__rosidl_typesupport_introspection_c.h
[4.753s] -- Symlinking: /home/dmsgv1/VAEplusDDPG/install/turtlebot3_msgs/include/turtlebot3_msgs/srv/detail/goal__rosidl_typesupport_introspection_c.h
[4.756s] -- Symlinking: /home/dmsgv1/VAEplusDDPG/install/turtlebot3_msgs/include/turtlebot3_msgs/srv/detail/ring_goal__rosidl_typesupport_introspection_c.h
[4.760s] -- Symlinking: /home/dmsgv1/VAEplusDDPG/install/turtlebot3_msgs/include/turtlebot3_msgs/srv/detail/sound__rosidl_typesupport_introspection_c.h
[4.764s] -- Symlinking: /home/dmsgv1/VAEplusDDPG/install/turtlebot3_msgs/include/turtlebot3_msgs/action/detail/patrol__builder.hpp
[4.767s] -- Symlinking: /home/dmsgv1/VAEplusDDPG/install/turtlebot3_msgs/include/turtlebot3_msgs/action/detail/patrol__struct.hpp
[4.771s] -- Symlinking: /home/dmsgv1/VAEplusDDPG/install/turtlebot3_msgs/include/turtlebot3_msgs/action/detail/patrol__traits.hpp
[4.774s] -- Symlinking: /home/dmsgv1/VAEplusDDPG/install/turtlebot3_msgs/include/turtlebot3_msgs/action/detail/patrol__type_support.hpp
[4.778s] -- Symlinking: /home/dmsgv1/VAEplusDDPG/install/turtlebot3_msgs/include/turtlebot3_msgs/action/patrol.hpp
[4.781s] -- Symlinking: /home/dmsgv1/VAEplusDDPG/install/turtlebot3_msgs/include/turtlebot3_msgs/msg/detail/sensor_state__builder.hpp
[4.784s] -- Symlinking: /home/dmsgv1/VAEplusDDPG/install/turtlebot3_msgs/include/turtlebot3_msgs/msg/detail/sensor_state__struct.hpp
[4.788s] -- Symlinking: /home/dmsgv1/VAEplusDDPG/install/turtlebot3_msgs/include/turtlebot3_msgs/msg/detail/sensor_state__traits.hpp
[4.791s] -- Symlinking: /home/dmsgv1/VAEplusDDPG/install/turtlebot3_msgs/include/turtlebot3_msgs/msg/detail/sensor_state__type_support.hpp
[4.794s] -- Symlinking: /home/dmsgv1/VAEplusDDPG/install/turtlebot3_msgs/include/turtlebot3_msgs/msg/detail/sound__builder.hpp
[4.797s] -- Symlinking: /home/dmsgv1/VAEplusDDPG/install/turtlebot3_msgs/include/turtlebot3_msgs/msg/detail/sound__struct.hpp
[4.801s] -- Symlinking: /home/dmsgv1/VAEplusDDPG/install/turtlebot3_msgs/include/turtlebot3_msgs/msg/detail/sound__traits.hpp
[4.804s] -- Symlinking: /home/dmsgv1/VAEplusDDPG/install/turtlebot3_msgs/include/turtlebot3_msgs/msg/detail/sound__type_support.hpp
[4.807s] -- Symlinking: /home/dmsgv1/VAEplusDDPG/install/turtlebot3_msgs/include/turtlebot3_msgs/msg/detail/version_info__builder.hpp
[4.811s] -- Symlinking: /home/dmsgv1/VAEplusDDPG/install/turtlebot3_msgs/include/turtlebot3_msgs/msg/detail/version_info__struct.hpp
[4.814s] -- Symlinking: /home/dmsgv1/VAEplusDDPG/install/turtlebot3_msgs/include/turtlebot3_msgs/msg/detail/version_info__traits.hpp
[4.817s] -- Symlinking: /home/dmsgv1/VAEplusDDPG/install/turtlebot3_msgs/include/turtlebot3_msgs/msg/detail/version_info__type_support.hpp
[4.821s] -- Symlinking: /home/dmsgv1/VAEplusDDPG/install/turtlebot3_msgs/include/turtlebot3_msgs/msg/rosidl_generator_cpp__visibility_control.hpp
[4.824s] -- Symlinking: /home/dmsgv1/VAEplusDDPG/install/turtlebot3_msgs/include/turtlebot3_msgs/msg/sensor_state.hpp
[4.827s] -- Symlinking: /home/dmsgv1/VAEplusDDPG/install/turtlebot3_msgs/include/turtlebot3_msgs/msg/sound.hpp
[4.831s] -- Symlinking: /home/dmsgv1/VAEplusDDPG/install/turtlebot3_msgs/include/turtlebot3_msgs/msg/version_info.hpp
[4.834s] -- Symlinking: /home/dmsgv1/VAEplusDDPG/install/turtlebot3_msgs/include/turtlebot3_msgs/srv/detail/drl_step__builder.hpp
[4.837s] -- Symlinking: /home/dmsgv1/VAEplusDDPG/install/turtlebot3_msgs/include/turtlebot3_msgs/srv/detail/drl_step__struct.hpp
[4.841s] -- Symlinking: /home/dmsgv1/VAEplusDDPG/install/turtlebot3_msgs/include/turtlebot3_msgs/srv/detail/drl_step__traits.hpp
[4.844s] -- Symlinking: /home/dmsgv1/VAEplusDDPG/install/turtlebot3_msgs/include/turtlebot3_msgs/srv/detail/drl_step__type_support.hpp
[4.848s] -- Symlinking: /home/dmsgv1/VAEplusDDPG/install/turtlebot3_msgs/include/turtlebot3_msgs/srv/detail/goal__builder.hpp
[4.851s] -- Symlinking: /home/dmsgv1/VAEplusDDPG/install/turtlebot3_msgs/include/turtlebot3_msgs/srv/detail/goal__struct.hpp
[4.854s] -- Symlinking: /home/dmsgv1/VAEplusDDPG/install/turtlebot3_msgs/include/turtlebot3_msgs/srv/detail/goal__traits.hpp
[4.858s] -- Symlinking: /home/dmsgv1/VAEplusDDPG/install/turtlebot3_msgs/include/turtlebot3_msgs/srv/detail/goal__type_support.hpp
[4.861s] -- Symlinking: /home/dmsgv1/VAEplusDDPG/install/turtlebot3_msgs/include/turtlebot3_msgs/srv/detail/ring_goal__builder.hpp
[4.864s] -- Symlinking: /home/dmsgv1/VAEplusDDPG/install/turtlebot3_msgs/include/turtlebot3_msgs/srv/detail/ring_goal__struct.hpp
[4.868s] -- Symlinking: /home/dmsgv1/VAEplusDDPG/install/turtlebot3_msgs/include/turtlebot3_msgs/srv/detail/ring_goal__traits.hpp
[4.871s] -- Symlinking: /home/dmsgv1/VAEplusDDPG/install/turtlebot3_msgs/include/turtlebot3_msgs/srv/detail/ring_goal__type_support.hpp
[4.874s] -- Symlinking: /home/dmsgv1/VAEplusDDPG/install/turtlebot3_msgs/include/turtlebot3_msgs/srv/detail/sound__builder.hpp
[4.878s] -- Symlinking: /home/dmsgv1/VAEplusDDPG/install/turtlebot3_msgs/include/turtlebot3_msgs/srv/detail/sound__struct.hpp
[4.881s] -- Symlinking: /home/dmsgv1/VAEplusDDPG/install/turtlebot3_msgs/include/turtlebot3_msgs/srv/detail/sound__traits.hpp
[4.884s] -- Symlinking: /home/dmsgv1/VAEplusDDPG/install/turtlebot3_msgs/include/turtlebot3_msgs/srv/detail/sound__type_support.hpp
[4.888s] -- Symlinking: /home/dmsgv1/VAEplusDDPG/install/turtlebot3_msgs/include/turtlebot3_msgs/srv/drl_step.hpp
[4.891s] -- Symlinking: /home/dmsgv1/VAEplusDDPG/install/turtlebot3_msgs/include/turtlebot3_msgs/srv/goal.hpp
[4.894s] -- Symlinking: /home/dmsgv1/VAEplusDDPG/install/turtlebot3_msgs/include/turtlebot3_msgs/srv/ring_goal.hpp
[4.898s] -- Symlinking: /home/dmsgv1/VAEplusDDPG/install/turtlebot3_msgs/include/turtlebot3_msgs/srv/sound.hpp
[4.901s] -- Symlinking: /home/dmsgv1/VAEplusDDPG/install/turtlebot3_msgs/include/turtlebot3_msgs/action/detail/patrol__rosidl_typesupport_introspection_cpp.hpp
[4.904s] -- Symlinking: /home/dmsgv1/VAEplusDDPG/install/turtlebot3_msgs/include/turtlebot3_msgs/msg/detail/sensor_state__rosidl_typesupport_introspection_cpp.hpp
[4.908s] -- Symlinking: /home/dmsgv1/VAEplusDDPG/install/turtlebot3_msgs/include/turtlebot3_msgs/msg/detail/sound__rosidl_typesupport_introspection_cpp.hpp
[4.911s] -- Symlinking: /home/dmsgv1/VAEplusDDPG/install/turtlebot3_msgs/include/turtlebot3_msgs/msg/detail/version_info__rosidl_typesupport_introspection_cpp.hpp
[4.914s] -- Symlinking: /home/dmsgv1/VAEplusDDPG/install/turtlebot3_msgs/include/turtlebot3_msgs/srv/detail/drl_step__rosidl_typesupport_introspection_cpp.hpp
[4.918s] -- Symlinking: /home/dmsgv1/VAEplusDDPG/install/turtlebot3_msgs/include/turtlebot3_msgs/srv/detail/goal__rosidl_typesupport_introspection_cpp.hpp
[4.921s] -- Symlinking: /home/dmsgv1/VAEplusDDPG/install/turtlebot3_msgs/include/turtlebot3_msgs/srv/detail/ring_goal__rosidl_typesupport_introspection_cpp.hpp
[4.925s] -- Symlinking: /home/dmsgv1/VAEplusDDPG/install/turtlebot3_msgs/include/turtlebot3_msgs/srv/detail/sound__rosidl_typesupport_introspection_cpp.hpp
[4.928s] -- Symlinking: /home/dmsgv1/VAEplusDDPG/install/turtlebot3_msgs/share/turtlebot3_msgs/environment/pythonpath.sh
[4.931s] -- Symlinking: /home/dmsgv1/VAEplusDDPG/install/turtlebot3_msgs/share/turtlebot3_msgs/environment/pythonpath.dsv
[4.935s] -- Symlinking: /home/dmsgv1/VAEplusDDPG/install/turtlebot3_msgs/lib/python3.8/site-packages/turtlebot3_msgs/__init__.py
[4.938s] -- Symlinking: /home/dmsgv1/VAEplusDDPG/install/turtlebot3_msgs/lib/python3.8/site-packages/turtlebot3_msgs/msg/__init__.py
[4.942s] -- Symlinking: /home/dmsgv1/VAEplusDDPG/install/turtlebot3_msgs/lib/python3.8/site-packages/turtlebot3_msgs/msg/_sensor_state.py
[4.946s] -- Symlinking: /home/dmsgv1/VAEplusDDPG/install/turtlebot3_msgs/lib/python3.8/site-packages/turtlebot3_msgs/msg/_sound.py
[4.949s] -- Symlinking: /home/dmsgv1/VAEplusDDPG/install/turtlebot3_msgs/lib/python3.8/site-packages/turtlebot3_msgs/msg/_version_info.py
[4.952s] -- Symlinking: /home/dmsgv1/VAEplusDDPG/install/turtlebot3_msgs/lib/python3.8/site-packages/turtlebot3_msgs/srv/__init__.py
[4.956s] -- Symlinking: /home/dmsgv1/VAEplusDDPG/install/turtlebot3_msgs/lib/python3.8/site-packages/turtlebot3_msgs/srv/_drl_step.py
[4.959s] -- Symlinking: /home/dmsgv1/VAEplusDDPG/install/turtlebot3_msgs/lib/python3.8/site-packages/turtlebot3_msgs/srv/_goal.py
[4.962s] -- Symlinking: /home/dmsgv1/VAEplusDDPG/install/turtlebot3_msgs/lib/python3.8/site-packages/turtlebot3_msgs/srv/_ring_goal.py
[4.966s] -- Symlinking: /home/dmsgv1/VAEplusDDPG/install/turtlebot3_msgs/lib/python3.8/site-packages/turtlebot3_msgs/srv/_sound.py
[4.969s] -- Symlinking: /home/dmsgv1/VAEplusDDPG/install/turtlebot3_msgs/lib/python3.8/site-packages/turtlebot3_msgs/action/__init__.py
[4.973s] -- Symlinking: /home/dmsgv1/VAEplusDDPG/install/turtlebot3_msgs/lib/python3.8/site-packages/turtlebot3_msgs/action/_patrol.py
[4.976s] -- Symlinking: /home/dmsgv1/VAEplusDDPG/install/turtlebot3_msgs/lib/python3.8/site-packages/turtlebot3_msgs/turtlebot3_msgs_s__rosidl_typesupport_fastrtps_c.cpython-38-x86_64-linux-gnu.so
[4.980s] -- Symlinking: /home/dmsgv1/VAEplusDDPG/install/turtlebot3_msgs/lib/python3.8/site-packages/turtlebot3_msgs/turtlebot3_msgs_s__rosidl_typesupport_introspection_c.cpython-38-x86_64-linux-gnu.so
[4.984s] -- Symlinking: /home/dmsgv1/VAEplusDDPG/install/turtlebot3_msgs/lib/python3.8/site-packages/turtlebot3_msgs/turtlebot3_msgs_s__rosidl_typesupport_c.cpython-38-x86_64-linux-gnu.so
[4.987s] -- Symlinking: /home/dmsgv1/VAEplusDDPG/install/turtlebot3_msgs/lib/libturtlebot3_msgs__python.so
[4.991s] -- Symlinking: /home/dmsgv1/VAEplusDDPG/install/turtlebot3_msgs/share/turtlebot3_msgs/msg/SensorState.idl
[4.994s] -- Symlinking: /home/dmsgv1/VAEplusDDPG/install/turtlebot3_msgs/share/turtlebot3_msgs/msg/Sound.idl
[4.998s] -- Symlinking: /home/dmsgv1/VAEplusDDPG/install/turtlebot3_msgs/share/turtlebot3_msgs/msg/VersionInfo.idl
[5.002s] -- Symlinking: /home/dmsgv1/VAEplusDDPG/install/turtlebot3_msgs/share/turtlebot3_msgs/srv/Sound.idl
[5.005s] -- Symlinking: /home/dmsgv1/VAEplusDDPG/install/turtlebot3_msgs/share/turtlebot3_msgs/srv/DrlStep.idl
[5.009s] -- Symlinking: /home/dmsgv1/VAEplusDDPG/install/turtlebot3_msgs/share/turtlebot3_msgs/srv/Goal.idl
[5.012s] -- Symlinking: /home/dmsgv1/VAEplusDDPG/install/turtlebot3_msgs/share/turtlebot3_msgs/srv/RingGoal.idl
[5.016s] -- Symlinking: /home/dmsgv1/VAEplusDDPG/install/turtlebot3_msgs/share/turtlebot3_msgs/action/Patrol.idl
[5.019s] -- Symlinking: /home/dmsgv1/VAEplusDDPG/install/turtlebot3_msgs/share/turtlebot3_msgs/msg/SensorState.msg
[5.023s] -- Symlinking: /home/dmsgv1/VAEplusDDPG/install/turtlebot3_msgs/share/turtlebot3_msgs/msg/Sound.msg
[5.027s] -- Symlinking: /home/dmsgv1/VAEplusDDPG/install/turtlebot3_msgs/share/turtlebot3_msgs/msg/VersionInfo.msg
[5.030s] -- Symlinking: /home/dmsgv1/VAEplusDDPG/install/turtlebot3_msgs/share/turtlebot3_msgs/srv/Sound.srv
[5.034s] -- Symlinking: /home/dmsgv1/VAEplusDDPG/install/turtlebot3_msgs/share/turtlebot3_msgs/srv/Sound_Request.msg
[5.037s] -- Symlinking: /home/dmsgv1/VAEplusDDPG/install/turtlebot3_msgs/share/turtlebot3_msgs/srv/Sound_Response.msg
[5.041s] -- Symlinking: /home/dmsgv1/VAEplusDDPG/install/turtlebot3_msgs/share/turtlebot3_msgs/srv/DrlStep.srv
[5.045s] -- Symlinking: /home/dmsgv1/VAEplusDDPG/install/turtlebot3_msgs/share/turtlebot3_msgs/srv/DrlStep_Request.msg
[5.049s] -- Symlinking: /home/dmsgv1/VAEplusDDPG/install/turtlebot3_msgs/share/turtlebot3_msgs/srv/DrlStep_Response.msg
[5.052s] -- Symlinking: /home/dmsgv1/VAEplusDDPG/install/turtlebot3_msgs/share/turtlebot3_msgs/srv/Goal.srv
[5.056s] -- Symlinking: /home/dmsgv1/VAEplusDDPG/install/turtlebot3_msgs/share/turtlebot3_msgs/srv/Goal_Request.msg
[5.059s] -- Symlinking: /home/dmsgv1/VAEplusDDPG/install/turtlebot3_msgs/share/turtlebot3_msgs/srv/Goal_Response.msg
[5.063s] -- Symlinking: /home/dmsgv1/VAEplusDDPG/install/turtlebot3_msgs/share/turtlebot3_msgs/srv/RingGoal.srv
[5.066s] -- Symlinking: /home/dmsgv1/VAEplusDDPG/install/turtlebot3_msgs/share/turtlebot3_msgs/srv/RingGoal_Request.msg
[5.070s] -- Symlinking: /home/dmsgv1/VAEplusDDPG/install/turtlebot3_msgs/share/turtlebot3_msgs/srv/RingGoal_Response.msg
[5.073s] -- Symlinking: /home/dmsgv1/VAEplusDDPG/install/turtlebot3_msgs/share/turtlebot3_msgs/action/Patrol.action
[5.077s] -- Symlinking: /home/dmsgv1/VAEplusDDPG/install/turtlebot3_msgs/share/ament_index/resource_index/package_run_dependencies/turtlebot3_msgs
[5.080s] -- Symlinking: /home/dmsgv1/VAEplusDDPG/install/turtlebot3_msgs/share/ament_index/resource_index/parent_prefix_path/turtlebot3_msgs
[5.084s] -- Symlinking: /home/dmsgv1/VAEplusDDPG/install/turtlebot3_msgs/share/turtlebot3_msgs/environment/ament_prefix_path.sh
[5.087s] -- Symlinking: /home/dmsgv1/VAEplusDDPG/install/turtlebot3_msgs/share/turtlebot3_msgs/environment/ament_prefix_path.dsv
[5.090s] -- Symlinking: /home/dmsgv1/VAEplusDDPG/install/turtlebot3_msgs/share/turtlebot3_msgs/environment/path.sh
[5.094s] -- Symlinking: /home/dmsgv1/VAEplusDDPG/install/turtlebot3_msgs/share/turtlebot3_msgs/environment/path.dsv
[5.097s] -- Symlinking: /home/dmsgv1/VAEplusDDPG/install/turtlebot3_msgs/share/turtlebot3_msgs/local_setup.bash
[5.101s] -- Symlinking: /home/dmsgv1/VAEplusDDPG/install/turtlebot3_msgs/share/turtlebot3_msgs/local_setup.sh
[5.104s] -- Symlinking: /home/dmsgv1/VAEplusDDPG/install/turtlebot3_msgs/share/turtlebot3_msgs/local_setup.zsh
[5.108s] -- Symlinking: /home/dmsgv1/VAEplusDDPG/install/turtlebot3_msgs/share/turtlebot3_msgs/local_setup.dsv
[5.111s] -- Symlinking: /home/dmsgv1/VAEplusDDPG/install/turtlebot3_msgs/share/turtlebot3_msgs/package.dsv
[5.115s] -- Symlinking: /home/dmsgv1/VAEplusDDPG/install/turtlebot3_msgs/share/ament_index/resource_index/packages/turtlebot3_msgs
[5.118s] -- Symlinking: /home/dmsgv1/VAEplusDDPG/install/turtlebot3_msgs/share/turtlebot3_msgs/cmake/rosidl_cmake-extras.cmake
[5.122s] -- Symlinking: /home/dmsgv1/VAEplusDDPG/install/turtlebot3_msgs/share/turtlebot3_msgs/cmake/ament_cmake_export_dependencies-extras.cmake
[5.126s] -- Symlinking: /home/dmsgv1/VAEplusDDPG/install/turtlebot3_msgs/share/turtlebot3_msgs/cmake/ament_cmake_export_libraries-extras.cmake
[5.129s] -- Symlinking: /home/dmsgv1/VAEplusDDPG/install/turtlebot3_msgs/share/turtlebot3_msgs/cmake/ament_cmake_export_targets-extras.cmake
[5.133s] -- Symlinking: /home/dmsgv1/VAEplusDDPG/install/turtlebot3_msgs/share/turtlebot3_msgs/cmake/ament_cmake_export_include_directories-extras.cmake
[5.136s] -- Symlinking: /home/dmsgv1/VAEplusDDPG/install/turtlebot3_msgs/share/turtlebot3_msgs/cmake/rosidl_cmake_export_typesupport_libraries-extras.cmake
[5.140s] -- Symlinking: /home/dmsgv1/VAEplusDDPG/install/turtlebot3_msgs/share/turtlebot3_msgs/cmake/rosidl_cmake_export_typesupport_targets-extras.cmake
[5.143s] -- Symlinking: /home/dmsgv1/VAEplusDDPG/install/turtlebot3_msgs/share/turtlebot3_msgs/cmake/turtlebot3_msgsConfig.cmake
[5.147s] -- Symlinking: /home/dmsgv1/VAEplusDDPG/install/turtlebot3_msgs/share/turtlebot3_msgs/cmake/turtlebot3_msgsConfig-version.cmake
[5.150s] -- Symlinking: /home/dmsgv1/VAEplusDDPG/install/turtlebot3_msgs/share/turtlebot3_msgs/package.xml
[5.154s] -- Installing: /home/dmsgv1/VAEplusDDPG/install/turtlebot3_msgs/lib/libturtlebot3_msgs__rosidl_generator_c.so
[5.154s] -- Set runtime path of "/home/dmsgv1/VAEplusDDPG/install/turtlebot3_msgs/lib/libturtlebot3_msgs__rosidl_generator_c.so" to ""
[5.154s] -- Installing: /home/dmsgv1/VAEplusDDPG/install/turtlebot3_msgs/lib/libturtlebot3_msgs__rosidl_typesupport_introspection_c.so
[5.154s] -- Set runtime path of "/home/dmsgv1/VAEplusDDPG/install/turtlebot3_msgs/lib/libturtlebot3_msgs__rosidl_typesupport_introspection_c.so" to ""
[5.154s] -- Installing: /home/dmsgv1/VAEplusDDPG/install/turtlebot3_msgs/lib/libturtlebot3_msgs__rosidl_typesupport_c.so
[5.155s] -- Set runtime path of "/home/dmsgv1/VAEplusDDPG/install/turtlebot3_msgs/lib/libturtlebot3_msgs__rosidl_typesupport_c.so" to ""
[5.155s] -- Installing: /home/dmsgv1/VAEplusDDPG/install/turtlebot3_msgs/lib/libturtlebot3_msgs__rosidl_typesupport_introspection_cpp.so
[5.155s] -- Set runtime path of "/home/dmsgv1/VAEplusDDPG/install/turtlebot3_msgs/lib/libturtlebot3_msgs__rosidl_typesupport_introspection_cpp.so" to ""
[5.155s] -- Installing: /home/dmsgv1/VAEplusDDPG/install/turtlebot3_msgs/lib/libturtlebot3_msgs__rosidl_typesupport_cpp.so
[5.155s] -- Set runtime path of "/home/dmsgv1/VAEplusDDPG/install/turtlebot3_msgs/lib/libturtlebot3_msgs__rosidl_typesupport_cpp.so" to ""
[5.169s] Compiling '/home/dmsgv1/VAEplusDDPG/install/turtlebot3_msgs/lib/python3.8/site-packages/turtlebot3_msgs/__init__.py'...
[5.171s] -- Installing: /home/dmsgv1/VAEplusDDPG/install/turtlebot3_msgs/share/turtlebot3_msgs/cmake/turtlebot3_msgs__rosidl_generator_cExport.cmake
[5.171s] -- Installing: /home/dmsgv1/VAEplusDDPG/install/turtlebot3_msgs/share/turtlebot3_msgs/cmake/turtlebot3_msgs__rosidl_generator_cExport-noconfig.cmake
[5.171s] -- Installing: /home/dmsgv1/VAEplusDDPG/install/turtlebot3_msgs/share/turtlebot3_msgs/cmake/turtlebot3_msgs__rosidl_typesupport_introspection_cExport.cmake
[5.171s] -- Installing: /home/dmsgv1/VAEplusDDPG/install/turtlebot3_msgs/share/turtlebot3_msgs/cmake/turtlebot3_msgs__rosidl_typesupport_introspection_cExport-noconfig.cmake
[5.171s] -- Installing: /home/dmsgv1/VAEplusDDPG/install/turtlebot3_msgs/share/turtlebot3_msgs/cmake/turtlebot3_msgs__rosidl_typesupport_cExport.cmake
[5.171s] -- Installing: /home/dmsgv1/VAEplusDDPG/install/turtlebot3_msgs/share/turtlebot3_msgs/cmake/turtlebot3_msgs__rosidl_typesupport_cExport-noconfig.cmake
[5.172s] -- Installing: /home/dmsgv1/VAEplusDDPG/install/turtlebot3_msgs/share/turtlebot3_msgs/cmake/turtlebot3_msgs__rosidl_generator_cppExport.cmake
[5.172s] -- Installing: /home/dmsgv1/VAEplusDDPG/install/turtlebot3_msgs/share/turtlebot3_msgs/cmake/turtlebot3_msgs__rosidl_typesupport_introspection_cppExport.cmake
[5.172s] -- Installing: /home/dmsgv1/VAEplusDDPG/install/turtlebot3_msgs/share/turtlebot3_msgs/cmake/turtlebot3_msgs__rosidl_typesupport_introspection_cppExport-noconfig.cmake
[5.172s] -- Installing: /home/dmsgv1/VAEplusDDPG/install/turtlebot3_msgs/share/turtlebot3_msgs/cmake/turtlebot3_msgs__rosidl_typesupport_cppExport.cmake
[5.172s] -- Installing: /home/dmsgv1/VAEplusDDPG/install/turtlebot3_msgs/share/turtlebot3_msgs/cmake/turtlebot3_msgs__rosidl_typesupport_cppExport-noconfig.cmake
[5.174s] Invoked command in '/home/dmsgv1/VAEplusDDPG/build/turtlebot3_msgs' returned '0': CMAKE_PREFIX_PATH=${CMAKE_PREFIX_PATH}:/home/dmsgv1/turtlebot3_drlnav/install/turtlebot3_drl:/opt/ros/foxy /bin/cmake --install /home/dmsgv1/VAEplusDDPG/build/turtlebot3_msgs
