Performing C SOURCE FILE Test CMAKE_HAVE_LIBC_PTHREAD failed with the following output:
Change Dir: /home/dmsgv1/vaeplusddpg/build/turtlebot3_gazebo/CMakeFiles/CMakeTmp

Run Build Command(s):/bin/make cmTC_3928e/fast && /bin/make -f CMakeFiles/cmTC_3928e.dir/build.make CMakeFiles/cmTC_3928e.dir/build
make[1]: Entering directory '/home/dmsgv1/vaeplusddpg/build/turtlebot3_gazebo/CMakeFiles/CMakeTmp'
Building C object CMakeFiles/cmTC_3928e.dir/src.c.o
/bin/cc   -DCMAKE_HAVE_LIBC_PTHREAD   -o CMakeFiles/cmTC_3928e.dir/src.c.o   -c /home/dmsgv1/vaeplusddpg/build/turtlebot3_gazebo/CMakeFiles/CMakeTmp/src.c
Linking C executable cmTC_3928e
/usr/bin/cmake -E cmake_link_script CMakeFiles/cmTC_3928e.dir/link.txt --verbose=1
/bin/cc  -DCMAKE_HAVE_LIBC_PTHREAD    CMakeFiles/cmTC_3928e.dir/src.c.o  -o cmTC_3928e 
/bin/ld: CMakeFiles/cmTC_3928e.dir/src.c.o: in function `main':
src.c:(.text+0x46): undefined reference to `pthread_create'
/bin/ld: src.c:(.text+0x52): undefined reference to `pthread_detach'
/bin/ld: src.c:(.text+0x63): undefined reference to `pthread_join'
collect2: error: ld returned 1 exit status
make[1]: *** [CMakeFiles/cmTC_3928e.dir/build.make:87: cmTC_3928e] Error 1
make[1]: Leaving directory '/home/dmsgv1/vaeplusddpg/build/turtlebot3_gazebo/CMakeFiles/CMakeTmp'
make: *** [Makefile:121: cmTC_3928e/fast] Error 2


Source file was:
#include <pthread.h>

void* test_func(void* data)
{
  return data;
}

int main(void)
{
  pthread_t thread;
  pthread_create(&thread, NULL, test_func, NULL);
  pthread_detach(thread);
  pthread_join(thread, NULL);
  pthread_atfork(NULL, NULL, NULL);
  pthread_exit(NULL);

  return 0;
}

Determining if the function pthread_create exists in the pthreads failed with the following output:
Change Dir: /home/dmsgv1/vaeplusddpg/build/turtlebot3_gazebo/CMakeFiles/CMakeTmp

Run Build Command(s):/bin/make cmTC_b018a/fast && /bin/make -f CMakeFiles/cmTC_b018a.dir/build.make CMakeFiles/cmTC_b018a.dir/build
make[1]: Entering directory '/home/dmsgv1/vaeplusddpg/build/turtlebot3_gazebo/CMakeFiles/CMakeTmp'
Building C object CMakeFiles/cmTC_b018a.dir/CheckFunctionExists.c.o
/bin/cc   -DCHECK_FUNCTION_EXISTS=pthread_create   -o CMakeFiles/cmTC_b018a.dir/CheckFunctionExists.c.o   -c /usr/share/cmake-3.16/Modules/CheckFunctionExists.c
Linking C executable cmTC_b018a
/usr/bin/cmake -E cmake_link_script CMakeFiles/cmTC_b018a.dir/link.txt --verbose=1
/bin/cc  -DCHECK_FUNCTION_EXISTS=pthread_create    CMakeFiles/cmTC_b018a.dir/CheckFunctionExists.c.o  -o cmTC_b018a  -lpthreads 
/bin/ld: cannot find -lpthreads
collect2: error: ld returned 1 exit status
make[1]: *** [CMakeFiles/cmTC_b018a.dir/build.make:87: cmTC_b018a] Error 1
make[1]: Leaving directory '/home/dmsgv1/vaeplusddpg/build/turtlebot3_gazebo/CMakeFiles/CMakeTmp'
make: *** [Makefile:121: cmTC_b018a/fast] Error 2



