[0.007s] Invoking command in '/home/dmsgv1/VAEplusDDPG/build/turtlebot3_simulations': AMENT_PREFIX_PATH=/home/dmsgv1/VAEplusDDPG/install/turtlebot3_fake_node:/home/dmsgv1/VAEplusDDPG/install/turtlebot3_msgs:/home/dmsgv1/VAEplusDDPG/install/turtlebot3_gazebo:${AMENT_PREFIX_PATH} CMAKE_PREFIX_PATH=/home/dmsgv1/VAEplusDDPG/install/turtlebot3_fake_node:/home/dmsgv1/VAEplusDDPG/install/turtlebot3_msgs:/home/dmsgv1/VAEplusDDPG/install/turtlebot3_gazebo:/home/dmsgv1/turtlebot3_drlnav/install/turtlebot3_simulations:/home/dmsgv1/turtlebot3_drlnav/install/turtlebot3_fake_node:/home/dmsgv1/turtlebot3_drlnav/install/turtlebot3_msgs:/home/dmsgv1/turtlebot3_drlnav/install/turtlebot3_gazebo:/home/dmsgv1/turtlebot3_drlnav/install/turtlebot3_drl:/opt/ros/foxy LD_LIBRARY_PATH=/home/dmsgv1/VAEplusDDPG/install/turtlebot3_msgs/lib:${LD_LIBRARY_PATH} PYTHONPATH=/home/dmsgv1/VAEplusDDPG/install/turtlebot3_msgs/lib/python3.8/site-packages:${PYTHONPATH} /bin/cmake /home/dmsgv1/VAEplusDDPG/src/turtlebot3_simulations/turtlebot3_simulations -DAMENT_CMAKE_SYMLINK_INSTALL=1 -DCMAKE_INSTALL_PREFIX=/home/dmsgv1/VAEplusDDPG/install/turtlebot3_simulations
[0.041s] -- The C compiler identification is GNU 9.4.0
[0.091s] -- The CXX compiler identification is GNU 9.4.0
[0.093s] -- Check for working C compiler: /bin/cc
[0.181s] -- Check for working C compiler: /bin/cc -- works
[0.184s] -- Detecting C compiler ABI info
[0.283s] -- Detecting C compiler ABI info - done
[0.292s] -- Detecting C compile features
[0.292s] -- Detecting C compile features - done
[0.293s] -- Check for working CXX compiler: /bin/c++
[0.358s] -- Check for working CXX compiler: /bin/c++ -- works
[0.358s] -- Detecting CXX compiler ABI info
[0.417s] -- Detecting CXX compiler ABI info - done
[0.423s] -- Detecting CXX compile features
[0.424s] -- Detecting CXX compile features - done
[0.425s] -- Found ament_cmake: 0.9.12 (/opt/ros/foxy/share/ament_cmake/cmake)
[0.439s] -- Found PythonInterp: /bin/python3 (found suitable version "3.8.10", minimum required is "3") 
[0.439s] -- Using PYTHON_EXECUTABLE: /bin/python3
[0.512s] -- Override CMake install command with custom implementation using symlinks instead of copying resources
[0.551s] -- Configuring done
[0.552s] -- Generating done
[0.552s] -- Build files have been written to: /home/dmsgv1/VAEplusDDPG/build/turtlebot3_simulations
[0.555s] Invoked command in '/home/dmsgv1/VAEplusDDPG/build/turtlebot3_simulations' returned '0': AMENT_PREFIX_PATH=/home/dmsgv1/VAEplusDDPG/install/turtlebot3_fake_node:/home/dmsgv1/VAEplusDDPG/install/turtlebot3_msgs:/home/dmsgv1/VAEplusDDPG/install/turtlebot3_gazebo:${AMENT_PREFIX_PATH} CMAKE_PREFIX_PATH=/home/dmsgv1/VAEplusDDPG/install/turtlebot3_fake_node:/home/dmsgv1/VAEplusDDPG/install/turtlebot3_msgs:/home/dmsgv1/VAEplusDDPG/install/turtlebot3_gazebo:/home/dmsgv1/turtlebot3_drlnav/install/turtlebot3_simulations:/home/dmsgv1/turtlebot3_drlnav/install/turtlebot3_fake_node:/home/dmsgv1/turtlebot3_drlnav/install/turtlebot3_msgs:/home/dmsgv1/turtlebot3_drlnav/install/turtlebot3_gazebo:/home/dmsgv1/turtlebot3_drlnav/install/turtlebot3_drl:/opt/ros/foxy LD_LIBRARY_PATH=/home/dmsgv1/VAEplusDDPG/install/turtlebot3_msgs/lib:${LD_LIBRARY_PATH} PYTHONPATH=/home/dmsgv1/VAEplusDDPG/install/turtlebot3_msgs/lib/python3.8/site-packages:${PYTHONPATH} /bin/cmake /home/dmsgv1/VAEplusDDPG/src/turtlebot3_simulations/turtlebot3_simulations -DAMENT_CMAKE_SYMLINK_INSTALL=1 -DCMAKE_INSTALL_PREFIX=/home/dmsgv1/VAEplusDDPG/install/turtlebot3_simulations
[0.555s] Invoking command in '/home/dmsgv1/VAEplusDDPG/build/turtlebot3_simulations': AMENT_PREFIX_PATH=/home/dmsgv1/VAEplusDDPG/install/turtlebot3_fake_node:/home/dmsgv1/VAEplusDDPG/install/turtlebot3_msgs:/home/dmsgv1/VAEplusDDPG/install/turtlebot3_gazebo:${AMENT_PREFIX_PATH} CMAKE_PREFIX_PATH=/home/dmsgv1/VAEplusDDPG/install/turtlebot3_fake_node:/home/dmsgv1/VAEplusDDPG/install/turtlebot3_msgs:/home/dmsgv1/VAEplusDDPG/install/turtlebot3_gazebo:/home/dmsgv1/turtlebot3_drlnav/install/turtlebot3_simulations:/home/dmsgv1/turtlebot3_drlnav/install/turtlebot3_fake_node:/home/dmsgv1/turtlebot3_drlnav/install/turtlebot3_msgs:/home/dmsgv1/turtlebot3_drlnav/install/turtlebot3_gazebo:/home/dmsgv1/turtlebot3_drlnav/install/turtlebot3_drl:/opt/ros/foxy LD_LIBRARY_PATH=/home/dmsgv1/VAEplusDDPG/install/turtlebot3_msgs/lib:${LD_LIBRARY_PATH} PYTHONPATH=/home/dmsgv1/VAEplusDDPG/install/turtlebot3_msgs/lib/python3.8/site-packages:${PYTHONPATH} /bin/cmake --build /home/dmsgv1/VAEplusDDPG/build/turtlebot3_simulations -- -j28 -l28
[0.574s] Invoked command in '/home/dmsgv1/VAEplusDDPG/build/turtlebot3_simulations' returned '0': AMENT_PREFIX_PATH=/home/dmsgv1/VAEplusDDPG/install/turtlebot3_fake_node:/home/dmsgv1/VAEplusDDPG/install/turtlebot3_msgs:/home/dmsgv1/VAEplusDDPG/install/turtlebot3_gazebo:${AMENT_PREFIX_PATH} CMAKE_PREFIX_PATH=/home/dmsgv1/VAEplusDDPG/install/turtlebot3_fake_node:/home/dmsgv1/VAEplusDDPG/install/turtlebot3_msgs:/home/dmsgv1/VAEplusDDPG/install/turtlebot3_gazebo:/home/dmsgv1/turtlebot3_drlnav/install/turtlebot3_simulations:/home/dmsgv1/turtlebot3_drlnav/install/turtlebot3_fake_node:/home/dmsgv1/turtlebot3_drlnav/install/turtlebot3_msgs:/home/dmsgv1/turtlebot3_drlnav/install/turtlebot3_gazebo:/home/dmsgv1/turtlebot3_drlnav/install/turtlebot3_drl:/opt/ros/foxy LD_LIBRARY_PATH=/home/dmsgv1/VAEplusDDPG/install/turtlebot3_msgs/lib:${LD_LIBRARY_PATH} PYTHONPATH=/home/dmsgv1/VAEplusDDPG/install/turtlebot3_msgs/lib/python3.8/site-packages:${PYTHONPATH} /bin/cmake --build /home/dmsgv1/VAEplusDDPG/build/turtlebot3_simulations -- -j28 -l28
[0.592s] Invoking command in '/home/dmsgv1/VAEplusDDPG/build/turtlebot3_simulations': AMENT_PREFIX_PATH=/home/dmsgv1/VAEplusDDPG/install/turtlebot3_fake_node:/home/dmsgv1/VAEplusDDPG/install/turtlebot3_msgs:/home/dmsgv1/VAEplusDDPG/install/turtlebot3_gazebo:${AMENT_PREFIX_PATH} CMAKE_PREFIX_PATH=/home/dmsgv1/VAEplusDDPG/install/turtlebot3_fake_node:/home/dmsgv1/VAEplusDDPG/install/turtlebot3_msgs:/home/dmsgv1/VAEplusDDPG/install/turtlebot3_gazebo:/home/dmsgv1/turtlebot3_drlnav/install/turtlebot3_simulations:/home/dmsgv1/turtlebot3_drlnav/install/turtlebot3_fake_node:/home/dmsgv1/turtlebot3_drlnav/install/turtlebot3_msgs:/home/dmsgv1/turtlebot3_drlnav/install/turtlebot3_gazebo:/home/dmsgv1/turtlebot3_drlnav/install/turtlebot3_drl:/opt/ros/foxy LD_LIBRARY_PATH=/home/dmsgv1/VAEplusDDPG/install/turtlebot3_msgs/lib:${LD_LIBRARY_PATH} PYTHONPATH=/home/dmsgv1/VAEplusDDPG/install/turtlebot3_msgs/lib/python3.8/site-packages:${PYTHONPATH} /bin/cmake --install /home/dmsgv1/VAEplusDDPG/build/turtlebot3_simulations
[0.603s] -- Install configuration: ""
[0.604s] -- Execute custom install script
[0.604s] -- Symlinking: /home/dmsgv1/VAEplusDDPG/install/turtlebot3_simulations/share/ament_index/resource_index/package_run_dependencies/turtlebot3_simulations
[0.619s] -- Symlinking: /home/dmsgv1/VAEplusDDPG/install/turtlebot3_simulations/share/ament_index/resource_index/parent_prefix_path/turtlebot3_simulations
[0.626s] -- Symlinking: /home/dmsgv1/VAEplusDDPG/install/turtlebot3_simulations/share/turtlebot3_simulations/environment/ament_prefix_path.sh
[0.632s] -- Symlinking: /home/dmsgv1/VAEplusDDPG/install/turtlebot3_simulations/share/turtlebot3_simulations/environment/ament_prefix_path.dsv
[0.641s] -- Symlinking: /home/dmsgv1/VAEplusDDPG/install/turtlebot3_simulations/share/turtlebot3_simulations/environment/path.sh
[0.651s] -- Symlinking: /home/dmsgv1/VAEplusDDPG/install/turtlebot3_simulations/share/turtlebot3_simulations/environment/path.dsv
[0.667s] -- Symlinking: /home/dmsgv1/VAEplusDDPG/install/turtlebot3_simulations/share/turtlebot3_simulations/local_setup.bash
[0.682s] -- Symlinking: /home/dmsgv1/VAEplusDDPG/install/turtlebot3_simulations/share/turtlebot3_simulations/local_setup.sh
[0.692s] -- Symlinking: /home/dmsgv1/VAEplusDDPG/install/turtlebot3_simulations/share/turtlebot3_simulations/local_setup.zsh
[0.703s] -- Symlinking: /home/dmsgv1/VAEplusDDPG/install/turtlebot3_simulations/share/turtlebot3_simulations/local_setup.dsv
[0.708s] -- Symlinking: /home/dmsgv1/VAEplusDDPG/install/turtlebot3_simulations/share/turtlebot3_simulations/package.dsv
[0.712s] -- Symlinking: /home/dmsgv1/VAEplusDDPG/install/turtlebot3_simulations/share/ament_index/resource_index/packages/turtlebot3_simulations
[0.715s] -- Symlinking: /home/dmsgv1/VAEplusDDPG/install/turtlebot3_simulations/share/turtlebot3_simulations/cmake/turtlebot3_simulationsConfig.cmake
[0.718s] -- Symlinking: /home/dmsgv1/VAEplusDDPG/install/turtlebot3_simulations/share/turtlebot3_simulations/cmake/turtlebot3_simulationsConfig-version.cmake
[0.722s] -- Symlinking: /home/dmsgv1/VAEplusDDPG/install/turtlebot3_simulations/share/turtlebot3_simulations/package.xml
[0.726s] Invoked command in '/home/dmsgv1/VAEplusDDPG/build/turtlebot3_simulations' returned '0': AMENT_PREFIX_PATH=/home/dmsgv1/VAEplusDDPG/install/turtlebot3_fake_node:/home/dmsgv1/VAEplusDDPG/install/turtlebot3_msgs:/home/dmsgv1/VAEplusDDPG/install/turtlebot3_gazebo:${AMENT_PREFIX_PATH} CMAKE_PREFIX_PATH=/home/dmsgv1/VAEplusDDPG/install/turtlebot3_fake_node:/home/dmsgv1/VAEplusDDPG/install/turtlebot3_msgs:/home/dmsgv1/VAEplusDDPG/install/turtlebot3_gazebo:/home/dmsgv1/turtlebot3_drlnav/install/turtlebot3_simulations:/home/dmsgv1/turtlebot3_drlnav/install/turtlebot3_fake_node:/home/dmsgv1/turtlebot3_drlnav/install/turtlebot3_msgs:/home/dmsgv1/turtlebot3_drlnav/install/turtlebot3_gazebo:/home/dmsgv1/turtlebot3_drlnav/install/turtlebot3_drl:/opt/ros/foxy LD_LIBRARY_PATH=/home/dmsgv1/VAEplusDDPG/install/turtlebot3_msgs/lib:${LD_LIBRARY_PATH} PYTHONPATH=/home/dmsgv1/VAEplusDDPG/install/turtlebot3_msgs/lib/python3.8/site-packages:${PYTHONPATH} /bin/cmake --install /home/dmsgv1/VAEplusDDPG/build/turtlebot3_simulations
