[ 25%] Built target turtlebot3_drive
[ 50%] Built target obstacle1
[ 75%] Built target obstacle2
[100%] Built target obstacles
-- Install configuration: ""
-- Execute custom install script
-- Up-to-date symlink: /home/dmsgv1/VAEplusDDPG/install/turtlebot3_gazebo/lib/turtlebot3_gazebo/turtlebot3_drive
-- Symlinking: /home/dmsgv1/VAEplusDDPG/install/turtlebot3_gazebo/share/turtlebot3_gazebo//launch/robot_state_publisher.launch.py
-- Up-to-date symlink: /home/dmsgv1/VAEplusDDPG/install/turtlebot3_gazebo/share/turtlebot3_gazebo//launch/turtlebot3_drl_stage6.launch.py
-- Up-to-date symlink: /home/dmsgv1/VAEplusDDPG/install/turtlebot3_gazebo/share/turtlebot3_gazebo//models/rec_table/model.config
-- Up-to-date symlink: /home/dmsgv1/VAEplusDDPG/install/turtlebot3_gazebo/share/turtlebot3_gazebo//models/rec_table/model.sdf
-- Up-to-date symlink: /home/dmsgv1/VAEplusDDPG/install/turtlebot3_gazebo/share/turtlebot3_gazebo//models/table/model (copy).sdf
-- Up-to-date symlink: /home/dmsgv1/VAEplusDDPG/install/turtlebot3_gazebo/share/turtlebot3_gazebo//models/table/model.config
-- Up-to-date symlink: /home/dmsgv1/VAEplusDDPG/install/turtlebot3_gazebo/share/turtlebot3_gazebo//models/table/model.sdf
-- Up-to-date symlink: /home/dmsgv1/VAEplusDDPG/install/turtlebot3_gazebo/share/turtlebot3_gazebo//models/turtlebot3_burger/meshes/burger_base.dae
-- Up-to-date symlink: /home/dmsgv1/VAEplusDDPG/install/turtlebot3_gazebo/share/turtlebot3_gazebo//models/turtlebot3_burger/meshes/lds.dae
-- Up-to-date symlink: /home/dmsgv1/VAEplusDDPG/install/turtlebot3_gazebo/share/turtlebot3_gazebo//models/turtlebot3_burger/meshes/tire.dae
-- Up-to-date symlink: /home/dmsgv1/VAEplusDDPG/install/turtlebot3_gazebo/share/turtlebot3_gazebo//models/turtlebot3_burger/model-1_4.sdf
-- Up-to-date symlink: /home/dmsgv1/VAEplusDDPG/install/turtlebot3_gazebo/share/turtlebot3_gazebo//models/turtlebot3_burger/model.config
-- Up-to-date symlink: /home/dmsgv1/VAEplusDDPG/install/turtlebot3_gazebo/share/turtlebot3_gazebo//models/turtlebot3_burger/model.sdf
-- Up-to-date symlink: /home/dmsgv1/VAEplusDDPG/install/turtlebot3_gazebo/share/turtlebot3_gazebo//models/turtlebot3_drl_stage6/model (copy).sdf
-- Up-to-date symlink: /home/dmsgv1/VAEplusDDPG/install/turtlebot3_gazebo/share/turtlebot3_gazebo//models/turtlebot3_drl_stage6/model.config
-- Up-to-date symlink: /home/dmsgv1/VAEplusDDPG/install/turtlebot3_gazebo/share/turtlebot3_gazebo//models/turtlebot3_drl_stage6/model.sdf
-- Up-to-date symlink: /home/dmsgv1/VAEplusDDPG/install/turtlebot3_gazebo/share/turtlebot3_gazebo//models/turtlebot3_drl_stage6/model_difficult.sdf
-- Up-to-date symlink: /home/dmsgv1/VAEplusDDPG/install/turtlebot3_gazebo/share/turtlebot3_gazebo//models/turtlebot3_drl_world/goal_box/model.config
-- Up-to-date symlink: /home/dmsgv1/VAEplusDDPG/install/turtlebot3_gazebo/share/turtlebot3_gazebo//models/turtlebot3_drl_world/goal_box/model.sdf
-- Up-to-date symlink: /home/dmsgv1/VAEplusDDPG/install/turtlebot3_gazebo/share/turtlebot3_gazebo//models/turtlebot3_drl_world/inner_obstacles/model.config
-- Up-to-date symlink: /home/dmsgv1/VAEplusDDPG/install/turtlebot3_gazebo/share/turtlebot3_gazebo//models/turtlebot3_drl_world/inner_obstacles/model.sdf
-- Up-to-date symlink: /home/dmsgv1/VAEplusDDPG/install/turtlebot3_gazebo/share/turtlebot3_gazebo//models/turtlebot3_drl_world/inner_walls/model.config
-- Up-to-date symlink: /home/dmsgv1/VAEplusDDPG/install/turtlebot3_gazebo/share/turtlebot3_gazebo//models/turtlebot3_drl_world/inner_walls/model.sdf
-- Up-to-date symlink: /home/dmsgv1/VAEplusDDPG/install/turtlebot3_gazebo/share/turtlebot3_gazebo//models/turtlebot3_drl_world/inner_walls/model_wallhigh.sdf
-- Up-to-date symlink: /home/dmsgv1/VAEplusDDPG/install/turtlebot3_gazebo/share/turtlebot3_gazebo//models/turtlebot3_drl_world/inner_walls_large/model.config
-- Up-to-date symlink: /home/dmsgv1/VAEplusDDPG/install/turtlebot3_gazebo/share/turtlebot3_gazebo//models/turtlebot3_drl_world/inner_walls_large/model.sdf
-- Up-to-date symlink: /home/dmsgv1/VAEplusDDPG/install/turtlebot3_gazebo/share/turtlebot3_gazebo//models/turtlebot3_drl_world/long_wall/model.config
-- Up-to-date symlink: /home/dmsgv1/VAEplusDDPG/install/turtlebot3_gazebo/share/turtlebot3_gazebo//models/turtlebot3_drl_world/long_wall/model.sdf
-- Up-to-date symlink: /home/dmsgv1/VAEplusDDPG/install/turtlebot3_gazebo/share/turtlebot3_gazebo//models/turtlebot3_drl_world/model.config
-- Up-to-date symlink: /home/dmsgv1/VAEplusDDPG/install/turtlebot3_gazebo/share/turtlebot3_gazebo//models/turtlebot3_drl_world/model.sdf
-- Up-to-date symlink: /home/dmsgv1/VAEplusDDPG/install/turtlebot3_gazebo/share/turtlebot3_gazebo//models/turtlebot3_drl_world/model_high.sdf
-- Up-to-date symlink: /home/dmsgv1/VAEplusDDPG/install/turtlebot3_gazebo/share/turtlebot3_gazebo//models/turtlebot3_drl_world/obstacle1/model.config
-- Up-to-date symlink: /home/dmsgv1/VAEplusDDPG/install/turtlebot3_gazebo/share/turtlebot3_gazebo//models/turtlebot3_drl_world/obstacle1/model.sdf
-- Up-to-date symlink: /home/dmsgv1/VAEplusDDPG/install/turtlebot3_gazebo/share/turtlebot3_gazebo//models/turtlebot3_drl_world/obstacle1/model_small.sdf
-- Up-to-date symlink: /home/dmsgv1/VAEplusDDPG/install/turtlebot3_gazebo/share/turtlebot3_gazebo//models/turtlebot3_drl_world/obstacle10/model.config
-- Up-to-date symlink: /home/dmsgv1/VAEplusDDPG/install/turtlebot3_gazebo/share/turtlebot3_gazebo//models/turtlebot3_drl_world/obstacle10/model.sdf
-- Up-to-date symlink: /home/dmsgv1/VAEplusDDPG/install/turtlebot3_gazebo/share/turtlebot3_gazebo//models/turtlebot3_drl_world/obstacle11/model.config
-- Up-to-date symlink: /home/dmsgv1/VAEplusDDPG/install/turtlebot3_gazebo/share/turtlebot3_gazebo//models/turtlebot3_drl_world/obstacle11/model.sdf
-- Up-to-date symlink: /home/dmsgv1/VAEplusDDPG/install/turtlebot3_gazebo/share/turtlebot3_gazebo//models/turtlebot3_drl_world/obstacle12/model.config
-- Up-to-date symlink: /home/dmsgv1/VAEplusDDPG/install/turtlebot3_gazebo/share/turtlebot3_gazebo//models/turtlebot3_drl_world/obstacle12/model.sdf
-- Up-to-date symlink: /home/dmsgv1/VAEplusDDPG/install/turtlebot3_gazebo/share/turtlebot3_gazebo//models/turtlebot3_drl_world/obstacle2/model.config
-- Up-to-date symlink: /home/dmsgv1/VAEplusDDPG/install/turtlebot3_gazebo/share/turtlebot3_gazebo//models/turtlebot3_drl_world/obstacle2/model.sdf
-- Up-to-date symlink: /home/dmsgv1/VAEplusDDPG/install/turtlebot3_gazebo/share/turtlebot3_gazebo//models/turtlebot3_drl_world/obstacle2/model_small.sdf
-- Up-to-date symlink: /home/dmsgv1/VAEplusDDPG/install/turtlebot3_gazebo/share/turtlebot3_gazebo//models/turtlebot3_drl_world/obstacle3/model.config
-- Up-to-date symlink: /home/dmsgv1/VAEplusDDPG/install/turtlebot3_gazebo/share/turtlebot3_gazebo//models/turtlebot3_drl_world/obstacle3/model.sdf
-- Up-to-date symlink: /home/dmsgv1/VAEplusDDPG/install/turtlebot3_gazebo/share/turtlebot3_gazebo//models/turtlebot3_drl_world/obstacle3/model_small.sdf
-- Up-to-date symlink: /home/dmsgv1/VAEplusDDPG/install/turtlebot3_gazebo/share/turtlebot3_gazebo//models/turtlebot3_drl_world/obstacle4/model.config
-- Up-to-date symlink: /home/dmsgv1/VAEplusDDPG/install/turtlebot3_gazebo/share/turtlebot3_gazebo//models/turtlebot3_drl_world/obstacle4/model.sdf
-- Up-to-date symlink: /home/dmsgv1/VAEplusDDPG/install/turtlebot3_gazebo/share/turtlebot3_gazebo//models/turtlebot3_drl_world/obstacle4/model_small.sdf
-- Up-to-date symlink: /home/dmsgv1/VAEplusDDPG/install/turtlebot3_gazebo/share/turtlebot3_gazebo//models/turtlebot3_drl_world/obstacle5/model.config
-- Up-to-date symlink: /home/dmsgv1/VAEplusDDPG/install/turtlebot3_gazebo/share/turtlebot3_gazebo//models/turtlebot3_drl_world/obstacle5/model.sdf
-- Up-to-date symlink: /home/dmsgv1/VAEplusDDPG/install/turtlebot3_gazebo/share/turtlebot3_gazebo//models/turtlebot3_drl_world/obstacle5/model_small.sdf
-- Up-to-date symlink: /home/dmsgv1/VAEplusDDPG/install/turtlebot3_gazebo/share/turtlebot3_gazebo//models/turtlebot3_drl_world/obstacle6/model.config
-- Up-to-date symlink: /home/dmsgv1/VAEplusDDPG/install/turtlebot3_gazebo/share/turtlebot3_gazebo//models/turtlebot3_drl_world/obstacle6/model.sdf
-- Up-to-date symlink: /home/dmsgv1/VAEplusDDPG/install/turtlebot3_gazebo/share/turtlebot3_gazebo//models/turtlebot3_drl_world/obstacle6/model_small.sdf
-- Up-to-date symlink: /home/dmsgv1/VAEplusDDPG/install/turtlebot3_gazebo/share/turtlebot3_gazebo//models/turtlebot3_drl_world/obstacle7/model.config
-- Up-to-date symlink: /home/dmsgv1/VAEplusDDPG/install/turtlebot3_gazebo/share/turtlebot3_gazebo//models/turtlebot3_drl_world/obstacle7/model.sdf
-- Up-to-date symlink: /home/dmsgv1/VAEplusDDPG/install/turtlebot3_gazebo/share/turtlebot3_gazebo//models/turtlebot3_drl_world/obstacle8/model.config
-- Up-to-date symlink: /home/dmsgv1/VAEplusDDPG/install/turtlebot3_gazebo/share/turtlebot3_gazebo//models/turtlebot3_drl_world/obstacle8/model.sdf
-- Up-to-date symlink: /home/dmsgv1/VAEplusDDPG/install/turtlebot3_gazebo/share/turtlebot3_gazebo//models/turtlebot3_drl_world/obstacle9/model.config
-- Up-to-date symlink: /home/dmsgv1/VAEplusDDPG/install/turtlebot3_gazebo/share/turtlebot3_gazebo//models/turtlebot3_drl_world/obstacle9/model.sdf
-- Up-to-date symlink: /home/dmsgv1/VAEplusDDPG/install/turtlebot3_gazebo/share/turtlebot3_gazebo//models/turtlebot3_drl_world/obstacle_plugin/CMakeLists.txt
-- Up-to-date symlink: /home/dmsgv1/VAEplusDDPG/install/turtlebot3_gazebo/share/turtlebot3_gazebo//models/turtlebot3_drl_world/obstacle_plugin/lib/CMakeCache.txt
-- Up-to-date symlink: /home/dmsgv1/VAEplusDDPG/install/turtlebot3_gazebo/share/turtlebot3_gazebo//models/turtlebot3_drl_world/obstacle_plugin/lib/CMakeFiles/3.16.3/CMakeCCompiler.cmake
-- Up-to-date symlink: /home/dmsgv1/VAEplusDDPG/install/turtlebot3_gazebo/share/turtlebot3_gazebo//models/turtlebot3_drl_world/obstacle_plugin/lib/CMakeFiles/3.16.3/CMakeCXXCompiler.cmake
-- Up-to-date symlink: /home/dmsgv1/VAEplusDDPG/install/turtlebot3_gazebo/share/turtlebot3_gazebo//models/turtlebot3_drl_world/obstacle_plugin/lib/CMakeFiles/3.16.3/CMakeDetermineCompilerABI_C.bin
-- Up-to-date symlink: /home/dmsgv1/VAEplusDDPG/install/turtlebot3_gazebo/share/turtlebot3_gazebo//models/turtlebot3_drl_world/obstacle_plugin/lib/CMakeFiles/3.16.3/CMakeDetermineCompilerABI_CXX.bin
-- Up-to-date symlink: /home/dmsgv1/VAEplusDDPG/install/turtlebot3_gazebo/share/turtlebot3_gazebo//models/turtlebot3_drl_world/obstacle_plugin/lib/CMakeFiles/3.16.3/CMakeSystem.cmake
-- Up-to-date symlink: /home/dmsgv1/VAEplusDDPG/install/turtlebot3_gazebo/share/turtlebot3_gazebo//models/turtlebot3_drl_world/obstacle_plugin/lib/CMakeFiles/3.16.3/CompilerIdC/CMakeCCompilerId.c
-- Up-to-date symlink: /home/dmsgv1/VAEplusDDPG/install/turtlebot3_gazebo/share/turtlebot3_gazebo//models/turtlebot3_drl_world/obstacle_plugin/lib/CMakeFiles/3.16.3/CompilerIdC/a.out
-- Up-to-date symlink: /home/dmsgv1/VAEplusDDPG/install/turtlebot3_gazebo/share/turtlebot3_gazebo//models/turtlebot3_drl_world/obstacle_plugin/lib/CMakeFiles/3.16.3/CompilerIdCXX/CMakeCXXCompilerId.cpp
-- Up-to-date symlink: /home/dmsgv1/VAEplusDDPG/install/turtlebot3_gazebo/share/turtlebot3_gazebo//models/turtlebot3_drl_world/obstacle_plugin/lib/CMakeFiles/3.16.3/CompilerIdCXX/a.out
-- Up-to-date symlink: /home/dmsgv1/VAEplusDDPG/install/turtlebot3_gazebo/share/turtlebot3_gazebo//models/turtlebot3_drl_world/obstacle_plugin/lib/CMakeFiles/CMakeDirectoryInformation.cmake
-- Up-to-date symlink: /home/dmsgv1/VAEplusDDPG/install/turtlebot3_gazebo/share/turtlebot3_gazebo//models/turtlebot3_drl_world/obstacle_plugin/lib/CMakeFiles/CMakeError.log
-- Up-to-date symlink: /home/dmsgv1/VAEplusDDPG/install/turtlebot3_gazebo/share/turtlebot3_gazebo//models/turtlebot3_drl_world/obstacle_plugin/lib/CMakeFiles/CMakeOutput.log
-- Up-to-date symlink: /home/dmsgv1/VAEplusDDPG/install/turtlebot3_gazebo/share/turtlebot3_gazebo//models/turtlebot3_drl_world/obstacle_plugin/lib/CMakeFiles/Makefile.cmake
-- Up-to-date symlink: /home/dmsgv1/VAEplusDDPG/install/turtlebot3_gazebo/share/turtlebot3_gazebo//models/turtlebot3_drl_world/obstacle_plugin/lib/CMakeFiles/Makefile2
-- Up-to-date symlink: /home/dmsgv1/VAEplusDDPG/install/turtlebot3_gazebo/share/turtlebot3_gazebo//models/turtlebot3_drl_world/obstacle_plugin/lib/CMakeFiles/TargetDirectories.txt
-- Up-to-date symlink: /home/dmsgv1/VAEplusDDPG/install/turtlebot3_gazebo/share/turtlebot3_gazebo//models/turtlebot3_drl_world/obstacle_plugin/lib/CMakeFiles/cmake.check_cache
-- Up-to-date symlink: /home/dmsgv1/VAEplusDDPG/install/turtlebot3_gazebo/share/turtlebot3_gazebo//models/turtlebot3_drl_world/obstacle_plugin/lib/CMakeFiles/obstacle1.dir/CXX.includecache
-- Up-to-date symlink: /home/dmsgv1/VAEplusDDPG/install/turtlebot3_gazebo/share/turtlebot3_gazebo//models/turtlebot3_drl_world/obstacle_plugin/lib/CMakeFiles/obstacle1.dir/DependInfo.cmake
-- Up-to-date symlink: /home/dmsgv1/VAEplusDDPG/install/turtlebot3_gazebo/share/turtlebot3_gazebo//models/turtlebot3_drl_world/obstacle_plugin/lib/CMakeFiles/obstacle1.dir/build.make
-- Up-to-date symlink: /home/dmsgv1/VAEplusDDPG/install/turtlebot3_gazebo/share/turtlebot3_gazebo//models/turtlebot3_drl_world/obstacle_plugin/lib/CMakeFiles/obstacle1.dir/cmake_clean.cmake
-- Up-to-date symlink: /home/dmsgv1/VAEplusDDPG/install/turtlebot3_gazebo/share/turtlebot3_gazebo//models/turtlebot3_drl_world/obstacle_plugin/lib/CMakeFiles/obstacle1.dir/depend.internal
-- Up-to-date symlink: /home/dmsgv1/VAEplusDDPG/install/turtlebot3_gazebo/share/turtlebot3_gazebo//models/turtlebot3_drl_world/obstacle_plugin/lib/CMakeFiles/obstacle1.dir/depend.make
-- Up-to-date symlink: /home/dmsgv1/VAEplusDDPG/install/turtlebot3_gazebo/share/turtlebot3_gazebo//models/turtlebot3_drl_world/obstacle_plugin/lib/CMakeFiles/obstacle1.dir/flags.make
-- Up-to-date symlink: /home/dmsgv1/VAEplusDDPG/install/turtlebot3_gazebo/share/turtlebot3_gazebo//models/turtlebot3_drl_world/obstacle_plugin/lib/CMakeFiles/obstacle1.dir/link.txt
-- Up-to-date symlink: /home/dmsgv1/VAEplusDDPG/install/turtlebot3_gazebo/share/turtlebot3_gazebo//models/turtlebot3_drl_world/obstacle_plugin/lib/CMakeFiles/obstacle1.dir/obstacle1.cc.o
-- Up-to-date symlink: /home/dmsgv1/VAEplusDDPG/install/turtlebot3_gazebo/share/turtlebot3_gazebo//models/turtlebot3_drl_world/obstacle_plugin/lib/CMakeFiles/obstacle1.dir/progress.make
-- Up-to-date symlink: /home/dmsgv1/VAEplusDDPG/install/turtlebot3_gazebo/share/turtlebot3_gazebo//models/turtlebot3_drl_world/obstacle_plugin/lib/CMakeFiles/obstacle10.dir/CXX.includecache
-- Up-to-date symlink: /home/dmsgv1/VAEplusDDPG/install/turtlebot3_gazebo/share/turtlebot3_gazebo//models/turtlebot3_drl_world/obstacle_plugin/lib/CMakeFiles/obstacle10.dir/DependInfo.cmake
-- Up-to-date symlink: /home/dmsgv1/VAEplusDDPG/install/turtlebot3_gazebo/share/turtlebot3_gazebo//models/turtlebot3_drl_world/obstacle_plugin/lib/CMakeFiles/obstacle10.dir/build.make
-- Up-to-date symlink: /home/dmsgv1/VAEplusDDPG/install/turtlebot3_gazebo/share/turtlebot3_gazebo//models/turtlebot3_drl_world/obstacle_plugin/lib/CMakeFiles/obstacle10.dir/cmake_clean.cmake
-- Up-to-date symlink: /home/dmsgv1/VAEplusDDPG/install/turtlebot3_gazebo/share/turtlebot3_gazebo//models/turtlebot3_drl_world/obstacle_plugin/lib/CMakeFiles/obstacle10.dir/depend.internal
-- Up-to-date symlink: /home/dmsgv1/VAEplusDDPG/install/turtlebot3_gazebo/share/turtlebot3_gazebo//models/turtlebot3_drl_world/obstacle_plugin/lib/CMakeFiles/obstacle10.dir/depend.make
-- Up-to-date symlink: /home/dmsgv1/VAEplusDDPG/install/turtlebot3_gazebo/share/turtlebot3_gazebo//models/turtlebot3_drl_world/obstacle_plugin/lib/CMakeFiles/obstacle10.dir/flags.make
-- Up-to-date symlink: /home/dmsgv1/VAEplusDDPG/install/turtlebot3_gazebo/share/turtlebot3_gazebo//models/turtlebot3_drl_world/obstacle_plugin/lib/CMakeFiles/obstacle10.dir/link.txt
-- Up-to-date symlink: /home/dmsgv1/VAEplusDDPG/install/turtlebot3_gazebo/share/turtlebot3_gazebo//models/turtlebot3_drl_world/obstacle_plugin/lib/CMakeFiles/obstacle10.dir/obstacle10.cc.o
-- Up-to-date symlink: /home/dmsgv1/VAEplusDDPG/install/turtlebot3_gazebo/share/turtlebot3_gazebo//models/turtlebot3_drl_world/obstacle_plugin/lib/CMakeFiles/obstacle10.dir/progress.make
-- Up-to-date symlink: /home/dmsgv1/VAEplusDDPG/install/turtlebot3_gazebo/share/turtlebot3_gazebo//models/turtlebot3_drl_world/obstacle_plugin/lib/CMakeFiles/obstacle11.dir/CXX.includecache
-- Up-to-date symlink: /home/dmsgv1/VAEplusDDPG/install/turtlebot3_gazebo/share/turtlebot3_gazebo//models/turtlebot3_drl_world/obstacle_plugin/lib/CMakeFiles/obstacle11.dir/DependInfo.cmake
-- Up-to-date symlink: /home/dmsgv1/VAEplusDDPG/install/turtlebot3_gazebo/share/turtlebot3_gazebo//models/turtlebot3_drl_world/obstacle_plugin/lib/CMakeFiles/obstacle11.dir/build.make
-- Up-to-date symlink: /home/dmsgv1/VAEplusDDPG/install/turtlebot3_gazebo/share/turtlebot3_gazebo//models/turtlebot3_drl_world/obstacle_plugin/lib/CMakeFiles/obstacle11.dir/cmake_clean.cmake
-- Up-to-date symlink: /home/dmsgv1/VAEplusDDPG/install/turtlebot3_gazebo/share/turtlebot3_gazebo//models/turtlebot3_drl_world/obstacle_plugin/lib/CMakeFiles/obstacle11.dir/depend.internal
-- Up-to-date symlink: /home/dmsgv1/VAEplusDDPG/install/turtlebot3_gazebo/share/turtlebot3_gazebo//models/turtlebot3_drl_world/obstacle_plugin/lib/CMakeFiles/obstacle11.dir/depend.make
-- Up-to-date symlink: /home/dmsgv1/VAEplusDDPG/install/turtlebot3_gazebo/share/turtlebot3_gazebo//models/turtlebot3_drl_world/obstacle_plugin/lib/CMakeFiles/obstacle11.dir/flags.make
-- Up-to-date symlink: /home/dmsgv1/VAEplusDDPG/install/turtlebot3_gazebo/share/turtlebot3_gazebo//models/turtlebot3_drl_world/obstacle_plugin/lib/CMakeFiles/obstacle11.dir/link.txt
-- Up-to-date symlink: /home/dmsgv1/VAEplusDDPG/install/turtlebot3_gazebo/share/turtlebot3_gazebo//models/turtlebot3_drl_world/obstacle_plugin/lib/CMakeFiles/obstacle11.dir/obstacle11.cc.o
-- Up-to-date symlink: /home/dmsgv1/VAEplusDDPG/install/turtlebot3_gazebo/share/turtlebot3_gazebo//models/turtlebot3_drl_world/obstacle_plugin/lib/CMakeFiles/obstacle11.dir/progress.make
-- Up-to-date symlink: /home/dmsgv1/VAEplusDDPG/install/turtlebot3_gazebo/share/turtlebot3_gazebo//models/turtlebot3_drl_world/obstacle_plugin/lib/CMakeFiles/obstacle12.dir/CXX.includecache
-- Up-to-date symlink: /home/dmsgv1/VAEplusDDPG/install/turtlebot3_gazebo/share/turtlebot3_gazebo//models/turtlebot3_drl_world/obstacle_plugin/lib/CMakeFiles/obstacle12.dir/DependInfo.cmake
-- Up-to-date symlink: /home/dmsgv1/VAEplusDDPG/install/turtlebot3_gazebo/share/turtlebot3_gazebo//models/turtlebot3_drl_world/obstacle_plugin/lib/CMakeFiles/obstacle12.dir/build.make
-- Up-to-date symlink: /home/dmsgv1/VAEplusDDPG/install/turtlebot3_gazebo/share/turtlebot3_gazebo//models/turtlebot3_drl_world/obstacle_plugin/lib/CMakeFiles/obstacle12.dir/cmake_clean.cmake
-- Up-to-date symlink: /home/dmsgv1/VAEplusDDPG/install/turtlebot3_gazebo/share/turtlebot3_gazebo//models/turtlebot3_drl_world/obstacle_plugin/lib/CMakeFiles/obstacle12.dir/depend.internal
-- Up-to-date symlink: /home/dmsgv1/VAEplusDDPG/install/turtlebot3_gazebo/share/turtlebot3_gazebo//models/turtlebot3_drl_world/obstacle_plugin/lib/CMakeFiles/obstacle12.dir/depend.make
-- Up-to-date symlink: /home/dmsgv1/VAEplusDDPG/install/turtlebot3_gazebo/share/turtlebot3_gazebo//models/turtlebot3_drl_world/obstacle_plugin/lib/CMakeFiles/obstacle12.dir/flags.make
-- Up-to-date symlink: /home/dmsgv1/VAEplusDDPG/install/turtlebot3_gazebo/share/turtlebot3_gazebo//models/turtlebot3_drl_world/obstacle_plugin/lib/CMakeFiles/obstacle12.dir/link.txt
-- Up-to-date symlink: /home/dmsgv1/VAEplusDDPG/install/turtlebot3_gazebo/share/turtlebot3_gazebo//models/turtlebot3_drl_world/obstacle_plugin/lib/CMakeFiles/obstacle12.dir/obstacle12.cc.o
-- Up-to-date symlink: /home/dmsgv1/VAEplusDDPG/install/turtlebot3_gazebo/share/turtlebot3_gazebo//models/turtlebot3_drl_world/obstacle_plugin/lib/CMakeFiles/obstacle12.dir/progress.make
-- Up-to-date symlink: /home/dmsgv1/VAEplusDDPG/install/turtlebot3_gazebo/share/turtlebot3_gazebo//models/turtlebot3_drl_world/obstacle_plugin/lib/CMakeFiles/obstacle2.dir/CXX.includecache
-- Up-to-date symlink: /home/dmsgv1/VAEplusDDPG/install/turtlebot3_gazebo/share/turtlebot3_gazebo//models/turtlebot3_drl_world/obstacle_plugin/lib/CMakeFiles/obstacle2.dir/DependInfo.cmake
-- Up-to-date symlink: /home/dmsgv1/VAEplusDDPG/install/turtlebot3_gazebo/share/turtlebot3_gazebo//models/turtlebot3_drl_world/obstacle_plugin/lib/CMakeFiles/obstacle2.dir/build.make
-- Up-to-date symlink: /home/dmsgv1/VAEplusDDPG/install/turtlebot3_gazebo/share/turtlebot3_gazebo//models/turtlebot3_drl_world/obstacle_plugin/lib/CMakeFiles/obstacle2.dir/cmake_clean.cmake
-- Up-to-date symlink: /home/dmsgv1/VAEplusDDPG/install/turtlebot3_gazebo/share/turtlebot3_gazebo//models/turtlebot3_drl_world/obstacle_plugin/lib/CMakeFiles/obstacle2.dir/depend.internal
-- Up-to-date symlink: /home/dmsgv1/VAEplusDDPG/install/turtlebot3_gazebo/share/turtlebot3_gazebo//models/turtlebot3_drl_world/obstacle_plugin/lib/CMakeFiles/obstacle2.dir/depend.make
-- Up-to-date symlink: /home/dmsgv1/VAEplusDDPG/install/turtlebot3_gazebo/share/turtlebot3_gazebo//models/turtlebot3_drl_world/obstacle_plugin/lib/CMakeFiles/obstacle2.dir/flags.make
-- Up-to-date symlink: /home/dmsgv1/VAEplusDDPG/install/turtlebot3_gazebo/share/turtlebot3_gazebo//models/turtlebot3_drl_world/obstacle_plugin/lib/CMakeFiles/obstacle2.dir/link.txt
-- Up-to-date symlink: /home/dmsgv1/VAEplusDDPG/install/turtlebot3_gazebo/share/turtlebot3_gazebo//models/turtlebot3_drl_world/obstacle_plugin/lib/CMakeFiles/obstacle2.dir/obstacle2.cc.o
-- Up-to-date symlink: /home/dmsgv1/VAEplusDDPG/install/turtlebot3_gazebo/share/turtlebot3_gazebo//models/turtlebot3_drl_world/obstacle_plugin/lib/CMakeFiles/obstacle2.dir/progress.make
-- Up-to-date symlink: /home/dmsgv1/VAEplusDDPG/install/turtlebot3_gazebo/share/turtlebot3_gazebo//models/turtlebot3_drl_world/obstacle_plugin/lib/CMakeFiles/obstacle3.dir/CXX.includecache
-- Up-to-date symlink: /home/dmsgv1/VAEplusDDPG/install/turtlebot3_gazebo/share/turtlebot3_gazebo//models/turtlebot3_drl_world/obstacle_plugin/lib/CMakeFiles/obstacle3.dir/DependInfo.cmake
-- Up-to-date symlink: /home/dmsgv1/VAEplusDDPG/install/turtlebot3_gazebo/share/turtlebot3_gazebo//models/turtlebot3_drl_world/obstacle_plugin/lib/CMakeFiles/obstacle3.dir/build.make
-- Up-to-date symlink: /home/dmsgv1/VAEplusDDPG/install/turtlebot3_gazebo/share/turtlebot3_gazebo//models/turtlebot3_drl_world/obstacle_plugin/lib/CMakeFiles/obstacle3.dir/cmake_clean.cmake
-- Up-to-date symlink: /home/dmsgv1/VAEplusDDPG/install/turtlebot3_gazebo/share/turtlebot3_gazebo//models/turtlebot3_drl_world/obstacle_plugin/lib/CMakeFiles/obstacle3.dir/depend.internal
-- Up-to-date symlink: /home/dmsgv1/VAEplusDDPG/install/turtlebot3_gazebo/share/turtlebot3_gazebo//models/turtlebot3_drl_world/obstacle_plugin/lib/CMakeFiles/obstacle3.dir/depend.make
-- Up-to-date symlink: /home/dmsgv1/VAEplusDDPG/install/turtlebot3_gazebo/share/turtlebot3_gazebo//models/turtlebot3_drl_world/obstacle_plugin/lib/CMakeFiles/obstacle3.dir/flags.make
-- Up-to-date symlink: /home/dmsgv1/VAEplusDDPG/install/turtlebot3_gazebo/share/turtlebot3_gazebo//models/turtlebot3_drl_world/obstacle_plugin/lib/CMakeFiles/obstacle3.dir/link.txt
-- Up-to-date symlink: /home/dmsgv1/VAEplusDDPG/install/turtlebot3_gazebo/share/turtlebot3_gazebo//models/turtlebot3_drl_world/obstacle_plugin/lib/CMakeFiles/obstacle3.dir/obstacle3.cc.o
-- Up-to-date symlink: /home/dmsgv1/VAEplusDDPG/install/turtlebot3_gazebo/share/turtlebot3_gazebo//models/turtlebot3_drl_world/obstacle_plugin/lib/CMakeFiles/obstacle3.dir/progress.make
-- Up-to-date symlink: /home/dmsgv1/VAEplusDDPG/install/turtlebot3_gazebo/share/turtlebot3_gazebo//models/turtlebot3_drl_world/obstacle_plugin/lib/CMakeFiles/obstacle4.dir/CXX.includecache
-- Up-to-date symlink: /home/dmsgv1/VAEplusDDPG/install/turtlebot3_gazebo/share/turtlebot3_gazebo//models/turtlebot3_drl_world/obstacle_plugin/lib/CMakeFiles/obstacle4.dir/DependInfo.cmake
-- Up-to-date symlink: /home/dmsgv1/VAEplusDDPG/install/turtlebot3_gazebo/share/turtlebot3_gazebo//models/turtlebot3_drl_world/obstacle_plugin/lib/CMakeFiles/obstacle4.dir/build.make
-- Up-to-date symlink: /home/dmsgv1/VAEplusDDPG/install/turtlebot3_gazebo/share/turtlebot3_gazebo//models/turtlebot3_drl_world/obstacle_plugin/lib/CMakeFiles/obstacle4.dir/cmake_clean.cmake
-- Up-to-date symlink: /home/dmsgv1/VAEplusDDPG/install/turtlebot3_gazebo/share/turtlebot3_gazebo//models/turtlebot3_drl_world/obstacle_plugin/lib/CMakeFiles/obstacle4.dir/depend.internal
-- Up-to-date symlink: /home/dmsgv1/VAEplusDDPG/install/turtlebot3_gazebo/share/turtlebot3_gazebo//models/turtlebot3_drl_world/obstacle_plugin/lib/CMakeFiles/obstacle4.dir/depend.make
-- Up-to-date symlink: /home/dmsgv1/VAEplusDDPG/install/turtlebot3_gazebo/share/turtlebot3_gazebo//models/turtlebot3_drl_world/obstacle_plugin/lib/CMakeFiles/obstacle4.dir/flags.make
-- Up-to-date symlink: /home/dmsgv1/VAEplusDDPG/install/turtlebot3_gazebo/share/turtlebot3_gazebo//models/turtlebot3_drl_world/obstacle_plugin/lib/CMakeFiles/obstacle4.dir/link.txt
-- Up-to-date symlink: /home/dmsgv1/VAEplusDDPG/install/turtlebot3_gazebo/share/turtlebot3_gazebo//models/turtlebot3_drl_world/obstacle_plugin/lib/CMakeFiles/obstacle4.dir/obstacle4.cc.o
-- Up-to-date symlink: /home/dmsgv1/VAEplusDDPG/install/turtlebot3_gazebo/share/turtlebot3_gazebo//models/turtlebot3_drl_world/obstacle_plugin/lib/CMakeFiles/obstacle4.dir/progress.make
-- Up-to-date symlink: /home/dmsgv1/VAEplusDDPG/install/turtlebot3_gazebo/share/turtlebot3_gazebo//models/turtlebot3_drl_world/obstacle_plugin/lib/CMakeFiles/obstacle5.dir/CXX.includecache
-- Up-to-date symlink: /home/dmsgv1/VAEplusDDPG/install/turtlebot3_gazebo/share/turtlebot3_gazebo//models/turtlebot3_drl_world/obstacle_plugin/lib/CMakeFiles/obstacle5.dir/DependInfo.cmake
-- Up-to-date symlink: /home/dmsgv1/VAEplusDDPG/install/turtlebot3_gazebo/share/turtlebot3_gazebo//models/turtlebot3_drl_world/obstacle_plugin/lib/CMakeFiles/obstacle5.dir/build.make
-- Up-to-date symlink: /home/dmsgv1/VAEplusDDPG/install/turtlebot3_gazebo/share/turtlebot3_gazebo//models/turtlebot3_drl_world/obstacle_plugin/lib/CMakeFiles/obstacle5.dir/cmake_clean.cmake
-- Up-to-date symlink: /home/dmsgv1/VAEplusDDPG/install/turtlebot3_gazebo/share/turtlebot3_gazebo//models/turtlebot3_drl_world/obstacle_plugin/lib/CMakeFiles/obstacle5.dir/depend.internal
-- Up-to-date symlink: /home/dmsgv1/VAEplusDDPG/install/turtlebot3_gazebo/share/turtlebot3_gazebo//models/turtlebot3_drl_world/obstacle_plugin/lib/CMakeFiles/obstacle5.dir/depend.make
-- Up-to-date symlink: /home/dmsgv1/VAEplusDDPG/install/turtlebot3_gazebo/share/turtlebot3_gazebo//models/turtlebot3_drl_world/obstacle_plugin/lib/CMakeFiles/obstacle5.dir/flags.make
-- Up-to-date symlink: /home/dmsgv1/VAEplusDDPG/install/turtlebot3_gazebo/share/turtlebot3_gazebo//models/turtlebot3_drl_world/obstacle_plugin/lib/CMakeFiles/obstacle5.dir/link.txt
-- Up-to-date symlink: /home/dmsgv1/VAEplusDDPG/install/turtlebot3_gazebo/share/turtlebot3_gazebo//models/turtlebot3_drl_world/obstacle_plugin/lib/CMakeFiles/obstacle5.dir/obstacle5.cc.o
-- Up-to-date symlink: /home/dmsgv1/VAEplusDDPG/install/turtlebot3_gazebo/share/turtlebot3_gazebo//models/turtlebot3_drl_world/obstacle_plugin/lib/CMakeFiles/obstacle5.dir/progress.make
-- Up-to-date symlink: /home/dmsgv1/VAEplusDDPG/install/turtlebot3_gazebo/share/turtlebot3_gazebo//models/turtlebot3_drl_world/obstacle_plugin/lib/CMakeFiles/obstacle6.dir/CXX.includecache
-- Up-to-date symlink: /home/dmsgv1/VAEplusDDPG/install/turtlebot3_gazebo/share/turtlebot3_gazebo//models/turtlebot3_drl_world/obstacle_plugin/lib/CMakeFiles/obstacle6.dir/DependInfo.cmake
-- Up-to-date symlink: /home/dmsgv1/VAEplusDDPG/install/turtlebot3_gazebo/share/turtlebot3_gazebo//models/turtlebot3_drl_world/obstacle_plugin/lib/CMakeFiles/obstacle6.dir/build.make
-- Up-to-date symlink: /home/dmsgv1/VAEplusDDPG/install/turtlebot3_gazebo/share/turtlebot3_gazebo//models/turtlebot3_drl_world/obstacle_plugin/lib/CMakeFiles/obstacle6.dir/cmake_clean.cmake
-- Up-to-date symlink: /home/dmsgv1/VAEplusDDPG/install/turtlebot3_gazebo/share/turtlebot3_gazebo//models/turtlebot3_drl_world/obstacle_plugin/lib/CMakeFiles/obstacle6.dir/depend.internal
-- Up-to-date symlink: /home/dmsgv1/VAEplusDDPG/install/turtlebot3_gazebo/share/turtlebot3_gazebo//models/turtlebot3_drl_world/obstacle_plugin/lib/CMakeFiles/obstacle6.dir/depend.make
-- Up-to-date symlink: /home/dmsgv1/VAEplusDDPG/install/turtlebot3_gazebo/share/turtlebot3_gazebo//models/turtlebot3_drl_world/obstacle_plugin/lib/CMakeFiles/obstacle6.dir/flags.make
-- Up-to-date symlink: /home/dmsgv1/VAEplusDDPG/install/turtlebot3_gazebo/share/turtlebot3_gazebo//models/turtlebot3_drl_world/obstacle_plugin/lib/CMakeFiles/obstacle6.dir/link.txt
-- Up-to-date symlink: /home/dmsgv1/VAEplusDDPG/install/turtlebot3_gazebo/share/turtlebot3_gazebo//models/turtlebot3_drl_world/obstacle_plugin/lib/CMakeFiles/obstacle6.dir/obstacle6.cc.o
-- Up-to-date symlink: /home/dmsgv1/VAEplusDDPG/install/turtlebot3_gazebo/share/turtlebot3_gazebo//models/turtlebot3_drl_world/obstacle_plugin/lib/CMakeFiles/obstacle6.dir/progress.make
-- Up-to-date symlink: /home/dmsgv1/VAEplusDDPG/install/turtlebot3_gazebo/share/turtlebot3_gazebo//models/turtlebot3_drl_world/obstacle_plugin/lib/CMakeFiles/obstacle7.dir/CXX.includecache
-- Up-to-date symlink: /home/dmsgv1/VAEplusDDPG/install/turtlebot3_gazebo/share/turtlebot3_gazebo//models/turtlebot3_drl_world/obstacle_plugin/lib/CMakeFiles/obstacle7.dir/DependInfo.cmake
-- Up-to-date symlink: /home/dmsgv1/VAEplusDDPG/install/turtlebot3_gazebo/share/turtlebot3_gazebo//models/turtlebot3_drl_world/obstacle_plugin/lib/CMakeFiles/obstacle7.dir/build.make
-- Up-to-date symlink: /home/dmsgv1/VAEplusDDPG/install/turtlebot3_gazebo/share/turtlebot3_gazebo//models/turtlebot3_drl_world/obstacle_plugin/lib/CMakeFiles/obstacle7.dir/cmake_clean.cmake
-- Up-to-date symlink: /home/dmsgv1/VAEplusDDPG/install/turtlebot3_gazebo/share/turtlebot3_gazebo//models/turtlebot3_drl_world/obstacle_plugin/lib/CMakeFiles/obstacle7.dir/depend.internal
-- Up-to-date symlink: /home/dmsgv1/VAEplusDDPG/install/turtlebot3_gazebo/share/turtlebot3_gazebo//models/turtlebot3_drl_world/obstacle_plugin/lib/CMakeFiles/obstacle7.dir/depend.make
-- Up-to-date symlink: /home/dmsgv1/VAEplusDDPG/install/turtlebot3_gazebo/share/turtlebot3_gazebo//models/turtlebot3_drl_world/obstacle_plugin/lib/CMakeFiles/obstacle7.dir/flags.make
-- Up-to-date symlink: /home/dmsgv1/VAEplusDDPG/install/turtlebot3_gazebo/share/turtlebot3_gazebo//models/turtlebot3_drl_world/obstacle_plugin/lib/CMakeFiles/obstacle7.dir/link.txt
-- Up-to-date symlink: /home/dmsgv1/VAEplusDDPG/install/turtlebot3_gazebo/share/turtlebot3_gazebo//models/turtlebot3_drl_world/obstacle_plugin/lib/CMakeFiles/obstacle7.dir/obstacle7.cc.o
-- Up-to-date symlink: /home/dmsgv1/VAEplusDDPG/install/turtlebot3_gazebo/share/turtlebot3_gazebo//models/turtlebot3_drl_world/obstacle_plugin/lib/CMakeFiles/obstacle7.dir/progress.make
-- Up-to-date symlink: /home/dmsgv1/VAEplusDDPG/install/turtlebot3_gazebo/share/turtlebot3_gazebo//models/turtlebot3_drl_world/obstacle_plugin/lib/CMakeFiles/obstacle8.dir/CXX.includecache
-- Up-to-date symlink: /home/dmsgv1/VAEplusDDPG/install/turtlebot3_gazebo/share/turtlebot3_gazebo//models/turtlebot3_drl_world/obstacle_plugin/lib/CMakeFiles/obstacle8.dir/DependInfo.cmake
-- Up-to-date symlink: /home/dmsgv1/VAEplusDDPG/install/turtlebot3_gazebo/share/turtlebot3_gazebo//models/turtlebot3_drl_world/obstacle_plugin/lib/CMakeFiles/obstacle8.dir/build.make
-- Up-to-date symlink: /home/dmsgv1/VAEplusDDPG/install/turtlebot3_gazebo/share/turtlebot3_gazebo//models/turtlebot3_drl_world/obstacle_plugin/lib/CMakeFiles/obstacle8.dir/cmake_clean.cmake
-- Up-to-date symlink: /home/dmsgv1/VAEplusDDPG/install/turtlebot3_gazebo/share/turtlebot3_gazebo//models/turtlebot3_drl_world/obstacle_plugin/lib/CMakeFiles/obstacle8.dir/depend.internal
-- Up-to-date symlink: /home/dmsgv1/VAEplusDDPG/install/turtlebot3_gazebo/share/turtlebot3_gazebo//models/turtlebot3_drl_world/obstacle_plugin/lib/CMakeFiles/obstacle8.dir/depend.make
-- Up-to-date symlink: /home/dmsgv1/VAEplusDDPG/install/turtlebot3_gazebo/share/turtlebot3_gazebo//models/turtlebot3_drl_world/obstacle_plugin/lib/CMakeFiles/obstacle8.dir/flags.make
-- Up-to-date symlink: /home/dmsgv1/VAEplusDDPG/install/turtlebot3_gazebo/share/turtlebot3_gazebo//models/turtlebot3_drl_world/obstacle_plugin/lib/CMakeFiles/obstacle8.dir/link.txt
-- Up-to-date symlink: /home/dmsgv1/VAEplusDDPG/install/turtlebot3_gazebo/share/turtlebot3_gazebo//models/turtlebot3_drl_world/obstacle_plugin/lib/CMakeFiles/obstacle8.dir/obstacle8.cc.o
-- Up-to-date symlink: /home/dmsgv1/VAEplusDDPG/install/turtlebot3_gazebo/share/turtlebot3_gazebo//models/turtlebot3_drl_world/obstacle_plugin/lib/CMakeFiles/obstacle8.dir/progress.make
-- Up-to-date symlink: /home/dmsgv1/VAEplusDDPG/install/turtlebot3_gazebo/share/turtlebot3_gazebo//models/turtlebot3_drl_world/obstacle_plugin/lib/CMakeFiles/obstacle9.dir/CXX.includecache
-- Up-to-date symlink: /home/dmsgv1/VAEplusDDPG/install/turtlebot3_gazebo/share/turtlebot3_gazebo//models/turtlebot3_drl_world/obstacle_plugin/lib/CMakeFiles/obstacle9.dir/DependInfo.cmake
-- Up-to-date symlink: /home/dmsgv1/VAEplusDDPG/install/turtlebot3_gazebo/share/turtlebot3_gazebo//models/turtlebot3_drl_world/obstacle_plugin/lib/CMakeFiles/obstacle9.dir/build.make
-- Up-to-date symlink: /home/dmsgv1/VAEplusDDPG/install/turtlebot3_gazebo/share/turtlebot3_gazebo//models/turtlebot3_drl_world/obstacle_plugin/lib/CMakeFiles/obstacle9.dir/cmake_clean.cmake
-- Up-to-date symlink: /home/dmsgv1/VAEplusDDPG/install/turtlebot3_gazebo/share/turtlebot3_gazebo//models/turtlebot3_drl_world/obstacle_plugin/lib/CMakeFiles/obstacle9.dir/depend.internal
-- Up-to-date symlink: /home/dmsgv1/VAEplusDDPG/install/turtlebot3_gazebo/share/turtlebot3_gazebo//models/turtlebot3_drl_world/obstacle_plugin/lib/CMakeFiles/obstacle9.dir/depend.make
-- Up-to-date symlink: /home/dmsgv1/VAEplusDDPG/install/turtlebot3_gazebo/share/turtlebot3_gazebo//models/turtlebot3_drl_world/obstacle_plugin/lib/CMakeFiles/obstacle9.dir/flags.make
-- Up-to-date symlink: /home/dmsgv1/VAEplusDDPG/install/turtlebot3_gazebo/share/turtlebot3_gazebo//models/turtlebot3_drl_world/obstacle_plugin/lib/CMakeFiles/obstacle9.dir/link.txt
-- Up-to-date symlink: /home/dmsgv1/VAEplusDDPG/install/turtlebot3_gazebo/share/turtlebot3_gazebo//models/turtlebot3_drl_world/obstacle_plugin/lib/CMakeFiles/obstacle9.dir/obstacle9.cc.o
-- Up-to-date symlink: /home/dmsgv1/VAEplusDDPG/install/turtlebot3_gazebo/share/turtlebot3_gazebo//models/turtlebot3_drl_world/obstacle_plugin/lib/CMakeFiles/obstacle9.dir/progress.make
-- Up-to-date symlink: /home/dmsgv1/VAEplusDDPG/install/turtlebot3_gazebo/share/turtlebot3_gazebo//models/turtlebot3_drl_world/obstacle_plugin/lib/CMakeFiles/obstacles.dir/CXX.includecache
-- Up-to-date symlink: /home/dmsgv1/VAEplusDDPG/install/turtlebot3_gazebo/share/turtlebot3_gazebo//models/turtlebot3_drl_world/obstacle_plugin/lib/CMakeFiles/obstacles.dir/DependInfo.cmake
-- Up-to-date symlink: /home/dmsgv1/VAEplusDDPG/install/turtlebot3_gazebo/share/turtlebot3_gazebo//models/turtlebot3_drl_world/obstacle_plugin/lib/CMakeFiles/obstacles.dir/build.make
-- Up-to-date symlink: /home/dmsgv1/VAEplusDDPG/install/turtlebot3_gazebo/share/turtlebot3_gazebo//models/turtlebot3_drl_world/obstacle_plugin/lib/CMakeFiles/obstacles.dir/cmake_clean.cmake
-- Up-to-date symlink: /home/dmsgv1/VAEplusDDPG/install/turtlebot3_gazebo/share/turtlebot3_gazebo//models/turtlebot3_drl_world/obstacle_plugin/lib/CMakeFiles/obstacles.dir/depend.internal
-- Up-to-date symlink: /home/dmsgv1/VAEplusDDPG/install/turtlebot3_gazebo/share/turtlebot3_gazebo//models/turtlebot3_drl_world/obstacle_plugin/lib/CMakeFiles/obstacles.dir/depend.make
-- Up-to-date symlink: /home/dmsgv1/VAEplusDDPG/install/turtlebot3_gazebo/share/turtlebot3_gazebo//models/turtlebot3_drl_world/obstacle_plugin/lib/CMakeFiles/obstacles.dir/flags.make
-- Up-to-date symlink: /home/dmsgv1/VAEplusDDPG/install/turtlebot3_gazebo/share/turtlebot3_gazebo//models/turtlebot3_drl_world/obstacle_plugin/lib/CMakeFiles/obstacles.dir/link.txt
-- Up-to-date symlink: /home/dmsgv1/VAEplusDDPG/install/turtlebot3_gazebo/share/turtlebot3_gazebo//models/turtlebot3_drl_world/obstacle_plugin/lib/CMakeFiles/obstacles.dir/obstacles.cc.o
-- Up-to-date symlink: /home/dmsgv1/VAEplusDDPG/install/turtlebot3_gazebo/share/turtlebot3_gazebo//models/turtlebot3_drl_world/obstacle_plugin/lib/CMakeFiles/obstacles.dir/progress.make
-- Up-to-date symlink: /home/dmsgv1/VAEplusDDPG/install/turtlebot3_gazebo/share/turtlebot3_gazebo//models/turtlebot3_drl_world/obstacle_plugin/lib/CMakeFiles/progress.marks
-- Up-to-date symlink: /home/dmsgv1/VAEplusDDPG/install/turtlebot3_gazebo/share/turtlebot3_gazebo//models/turtlebot3_drl_world/obstacle_plugin/lib/Makefile
-- Up-to-date symlink: /home/dmsgv1/VAEplusDDPG/install/turtlebot3_gazebo/share/turtlebot3_gazebo//models/turtlebot3_drl_world/obstacle_plugin/lib/cmake_install.cmake
-- Up-to-date symlink: /home/dmsgv1/VAEplusDDPG/install/turtlebot3_gazebo/share/turtlebot3_gazebo//models/turtlebot3_drl_world/obstacle_plugin/lib/libobstacle1.so
-- Up-to-date symlink: /home/dmsgv1/VAEplusDDPG/install/turtlebot3_gazebo/share/turtlebot3_gazebo//models/turtlebot3_drl_world/obstacle_plugin/lib/libobstacle10.so
-- Up-to-date symlink: /home/dmsgv1/VAEplusDDPG/install/turtlebot3_gazebo/share/turtlebot3_gazebo//models/turtlebot3_drl_world/obstacle_plugin/lib/libobstacle11.so
-- Up-to-date symlink: /home/dmsgv1/VAEplusDDPG/install/turtlebot3_gazebo/share/turtlebot3_gazebo//models/turtlebot3_drl_world/obstacle_plugin/lib/libobstacle12.so
-- Up-to-date symlink: /home/dmsgv1/VAEplusDDPG/install/turtlebot3_gazebo/share/turtlebot3_gazebo//models/turtlebot3_drl_world/obstacle_plugin/lib/libobstacle2.so
-- Up-to-date symlink: /home/dmsgv1/VAEplusDDPG/install/turtlebot3_gazebo/share/turtlebot3_gazebo//models/turtlebot3_drl_world/obstacle_plugin/lib/libobstacle3.so
-- Up-to-date symlink: /home/dmsgv1/VAEplusDDPG/install/turtlebot3_gazebo/share/turtlebot3_gazebo//models/turtlebot3_drl_world/obstacle_plugin/lib/libobstacle4.so
-- Up-to-date symlink: /home/dmsgv1/VAEplusDDPG/install/turtlebot3_gazebo/share/turtlebot3_gazebo//models/turtlebot3_drl_world/obstacle_plugin/lib/libobstacle5.so
-- Up-to-date symlink: /home/dmsgv1/VAEplusDDPG/install/turtlebot3_gazebo/share/turtlebot3_gazebo//models/turtlebot3_drl_world/obstacle_plugin/lib/libobstacle6.so
-- Up-to-date symlink: /home/dmsgv1/VAEplusDDPG/install/turtlebot3_gazebo/share/turtlebot3_gazebo//models/turtlebot3_drl_world/obstacle_plugin/lib/libobstacle7.so
-- Up-to-date symlink: /home/dmsgv1/VAEplusDDPG/install/turtlebot3_gazebo/share/turtlebot3_gazebo//models/turtlebot3_drl_world/obstacle_plugin/lib/libobstacle8.so
-- Up-to-date symlink: /home/dmsgv1/VAEplusDDPG/install/turtlebot3_gazebo/share/turtlebot3_gazebo//models/turtlebot3_drl_world/obstacle_plugin/lib/libobstacle9.so
-- Up-to-date symlink: /home/dmsgv1/VAEplusDDPG/install/turtlebot3_gazebo/share/turtlebot3_gazebo//models/turtlebot3_drl_world/obstacle_plugin/lib/libobstacles.so
-- Up-to-date symlink: /home/dmsgv1/VAEplusDDPG/install/turtlebot3_gazebo/share/turtlebot3_gazebo//models/turtlebot3_drl_world/obstacle_plugin/obstacle1.cc
-- Up-to-date symlink: /home/dmsgv1/VAEplusDDPG/install/turtlebot3_gazebo/share/turtlebot3_gazebo//models/turtlebot3_drl_world/obstacle_plugin/obstacle10.cc
-- Up-to-date symlink: /home/dmsgv1/VAEplusDDPG/install/turtlebot3_gazebo/share/turtlebot3_gazebo//models/turtlebot3_drl_world/obstacle_plugin/obstacle11.cc
-- Up-to-date symlink: /home/dmsgv1/VAEplusDDPG/install/turtlebot3_gazebo/share/turtlebot3_gazebo//models/turtlebot3_drl_world/obstacle_plugin/obstacle12.cc
-- Up-to-date symlink: /home/dmsgv1/VAEplusDDPG/install/turtlebot3_gazebo/share/turtlebot3_gazebo//models/turtlebot3_drl_world/obstacle_plugin/obstacle13.cc
-- Up-to-date symlink: /home/dmsgv1/VAEplusDDPG/install/turtlebot3_gazebo/share/turtlebot3_gazebo//models/turtlebot3_drl_world/obstacle_plugin/obstacle2.cc
-- Up-to-date symlink: /home/dmsgv1/VAEplusDDPG/install/turtlebot3_gazebo/share/turtlebot3_gazebo//models/turtlebot3_drl_world/obstacle_plugin/obstacle3.cc
-- Up-to-date symlink: /home/dmsgv1/VAEplusDDPG/install/turtlebot3_gazebo/share/turtlebot3_gazebo//models/turtlebot3_drl_world/obstacle_plugin/obstacle4.cc
-- Up-to-date symlink: /home/dmsgv1/VAEplusDDPG/install/turtlebot3_gazebo/share/turtlebot3_gazebo//models/turtlebot3_drl_world/obstacle_plugin/obstacle5.cc
-- Up-to-date symlink: /home/dmsgv1/VAEplusDDPG/install/turtlebot3_gazebo/share/turtlebot3_gazebo//models/turtlebot3_drl_world/obstacle_plugin/obstacle6.cc
-- Up-to-date symlink: /home/dmsgv1/VAEplusDDPG/install/turtlebot3_gazebo/share/turtlebot3_gazebo//models/turtlebot3_drl_world/obstacle_plugin/obstacle7.cc
-- Up-to-date symlink: /home/dmsgv1/VAEplusDDPG/install/turtlebot3_gazebo/share/turtlebot3_gazebo//models/turtlebot3_drl_world/obstacle_plugin/obstacle8.cc
-- Up-to-date symlink: /home/dmsgv1/VAEplusDDPG/install/turtlebot3_gazebo/share/turtlebot3_gazebo//models/turtlebot3_drl_world/obstacle_plugin/obstacle9.cc
-- Up-to-date symlink: /home/dmsgv1/VAEplusDDPG/install/turtlebot3_gazebo/share/turtlebot3_gazebo//models/turtlebot3_drl_world/obstacle_plugin/obstacles.cc
-- Up-to-date symlink: /home/dmsgv1/VAEplusDDPG/install/turtlebot3_gazebo/share/turtlebot3_gazebo//models/turtlebot3_drl_world/obstacles/model.config
-- Up-to-date symlink: /home/dmsgv1/VAEplusDDPG/install/turtlebot3_gazebo/share/turtlebot3_gazebo//models/turtlebot3_drl_world/obstacles/model.sdf
-- Up-to-date symlink: /home/dmsgv1/VAEplusDDPG/install/turtlebot3_gazebo/share/turtlebot3_gazebo//models/turtlebot3_drl_world/outer_walls/model.config
-- Up-to-date symlink: /home/dmsgv1/VAEplusDDPG/install/turtlebot3_gazebo/share/turtlebot3_gazebo//models/turtlebot3_drl_world/outer_walls/model.sdf
-- Up-to-date symlink: /home/dmsgv1/VAEplusDDPG/install/turtlebot3_gazebo/share/turtlebot3_gazebo//models/turtlebot3_drl_world/outer_walls/model_wallhigh.sdf
-- Up-to-date symlink: /home/dmsgv1/VAEplusDDPG/install/turtlebot3_gazebo/share/turtlebot3_gazebo//models/turtlebot3_drl_world/outer_walls_large/model.config
-- Up-to-date symlink: /home/dmsgv1/VAEplusDDPG/install/turtlebot3_gazebo/share/turtlebot3_gazebo//models/turtlebot3_drl_world/outer_walls_large/model.sdf
-- Up-to-date symlink: /home/dmsgv1/VAEplusDDPG/install/turtlebot3_gazebo/share/turtlebot3_gazebo//models/turtlebot3_drl_world/triangle/model.config
-- Up-to-date symlink: /home/dmsgv1/VAEplusDDPG/install/turtlebot3_gazebo/share/turtlebot3_gazebo//models/turtlebot3_drl_world/triangle/model.sdf
-- Up-to-date symlink: /home/dmsgv1/VAEplusDDPG/install/turtlebot3_gazebo/share/turtlebot3_gazebo//models/turtlebot3_drl_world/turtlebot3_house_tomas/model.config
-- Up-to-date symlink: /home/dmsgv1/VAEplusDDPG/install/turtlebot3_gazebo/share/turtlebot3_gazebo//models/turtlebot3_drl_world/turtlebot3_house_tomas/model.sdf
-- Up-to-date symlink: /home/dmsgv1/VAEplusDDPG/install/turtlebot3_gazebo/share/turtlebot3_gazebo//models/turtlebot3_house/model.config
-- Up-to-date symlink: /home/dmsgv1/VAEplusDDPG/install/turtlebot3_gazebo/share/turtlebot3_gazebo//models/turtlebot3_house/model.sdf
-- Up-to-date symlink: /home/dmsgv1/VAEplusDDPG/install/turtlebot3_gazebo/share/turtlebot3_gazebo//models/turtlebot3_waffle/meshes/lds.dae
-- Up-to-date symlink: /home/dmsgv1/VAEplusDDPG/install/turtlebot3_gazebo/share/turtlebot3_gazebo//models/turtlebot3_waffle/meshes/r200.dae
-- Up-to-date symlink: /home/dmsgv1/VAEplusDDPG/install/turtlebot3_gazebo/share/turtlebot3_gazebo//models/turtlebot3_waffle/meshes/tire.dae
-- Up-to-date symlink: /home/dmsgv1/VAEplusDDPG/install/turtlebot3_gazebo/share/turtlebot3_gazebo//models/turtlebot3_waffle/meshes/waffle_base.dae
-- Up-to-date symlink: /home/dmsgv1/VAEplusDDPG/install/turtlebot3_gazebo/share/turtlebot3_gazebo//models/turtlebot3_waffle/model-1_4.sdf
-- Up-to-date symlink: /home/dmsgv1/VAEplusDDPG/install/turtlebot3_gazebo/share/turtlebot3_gazebo//models/turtlebot3_waffle/model.config
-- Up-to-date symlink: /home/dmsgv1/VAEplusDDPG/install/turtlebot3_gazebo/share/turtlebot3_gazebo//models/turtlebot3_waffle/model.sdf
-- Up-to-date symlink: /home/dmsgv1/VAEplusDDPG/install/turtlebot3_gazebo/share/turtlebot3_gazebo//models/turtlebot3_waffle_pi/meshes/lds.dae
-- Up-to-date symlink: /home/dmsgv1/VAEplusDDPG/install/turtlebot3_gazebo/share/turtlebot3_gazebo//models/turtlebot3_waffle_pi/meshes/tire.dae
-- Up-to-date symlink: /home/dmsgv1/VAEplusDDPG/install/turtlebot3_gazebo/share/turtlebot3_gazebo//models/turtlebot3_waffle_pi/meshes/waffle_pi_base.dae
-- Up-to-date symlink: /home/dmsgv1/VAEplusDDPG/install/turtlebot3_gazebo/share/turtlebot3_gazebo//models/turtlebot3_waffle_pi/model-1_4_.sdf
-- Up-to-date symlink: /home/dmsgv1/VAEplusDDPG/install/turtlebot3_gazebo/share/turtlebot3_gazebo//models/turtlebot3_waffle_pi/model.config
-- Up-to-date symlink: /home/dmsgv1/VAEplusDDPG/install/turtlebot3_gazebo/share/turtlebot3_gazebo//models/turtlebot3_waffle_pi/model.sdf
-- Up-to-date symlink: /home/dmsgv1/VAEplusDDPG/install/turtlebot3_gazebo/share/turtlebot3_gazebo//models/turtlebot3_waffle_pi/model_1depth_nopillar.sdf
-- Up-to-date symlink: /home/dmsgv1/VAEplusDDPG/install/turtlebot3_gazebo/share/turtlebot3_gazebo//models/turtlebot3_waffle_pi/model_1depth_pillar.sdf
-- Up-to-date symlink: /home/dmsgv1/VAEplusDDPG/install/turtlebot3_gazebo/share/turtlebot3_gazebo//models/turtlebot3_waffle_pi/model_2depths_nopillar.sdf
-- Up-to-date symlink: /home/dmsgv1/VAEplusDDPG/install/turtlebot3_gazebo/share/turtlebot3_gazebo//models/turtlebot3_waffle_pi/model_2depths_old.sdf
-- Up-to-date symlink: /home/dmsgv1/VAEplusDDPG/install/turtlebot3_gazebo/share/turtlebot3_gazebo//models/turtlebot3_waffle_pi/model_4depths.sdf
-- Up-to-date symlink: /home/dmsgv1/VAEplusDDPG/install/turtlebot3_gazebo/share/turtlebot3_gazebo//models/turtlebot3_waffle_pi/model_copy.sdf
-- Up-to-date symlink: /home/dmsgv1/VAEplusDDPG/install/turtlebot3_gazebo/share/turtlebot3_gazebo//models/turtlebot3_waffle_pi/model_depth_noise_fail.sdf
-- Up-to-date symlink: /home/dmsgv1/VAEplusDDPG/install/turtlebot3_gazebo/share/turtlebot3_gazebo//models/turtlebot3_world/meshes/hexagon.dae
-- Up-to-date symlink: /home/dmsgv1/VAEplusDDPG/install/turtlebot3_gazebo/share/turtlebot3_gazebo//models/turtlebot3_world/meshes/wall.dae
-- Up-to-date symlink: /home/dmsgv1/VAEplusDDPG/install/turtlebot3_gazebo/share/turtlebot3_gazebo//models/turtlebot3_world/model-1_4.sdf
-- Up-to-date symlink: /home/dmsgv1/VAEplusDDPG/install/turtlebot3_gazebo/share/turtlebot3_gazebo//models/turtlebot3_world/model.config
-- Up-to-date symlink: /home/dmsgv1/VAEplusDDPG/install/turtlebot3_gazebo/share/turtlebot3_gazebo//models/turtlebot3_world/model.sdf
-- Up-to-date symlink: /home/dmsgv1/VAEplusDDPG/install/turtlebot3_gazebo/share/turtlebot3_gazebo//rviz/tb3_gazebo.rviz
-- Up-to-date symlink: /home/dmsgv1/VAEplusDDPG/install/turtlebot3_gazebo/share/turtlebot3_gazebo//worlds/turtlebot3_drl_stage4/burger.model
-- Up-to-date symlink: /home/dmsgv1/VAEplusDDPG/install/turtlebot3_gazebo/share/turtlebot3_gazebo//worlds/turtlebot3_drl_stage4/waffle.model
-- Up-to-date symlink: /home/dmsgv1/VAEplusDDPG/install/turtlebot3_gazebo/share/turtlebot3_gazebo//worlds/turtlebot3_drl_stage4/waffle_pi (copy).model
-- Up-to-date symlink: /home/dmsgv1/VAEplusDDPG/install/turtlebot3_gazebo/share/turtlebot3_gazebo//worlds/turtlebot3_drl_stage4/waffle_pi.model
-- Up-to-date symlink: /home/dmsgv1/VAEplusDDPG/install/turtlebot3_gazebo/share/turtlebot3_gazebo//worlds/turtlebot3_drl_stage4/waffle_pi_headless.model
-- Up-to-date symlink: /home/dmsgv1/VAEplusDDPG/install/turtlebot3_gazebo/share/turtlebot3_gazebo//worlds/turtlebot3_drl_stage6/burger.model
-- Up-to-date symlink: /home/dmsgv1/VAEplusDDPG/install/turtlebot3_gazebo/share/turtlebot3_gazebo//worlds/turtlebot3_drl_stage6/waffle.model
-- Up-to-date symlink: /home/dmsgv1/VAEplusDDPG/install/turtlebot3_gazebo/share/turtlebot3_gazebo//worlds/turtlebot3_drl_stage6/waffle_pi.model
-- Up-to-date symlink: /home/dmsgv1/VAEplusDDPG/install/turtlebot3_gazebo/share/turtlebot3_gazebo//worlds/turtlebot3_drl_stage6/waffle_pi_4obstacles.model
-- Up-to-date symlink: /home/dmsgv1/VAEplusDDPG/install/turtlebot3_gazebo/share/turtlebot3_gazebo//worlds/turtlebot3_drl_stage6/waffle_pi_copy.model
-- Up-to-date symlink: /home/dmsgv1/VAEplusDDPG/install/turtlebot3_gazebo/share/turtlebot3_gazebo//worlds/turtlebot3_drl_stage6/waffle_pi_difficult.model
-- Up-to-date symlink: /home/dmsgv1/VAEplusDDPG/install/turtlebot3_gazebo/share/turtlebot3_gazebo//worlds/turtlebot3_drl_stage6/waffle_pi_easy_obstacle4.model
-- Up-to-date symlink: /home/dmsgv1/VAEplusDDPG/install/turtlebot3_gazebo/share/turtlebot3_gazebo//worlds/turtlebot3_drl_stage6/waffle_pi_nomaldifficult.model
-- Up-to-date symlink: /home/dmsgv1/VAEplusDDPG/install/turtlebot3_gazebo/share/turtlebot3_gazebo//worlds/turtlebot3_drl_stage6/waffle_pi_noobstacle.model
-- Up-to-date symlink: /home/dmsgv1/VAEplusDDPG/install/turtlebot3_gazebo/share/turtlebot3_gazebo//worlds/turtlebot3_drl_stage6/waffle_pi_obstacle12.model
-- Up-to-date symlink: /home/dmsgv1/VAEplusDDPG/install/turtlebot3_gazebo/share/turtlebot3_gazebo//worlds/turtlebot3_drl_stage6/waffle_pi_onlydesks.model
-- Up-to-date symlink: /home/dmsgv1/VAEplusDDPG/install/turtlebot3_gazebo/include//turtlebot3_gazebo/turtlebot3_drive.hpp
-- Up-to-date symlink: /home/dmsgv1/VAEplusDDPG/install/turtlebot3_gazebo/share/ament_index/resource_index/package_run_dependencies/turtlebot3_gazebo
-- Up-to-date symlink: /home/dmsgv1/VAEplusDDPG/install/turtlebot3_gazebo/share/ament_index/resource_index/parent_prefix_path/turtlebot3_gazebo
-- Up-to-date symlink: /home/dmsgv1/VAEplusDDPG/install/turtlebot3_gazebo/share/turtlebot3_gazebo/environment/ament_prefix_path.sh
-- Up-to-date symlink: /home/dmsgv1/VAEplusDDPG/install/turtlebot3_gazebo/share/turtlebot3_gazebo/environment/ament_prefix_path.dsv
-- Up-to-date symlink: /home/dmsgv1/VAEplusDDPG/install/turtlebot3_gazebo/share/turtlebot3_gazebo/environment/path.sh
-- Up-to-date symlink: /home/dmsgv1/VAEplusDDPG/install/turtlebot3_gazebo/share/turtlebot3_gazebo/environment/path.dsv
-- Up-to-date symlink: /home/dmsgv1/VAEplusDDPG/install/turtlebot3_gazebo/share/turtlebot3_gazebo/local_setup.bash
-- Up-to-date symlink: /home/dmsgv1/VAEplusDDPG/install/turtlebot3_gazebo/share/turtlebot3_gazebo/local_setup.sh
-- Up-to-date symlink: /home/dmsgv1/VAEplusDDPG/install/turtlebot3_gazebo/share/turtlebot3_gazebo/local_setup.zsh
-- Up-to-date symlink: /home/dmsgv1/VAEplusDDPG/install/turtlebot3_gazebo/share/turtlebot3_gazebo/local_setup.dsv
-- Symlinking: /home/dmsgv1/VAEplusDDPG/install/turtlebot3_gazebo/share/turtlebot3_gazebo/package.dsv
-- Up-to-date symlink: /home/dmsgv1/VAEplusDDPG/install/turtlebot3_gazebo/share/ament_index/resource_index/packages/turtlebot3_gazebo
-- Up-to-date symlink: /home/dmsgv1/VAEplusDDPG/install/turtlebot3_gazebo/share/turtlebot3_gazebo/cmake/ament_cmake_export_include_directories-extras.cmake
-- Up-to-date symlink: /home/dmsgv1/VAEplusDDPG/install/turtlebot3_gazebo/share/turtlebot3_gazebo/cmake/ament_cmake_export_dependencies-extras.cmake
-- Up-to-date symlink: /home/dmsgv1/VAEplusDDPG/install/turtlebot3_gazebo/share/turtlebot3_gazebo/cmake/turtlebot3_gazeboConfig.cmake
-- Up-to-date symlink: /home/dmsgv1/VAEplusDDPG/install/turtlebot3_gazebo/share/turtlebot3_gazebo/cmake/turtlebot3_gazeboConfig-version.cmake
-- Up-to-date symlink: /home/dmsgv1/VAEplusDDPG/install/turtlebot3_gazebo/share/turtlebot3_gazebo/package.xml
