[0.010s] Invoking command in '/home/dmsgv1/VAEplusDDPG/build/turtlebot3_gazebo': CMAKE_PREFIX_PATH=${CMAKE_PREFIX_PATH}:/home/dmsgv1/VAEplusDDPG/install/turtlebot3_drl:/home/dmsgv1/turtlebot3_drlnav/install/turtlebot3_drl:/opt/ros/foxy /bin/cmake --build /home/dmsgv1/VAEplusDDPG/build/turtlebot3_gazebo -- -j28 -l28
[0.036s] [ 25%] Built target turtlebot3_drive
[0.038s] [ 50%] Built target obstacle1
[0.038s] [ 75%] Built target obstacle2
[0.040s] [100%] Built target obstacles
[0.110s] Invoked command in '/home/dmsgv1/VAEplusDDPG/build/turtlebot3_gazebo' returned '0': CMAKE_PREFIX_PATH=${CMAKE_PREFIX_PATH}:/home/dmsgv1/VAEplusDDPG/install/turtlebot3_drl:/home/dmsgv1/turtlebot3_drlnav/install/turtlebot3_drl:/opt/ros/foxy /bin/cmake --build /home/dmsgv1/VAEplusDDPG/build/turtlebot3_gazebo -- -j28 -l28
[0.126s] Invoking command in '/home/dmsgv1/VAEplusDDPG/build/turtlebot3_gazebo': CMAKE_PREFIX_PATH=${CMAKE_PREFIX_PATH}:/home/dmsgv1/VAEplusDDPG/install/turtlebot3_drl:/home/dmsgv1/turtlebot3_drlnav/install/turtlebot3_drl:/opt/ros/foxy /bin/cmake --install /home/dmsgv1/VAEplusDDPG/build/turtlebot3_gazebo
[0.129s] -- Install configuration: ""
[0.129s] -- Execute custom install script
[0.130s] -- Up-to-date symlink: /home/dmsgv1/VAEplusDDPG/install/turtlebot3_gazebo/lib/turtlebot3_gazebo/turtlebot3_drive
[0.130s] -- Symlinking: /home/dmsgv1/VAEplusDDPG/install/turtlebot3_gazebo/share/turtlebot3_gazebo//launch/robot_state_publisher.launch.py
[0.134s] -- Up-to-date symlink: /home/dmsgv1/VAEplusDDPG/install/turtlebot3_gazebo/share/turtlebot3_gazebo//launch/turtlebot3_drl_stage6.launch.py
[0.135s] -- Up-to-date symlink: /home/dmsgv1/VAEplusDDPG/install/turtlebot3_gazebo/share/turtlebot3_gazebo//models/rec_table/model.config
[0.135s] -- Up-to-date symlink: /home/dmsgv1/VAEplusDDPG/install/turtlebot3_gazebo/share/turtlebot3_gazebo//models/rec_table/model.sdf
[0.135s] -- Up-to-date symlink: /home/dmsgv1/VAEplusDDPG/install/turtlebot3_gazebo/share/turtlebot3_gazebo//models/table/model (copy).sdf
[0.135s] -- Up-to-date symlink: /home/dmsgv1/VAEplusDDPG/install/turtlebot3_gazebo/share/turtlebot3_gazebo//models/table/model.config
[0.135s] -- Up-to-date symlink: /home/dmsgv1/VAEplusDDPG/install/turtlebot3_gazebo/share/turtlebot3_gazebo//models/table/model.sdf
[0.135s] -- Up-to-date symlink: /home/dmsgv1/VAEplusDDPG/install/turtlebot3_gazebo/share/turtlebot3_gazebo//models/turtlebot3_burger/meshes/burger_base.dae
[0.135s] -- Up-to-date symlink: /home/dmsgv1/VAEplusDDPG/install/turtlebot3_gazebo/share/turtlebot3_gazebo//models/turtlebot3_burger/meshes/lds.dae
[0.135s] -- Up-to-date symlink: /home/dmsgv1/VAEplusDDPG/install/turtlebot3_gazebo/share/turtlebot3_gazebo//models/turtlebot3_burger/meshes/tire.dae
[0.135s] -- Up-to-date symlink: /home/dmsgv1/VAEplusDDPG/install/turtlebot3_gazebo/share/turtlebot3_gazebo//models/turtlebot3_burger/model-1_4.sdf
[0.136s] -- Up-to-date symlink: /home/dmsgv1/VAEplusDDPG/install/turtlebot3_gazebo/share/turtlebot3_gazebo//models/turtlebot3_burger/model.config
[0.136s] -- Up-to-date symlink: /home/dmsgv1/VAEplusDDPG/install/turtlebot3_gazebo/share/turtlebot3_gazebo//models/turtlebot3_burger/model.sdf
[0.136s] -- Up-to-date symlink: /home/dmsgv1/VAEplusDDPG/install/turtlebot3_gazebo/share/turtlebot3_gazebo//models/turtlebot3_drl_stage6/model (copy).sdf
[0.136s] -- Up-to-date symlink: /home/dmsgv1/VAEplusDDPG/install/turtlebot3_gazebo/share/turtlebot3_gazebo//models/turtlebot3_drl_stage6/model.config
[0.136s] -- Up-to-date symlink: /home/dmsgv1/VAEplusDDPG/install/turtlebot3_gazebo/share/turtlebot3_gazebo//models/turtlebot3_drl_stage6/model.sdf
[0.136s] -- Up-to-date symlink: /home/dmsgv1/VAEplusDDPG/install/turtlebot3_gazebo/share/turtlebot3_gazebo//models/turtlebot3_drl_stage6/model_difficult.sdf
[0.136s] -- Up-to-date symlink: /home/dmsgv1/VAEplusDDPG/install/turtlebot3_gazebo/share/turtlebot3_gazebo//models/turtlebot3_drl_world/goal_box/model.config
[0.136s] -- Up-to-date symlink: /home/dmsgv1/VAEplusDDPG/install/turtlebot3_gazebo/share/turtlebot3_gazebo//models/turtlebot3_drl_world/goal_box/model.sdf
[0.136s] -- Up-to-date symlink: /home/dmsgv1/VAEplusDDPG/install/turtlebot3_gazebo/share/turtlebot3_gazebo//models/turtlebot3_drl_world/inner_obstacles/model.config
[0.136s] -- Up-to-date symlink: /home/dmsgv1/VAEplusDDPG/install/turtlebot3_gazebo/share/turtlebot3_gazebo//models/turtlebot3_drl_world/inner_obstacles/model.sdf
[0.136s] -- Up-to-date symlink: /home/dmsgv1/VAEplusDDPG/install/turtlebot3_gazebo/share/turtlebot3_gazebo//models/turtlebot3_drl_world/inner_walls/model.config
[0.136s] -- Up-to-date symlink: /home/dmsgv1/VAEplusDDPG/install/turtlebot3_gazebo/share/turtlebot3_gazebo//models/turtlebot3_drl_world/inner_walls/model.sdf
[0.136s] -- Up-to-date symlink: /home/dmsgv1/VAEplusDDPG/install/turtlebot3_gazebo/share/turtlebot3_gazebo//models/turtlebot3_drl_world/inner_walls/model_wallhigh.sdf
[0.136s] -- Up-to-date symlink: /home/dmsgv1/VAEplusDDPG/install/turtlebot3_gazebo/share/turtlebot3_gazebo//models/turtlebot3_drl_world/inner_walls_large/model.config
[0.136s] -- Up-to-date symlink: /home/dmsgv1/VAEplusDDPG/install/turtlebot3_gazebo/share/turtlebot3_gazebo//models/turtlebot3_drl_world/inner_walls_large/model.sdf
[0.136s] -- Up-to-date symlink: /home/dmsgv1/VAEplusDDPG/install/turtlebot3_gazebo/share/turtlebot3_gazebo//models/turtlebot3_drl_world/long_wall/model.config
[0.136s] -- Up-to-date symlink: /home/dmsgv1/VAEplusDDPG/install/turtlebot3_gazebo/share/turtlebot3_gazebo//models/turtlebot3_drl_world/long_wall/model.sdf
[0.136s] -- Up-to-date symlink: /home/dmsgv1/VAEplusDDPG/install/turtlebot3_gazebo/share/turtlebot3_gazebo//models/turtlebot3_drl_world/model.config
[0.136s] -- Up-to-date symlink: /home/dmsgv1/VAEplusDDPG/install/turtlebot3_gazebo/share/turtlebot3_gazebo//models/turtlebot3_drl_world/model.sdf
[0.137s] -- Up-to-date symlink: /home/dmsgv1/VAEplusDDPG/install/turtlebot3_gazebo/share/turtlebot3_gazebo//models/turtlebot3_drl_world/model_high.sdf
[0.137s] -- Up-to-date symlink: /home/dmsgv1/VAEplusDDPG/install/turtlebot3_gazebo/share/turtlebot3_gazebo//models/turtlebot3_drl_world/obstacle1/model.config
[0.137s] -- Up-to-date symlink: /home/dmsgv1/VAEplusDDPG/install/turtlebot3_gazebo/share/turtlebot3_gazebo//models/turtlebot3_drl_world/obstacle1/model.sdf
[0.137s] -- Up-to-date symlink: /home/dmsgv1/VAEplusDDPG/install/turtlebot3_gazebo/share/turtlebot3_gazebo//models/turtlebot3_drl_world/obstacle1/model_small.sdf
[0.137s] -- Up-to-date symlink: /home/dmsgv1/VAEplusDDPG/install/turtlebot3_gazebo/share/turtlebot3_gazebo//models/turtlebot3_drl_world/obstacle10/model.config
[0.137s] -- Up-to-date symlink: /home/dmsgv1/VAEplusDDPG/install/turtlebot3_gazebo/share/turtlebot3_gazebo//models/turtlebot3_drl_world/obstacle10/model.sdf
[0.137s] -- Up-to-date symlink: /home/dmsgv1/VAEplusDDPG/install/turtlebot3_gazebo/share/turtlebot3_gazebo//models/turtlebot3_drl_world/obstacle11/model.config
[0.137s] -- Up-to-date symlink: /home/dmsgv1/VAEplusDDPG/install/turtlebot3_gazebo/share/turtlebot3_gazebo//models/turtlebot3_drl_world/obstacle11/model.sdf
[0.137s] -- Up-to-date symlink: /home/dmsgv1/VAEplusDDPG/install/turtlebot3_gazebo/share/turtlebot3_gazebo//models/turtlebot3_drl_world/obstacle12/model.config
[0.137s] -- Up-to-date symlink: /home/dmsgv1/VAEplusDDPG/install/turtlebot3_gazebo/share/turtlebot3_gazebo//models/turtlebot3_drl_world/obstacle12/model.sdf
[0.137s] -- Up-to-date symlink: /home/dmsgv1/VAEplusDDPG/install/turtlebot3_gazebo/share/turtlebot3_gazebo//models/turtlebot3_drl_world/obstacle2/model.config
[0.137s] -- Up-to-date symlink: /home/dmsgv1/VAEplusDDPG/install/turtlebot3_gazebo/share/turtlebot3_gazebo//models/turtlebot3_drl_world/obstacle2/model.sdf
[0.137s] -- Up-to-date symlink: /home/dmsgv1/VAEplusDDPG/install/turtlebot3_gazebo/share/turtlebot3_gazebo//models/turtlebot3_drl_world/obstacle2/model_small.sdf
[0.137s] -- Up-to-date symlink: /home/dmsgv1/VAEplusDDPG/install/turtlebot3_gazebo/share/turtlebot3_gazebo//models/turtlebot3_drl_world/obstacle3/model.config
[0.137s] -- Up-to-date symlink: /home/dmsgv1/VAEplusDDPG/install/turtlebot3_gazebo/share/turtlebot3_gazebo//models/turtlebot3_drl_world/obstacle3/model.sdf
[0.137s] -- Up-to-date symlink: /home/dmsgv1/VAEplusDDPG/install/turtlebot3_gazebo/share/turtlebot3_gazebo//models/turtlebot3_drl_world/obstacle3/model_small.sdf
[0.137s] -- Up-to-date symlink: /home/dmsgv1/VAEplusDDPG/install/turtlebot3_gazebo/share/turtlebot3_gazebo//models/turtlebot3_drl_world/obstacle4/model.config
[0.137s] -- Up-to-date symlink: /home/dmsgv1/VAEplusDDPG/install/turtlebot3_gazebo/share/turtlebot3_gazebo//models/turtlebot3_drl_world/obstacle4/model.sdf
[0.137s] -- Up-to-date symlink: /home/dmsgv1/VAEplusDDPG/install/turtlebot3_gazebo/share/turtlebot3_gazebo//models/turtlebot3_drl_world/obstacle4/model_small.sdf
[0.138s] -- Up-to-date symlink: /home/dmsgv1/VAEplusDDPG/install/turtlebot3_gazebo/share/turtlebot3_gazebo//models/turtlebot3_drl_world/obstacle5/model.config
[0.138s] -- Up-to-date symlink: /home/dmsgv1/VAEplusDDPG/install/turtlebot3_gazebo/share/turtlebot3_gazebo//models/turtlebot3_drl_world/obstacle5/model.sdf
[0.138s] -- Up-to-date symlink: /home/dmsgv1/VAEplusDDPG/install/turtlebot3_gazebo/share/turtlebot3_gazebo//models/turtlebot3_drl_world/obstacle5/model_small.sdf
[0.138s] -- Up-to-date symlink: /home/dmsgv1/VAEplusDDPG/install/turtlebot3_gazebo/share/turtlebot3_gazebo//models/turtlebot3_drl_world/obstacle6/model.config
[0.138s] -- Up-to-date symlink: /home/dmsgv1/VAEplusDDPG/install/turtlebot3_gazebo/share/turtlebot3_gazebo//models/turtlebot3_drl_world/obstacle6/model.sdf
[0.138s] -- Up-to-date symlink: /home/dmsgv1/VAEplusDDPG/install/turtlebot3_gazebo/share/turtlebot3_gazebo//models/turtlebot3_drl_world/obstacle6/model_small.sdf
[0.138s] -- Up-to-date symlink: /home/dmsgv1/VAEplusDDPG/install/turtlebot3_gazebo/share/turtlebot3_gazebo//models/turtlebot3_drl_world/obstacle7/model.config
[0.138s] -- Up-to-date symlink: /home/dmsgv1/VAEplusDDPG/install/turtlebot3_gazebo/share/turtlebot3_gazebo//models/turtlebot3_drl_world/obstacle7/model.sdf
[0.138s] -- Up-to-date symlink: /home/dmsgv1/VAEplusDDPG/install/turtlebot3_gazebo/share/turtlebot3_gazebo//models/turtlebot3_drl_world/obstacle8/model.config
[0.138s] -- Up-to-date symlink: /home/dmsgv1/VAEplusDDPG/install/turtlebot3_gazebo/share/turtlebot3_gazebo//models/turtlebot3_drl_world/obstacle8/model.sdf
[0.138s] -- Up-to-date symlink: /home/dmsgv1/VAEplusDDPG/install/turtlebot3_gazebo/share/turtlebot3_gazebo//models/turtlebot3_drl_world/obstacle9/model.config
[0.138s] -- Up-to-date symlink: /home/dmsgv1/VAEplusDDPG/install/turtlebot3_gazebo/share/turtlebot3_gazebo//models/turtlebot3_drl_world/obstacle9/model.sdf
[0.138s] -- Up-to-date symlink: /home/dmsgv1/VAEplusDDPG/install/turtlebot3_gazebo/share/turtlebot3_gazebo//models/turtlebot3_drl_world/obstacle_plugin/CMakeLists.txt
[0.138s] -- Up-to-date symlink: /home/dmsgv1/VAEplusDDPG/install/turtlebot3_gazebo/share/turtlebot3_gazebo//models/turtlebot3_drl_world/obstacle_plugin/lib/CMakeCache.txt
[0.138s] -- Up-to-date symlink: /home/dmsgv1/VAEplusDDPG/install/turtlebot3_gazebo/share/turtlebot3_gazebo//models/turtlebot3_drl_world/obstacle_plugin/lib/CMakeFiles/3.16.3/CMakeCCompiler.cmake
[0.138s] -- Up-to-date symlink: /home/dmsgv1/VAEplusDDPG/install/turtlebot3_gazebo/share/turtlebot3_gazebo//models/turtlebot3_drl_world/obstacle_plugin/lib/CMakeFiles/3.16.3/CMakeCXXCompiler.cmake
[0.138s] -- Up-to-date symlink: /home/dmsgv1/VAEplusDDPG/install/turtlebot3_gazebo/share/turtlebot3_gazebo//models/turtlebot3_drl_world/obstacle_plugin/lib/CMakeFiles/3.16.3/CMakeDetermineCompilerABI_C.bin
[0.138s] -- Up-to-date symlink: /home/dmsgv1/VAEplusDDPG/install/turtlebot3_gazebo/share/turtlebot3_gazebo//models/turtlebot3_drl_world/obstacle_plugin/lib/CMakeFiles/3.16.3/CMakeDetermineCompilerABI_CXX.bin
[0.139s] -- Up-to-date symlink: /home/dmsgv1/VAEplusDDPG/install/turtlebot3_gazebo/share/turtlebot3_gazebo//models/turtlebot3_drl_world/obstacle_plugin/lib/CMakeFiles/3.16.3/CMakeSystem.cmake
[0.139s] -- Up-to-date symlink: /home/dmsgv1/VAEplusDDPG/install/turtlebot3_gazebo/share/turtlebot3_gazebo//models/turtlebot3_drl_world/obstacle_plugin/lib/CMakeFiles/3.16.3/CompilerIdC/CMakeCCompilerId.c
[0.139s] -- Up-to-date symlink: /home/dmsgv1/VAEplusDDPG/install/turtlebot3_gazebo/share/turtlebot3_gazebo//models/turtlebot3_drl_world/obstacle_plugin/lib/CMakeFiles/3.16.3/CompilerIdC/a.out
[0.139s] -- Up-to-date symlink: /home/dmsgv1/VAEplusDDPG/install/turtlebot3_gazebo/share/turtlebot3_gazebo//models/turtlebot3_drl_world/obstacle_plugin/lib/CMakeFiles/3.16.3/CompilerIdCXX/CMakeCXXCompilerId.cpp
[0.139s] -- Up-to-date symlink: /home/dmsgv1/VAEplusDDPG/install/turtlebot3_gazebo/share/turtlebot3_gazebo//models/turtlebot3_drl_world/obstacle_plugin/lib/CMakeFiles/3.16.3/CompilerIdCXX/a.out
[0.139s] -- Up-to-date symlink: /home/dmsgv1/VAEplusDDPG/install/turtlebot3_gazebo/share/turtlebot3_gazebo//models/turtlebot3_drl_world/obstacle_plugin/lib/CMakeFiles/CMakeDirectoryInformation.cmake
[0.139s] -- Up-to-date symlink: /home/dmsgv1/VAEplusDDPG/install/turtlebot3_gazebo/share/turtlebot3_gazebo//models/turtlebot3_drl_world/obstacle_plugin/lib/CMakeFiles/CMakeError.log
[0.139s] -- Up-to-date symlink: /home/dmsgv1/VAEplusDDPG/install/turtlebot3_gazebo/share/turtlebot3_gazebo//models/turtlebot3_drl_world/obstacle_plugin/lib/CMakeFiles/CMakeOutput.log
[0.139s] -- Up-to-date symlink: /home/dmsgv1/VAEplusDDPG/install/turtlebot3_gazebo/share/turtlebot3_gazebo//models/turtlebot3_drl_world/obstacle_plugin/lib/CMakeFiles/Makefile.cmake
[0.139s] -- Up-to-date symlink: /home/dmsgv1/VAEplusDDPG/install/turtlebot3_gazebo/share/turtlebot3_gazebo//models/turtlebot3_drl_world/obstacle_plugin/lib/CMakeFiles/Makefile2
[0.139s] -- Up-to-date symlink: /home/dmsgv1/VAEplusDDPG/install/turtlebot3_gazebo/share/turtlebot3_gazebo//models/turtlebot3_drl_world/obstacle_plugin/lib/CMakeFiles/TargetDirectories.txt
[0.139s] -- Up-to-date symlink: /home/dmsgv1/VAEplusDDPG/install/turtlebot3_gazebo/share/turtlebot3_gazebo//models/turtlebot3_drl_world/obstacle_plugin/lib/CMakeFiles/cmake.check_cache
[0.139s] -- Up-to-date symlink: /home/dmsgv1/VAEplusDDPG/install/turtlebot3_gazebo/share/turtlebot3_gazebo//models/turtlebot3_drl_world/obstacle_plugin/lib/CMakeFiles/obstacle1.dir/CXX.includecache
[0.139s] -- Up-to-date symlink: /home/dmsgv1/VAEplusDDPG/install/turtlebot3_gazebo/share/turtlebot3_gazebo//models/turtlebot3_drl_world/obstacle_plugin/lib/CMakeFiles/obstacle1.dir/DependInfo.cmake
[0.139s] -- Up-to-date symlink: /home/dmsgv1/VAEplusDDPG/install/turtlebot3_gazebo/share/turtlebot3_gazebo//models/turtlebot3_drl_world/obstacle_plugin/lib/CMakeFiles/obstacle1.dir/build.make
[0.139s] -- Up-to-date symlink: /home/dmsgv1/VAEplusDDPG/install/turtlebot3_gazebo/share/turtlebot3_gazebo//models/turtlebot3_drl_world/obstacle_plugin/lib/CMakeFiles/obstacle1.dir/cmake_clean.cmake
[0.139s] -- Up-to-date symlink: /home/dmsgv1/VAEplusDDPG/install/turtlebot3_gazebo/share/turtlebot3_gazebo//models/turtlebot3_drl_world/obstacle_plugin/lib/CMakeFiles/obstacle1.dir/depend.internal
[0.139s] -- Up-to-date symlink: /home/dmsgv1/VAEplusDDPG/install/turtlebot3_gazebo/share/turtlebot3_gazebo//models/turtlebot3_drl_world/obstacle_plugin/lib/CMakeFiles/obstacle1.dir/depend.make
[0.140s] -- Up-to-date symlink: /home/dmsgv1/VAEplusDDPG/install/turtlebot3_gazebo/share/turtlebot3_gazebo//models/turtlebot3_drl_world/obstacle_plugin/lib/CMakeFiles/obstacle1.dir/flags.make
[0.140s] -- Up-to-date symlink: /home/dmsgv1/VAEplusDDPG/install/turtlebot3_gazebo/share/turtlebot3_gazebo//models/turtlebot3_drl_world/obstacle_plugin/lib/CMakeFiles/obstacle1.dir/link.txt
[0.140s] -- Up-to-date symlink: /home/dmsgv1/VAEplusDDPG/install/turtlebot3_gazebo/share/turtlebot3_gazebo//models/turtlebot3_drl_world/obstacle_plugin/lib/CMakeFiles/obstacle1.dir/obstacle1.cc.o
[0.140s] -- Up-to-date symlink: /home/dmsgv1/VAEplusDDPG/install/turtlebot3_gazebo/share/turtlebot3_gazebo//models/turtlebot3_drl_world/obstacle_plugin/lib/CMakeFiles/obstacle1.dir/progress.make
[0.140s] -- Up-to-date symlink: /home/dmsgv1/VAEplusDDPG/install/turtlebot3_gazebo/share/turtlebot3_gazebo//models/turtlebot3_drl_world/obstacle_plugin/lib/CMakeFiles/obstacle10.dir/CXX.includecache
[0.140s] -- Up-to-date symlink: /home/dmsgv1/VAEplusDDPG/install/turtlebot3_gazebo/share/turtlebot3_gazebo//models/turtlebot3_drl_world/obstacle_plugin/lib/CMakeFiles/obstacle10.dir/DependInfo.cmake
[0.140s] -- Up-to-date symlink: /home/dmsgv1/VAEplusDDPG/install/turtlebot3_gazebo/share/turtlebot3_gazebo//models/turtlebot3_drl_world/obstacle_plugin/lib/CMakeFiles/obstacle10.dir/build.make
[0.140s] -- Up-to-date symlink: /home/dmsgv1/VAEplusDDPG/install/turtlebot3_gazebo/share/turtlebot3_gazebo//models/turtlebot3_drl_world/obstacle_plugin/lib/CMakeFiles/obstacle10.dir/cmake_clean.cmake
[0.140s] -- Up-to-date symlink: /home/dmsgv1/VAEplusDDPG/install/turtlebot3_gazebo/share/turtlebot3_gazebo//models/turtlebot3_drl_world/obstacle_plugin/lib/CMakeFiles/obstacle10.dir/depend.internal
[0.140s] -- Up-to-date symlink: /home/dmsgv1/VAEplusDDPG/install/turtlebot3_gazebo/share/turtlebot3_gazebo//models/turtlebot3_drl_world/obstacle_plugin/lib/CMakeFiles/obstacle10.dir/depend.make
[0.140s] -- Up-to-date symlink: /home/dmsgv1/VAEplusDDPG/install/turtlebot3_gazebo/share/turtlebot3_gazebo//models/turtlebot3_drl_world/obstacle_plugin/lib/CMakeFiles/obstacle10.dir/flags.make
[0.140s] -- Up-to-date symlink: /home/dmsgv1/VAEplusDDPG/install/turtlebot3_gazebo/share/turtlebot3_gazebo//models/turtlebot3_drl_world/obstacle_plugin/lib/CMakeFiles/obstacle10.dir/link.txt
[0.140s] -- Up-to-date symlink: /home/dmsgv1/VAEplusDDPG/install/turtlebot3_gazebo/share/turtlebot3_gazebo//models/turtlebot3_drl_world/obstacle_plugin/lib/CMakeFiles/obstacle10.dir/obstacle10.cc.o
[0.140s] -- Up-to-date symlink: /home/dmsgv1/VAEplusDDPG/install/turtlebot3_gazebo/share/turtlebot3_gazebo//models/turtlebot3_drl_world/obstacle_plugin/lib/CMakeFiles/obstacle10.dir/progress.make
[0.140s] -- Up-to-date symlink: /home/dmsgv1/VAEplusDDPG/install/turtlebot3_gazebo/share/turtlebot3_gazebo//models/turtlebot3_drl_world/obstacle_plugin/lib/CMakeFiles/obstacle11.dir/CXX.includecache
[0.140s] -- Up-to-date symlink: /home/dmsgv1/VAEplusDDPG/install/turtlebot3_gazebo/share/turtlebot3_gazebo//models/turtlebot3_drl_world/obstacle_plugin/lib/CMakeFiles/obstacle11.dir/DependInfo.cmake
[0.140s] -- Up-to-date symlink: /home/dmsgv1/VAEplusDDPG/install/turtlebot3_gazebo/share/turtlebot3_gazebo//models/turtlebot3_drl_world/obstacle_plugin/lib/CMakeFiles/obstacle11.dir/build.make
[0.140s] -- Up-to-date symlink: /home/dmsgv1/VAEplusDDPG/install/turtlebot3_gazebo/share/turtlebot3_gazebo//models/turtlebot3_drl_world/obstacle_plugin/lib/CMakeFiles/obstacle11.dir/cmake_clean.cmake
[0.141s] -- Up-to-date symlink: /home/dmsgv1/VAEplusDDPG/install/turtlebot3_gazebo/share/turtlebot3_gazebo//models/turtlebot3_drl_world/obstacle_plugin/lib/CMakeFiles/obstacle11.dir/depend.internal
[0.141s] -- Up-to-date symlink: /home/dmsgv1/VAEplusDDPG/install/turtlebot3_gazebo/share/turtlebot3_gazebo//models/turtlebot3_drl_world/obstacle_plugin/lib/CMakeFiles/obstacle11.dir/depend.make
[0.141s] -- Up-to-date symlink: /home/dmsgv1/VAEplusDDPG/install/turtlebot3_gazebo/share/turtlebot3_gazebo//models/turtlebot3_drl_world/obstacle_plugin/lib/CMakeFiles/obstacle11.dir/flags.make
[0.141s] -- Up-to-date symlink: /home/dmsgv1/VAEplusDDPG/install/turtlebot3_gazebo/share/turtlebot3_gazebo//models/turtlebot3_drl_world/obstacle_plugin/lib/CMakeFiles/obstacle11.dir/link.txt
[0.141s] -- Up-to-date symlink: /home/dmsgv1/VAEplusDDPG/install/turtlebot3_gazebo/share/turtlebot3_gazebo//models/turtlebot3_drl_world/obstacle_plugin/lib/CMakeFiles/obstacle11.dir/obstacle11.cc.o
[0.141s] -- Up-to-date symlink: /home/dmsgv1/VAEplusDDPG/install/turtlebot3_gazebo/share/turtlebot3_gazebo//models/turtlebot3_drl_world/obstacle_plugin/lib/CMakeFiles/obstacle11.dir/progress.make
[0.141s] -- Up-to-date symlink: /home/dmsgv1/VAEplusDDPG/install/turtlebot3_gazebo/share/turtlebot3_gazebo//models/turtlebot3_drl_world/obstacle_plugin/lib/CMakeFiles/obstacle12.dir/CXX.includecache
[0.141s] -- Up-to-date symlink: /home/dmsgv1/VAEplusDDPG/install/turtlebot3_gazebo/share/turtlebot3_gazebo//models/turtlebot3_drl_world/obstacle_plugin/lib/CMakeFiles/obstacle12.dir/DependInfo.cmake
[0.141s] -- Up-to-date symlink: /home/dmsgv1/VAEplusDDPG/install/turtlebot3_gazebo/share/turtlebot3_gazebo//models/turtlebot3_drl_world/obstacle_plugin/lib/CMakeFiles/obstacle12.dir/build.make
[0.141s] -- Up-to-date symlink: /home/dmsgv1/VAEplusDDPG/install/turtlebot3_gazebo/share/turtlebot3_gazebo//models/turtlebot3_drl_world/obstacle_plugin/lib/CMakeFiles/obstacle12.dir/cmake_clean.cmake
[0.141s] -- Up-to-date symlink: /home/dmsgv1/VAEplusDDPG/install/turtlebot3_gazebo/share/turtlebot3_gazebo//models/turtlebot3_drl_world/obstacle_plugin/lib/CMakeFiles/obstacle12.dir/depend.internal
[0.141s] -- Up-to-date symlink: /home/dmsgv1/VAEplusDDPG/install/turtlebot3_gazebo/share/turtlebot3_gazebo//models/turtlebot3_drl_world/obstacle_plugin/lib/CMakeFiles/obstacle12.dir/depend.make
[0.141s] -- Up-to-date symlink: /home/dmsgv1/VAEplusDDPG/install/turtlebot3_gazebo/share/turtlebot3_gazebo//models/turtlebot3_drl_world/obstacle_plugin/lib/CMakeFiles/obstacle12.dir/flags.make
[0.141s] -- Up-to-date symlink: /home/dmsgv1/VAEplusDDPG/install/turtlebot3_gazebo/share/turtlebot3_gazebo//models/turtlebot3_drl_world/obstacle_plugin/lib/CMakeFiles/obstacle12.dir/link.txt
[0.141s] -- Up-to-date symlink: /home/dmsgv1/VAEplusDDPG/install/turtlebot3_gazebo/share/turtlebot3_gazebo//models/turtlebot3_drl_world/obstacle_plugin/lib/CMakeFiles/obstacle12.dir/obstacle12.cc.o
[0.141s] -- Up-to-date symlink: /home/dmsgv1/VAEplusDDPG/install/turtlebot3_gazebo/share/turtlebot3_gazebo//models/turtlebot3_drl_world/obstacle_plugin/lib/CMakeFiles/obstacle12.dir/progress.make
[0.141s] -- Up-to-date symlink: /home/dmsgv1/VAEplusDDPG/install/turtlebot3_gazebo/share/turtlebot3_gazebo//models/turtlebot3_drl_world/obstacle_plugin/lib/CMakeFiles/obstacle2.dir/CXX.includecache
[0.142s] -- Up-to-date symlink: /home/dmsgv1/VAEplusDDPG/install/turtlebot3_gazebo/share/turtlebot3_gazebo//models/turtlebot3_drl_world/obstacle_plugin/lib/CMakeFiles/obstacle2.dir/DependInfo.cmake
[0.142s] -- Up-to-date symlink: /home/dmsgv1/VAEplusDDPG/install/turtlebot3_gazebo/share/turtlebot3_gazebo//models/turtlebot3_drl_world/obstacle_plugin/lib/CMakeFiles/obstacle2.dir/build.make
[0.142s] -- Up-to-date symlink: /home/dmsgv1/VAEplusDDPG/install/turtlebot3_gazebo/share/turtlebot3_gazebo//models/turtlebot3_drl_world/obstacle_plugin/lib/CMakeFiles/obstacle2.dir/cmake_clean.cmake
[0.142s] -- Up-to-date symlink: /home/dmsgv1/VAEplusDDPG/install/turtlebot3_gazebo/share/turtlebot3_gazebo//models/turtlebot3_drl_world/obstacle_plugin/lib/CMakeFiles/obstacle2.dir/depend.internal
[0.142s] -- Up-to-date symlink: /home/dmsgv1/VAEplusDDPG/install/turtlebot3_gazebo/share/turtlebot3_gazebo//models/turtlebot3_drl_world/obstacle_plugin/lib/CMakeFiles/obstacle2.dir/depend.make
[0.142s] -- Up-to-date symlink: /home/dmsgv1/VAEplusDDPG/install/turtlebot3_gazebo/share/turtlebot3_gazebo//models/turtlebot3_drl_world/obstacle_plugin/lib/CMakeFiles/obstacle2.dir/flags.make
[0.142s] -- Up-to-date symlink: /home/dmsgv1/VAEplusDDPG/install/turtlebot3_gazebo/share/turtlebot3_gazebo//models/turtlebot3_drl_world/obstacle_plugin/lib/CMakeFiles/obstacle2.dir/link.txt
[0.142s] -- Up-to-date symlink: /home/dmsgv1/VAEplusDDPG/install/turtlebot3_gazebo/share/turtlebot3_gazebo//models/turtlebot3_drl_world/obstacle_plugin/lib/CMakeFiles/obstacle2.dir/obstacle2.cc.o
[0.142s] -- Up-to-date symlink: /home/dmsgv1/VAEplusDDPG/install/turtlebot3_gazebo/share/turtlebot3_gazebo//models/turtlebot3_drl_world/obstacle_plugin/lib/CMakeFiles/obstacle2.dir/progress.make
[0.142s] -- Up-to-date symlink: /home/dmsgv1/VAEplusDDPG/install/turtlebot3_gazebo/share/turtlebot3_gazebo//models/turtlebot3_drl_world/obstacle_plugin/lib/CMakeFiles/obstacle3.dir/CXX.includecache
[0.142s] -- Up-to-date symlink: /home/dmsgv1/VAEplusDDPG/install/turtlebot3_gazebo/share/turtlebot3_gazebo//models/turtlebot3_drl_world/obstacle_plugin/lib/CMakeFiles/obstacle3.dir/DependInfo.cmake
[0.142s] -- Up-to-date symlink: /home/dmsgv1/VAEplusDDPG/install/turtlebot3_gazebo/share/turtlebot3_gazebo//models/turtlebot3_drl_world/obstacle_plugin/lib/CMakeFiles/obstacle3.dir/build.make
[0.142s] -- Up-to-date symlink: /home/dmsgv1/VAEplusDDPG/install/turtlebot3_gazebo/share/turtlebot3_gazebo//models/turtlebot3_drl_world/obstacle_plugin/lib/CMakeFiles/obstacle3.dir/cmake_clean.cmake
[0.142s] -- Up-to-date symlink: /home/dmsgv1/VAEplusDDPG/install/turtlebot3_gazebo/share/turtlebot3_gazebo//models/turtlebot3_drl_world/obstacle_plugin/lib/CMakeFiles/obstacle3.dir/depend.internal
[0.142s] -- Up-to-date symlink: /home/dmsgv1/VAEplusDDPG/install/turtlebot3_gazebo/share/turtlebot3_gazebo//models/turtlebot3_drl_world/obstacle_plugin/lib/CMakeFiles/obstacle3.dir/depend.make
[0.142s] -- Up-to-date symlink: /home/dmsgv1/VAEplusDDPG/install/turtlebot3_gazebo/share/turtlebot3_gazebo//models/turtlebot3_drl_world/obstacle_plugin/lib/CMakeFiles/obstacle3.dir/flags.make
[0.142s] -- Up-to-date symlink: /home/dmsgv1/VAEplusDDPG/install/turtlebot3_gazebo/share/turtlebot3_gazebo//models/turtlebot3_drl_world/obstacle_plugin/lib/CMakeFiles/obstacle3.dir/link.txt
[0.142s] -- Up-to-date symlink: /home/dmsgv1/VAEplusDDPG/install/turtlebot3_gazebo/share/turtlebot3_gazebo//models/turtlebot3_drl_world/obstacle_plugin/lib/CMakeFiles/obstacle3.dir/obstacle3.cc.o
[0.143s] -- Up-to-date symlink: /home/dmsgv1/VAEplusDDPG/install/turtlebot3_gazebo/share/turtlebot3_gazebo//models/turtlebot3_drl_world/obstacle_plugin/lib/CMakeFiles/obstacle3.dir/progress.make
[0.143s] -- Up-to-date symlink: /home/dmsgv1/VAEplusDDPG/install/turtlebot3_gazebo/share/turtlebot3_gazebo//models/turtlebot3_drl_world/obstacle_plugin/lib/CMakeFiles/obstacle4.dir/CXX.includecache
[0.143s] -- Up-to-date symlink: /home/dmsgv1/VAEplusDDPG/install/turtlebot3_gazebo/share/turtlebot3_gazebo//models/turtlebot3_drl_world/obstacle_plugin/lib/CMakeFiles/obstacle4.dir/DependInfo.cmake
[0.143s] -- Up-to-date symlink: /home/dmsgv1/VAEplusDDPG/install/turtlebot3_gazebo/share/turtlebot3_gazebo//models/turtlebot3_drl_world/obstacle_plugin/lib/CMakeFiles/obstacle4.dir/build.make
[0.143s] -- Up-to-date symlink: /home/dmsgv1/VAEplusDDPG/install/turtlebot3_gazebo/share/turtlebot3_gazebo//models/turtlebot3_drl_world/obstacle_plugin/lib/CMakeFiles/obstacle4.dir/cmake_clean.cmake
[0.143s] -- Up-to-date symlink: /home/dmsgv1/VAEplusDDPG/install/turtlebot3_gazebo/share/turtlebot3_gazebo//models/turtlebot3_drl_world/obstacle_plugin/lib/CMakeFiles/obstacle4.dir/depend.internal
[0.143s] -- Up-to-date symlink: /home/dmsgv1/VAEplusDDPG/install/turtlebot3_gazebo/share/turtlebot3_gazebo//models/turtlebot3_drl_world/obstacle_plugin/lib/CMakeFiles/obstacle4.dir/depend.make
[0.143s] -- Up-to-date symlink: /home/dmsgv1/VAEplusDDPG/install/turtlebot3_gazebo/share/turtlebot3_gazebo//models/turtlebot3_drl_world/obstacle_plugin/lib/CMakeFiles/obstacle4.dir/flags.make
[0.143s] -- Up-to-date symlink: /home/dmsgv1/VAEplusDDPG/install/turtlebot3_gazebo/share/turtlebot3_gazebo//models/turtlebot3_drl_world/obstacle_plugin/lib/CMakeFiles/obstacle4.dir/link.txt
[0.143s] -- Up-to-date symlink: /home/dmsgv1/VAEplusDDPG/install/turtlebot3_gazebo/share/turtlebot3_gazebo//models/turtlebot3_drl_world/obstacle_plugin/lib/CMakeFiles/obstacle4.dir/obstacle4.cc.o
[0.143s] -- Up-to-date symlink: /home/dmsgv1/VAEplusDDPG/install/turtlebot3_gazebo/share/turtlebot3_gazebo//models/turtlebot3_drl_world/obstacle_plugin/lib/CMakeFiles/obstacle4.dir/progress.make
[0.143s] -- Up-to-date symlink: /home/dmsgv1/VAEplusDDPG/install/turtlebot3_gazebo/share/turtlebot3_gazebo//models/turtlebot3_drl_world/obstacle_plugin/lib/CMakeFiles/obstacle5.dir/CXX.includecache
[0.143s] -- Up-to-date symlink: /home/dmsgv1/VAEplusDDPG/install/turtlebot3_gazebo/share/turtlebot3_gazebo//models/turtlebot3_drl_world/obstacle_plugin/lib/CMakeFiles/obstacle5.dir/DependInfo.cmake
[0.143s] -- Up-to-date symlink: /home/dmsgv1/VAEplusDDPG/install/turtlebot3_gazebo/share/turtlebot3_gazebo//models/turtlebot3_drl_world/obstacle_plugin/lib/CMakeFiles/obstacle5.dir/build.make
[0.143s] -- Up-to-date symlink: /home/dmsgv1/VAEplusDDPG/install/turtlebot3_gazebo/share/turtlebot3_gazebo//models/turtlebot3_drl_world/obstacle_plugin/lib/CMakeFiles/obstacle5.dir/cmake_clean.cmake
[0.143s] -- Up-to-date symlink: /home/dmsgv1/VAEplusDDPG/install/turtlebot3_gazebo/share/turtlebot3_gazebo//models/turtlebot3_drl_world/obstacle_plugin/lib/CMakeFiles/obstacle5.dir/depend.internal
[0.143s] -- Up-to-date symlink: /home/dmsgv1/VAEplusDDPG/install/turtlebot3_gazebo/share/turtlebot3_gazebo//models/turtlebot3_drl_world/obstacle_plugin/lib/CMakeFiles/obstacle5.dir/depend.make
[0.143s] -- Up-to-date symlink: /home/dmsgv1/VAEplusDDPG/install/turtlebot3_gazebo/share/turtlebot3_gazebo//models/turtlebot3_drl_world/obstacle_plugin/lib/CMakeFiles/obstacle5.dir/flags.make
[0.144s] -- Up-to-date symlink: /home/dmsgv1/VAEplusDDPG/install/turtlebot3_gazebo/share/turtlebot3_gazebo//models/turtlebot3_drl_world/obstacle_plugin/lib/CMakeFiles/obstacle5.dir/link.txt
[0.144s] -- Up-to-date symlink: /home/dmsgv1/VAEplusDDPG/install/turtlebot3_gazebo/share/turtlebot3_gazebo//models/turtlebot3_drl_world/obstacle_plugin/lib/CMakeFiles/obstacle5.dir/obstacle5.cc.o
[0.144s] -- Up-to-date symlink: /home/dmsgv1/VAEplusDDPG/install/turtlebot3_gazebo/share/turtlebot3_gazebo//models/turtlebot3_drl_world/obstacle_plugin/lib/CMakeFiles/obstacle5.dir/progress.make
[0.144s] -- Up-to-date symlink: /home/dmsgv1/VAEplusDDPG/install/turtlebot3_gazebo/share/turtlebot3_gazebo//models/turtlebot3_drl_world/obstacle_plugin/lib/CMakeFiles/obstacle6.dir/CXX.includecache
[0.144s] -- Up-to-date symlink: /home/dmsgv1/VAEplusDDPG/install/turtlebot3_gazebo/share/turtlebot3_gazebo//models/turtlebot3_drl_world/obstacle_plugin/lib/CMakeFiles/obstacle6.dir/DependInfo.cmake
[0.144s] -- Up-to-date symlink: /home/dmsgv1/VAEplusDDPG/install/turtlebot3_gazebo/share/turtlebot3_gazebo//models/turtlebot3_drl_world/obstacle_plugin/lib/CMakeFiles/obstacle6.dir/build.make
[0.144s] -- Up-to-date symlink: /home/dmsgv1/VAEplusDDPG/install/turtlebot3_gazebo/share/turtlebot3_gazebo//models/turtlebot3_drl_world/obstacle_plugin/lib/CMakeFiles/obstacle6.dir/cmake_clean.cmake
[0.144s] -- Up-to-date symlink: /home/dmsgv1/VAEplusDDPG/install/turtlebot3_gazebo/share/turtlebot3_gazebo//models/turtlebot3_drl_world/obstacle_plugin/lib/CMakeFiles/obstacle6.dir/depend.internal
[0.144s] -- Up-to-date symlink: /home/dmsgv1/VAEplusDDPG/install/turtlebot3_gazebo/share/turtlebot3_gazebo//models/turtlebot3_drl_world/obstacle_plugin/lib/CMakeFiles/obstacle6.dir/depend.make
[0.144s] -- Up-to-date symlink: /home/dmsgv1/VAEplusDDPG/install/turtlebot3_gazebo/share/turtlebot3_gazebo//models/turtlebot3_drl_world/obstacle_plugin/lib/CMakeFiles/obstacle6.dir/flags.make
[0.144s] -- Up-to-date symlink: /home/dmsgv1/VAEplusDDPG/install/turtlebot3_gazebo/share/turtlebot3_gazebo//models/turtlebot3_drl_world/obstacle_plugin/lib/CMakeFiles/obstacle6.dir/link.txt
[0.144s] -- Up-to-date symlink: /home/dmsgv1/VAEplusDDPG/install/turtlebot3_gazebo/share/turtlebot3_gazebo//models/turtlebot3_drl_world/obstacle_plugin/lib/CMakeFiles/obstacle6.dir/obstacle6.cc.o
[0.144s] -- Up-to-date symlink: /home/dmsgv1/VAEplusDDPG/install/turtlebot3_gazebo/share/turtlebot3_gazebo//models/turtlebot3_drl_world/obstacle_plugin/lib/CMakeFiles/obstacle6.dir/progress.make
[0.144s] -- Up-to-date symlink: /home/dmsgv1/VAEplusDDPG/install/turtlebot3_gazebo/share/turtlebot3_gazebo//models/turtlebot3_drl_world/obstacle_plugin/lib/CMakeFiles/obstacle7.dir/CXX.includecache
[0.144s] -- Up-to-date symlink: /home/dmsgv1/VAEplusDDPG/install/turtlebot3_gazebo/share/turtlebot3_gazebo//models/turtlebot3_drl_world/obstacle_plugin/lib/CMakeFiles/obstacle7.dir/DependInfo.cmake
[0.144s] -- Up-to-date symlink: /home/dmsgv1/VAEplusDDPG/install/turtlebot3_gazebo/share/turtlebot3_gazebo//models/turtlebot3_drl_world/obstacle_plugin/lib/CMakeFiles/obstacle7.dir/build.make
[0.144s] -- Up-to-date symlink: /home/dmsgv1/VAEplusDDPG/install/turtlebot3_gazebo/share/turtlebot3_gazebo//models/turtlebot3_drl_world/obstacle_plugin/lib/CMakeFiles/obstacle7.dir/cmake_clean.cmake
[0.144s] -- Up-to-date symlink: /home/dmsgv1/VAEplusDDPG/install/turtlebot3_gazebo/share/turtlebot3_gazebo//models/turtlebot3_drl_world/obstacle_plugin/lib/CMakeFiles/obstacle7.dir/depend.internal
[0.145s] -- Up-to-date symlink: /home/dmsgv1/VAEplusDDPG/install/turtlebot3_gazebo/share/turtlebot3_gazebo//models/turtlebot3_drl_world/obstacle_plugin/lib/CMakeFiles/obstacle7.dir/depend.make
[0.145s] -- Up-to-date symlink: /home/dmsgv1/VAEplusDDPG/install/turtlebot3_gazebo/share/turtlebot3_gazebo//models/turtlebot3_drl_world/obstacle_plugin/lib/CMakeFiles/obstacle7.dir/flags.make
[0.145s] -- Up-to-date symlink: /home/dmsgv1/VAEplusDDPG/install/turtlebot3_gazebo/share/turtlebot3_gazebo//models/turtlebot3_drl_world/obstacle_plugin/lib/CMakeFiles/obstacle7.dir/link.txt
[0.145s] -- Up-to-date symlink: /home/dmsgv1/VAEplusDDPG/install/turtlebot3_gazebo/share/turtlebot3_gazebo//models/turtlebot3_drl_world/obstacle_plugin/lib/CMakeFiles/obstacle7.dir/obstacle7.cc.o
[0.145s] -- Up-to-date symlink: /home/dmsgv1/VAEplusDDPG/install/turtlebot3_gazebo/share/turtlebot3_gazebo//models/turtlebot3_drl_world/obstacle_plugin/lib/CMakeFiles/obstacle7.dir/progress.make
[0.145s] -- Up-to-date symlink: /home/dmsgv1/VAEplusDDPG/install/turtlebot3_gazebo/share/turtlebot3_gazebo//models/turtlebot3_drl_world/obstacle_plugin/lib/CMakeFiles/obstacle8.dir/CXX.includecache
[0.145s] -- Up-to-date symlink: /home/dmsgv1/VAEplusDDPG/install/turtlebot3_gazebo/share/turtlebot3_gazebo//models/turtlebot3_drl_world/obstacle_plugin/lib/CMakeFiles/obstacle8.dir/DependInfo.cmake
[0.145s] -- Up-to-date symlink: /home/dmsgv1/VAEplusDDPG/install/turtlebot3_gazebo/share/turtlebot3_gazebo//models/turtlebot3_drl_world/obstacle_plugin/lib/CMakeFiles/obstacle8.dir/build.make
[0.145s] -- Up-to-date symlink: /home/dmsgv1/VAEplusDDPG/install/turtlebot3_gazebo/share/turtlebot3_gazebo//models/turtlebot3_drl_world/obstacle_plugin/lib/CMakeFiles/obstacle8.dir/cmake_clean.cmake
[0.145s] -- Up-to-date symlink: /home/dmsgv1/VAEplusDDPG/install/turtlebot3_gazebo/share/turtlebot3_gazebo//models/turtlebot3_drl_world/obstacle_plugin/lib/CMakeFiles/obstacle8.dir/depend.internal
[0.145s] -- Up-to-date symlink: /home/dmsgv1/VAEplusDDPG/install/turtlebot3_gazebo/share/turtlebot3_gazebo//models/turtlebot3_drl_world/obstacle_plugin/lib/CMakeFiles/obstacle8.dir/depend.make
[0.145s] -- Up-to-date symlink: /home/dmsgv1/VAEplusDDPG/install/turtlebot3_gazebo/share/turtlebot3_gazebo//models/turtlebot3_drl_world/obstacle_plugin/lib/CMakeFiles/obstacle8.dir/flags.make
[0.145s] -- Up-to-date symlink: /home/dmsgv1/VAEplusDDPG/install/turtlebot3_gazebo/share/turtlebot3_gazebo//models/turtlebot3_drl_world/obstacle_plugin/lib/CMakeFiles/obstacle8.dir/link.txt
[0.145s] -- Up-to-date symlink: /home/dmsgv1/VAEplusDDPG/install/turtlebot3_gazebo/share/turtlebot3_gazebo//models/turtlebot3_drl_world/obstacle_plugin/lib/CMakeFiles/obstacle8.dir/obstacle8.cc.o
[0.145s] -- Up-to-date symlink: /home/dmsgv1/VAEplusDDPG/install/turtlebot3_gazebo/share/turtlebot3_gazebo//models/turtlebot3_drl_world/obstacle_plugin/lib/CMakeFiles/obstacle8.dir/progress.make
[0.145s] -- Up-to-date symlink: /home/dmsgv1/VAEplusDDPG/install/turtlebot3_gazebo/share/turtlebot3_gazebo//models/turtlebot3_drl_world/obstacle_plugin/lib/CMakeFiles/obstacle9.dir/CXX.includecache
[0.145s] -- Up-to-date symlink: /home/dmsgv1/VAEplusDDPG/install/turtlebot3_gazebo/share/turtlebot3_gazebo//models/turtlebot3_drl_world/obstacle_plugin/lib/CMakeFiles/obstacle9.dir/DependInfo.cmake
[0.145s] -- Up-to-date symlink: /home/dmsgv1/VAEplusDDPG/install/turtlebot3_gazebo/share/turtlebot3_gazebo//models/turtlebot3_drl_world/obstacle_plugin/lib/CMakeFiles/obstacle9.dir/build.make
[0.146s] -- Up-to-date symlink: /home/dmsgv1/VAEplusDDPG/install/turtlebot3_gazebo/share/turtlebot3_gazebo//models/turtlebot3_drl_world/obstacle_plugin/lib/CMakeFiles/obstacle9.dir/cmake_clean.cmake
[0.146s] -- Up-to-date symlink: /home/dmsgv1/VAEplusDDPG/install/turtlebot3_gazebo/share/turtlebot3_gazebo//models/turtlebot3_drl_world/obstacle_plugin/lib/CMakeFiles/obstacle9.dir/depend.internal
[0.146s] -- Up-to-date symlink: /home/dmsgv1/VAEplusDDPG/install/turtlebot3_gazebo/share/turtlebot3_gazebo//models/turtlebot3_drl_world/obstacle_plugin/lib/CMakeFiles/obstacle9.dir/depend.make
[0.146s] -- Up-to-date symlink: /home/dmsgv1/VAEplusDDPG/install/turtlebot3_gazebo/share/turtlebot3_gazebo//models/turtlebot3_drl_world/obstacle_plugin/lib/CMakeFiles/obstacle9.dir/flags.make
[0.146s] -- Up-to-date symlink: /home/dmsgv1/VAEplusDDPG/install/turtlebot3_gazebo/share/turtlebot3_gazebo//models/turtlebot3_drl_world/obstacle_plugin/lib/CMakeFiles/obstacle9.dir/link.txt
[0.146s] -- Up-to-date symlink: /home/dmsgv1/VAEplusDDPG/install/turtlebot3_gazebo/share/turtlebot3_gazebo//models/turtlebot3_drl_world/obstacle_plugin/lib/CMakeFiles/obstacle9.dir/obstacle9.cc.o
[0.146s] -- Up-to-date symlink: /home/dmsgv1/VAEplusDDPG/install/turtlebot3_gazebo/share/turtlebot3_gazebo//models/turtlebot3_drl_world/obstacle_plugin/lib/CMakeFiles/obstacle9.dir/progress.make
[0.146s] -- Up-to-date symlink: /home/dmsgv1/VAEplusDDPG/install/turtlebot3_gazebo/share/turtlebot3_gazebo//models/turtlebot3_drl_world/obstacle_plugin/lib/CMakeFiles/obstacles.dir/CXX.includecache
[0.146s] -- Up-to-date symlink: /home/dmsgv1/VAEplusDDPG/install/turtlebot3_gazebo/share/turtlebot3_gazebo//models/turtlebot3_drl_world/obstacle_plugin/lib/CMakeFiles/obstacles.dir/DependInfo.cmake
[0.146s] -- Up-to-date symlink: /home/dmsgv1/VAEplusDDPG/install/turtlebot3_gazebo/share/turtlebot3_gazebo//models/turtlebot3_drl_world/obstacle_plugin/lib/CMakeFiles/obstacles.dir/build.make
[0.146s] -- Up-to-date symlink: /home/dmsgv1/VAEplusDDPG/install/turtlebot3_gazebo/share/turtlebot3_gazebo//models/turtlebot3_drl_world/obstacle_plugin/lib/CMakeFiles/obstacles.dir/cmake_clean.cmake
[0.146s] -- Up-to-date symlink: /home/dmsgv1/VAEplusDDPG/install/turtlebot3_gazebo/share/turtlebot3_gazebo//models/turtlebot3_drl_world/obstacle_plugin/lib/CMakeFiles/obstacles.dir/depend.internal
[0.146s] -- Up-to-date symlink: /home/dmsgv1/VAEplusDDPG/install/turtlebot3_gazebo/share/turtlebot3_gazebo//models/turtlebot3_drl_world/obstacle_plugin/lib/CMakeFiles/obstacles.dir/depend.make
[0.146s] -- Up-to-date symlink: /home/dmsgv1/VAEplusDDPG/install/turtlebot3_gazebo/share/turtlebot3_gazebo//models/turtlebot3_drl_world/obstacle_plugin/lib/CMakeFiles/obstacles.dir/flags.make
[0.146s] -- Up-to-date symlink: /home/dmsgv1/VAEplusDDPG/install/turtlebot3_gazebo/share/turtlebot3_gazebo//models/turtlebot3_drl_world/obstacle_plugin/lib/CMakeFiles/obstacles.dir/link.txt
[0.146s] -- Up-to-date symlink: /home/dmsgv1/VAEplusDDPG/install/turtlebot3_gazebo/share/turtlebot3_gazebo//models/turtlebot3_drl_world/obstacle_plugin/lib/CMakeFiles/obstacles.dir/obstacles.cc.o
[0.146s] -- Up-to-date symlink: /home/dmsgv1/VAEplusDDPG/install/turtlebot3_gazebo/share/turtlebot3_gazebo//models/turtlebot3_drl_world/obstacle_plugin/lib/CMakeFiles/obstacles.dir/progress.make
[0.146s] -- Up-to-date symlink: /home/dmsgv1/VAEplusDDPG/install/turtlebot3_gazebo/share/turtlebot3_gazebo//models/turtlebot3_drl_world/obstacle_plugin/lib/CMakeFiles/progress.marks
[0.147s] -- Up-to-date symlink: /home/dmsgv1/VAEplusDDPG/install/turtlebot3_gazebo/share/turtlebot3_gazebo//models/turtlebot3_drl_world/obstacle_plugin/lib/Makefile
[0.147s] -- Up-to-date symlink: /home/dmsgv1/VAEplusDDPG/install/turtlebot3_gazebo/share/turtlebot3_gazebo//models/turtlebot3_drl_world/obstacle_plugin/lib/cmake_install.cmake
[0.147s] -- Up-to-date symlink: /home/dmsgv1/VAEplusDDPG/install/turtlebot3_gazebo/share/turtlebot3_gazebo//models/turtlebot3_drl_world/obstacle_plugin/lib/libobstacle1.so
[0.147s] -- Up-to-date symlink: /home/dmsgv1/VAEplusDDPG/install/turtlebot3_gazebo/share/turtlebot3_gazebo//models/turtlebot3_drl_world/obstacle_plugin/lib/libobstacle10.so
[0.147s] -- Up-to-date symlink: /home/dmsgv1/VAEplusDDPG/install/turtlebot3_gazebo/share/turtlebot3_gazebo//models/turtlebot3_drl_world/obstacle_plugin/lib/libobstacle11.so
[0.147s] -- Up-to-date symlink: /home/dmsgv1/VAEplusDDPG/install/turtlebot3_gazebo/share/turtlebot3_gazebo//models/turtlebot3_drl_world/obstacle_plugin/lib/libobstacle12.so
[0.147s] -- Up-to-date symlink: /home/dmsgv1/VAEplusDDPG/install/turtlebot3_gazebo/share/turtlebot3_gazebo//models/turtlebot3_drl_world/obstacle_plugin/lib/libobstacle2.so
[0.147s] -- Up-to-date symlink: /home/dmsgv1/VAEplusDDPG/install/turtlebot3_gazebo/share/turtlebot3_gazebo//models/turtlebot3_drl_world/obstacle_plugin/lib/libobstacle3.so
[0.147s] -- Up-to-date symlink: /home/dmsgv1/VAEplusDDPG/install/turtlebot3_gazebo/share/turtlebot3_gazebo//models/turtlebot3_drl_world/obstacle_plugin/lib/libobstacle4.so
[0.147s] -- Up-to-date symlink: /home/dmsgv1/VAEplusDDPG/install/turtlebot3_gazebo/share/turtlebot3_gazebo//models/turtlebot3_drl_world/obstacle_plugin/lib/libobstacle5.so
[0.147s] -- Up-to-date symlink: /home/dmsgv1/VAEplusDDPG/install/turtlebot3_gazebo/share/turtlebot3_gazebo//models/turtlebot3_drl_world/obstacle_plugin/lib/libobstacle6.so
[0.147s] -- Up-to-date symlink: /home/dmsgv1/VAEplusDDPG/install/turtlebot3_gazebo/share/turtlebot3_gazebo//models/turtlebot3_drl_world/obstacle_plugin/lib/libobstacle7.so
[0.147s] -- Up-to-date symlink: /home/dmsgv1/VAEplusDDPG/install/turtlebot3_gazebo/share/turtlebot3_gazebo//models/turtlebot3_drl_world/obstacle_plugin/lib/libobstacle8.so
[0.147s] -- Up-to-date symlink: /home/dmsgv1/VAEplusDDPG/install/turtlebot3_gazebo/share/turtlebot3_gazebo//models/turtlebot3_drl_world/obstacle_plugin/lib/libobstacle9.so
[0.147s] -- Up-to-date symlink: /home/dmsgv1/VAEplusDDPG/install/turtlebot3_gazebo/share/turtlebot3_gazebo//models/turtlebot3_drl_world/obstacle_plugin/lib/libobstacles.so
[0.147s] -- Up-to-date symlink: /home/dmsgv1/VAEplusDDPG/install/turtlebot3_gazebo/share/turtlebot3_gazebo//models/turtlebot3_drl_world/obstacle_plugin/obstacle1.cc
[0.147s] -- Up-to-date symlink: /home/dmsgv1/VAEplusDDPG/install/turtlebot3_gazebo/share/turtlebot3_gazebo//models/turtlebot3_drl_world/obstacle_plugin/obstacle10.cc
[0.147s] -- Up-to-date symlink: /home/dmsgv1/VAEplusDDPG/install/turtlebot3_gazebo/share/turtlebot3_gazebo//models/turtlebot3_drl_world/obstacle_plugin/obstacle11.cc
[0.147s] -- Up-to-date symlink: /home/dmsgv1/VAEplusDDPG/install/turtlebot3_gazebo/share/turtlebot3_gazebo//models/turtlebot3_drl_world/obstacle_plugin/obstacle12.cc
[0.147s] -- Up-to-date symlink: /home/dmsgv1/VAEplusDDPG/install/turtlebot3_gazebo/share/turtlebot3_gazebo//models/turtlebot3_drl_world/obstacle_plugin/obstacle13.cc
[0.148s] -- Up-to-date symlink: /home/dmsgv1/VAEplusDDPG/install/turtlebot3_gazebo/share/turtlebot3_gazebo//models/turtlebot3_drl_world/obstacle_plugin/obstacle2.cc
[0.148s] -- Up-to-date symlink: /home/dmsgv1/VAEplusDDPG/install/turtlebot3_gazebo/share/turtlebot3_gazebo//models/turtlebot3_drl_world/obstacle_plugin/obstacle3.cc
[0.148s] -- Up-to-date symlink: /home/dmsgv1/VAEplusDDPG/install/turtlebot3_gazebo/share/turtlebot3_gazebo//models/turtlebot3_drl_world/obstacle_plugin/obstacle4.cc
[0.148s] -- Up-to-date symlink: /home/dmsgv1/VAEplusDDPG/install/turtlebot3_gazebo/share/turtlebot3_gazebo//models/turtlebot3_drl_world/obstacle_plugin/obstacle5.cc
[0.148s] -- Up-to-date symlink: /home/dmsgv1/VAEplusDDPG/install/turtlebot3_gazebo/share/turtlebot3_gazebo//models/turtlebot3_drl_world/obstacle_plugin/obstacle6.cc
[0.148s] -- Up-to-date symlink: /home/dmsgv1/VAEplusDDPG/install/turtlebot3_gazebo/share/turtlebot3_gazebo//models/turtlebot3_drl_world/obstacle_plugin/obstacle7.cc
[0.148s] -- Up-to-date symlink: /home/dmsgv1/VAEplusDDPG/install/turtlebot3_gazebo/share/turtlebot3_gazebo//models/turtlebot3_drl_world/obstacle_plugin/obstacle8.cc
[0.148s] -- Up-to-date symlink: /home/dmsgv1/VAEplusDDPG/install/turtlebot3_gazebo/share/turtlebot3_gazebo//models/turtlebot3_drl_world/obstacle_plugin/obstacle9.cc
[0.148s] -- Up-to-date symlink: /home/dmsgv1/VAEplusDDPG/install/turtlebot3_gazebo/share/turtlebot3_gazebo//models/turtlebot3_drl_world/obstacle_plugin/obstacles.cc
[0.148s] -- Up-to-date symlink: /home/dmsgv1/VAEplusDDPG/install/turtlebot3_gazebo/share/turtlebot3_gazebo//models/turtlebot3_drl_world/obstacles/model.config
[0.148s] -- Up-to-date symlink: /home/dmsgv1/VAEplusDDPG/install/turtlebot3_gazebo/share/turtlebot3_gazebo//models/turtlebot3_drl_world/obstacles/model.sdf
[0.148s] -- Up-to-date symlink: /home/dmsgv1/VAEplusDDPG/install/turtlebot3_gazebo/share/turtlebot3_gazebo//models/turtlebot3_drl_world/outer_walls/model.config
[0.148s] -- Up-to-date symlink: /home/dmsgv1/VAEplusDDPG/install/turtlebot3_gazebo/share/turtlebot3_gazebo//models/turtlebot3_drl_world/outer_walls/model.sdf
[0.148s] -- Up-to-date symlink: /home/dmsgv1/VAEplusDDPG/install/turtlebot3_gazebo/share/turtlebot3_gazebo//models/turtlebot3_drl_world/outer_walls/model_wallhigh.sdf
[0.148s] -- Up-to-date symlink: /home/dmsgv1/VAEplusDDPG/install/turtlebot3_gazebo/share/turtlebot3_gazebo//models/turtlebot3_drl_world/outer_walls_large/model.config
[0.148s] -- Up-to-date symlink: /home/dmsgv1/VAEplusDDPG/install/turtlebot3_gazebo/share/turtlebot3_gazebo//models/turtlebot3_drl_world/outer_walls_large/model.sdf
[0.148s] -- Up-to-date symlink: /home/dmsgv1/VAEplusDDPG/install/turtlebot3_gazebo/share/turtlebot3_gazebo//models/turtlebot3_drl_world/triangle/model.config
[0.148s] -- Up-to-date symlink: /home/dmsgv1/VAEplusDDPG/install/turtlebot3_gazebo/share/turtlebot3_gazebo//models/turtlebot3_drl_world/triangle/model.sdf
[0.148s] -- Up-to-date symlink: /home/dmsgv1/VAEplusDDPG/install/turtlebot3_gazebo/share/turtlebot3_gazebo//models/turtlebot3_drl_world/turtlebot3_house_tomas/model.config
[0.149s] -- Up-to-date symlink: /home/dmsgv1/VAEplusDDPG/install/turtlebot3_gazebo/share/turtlebot3_gazebo//models/turtlebot3_drl_world/turtlebot3_house_tomas/model.sdf
[0.149s] -- Up-to-date symlink: /home/dmsgv1/VAEplusDDPG/install/turtlebot3_gazebo/share/turtlebot3_gazebo//models/turtlebot3_house/model.config
[0.149s] -- Up-to-date symlink: /home/dmsgv1/VAEplusDDPG/install/turtlebot3_gazebo/share/turtlebot3_gazebo//models/turtlebot3_house/model.sdf
[0.149s] -- Up-to-date symlink: /home/dmsgv1/VAEplusDDPG/install/turtlebot3_gazebo/share/turtlebot3_gazebo//models/turtlebot3_waffle/meshes/lds.dae
[0.149s] -- Up-to-date symlink: /home/dmsgv1/VAEplusDDPG/install/turtlebot3_gazebo/share/turtlebot3_gazebo//models/turtlebot3_waffle/meshes/r200.dae
[0.149s] -- Up-to-date symlink: /home/dmsgv1/VAEplusDDPG/install/turtlebot3_gazebo/share/turtlebot3_gazebo//models/turtlebot3_waffle/meshes/tire.dae
[0.149s] -- Up-to-date symlink: /home/dmsgv1/VAEplusDDPG/install/turtlebot3_gazebo/share/turtlebot3_gazebo//models/turtlebot3_waffle/meshes/waffle_base.dae
[0.149s] -- Up-to-date symlink: /home/dmsgv1/VAEplusDDPG/install/turtlebot3_gazebo/share/turtlebot3_gazebo//models/turtlebot3_waffle/model-1_4.sdf
[0.149s] -- Up-to-date symlink: /home/dmsgv1/VAEplusDDPG/install/turtlebot3_gazebo/share/turtlebot3_gazebo//models/turtlebot3_waffle/model.config
[0.149s] -- Up-to-date symlink: /home/dmsgv1/VAEplusDDPG/install/turtlebot3_gazebo/share/turtlebot3_gazebo//models/turtlebot3_waffle/model.sdf
[0.149s] -- Up-to-date symlink: /home/dmsgv1/VAEplusDDPG/install/turtlebot3_gazebo/share/turtlebot3_gazebo//models/turtlebot3_waffle_pi/meshes/lds.dae
[0.149s] -- Up-to-date symlink: /home/dmsgv1/VAEplusDDPG/install/turtlebot3_gazebo/share/turtlebot3_gazebo//models/turtlebot3_waffle_pi/meshes/tire.dae
[0.149s] -- Up-to-date symlink: /home/dmsgv1/VAEplusDDPG/install/turtlebot3_gazebo/share/turtlebot3_gazebo//models/turtlebot3_waffle_pi/meshes/waffle_pi_base.dae
[0.149s] -- Up-to-date symlink: /home/dmsgv1/VAEplusDDPG/install/turtlebot3_gazebo/share/turtlebot3_gazebo//models/turtlebot3_waffle_pi/model-1_4_.sdf
[0.149s] -- Up-to-date symlink: /home/dmsgv1/VAEplusDDPG/install/turtlebot3_gazebo/share/turtlebot3_gazebo//models/turtlebot3_waffle_pi/model.config
[0.149s] -- Up-to-date symlink: /home/dmsgv1/VAEplusDDPG/install/turtlebot3_gazebo/share/turtlebot3_gazebo//models/turtlebot3_waffle_pi/model.sdf
[0.149s] -- Up-to-date symlink: /home/dmsgv1/VAEplusDDPG/install/turtlebot3_gazebo/share/turtlebot3_gazebo//models/turtlebot3_waffle_pi/model_1depth_nopillar.sdf
[0.149s] -- Up-to-date symlink: /home/dmsgv1/VAEplusDDPG/install/turtlebot3_gazebo/share/turtlebot3_gazebo//models/turtlebot3_waffle_pi/model_1depth_pillar.sdf
[0.149s] -- Up-to-date symlink: /home/dmsgv1/VAEplusDDPG/install/turtlebot3_gazebo/share/turtlebot3_gazebo//models/turtlebot3_waffle_pi/model_2depths_nopillar.sdf
[0.149s] -- Up-to-date symlink: /home/dmsgv1/VAEplusDDPG/install/turtlebot3_gazebo/share/turtlebot3_gazebo//models/turtlebot3_waffle_pi/model_2depths_old.sdf
[0.150s] -- Up-to-date symlink: /home/dmsgv1/VAEplusDDPG/install/turtlebot3_gazebo/share/turtlebot3_gazebo//models/turtlebot3_waffle_pi/model_4depths.sdf
[0.150s] -- Up-to-date symlink: /home/dmsgv1/VAEplusDDPG/install/turtlebot3_gazebo/share/turtlebot3_gazebo//models/turtlebot3_waffle_pi/model_copy.sdf
[0.150s] -- Up-to-date symlink: /home/dmsgv1/VAEplusDDPG/install/turtlebot3_gazebo/share/turtlebot3_gazebo//models/turtlebot3_waffle_pi/model_depth_noise_fail.sdf
[0.150s] -- Up-to-date symlink: /home/dmsgv1/VAEplusDDPG/install/turtlebot3_gazebo/share/turtlebot3_gazebo//models/turtlebot3_world/meshes/hexagon.dae
[0.150s] -- Up-to-date symlink: /home/dmsgv1/VAEplusDDPG/install/turtlebot3_gazebo/share/turtlebot3_gazebo//models/turtlebot3_world/meshes/wall.dae
[0.150s] -- Up-to-date symlink: /home/dmsgv1/VAEplusDDPG/install/turtlebot3_gazebo/share/turtlebot3_gazebo//models/turtlebot3_world/model-1_4.sdf
[0.150s] -- Up-to-date symlink: /home/dmsgv1/VAEplusDDPG/install/turtlebot3_gazebo/share/turtlebot3_gazebo//models/turtlebot3_world/model.config
[0.150s] -- Up-to-date symlink: /home/dmsgv1/VAEplusDDPG/install/turtlebot3_gazebo/share/turtlebot3_gazebo//models/turtlebot3_world/model.sdf
[0.150s] -- Up-to-date symlink: /home/dmsgv1/VAEplusDDPG/install/turtlebot3_gazebo/share/turtlebot3_gazebo//rviz/tb3_gazebo.rviz
[0.150s] -- Up-to-date symlink: /home/dmsgv1/VAEplusDDPG/install/turtlebot3_gazebo/share/turtlebot3_gazebo//worlds/turtlebot3_drl_stage4/burger.model
[0.150s] -- Up-to-date symlink: /home/dmsgv1/VAEplusDDPG/install/turtlebot3_gazebo/share/turtlebot3_gazebo//worlds/turtlebot3_drl_stage4/waffle.model
[0.150s] -- Up-to-date symlink: /home/dmsgv1/VAEplusDDPG/install/turtlebot3_gazebo/share/turtlebot3_gazebo//worlds/turtlebot3_drl_stage4/waffle_pi (copy).model
[0.150s] -- Up-to-date symlink: /home/dmsgv1/VAEplusDDPG/install/turtlebot3_gazebo/share/turtlebot3_gazebo//worlds/turtlebot3_drl_stage4/waffle_pi.model
[0.150s] -- Up-to-date symlink: /home/dmsgv1/VAEplusDDPG/install/turtlebot3_gazebo/share/turtlebot3_gazebo//worlds/turtlebot3_drl_stage4/waffle_pi_headless.model
[0.151s] -- Up-to-date symlink: /home/dmsgv1/VAEplusDDPG/install/turtlebot3_gazebo/share/turtlebot3_gazebo//worlds/turtlebot3_drl_stage6/burger.model
[0.151s] -- Up-to-date symlink: /home/dmsgv1/VAEplusDDPG/install/turtlebot3_gazebo/share/turtlebot3_gazebo//worlds/turtlebot3_drl_stage6/waffle.model
[0.151s] -- Up-to-date symlink: /home/dmsgv1/VAEplusDDPG/install/turtlebot3_gazebo/share/turtlebot3_gazebo//worlds/turtlebot3_drl_stage6/waffle_pi.model
[0.151s] -- Up-to-date symlink: /home/dmsgv1/VAEplusDDPG/install/turtlebot3_gazebo/share/turtlebot3_gazebo//worlds/turtlebot3_drl_stage6/waffle_pi_4obstacles.model
[0.151s] -- Up-to-date symlink: /home/dmsgv1/VAEplusDDPG/install/turtlebot3_gazebo/share/turtlebot3_gazebo//worlds/turtlebot3_drl_stage6/waffle_pi_copy.model
[0.151s] -- Up-to-date symlink: /home/dmsgv1/VAEplusDDPG/install/turtlebot3_gazebo/share/turtlebot3_gazebo//worlds/turtlebot3_drl_stage6/waffle_pi_difficult.model
[0.151s] -- Up-to-date symlink: /home/dmsgv1/VAEplusDDPG/install/turtlebot3_gazebo/share/turtlebot3_gazebo//worlds/turtlebot3_drl_stage6/waffle_pi_easy_obstacle4.model
[0.151s] -- Up-to-date symlink: /home/dmsgv1/VAEplusDDPG/install/turtlebot3_gazebo/share/turtlebot3_gazebo//worlds/turtlebot3_drl_stage6/waffle_pi_nomaldifficult.model
[0.151s] -- Up-to-date symlink: /home/dmsgv1/VAEplusDDPG/install/turtlebot3_gazebo/share/turtlebot3_gazebo//worlds/turtlebot3_drl_stage6/waffle_pi_noobstacle.model
[0.151s] -- Up-to-date symlink: /home/dmsgv1/VAEplusDDPG/install/turtlebot3_gazebo/share/turtlebot3_gazebo//worlds/turtlebot3_drl_stage6/waffle_pi_obstacle12.model
[0.151s] -- Up-to-date symlink: /home/dmsgv1/VAEplusDDPG/install/turtlebot3_gazebo/share/turtlebot3_gazebo//worlds/turtlebot3_drl_stage6/waffle_pi_onlydesks.model
[0.151s] -- Up-to-date symlink: /home/dmsgv1/VAEplusDDPG/install/turtlebot3_gazebo/include//turtlebot3_gazebo/turtlebot3_drive.hpp
[0.151s] -- Up-to-date symlink: /home/dmsgv1/VAEplusDDPG/install/turtlebot3_gazebo/share/ament_index/resource_index/package_run_dependencies/turtlebot3_gazebo
[0.151s] -- Up-to-date symlink: /home/dmsgv1/VAEplusDDPG/install/turtlebot3_gazebo/share/ament_index/resource_index/parent_prefix_path/turtlebot3_gazebo
[0.152s] -- Up-to-date symlink: /home/dmsgv1/VAEplusDDPG/install/turtlebot3_gazebo/share/turtlebot3_gazebo/environment/ament_prefix_path.sh
[0.152s] -- Up-to-date symlink: /home/dmsgv1/VAEplusDDPG/install/turtlebot3_gazebo/share/turtlebot3_gazebo/environment/ament_prefix_path.dsv
[0.152s] -- Up-to-date symlink: /home/dmsgv1/VAEplusDDPG/install/turtlebot3_gazebo/share/turtlebot3_gazebo/environment/path.sh
[0.152s] -- Up-to-date symlink: /home/dmsgv1/VAEplusDDPG/install/turtlebot3_gazebo/share/turtlebot3_gazebo/environment/path.dsv
[0.152s] -- Up-to-date symlink: /home/dmsgv1/VAEplusDDPG/install/turtlebot3_gazebo/share/turtlebot3_gazebo/local_setup.bash
[0.152s] -- Up-to-date symlink: /home/dmsgv1/VAEplusDDPG/install/turtlebot3_gazebo/share/turtlebot3_gazebo/local_setup.sh
[0.152s] -- Up-to-date symlink: /home/dmsgv1/VAEplusDDPG/install/turtlebot3_gazebo/share/turtlebot3_gazebo/local_setup.zsh
[0.152s] -- Up-to-date symlink: /home/dmsgv1/VAEplusDDPG/install/turtlebot3_gazebo/share/turtlebot3_gazebo/local_setup.dsv
[0.152s] -- Symlinking: /home/dmsgv1/VAEplusDDPG/install/turtlebot3_gazebo/share/turtlebot3_gazebo/package.dsv
[0.156s] -- Up-to-date symlink: /home/dmsgv1/VAEplusDDPG/install/turtlebot3_gazebo/share/ament_index/resource_index/packages/turtlebot3_gazebo
[0.156s] -- Up-to-date symlink: /home/dmsgv1/VAEplusDDPG/install/turtlebot3_gazebo/share/turtlebot3_gazebo/cmake/ament_cmake_export_include_directories-extras.cmake
[0.156s] -- Up-to-date symlink: /home/dmsgv1/VAEplusDDPG/install/turtlebot3_gazebo/share/turtlebot3_gazebo/cmake/ament_cmake_export_dependencies-extras.cmake
[0.156s] -- Up-to-date symlink: /home/dmsgv1/VAEplusDDPG/install/turtlebot3_gazebo/share/turtlebot3_gazebo/cmake/turtlebot3_gazeboConfig.cmake
[0.156s] -- Up-to-date symlink: /home/dmsgv1/VAEplusDDPG/install/turtlebot3_gazebo/share/turtlebot3_gazebo/cmake/turtlebot3_gazeboConfig-version.cmake
[0.156s] -- Up-to-date symlink: /home/dmsgv1/VAEplusDDPG/install/turtlebot3_gazebo/share/turtlebot3_gazebo/package.xml
[0.157s] Invoked command in '/home/dmsgv1/VAEplusDDPG/build/turtlebot3_gazebo' returned '0': CMAKE_PREFIX_PATH=${CMAKE_PREFIX_PATH}:/home/dmsgv1/VAEplusDDPG/install/turtlebot3_drl:/home/dmsgv1/turtlebot3_drlnav/install/turtlebot3_drl:/opt/ros/foxy /bin/cmake --install /home/dmsgv1/VAEplusDDPG/build/turtlebot3_gazebo
