[0.006s] Invoking command in '/home/dmsgv1/VAEplusDDPG/build/turtlebot3_fake_node': AMENT_PREFIX_PATH=/home/dmsgv1/VAEplusDDPG/install/turtlebot3_msgs:${AMENT_PREFIX_PATH} CMAKE_PREFIX_PATH=/home/dmsgv1/VAEplusDDPG/install/turtlebot3_msgs:/home/dmsgv1/turtlebot3_drlnav/install/turtlebot3_simulations:/home/dmsgv1/turtlebot3_drlnav/install/turtlebot3_fake_node:/home/dmsgv1/turtlebot3_drlnav/install/turtlebot3_msgs:/home/dmsgv1/turtlebot3_drlnav/install/turtlebot3_gazebo:/home/dmsgv1/turtlebot3_drlnav/install/turtlebot3_drl:/opt/ros/foxy LD_LIBRARY_PATH=/home/dmsgv1/VAEplusDDPG/install/turtlebot3_msgs/lib:${LD_LIBRARY_PATH} PYTHONPATH=/home/dmsgv1/VAEplusDDPG/install/turtlebot3_msgs/lib/python3.8/site-packages:${PYTHONPATH} /bin/cmake /home/dmsgv1/VAEplusDDPG/src/turtlebot3_simulations/turtlebot3_fake_node -DAMENT_CMAKE_SYMLINK_INSTALL=1 -DCMAKE_INSTALL_PREFIX=/home/dmsgv1/VAEplusDDPG/install/turtlebot3_fake_node
[0.030s] -- The C compiler identification is GNU 9.4.0
[0.055s] -- The CXX compiler identification is GNU 9.4.0
[0.057s] -- Check for working C compiler: /bin/cc
[0.089s] -- Check for working C compiler: /bin/cc -- works
[0.090s] -- Detecting C compiler ABI info
[0.121s] -- Detecting C compiler ABI info - done
[0.127s] -- Detecting C compile features
[0.127s] -- Detecting C compile features - done
[0.128s] -- Check for working CXX compiler: /bin/c++
[0.164s] -- Check for working CXX compiler: /bin/c++ -- works
[0.164s] -- Detecting CXX compiler ABI info
[0.200s] -- Detecting CXX compiler ABI info - done
[0.205s] -- Detecting CXX compile features
[0.205s] -- Detecting CXX compile features - done
[0.206s] -- Found ament_cmake: 0.9.12 (/opt/ros/foxy/share/ament_cmake/cmake)
[0.218s] -- Found PythonInterp: /bin/python3 (found suitable version "3.8.10", minimum required is "3") 
[0.218s] -- Using PYTHON_EXECUTABLE: /bin/python3
[0.291s] -- Override CMake install command with custom implementation using symlinks instead of copying resources
[0.302s] -- Found geometry_msgs: 2.0.5 (/opt/ros/foxy/share/geometry_msgs/cmake)
[0.316s] -- Using all available rosidl_typesupport_c: rosidl_typesupport_fastrtps_c;rosidl_typesupport_introspection_c
[0.319s] -- Found rosidl_adapter: 1.3.1 (/opt/ros/foxy/share/rosidl_adapter/cmake)
[0.353s] -- Found OpenSSL: /usr/lib/x86_64-linux-gnu/libcrypto.so (found version "1.1.1f")  
[0.367s] -- Found FastRTPS: /opt/ros/foxy/include  
[0.403s] -- Using all available rosidl_typesupport_cpp: rosidl_typesupport_fastrtps_cpp;rosidl_typesupport_introspection_cpp
[0.442s] -- Found nav_msgs: 2.0.5 (/opt/ros/foxy/share/nav_msgs/cmake)
[0.476s] -- Found rclcpp: 2.4.3 (/opt/ros/foxy/share/rclcpp/cmake)
[0.496s] -- Found rmw_implementation_cmake: 1.0.4 (/opt/ros/foxy/share/rmw_implementation_cmake/cmake)
[0.497s] -- Using RMW implementation 'rmw_fastrtps_cpp' as default
[0.497s] -- Looking for pthread.h
[0.533s] -- Looking for pthread.h - found
[0.533s] -- Performing Test CMAKE_HAVE_LIBC_PTHREAD
[0.568s] -- Performing Test CMAKE_HAVE_LIBC_PTHREAD - Failed
[0.568s] -- Looking for pthread_create in pthreads
[0.598s] -- Looking for pthread_create in pthreads - not found
[0.598s] -- Looking for pthread_create in pthread
[0.630s] -- Looking for pthread_create in pthread - found
[0.630s] -- Found Threads: TRUE  
[0.696s] -- Found sensor_msgs: 2.0.5 (/opt/ros/foxy/share/sensor_msgs/cmake)
[0.730s] -- Found tf2: 0.13.14 (/opt/ros/foxy/share/tf2/cmake)
[0.738s] -- Found tf2_msgs: 0.13.14 (/opt/ros/foxy/share/tf2_msgs/cmake)
[0.827s] -- Found turtlebot3_msgs: 2.2.1 (/home/dmsgv1/VAEplusDDPG/install/turtlebot3_msgs/share/turtlebot3_msgs/cmake)
[0.899s] -- Configuring done
[0.904s] -- Generating done
[0.905s] -- Build files have been written to: /home/dmsgv1/VAEplusDDPG/build/turtlebot3_fake_node
[0.909s] Invoked command in '/home/dmsgv1/VAEplusDDPG/build/turtlebot3_fake_node' returned '0': AMENT_PREFIX_PATH=/home/dmsgv1/VAEplusDDPG/install/turtlebot3_msgs:${AMENT_PREFIX_PATH} CMAKE_PREFIX_PATH=/home/dmsgv1/VAEplusDDPG/install/turtlebot3_msgs:/home/dmsgv1/turtlebot3_drlnav/install/turtlebot3_simulations:/home/dmsgv1/turtlebot3_drlnav/install/turtlebot3_fake_node:/home/dmsgv1/turtlebot3_drlnav/install/turtlebot3_msgs:/home/dmsgv1/turtlebot3_drlnav/install/turtlebot3_gazebo:/home/dmsgv1/turtlebot3_drlnav/install/turtlebot3_drl:/opt/ros/foxy LD_LIBRARY_PATH=/home/dmsgv1/VAEplusDDPG/install/turtlebot3_msgs/lib:${LD_LIBRARY_PATH} PYTHONPATH=/home/dmsgv1/VAEplusDDPG/install/turtlebot3_msgs/lib/python3.8/site-packages:${PYTHONPATH} /bin/cmake /home/dmsgv1/VAEplusDDPG/src/turtlebot3_simulations/turtlebot3_fake_node -DAMENT_CMAKE_SYMLINK_INSTALL=1 -DCMAKE_INSTALL_PREFIX=/home/dmsgv1/VAEplusDDPG/install/turtlebot3_fake_node
[0.910s] Invoking command in '/home/dmsgv1/VAEplusDDPG/build/turtlebot3_fake_node': AMENT_PREFIX_PATH=/home/dmsgv1/VAEplusDDPG/install/turtlebot3_msgs:${AMENT_PREFIX_PATH} CMAKE_PREFIX_PATH=/home/dmsgv1/VAEplusDDPG/install/turtlebot3_msgs:/home/dmsgv1/turtlebot3_drlnav/install/turtlebot3_simulations:/home/dmsgv1/turtlebot3_drlnav/install/turtlebot3_fake_node:/home/dmsgv1/turtlebot3_drlnav/install/turtlebot3_msgs:/home/dmsgv1/turtlebot3_drlnav/install/turtlebot3_gazebo:/home/dmsgv1/turtlebot3_drlnav/install/turtlebot3_drl:/opt/ros/foxy LD_LIBRARY_PATH=/home/dmsgv1/VAEplusDDPG/install/turtlebot3_msgs/lib:${LD_LIBRARY_PATH} PYTHONPATH=/home/dmsgv1/VAEplusDDPG/install/turtlebot3_msgs/lib/python3.8/site-packages:${PYTHONPATH} /bin/cmake --build /home/dmsgv1/VAEplusDDPG/build/turtlebot3_fake_node -- -j28 -l28
[0.927s] [35m[1mScanning dependencies of target turtlebot3_fake_node[0m
[0.945s] [ 50%] [32mBuilding CXX object CMakeFiles/turtlebot3_fake_node.dir/src/turtlebot3_fake_node.cpp.o[0m
[3.546s] [100%] [32m[1mLinking CXX executable turtlebot3_fake_node[0m
[3.673s] [100%] Built target turtlebot3_fake_node
[3.679s] Invoked command in '/home/dmsgv1/VAEplusDDPG/build/turtlebot3_fake_node' returned '0': AMENT_PREFIX_PATH=/home/dmsgv1/VAEplusDDPG/install/turtlebot3_msgs:${AMENT_PREFIX_PATH} CMAKE_PREFIX_PATH=/home/dmsgv1/VAEplusDDPG/install/turtlebot3_msgs:/home/dmsgv1/turtlebot3_drlnav/install/turtlebot3_simulations:/home/dmsgv1/turtlebot3_drlnav/install/turtlebot3_fake_node:/home/dmsgv1/turtlebot3_drlnav/install/turtlebot3_msgs:/home/dmsgv1/turtlebot3_drlnav/install/turtlebot3_gazebo:/home/dmsgv1/turtlebot3_drlnav/install/turtlebot3_drl:/opt/ros/foxy LD_LIBRARY_PATH=/home/dmsgv1/VAEplusDDPG/install/turtlebot3_msgs/lib:${LD_LIBRARY_PATH} PYTHONPATH=/home/dmsgv1/VAEplusDDPG/install/turtlebot3_msgs/lib/python3.8/site-packages:${PYTHONPATH} /bin/cmake --build /home/dmsgv1/VAEplusDDPG/build/turtlebot3_fake_node -- -j28 -l28
[3.690s] Invoking command in '/home/dmsgv1/VAEplusDDPG/build/turtlebot3_fake_node': AMENT_PREFIX_PATH=/home/dmsgv1/VAEplusDDPG/install/turtlebot3_msgs:${AMENT_PREFIX_PATH} CMAKE_PREFIX_PATH=/home/dmsgv1/VAEplusDDPG/install/turtlebot3_msgs:/home/dmsgv1/turtlebot3_drlnav/install/turtlebot3_simulations:/home/dmsgv1/turtlebot3_drlnav/install/turtlebot3_fake_node:/home/dmsgv1/turtlebot3_drlnav/install/turtlebot3_msgs:/home/dmsgv1/turtlebot3_drlnav/install/turtlebot3_gazebo:/home/dmsgv1/turtlebot3_drlnav/install/turtlebot3_drl:/opt/ros/foxy LD_LIBRARY_PATH=/home/dmsgv1/VAEplusDDPG/install/turtlebot3_msgs/lib:${LD_LIBRARY_PATH} PYTHONPATH=/home/dmsgv1/VAEplusDDPG/install/turtlebot3_msgs/lib/python3.8/site-packages:${PYTHONPATH} /bin/cmake --install /home/dmsgv1/VAEplusDDPG/build/turtlebot3_fake_node
[3.694s] -- Install configuration: ""
[3.695s] -- Execute custom install script
[3.695s] -- Symlinking: /home/dmsgv1/VAEplusDDPG/install/turtlebot3_fake_node/lib/turtlebot3_fake_node/turtlebot3_fake_node
[3.700s] -- Symlinking: /home/dmsgv1/VAEplusDDPG/install/turtlebot3_fake_node/share/turtlebot3_fake_node/launch/rviz2.launch.py
[3.707s] -- Symlinking: /home/dmsgv1/VAEplusDDPG/install/turtlebot3_fake_node/share/turtlebot3_fake_node/launch/turtlebot3_fake_node.launch.py
[3.715s] -- Symlinking: /home/dmsgv1/VAEplusDDPG/install/turtlebot3_fake_node/share/turtlebot3_fake_node/param/burger.yaml
[3.720s] -- Symlinking: /home/dmsgv1/VAEplusDDPG/install/turtlebot3_fake_node/share/turtlebot3_fake_node/param/waffle.yaml
[3.723s] -- Symlinking: /home/dmsgv1/VAEplusDDPG/install/turtlebot3_fake_node/share/turtlebot3_fake_node/param/waffle_pi.yaml
[3.727s] -- Symlinking: /home/dmsgv1/VAEplusDDPG/install/turtlebot3_fake_node/share/turtlebot3_fake_node/rviz/model.rviz
[3.730s] -- Symlinking: /home/dmsgv1/VAEplusDDPG/install/turtlebot3_fake_node/include//turtlebot3_fake_node/turtlebot3_fake_node.hpp
[3.734s] -- Symlinking: /home/dmsgv1/VAEplusDDPG/install/turtlebot3_fake_node/share/ament_index/resource_index/package_run_dependencies/turtlebot3_fake_node
[3.737s] -- Symlinking: /home/dmsgv1/VAEplusDDPG/install/turtlebot3_fake_node/share/ament_index/resource_index/parent_prefix_path/turtlebot3_fake_node
[3.741s] -- Symlinking: /home/dmsgv1/VAEplusDDPG/install/turtlebot3_fake_node/share/turtlebot3_fake_node/environment/ament_prefix_path.sh
[3.744s] -- Symlinking: /home/dmsgv1/VAEplusDDPG/install/turtlebot3_fake_node/share/turtlebot3_fake_node/environment/ament_prefix_path.dsv
[3.749s] -- Symlinking: /home/dmsgv1/VAEplusDDPG/install/turtlebot3_fake_node/share/turtlebot3_fake_node/environment/path.sh
[3.754s] -- Symlinking: /home/dmsgv1/VAEplusDDPG/install/turtlebot3_fake_node/share/turtlebot3_fake_node/environment/path.dsv
[3.758s] -- Symlinking: /home/dmsgv1/VAEplusDDPG/install/turtlebot3_fake_node/share/turtlebot3_fake_node/local_setup.bash
[3.762s] -- Symlinking: /home/dmsgv1/VAEplusDDPG/install/turtlebot3_fake_node/share/turtlebot3_fake_node/local_setup.sh
[3.765s] -- Symlinking: /home/dmsgv1/VAEplusDDPG/install/turtlebot3_fake_node/share/turtlebot3_fake_node/local_setup.zsh
[3.769s] -- Symlinking: /home/dmsgv1/VAEplusDDPG/install/turtlebot3_fake_node/share/turtlebot3_fake_node/local_setup.dsv
[3.772s] -- Symlinking: /home/dmsgv1/VAEplusDDPG/install/turtlebot3_fake_node/share/turtlebot3_fake_node/package.dsv
[3.776s] -- Symlinking: /home/dmsgv1/VAEplusDDPG/install/turtlebot3_fake_node/share/ament_index/resource_index/packages/turtlebot3_fake_node
[3.780s] -- Symlinking: /home/dmsgv1/VAEplusDDPG/install/turtlebot3_fake_node/share/turtlebot3_fake_node/cmake/ament_cmake_export_include_directories-extras.cmake
[3.784s] -- Symlinking: /home/dmsgv1/VAEplusDDPG/install/turtlebot3_fake_node/share/turtlebot3_fake_node/cmake/ament_cmake_export_dependencies-extras.cmake
[3.788s] -- Symlinking: /home/dmsgv1/VAEplusDDPG/install/turtlebot3_fake_node/share/turtlebot3_fake_node/cmake/turtlebot3_fake_nodeConfig.cmake
[3.792s] -- Symlinking: /home/dmsgv1/VAEplusDDPG/install/turtlebot3_fake_node/share/turtlebot3_fake_node/cmake/turtlebot3_fake_nodeConfig-version.cmake
[3.795s] -- Symlinking: /home/dmsgv1/VAEplusDDPG/install/turtlebot3_fake_node/share/turtlebot3_fake_node/package.xml
[3.799s] Invoked command in '/home/dmsgv1/VAEplusDDPG/build/turtlebot3_fake_node' returned '0': AMENT_PREFIX_PATH=/home/dmsgv1/VAEplusDDPG/install/turtlebot3_msgs:${AMENT_PREFIX_PATH} CMAKE_PREFIX_PATH=/home/dmsgv1/VAEplusDDPG/install/turtlebot3_msgs:/home/dmsgv1/turtlebot3_drlnav/install/turtlebot3_simulations:/home/dmsgv1/turtlebot3_drlnav/install/turtlebot3_fake_node:/home/dmsgv1/turtlebot3_drlnav/install/turtlebot3_msgs:/home/dmsgv1/turtlebot3_drlnav/install/turtlebot3_gazebo:/home/dmsgv1/turtlebot3_drlnav/install/turtlebot3_drl:/opt/ros/foxy LD_LIBRARY_PATH=/home/dmsgv1/VAEplusDDPG/install/turtlebot3_msgs/lib:${LD_LIBRARY_PATH} PYTHONPATH=/home/dmsgv1/VAEplusDDPG/install/turtlebot3_msgs/lib/python3.8/site-packages:${PYTHONPATH} /bin/cmake --install /home/dmsgv1/VAEplusDDPG/build/turtlebot3_fake_node
